[0.011s] Invoking command in '/home/abood/ros2_test/build/my_cpp_pkg': CMAKE_PREFIX_PATH=${CMAKE_PREFIX_PATH}:/home/abood/ros2_test/install/my_py_pkg:/opt/ros/humble /usr/bin/cmake --build /home/abood/ros2_test/build/my_cpp_pkg -- -j16 -l16
[0.026s] -- Found ament_cmake: 1.3.11 (/opt/ros/humble/share/ament_cmake/cmake)
[0.108s] -- Found rclcpp: 16.0.12 (/opt/ros/humble/share/rclcpp/cmake)
[0.128s] -- Found rosidl_generator_c: 3.1.6 (/opt/ros/humble/share/rosidl_generator_c/cmake)
[0.130s] -- Found rosidl_adapter: 3.1.6 (/opt/ros/humble/share/rosidl_adapter/cmake)
[0.134s] -- Found rosidl_generator_cpp: 3.1.6 (/opt/ros/humble/share/rosidl_generator_cpp/cmake)
[0.141s] -- Using all available rosidl_typesupport_c: rosidl_typesupport_fastrtps_c;rosidl_typesupport_introspection_c
[0.150s] -- Using all available rosidl_typesupport_cpp: rosidl_typesupport_fastrtps_cpp;rosidl_typesupport_introspection_cpp
[0.172s] -- Found rmw_implementation_cmake: 6.1.2 (/opt/ros/humble/share/rmw_implementation_cmake/cmake)
[0.173s] -- Found rmw_fastrtps_cpp: 6.2.7 (/opt/ros/humble/share/rmw_fastrtps_cpp/cmake)
[0.245s] -- Using RMW implementation 'rmw_fastrtps_cpp' as default
[0.277s] -- Found example_interfaces: 0.9.3 (/opt/ros/humble/share/example_interfaces/cmake)
[0.345s] -- Configuring done
[0.347s] [31mCMake Error at CMakeLists.txt:18 (add_executable):
[0.347s]   Cannot find source file:
[0.347s] 
[0.348s]     src/subscriber_test.cpp
[0.348s] 
[0.348s]   Tried extensions .c .C .c++ .cc .cpp .cxx .cu .mpp .m .M .mm .ixx .cppm .h
[0.348s]   .hh .h++ .hm .hpp .hxx .in .txx .f .F .for .f77 .f90 .f95 .f03 .hip .ispc
[0.348s] 
[0.348s] [0m
[0.348s] [31mCMake Error at CMakeLists.txt:21 (add_executable):
[0.348s]   Cannot find source file:
[0.348s] 
[0.348s]     src/su.cpp
[0.348s] 
[0.348s]   Tried extensions .c .C .c++ .cc .cpp .cxx .cu .mpp .m .M .mm .ixx .cppm .h
[0.348s]   .hh .h++ .hm .hpp .hxx .in .txx .f .F .for .f77 .f90 .f95 .f03 .hip .ispc
[0.348s] 
[0.348s] [0m
[0.348s] [31mCMake Error at CMakeLists.txt:18 (add_executable):
[0.348s]   No SOURCES given to target: subscriber_test
[0.349s] 
[0.349s] [0m
[0.349s] [31mCMake Error at CMakeLists.txt:21 (add_executable):
[0.349s]   No SOURCES given to target: publisher_test
[0.349s] 
[0.349s] [0m
[0.349s] [0mCMake Generate step failed.  Build files cannot be regenerated correctly.[0m
[0.354s] gmake: *** [Makefile:308: cmake_check_build_system] Error 1
[0.355s] Invoked command in '/home/abood/ros2_test/build/my_cpp_pkg' returned '2': CMAKE_PREFIX_PATH=${CMAKE_PREFIX_PATH}:/home/abood/ros2_test/install/my_py_pkg:/opt/ros/humble /usr/bin/cmake --build /home/abood/ros2_test/build/my_cpp_pkg -- -j16 -l16
