[0.397s] Invoking command in '/home/abood/ros2_test/src/my_py_pkg': PYTHONPATH=/home/abood/ros2_test/build/my_py_pkg/prefix_override:/usr/lib/python3/dist-packages/colcon_core/task/python/colcon_distutils_commands:/home/abood/ros2_test/install/my_py_pkg/lib/python3.10/site-packages:${PYTHONPATH} /usr/bin/python3 -W ignore:setup.py install is deprecated -W ignore:easy_install command is deprecated setup.py egg_info --egg-base ../../build/my_py_pkg build --build-base /home/abood/ros2_test/build/my_py_pkg/build install --record /home/abood/ros2_test/build/my_py_pkg/install.log --single-version-externally-managed install_data
[0.547s] running egg_info
[0.548s] writing ../../build/my_py_pkg/my_py_pkg.egg-info/PKG-INFO
[0.548s] writing dependency_links to ../../build/my_py_pkg/my_py_pkg.egg-info/dependency_links.txt
[0.548s] writing entry points to ../../build/my_py_pkg/my_py_pkg.egg-info/entry_points.txt
[0.548s] writing requirements to ../../build/my_py_pkg/my_py_pkg.egg-info/requires.txt
[0.548s] writing top-level names to ../../build/my_py_pkg/my_py_pkg.egg-info/top_level.txt
[0.549s] reading manifest file '../../build/my_py_pkg/my_py_pkg.egg-info/SOURCES.txt'
[0.549s] writing manifest file '../../build/my_py_pkg/my_py_pkg.egg-info/SOURCES.txt'
[0.550s] running build
[0.550s] running build_py
[0.550s] copying my_py_pkg/add_two_ints_client_no_OOP.py -> /home/abood/ros2_test/build/my_py_pkg/build/lib/my_py_pkg
[0.550s] running install
[0.550s] running install_lib
[0.551s] copying /home/abood/ros2_test/build/my_py_pkg/build/lib/my_py_pkg/add_two_ints_client_no_OOP.py -> /home/abood/ros2_test/install/my_py_pkg/lib/python3.10/site-packages/my_py_pkg
[0.551s] byte-compiling /home/abood/ros2_test/install/my_py_pkg/lib/python3.10/site-packages/my_py_pkg/add_two_ints_client_no_OOP.py to add_two_ints_client_no_OOP.cpython-310.pyc
[0.551s] running install_data
[0.551s] running install_egg_info
[0.553s] removing '/home/abood/ros2_test/install/my_py_pkg/lib/python3.10/site-packages/my_py_pkg-0.0.0-py3.10.egg-info' (and everything under it)
[0.553s] Copying ../../build/my_py_pkg/my_py_pkg.egg-info to /home/abood/ros2_test/install/my_py_pkg/lib/python3.10/site-packages/my_py_pkg-0.0.0-py3.10.egg-info
[0.553s] running install_scripts
[0.566s] Installing add_two_ints_client_no_OOP script to /home/abood/ros2_test/install/my_py_pkg/lib/my_py_pkg
[0.566s] Installing add_two_ints_server script to /home/abood/ros2_test/install/my_py_pkg/lib/my_py_pkg
[0.566s] Installing number_pub script to /home/abood/ros2_test/install/my_py_pkg/lib/my_py_pkg
[0.566s] Installing number_sub script to /home/abood/ros2_test/install/my_py_pkg/lib/my_py_pkg
[0.566s] Installing publisher_test script to /home/abood/ros2_test/install/my_py_pkg/lib/my_py_pkg
[0.566s] Installing py_node script to /home/abood/ros2_test/install/my_py_pkg/lib/my_py_pkg
[0.566s] Installing subsrciber_test script to /home/abood/ros2_test/install/my_py_pkg/lib/my_py_pkg
[0.566s] writing list of installed files to '/home/abood/ros2_test/build/my_py_pkg/install.log'
[0.581s] Invoked command in '/home/abood/ros2_test/src/my_py_pkg' returned '0': PYTHONPATH=/home/abood/ros2_test/build/my_py_pkg/prefix_override:/usr/lib/python3/dist-packages/colcon_core/task/python/colcon_distutils_commands:/home/abood/ros2_test/install/my_py_pkg/lib/python3.10/site-packages:${PYTHONPATH} /usr/bin/python3 -W ignore:setup.py install is deprecated -W ignore:easy_install command is deprecated setup.py egg_info --egg-base ../../build/my_py_pkg build --build-base /home/abood/ros2_test/build/my_py_pkg/build install --record /home/abood/ros2_test/build/my_py_pkg/install.log --single-version-externally-managed install_data
