[0.012s] Invoking command in '/home/abood/ros2_test/build/my_interfaces': CMAKE_PREFIX_PATH=${CMAKE_PREFIX_PATH}:/home/abood/ros2_test/install/turtlesim_catch_them_all:/home/abood/ros2_test/install/my_py_pkg:/opt/ros/humble /usr/bin/cmake --build /home/abood/ros2_test/build/my_interfaces -- -j16 -l16
[0.027s] -- Found ament_cmake: 1.3.11 (/opt/ros/humble/share/ament_cmake/cmake)
[0.106s] -- Found rosidl_default_generators: 1.2.0 (/opt/ros/humble/share/rosidl_default_generators/cmake)
[0.107s] -- Using all available rosidl_typesupport_c: rosidl_typesupport_fastrtps_c;rosidl_typesupport_introspection_c
[0.108s] -- Found rosidl_adapter: 3.1.6 (/opt/ros/humble/share/rosidl_adapter/cmake)
[0.128s] -- Using all available rosidl_typesupport_cpp: rosidl_typesupport_fastrtps_cpp;rosidl_typesupport_introspection_cpp
[0.308s] -- Found ament_cmake_ros: 0.10.0 (/opt/ros/humble/share/ament_cmake_ros/cmake)
[0.422s] -- Using all available rosidl_typesupport_c: rosidl_typesupport_fastrtps_c;rosidl_typesupport_introspection_c
[0.568s] -- Using all available rosidl_typesupport_cpp: rosidl_typesupport_fastrtps_cpp;rosidl_typesupport_introspection_cpp
[0.582s] -- Found python_cmake_module: 0.10.0 (/opt/ros/humble/share/python_cmake_module/cmake)
[0.601s] -- Using PYTHON_EXECUTABLE: /usr/bin/python3
[0.601s] -- Using PYTHON_INCLUDE_DIRS: /usr/include/python3.10
[0.601s] -- Using PYTHON_LIBRARIES: /usr/lib/x86_64-linux-gnu/libpython3.10.so
[0.640s] -- Configuring done
[0.667s] -- Generating done
[0.674s] -- Build files have been written to: /home/abood/ros2_test/build/my_interfaces
[0.689s] [  1%] [34m[1mGenerating C code for ROS interfaces[0m
[0.695s] [  2%] [34m[1mGenerating C++ code for ROS interfaces[0m
[0.703s] [  2%] Built target ament_cmake_python_copy_my_interfaces
[0.860s] running egg_info
[0.860s] writing my_interfaces.egg-info/PKG-INFO
[0.860s] writing dependency_links to my_interfaces.egg-info/dependency_links.txt
[0.861s] writing top-level names to my_interfaces.egg-info/top_level.txt
[0.862s] reading manifest file 'my_interfaces.egg-info/SOURCES.txt'
[0.863s] writing manifest file 'my_interfaces.egg-info/SOURCES.txt'
[0.879s] [  2%] Built target ament_cmake_python_build_my_interfaces_egg
[1.026s] [  2%] Built target my_interfaces__cpp
[1.033s] [  5%] [34m[1mGenerating C++ type support dispatch for ROS interfaces[0m
[1.033s] [  5%] [34m[1mGenerating C++ introspection for ROS interfaces[0m
[1.033s] [  7%] [34m[1mGenerating C++ type support for eProsima Fast-RTPS[0m
[1.040s] [35m[1mConsolidate compiler generated dependencies of target my_interfaces__rosidl_generator_c[0m
[1.048s] [ 12%] [32mBuilding C object CMakeFiles/my_interfaces__rosidl_generator_c.dir/rosidl_generator_c/my_interfaces/msg/detail/turtle__functions.c.o[0m
[1.048s] [ 12%] [32mBuilding C object CMakeFiles/my_interfaces__rosidl_generator_c.dir/rosidl_generator_c/my_interfaces/msg/detail/hardware_status__functions.c.o[0m
[1.048s] [ 12%] [32mBuilding C object CMakeFiles/my_interfaces__rosidl_generator_c.dir/rosidl_generator_c/my_interfaces/srv/detail/calculate_rectangle_area__functions.c.o[0m
[1.048s] [ 12%] [32mBuilding C object CMakeFiles/my_interfaces__rosidl_generator_c.dir/rosidl_generator_c/my_interfaces/msg/detail/led_state_array__functions.c.o[0m
[1.049s] [ 14%] [32mBuilding C object CMakeFiles/my_interfaces__rosidl_generator_c.dir/rosidl_generator_c/my_interfaces/srv/detail/set_led__functions.c.o[0m
[1.050s] [ 15%] [32mBuilding C object CMakeFiles/my_interfaces__rosidl_generator_c.dir/rosidl_generator_c/my_interfaces/msg/detail/turtle_array__functions.c.o[0m
[1.108s] [ 16%] [32m[1mLinking C shared library libmy_interfaces__rosidl_generator_c.so[0m
[1.140s] [ 16%] Built target my_interfaces__rosidl_generator_c
[1.146s] [ 21%] [34m[1mGenerating C type support dispatch for ROS interfaces[0m
[1.146s] [ 21%] [34m[1mGenerating C introspection for ROS interfaces[0m
[1.146s] [ 21%] [34m[1mGenerating C type support for eProsima Fast-RTPS[0m
[1.285s] [35m[1mConsolidate compiler generated dependencies of target my_interfaces__rosidl_typesupport_cpp[0m
[1.294s] [ 22%] [32mBuilding CXX object CMakeFiles/my_interfaces__rosidl_typesupport_cpp.dir/rosidl_typesupport_cpp/my_interfaces/msg/hardware_status__type_support.cpp.o[0m
[1.294s] [ 23%] [32mBuilding CXX object CMakeFiles/my_interfaces__rosidl_typesupport_cpp.dir/rosidl_typesupport_cpp/my_interfaces/srv/set_led__type_support.cpp.o[0m
[1.296s] [ 25%] [32mBuilding CXX object CMakeFiles/my_interfaces__rosidl_typesupport_cpp.dir/rosidl_typesupport_cpp/my_interfaces/srv/calculate_rectangle_area__type_support.cpp.o[0m
[1.296s] [ 26%] [32mBuilding CXX object CMakeFiles/my_interfaces__rosidl_typesupport_cpp.dir/rosidl_typesupport_cpp/my_interfaces/msg/led_state_array__type_support.cpp.o[0m
[1.296s] [ 28%] [32mBuilding CXX object CMakeFiles/my_interfaces__rosidl_typesupport_cpp.dir/rosidl_typesupport_cpp/my_interfaces/msg/turtle__type_support.cpp.o[0m
[1.297s] [ 29%] [32mBuilding CXX object CMakeFiles/my_interfaces__rosidl_typesupport_cpp.dir/rosidl_typesupport_cpp/my_interfaces/msg/turtle_array__type_support.cpp.o[0m
[1.328s] [35m[1mConsolidate compiler generated dependencies of target my_interfaces__rosidl_typesupport_introspection_cpp[0m
[1.341s] [ 30%] [32mBuilding CXX object CMakeFiles/my_interfaces__rosidl_typesupport_introspection_cpp.dir/rosidl_typesupport_introspection_cpp/my_interfaces/msg/detail/hardware_status__type_support.cpp.o[0m
[1.341s] [ 32%] [32mBuilding CXX object CMakeFiles/my_interfaces__rosidl_typesupport_introspection_cpp.dir/rosidl_typesupport_introspection_cpp/my_interfaces/srv/detail/set_led__type_support.cpp.o[0m
[1.341s] [ 35%] [32mBuilding CXX object CMakeFiles/my_interfaces__rosidl_typesupport_introspection_cpp.dir/rosidl_typesupport_introspection_cpp/my_interfaces/srv/detail/calculate_rectangle_area__type_support.cpp.o[0m
[1.341s] [ 33%] [32mBuilding CXX object CMakeFiles/my_interfaces__rosidl_typesupport_introspection_cpp.dir/rosidl_typesupport_introspection_cpp/my_interfaces/msg/detail/led_state_array__type_support.cpp.o[0m
[1.341s] [ 38%] [32mBuilding CXX object CMakeFiles/my_interfaces__rosidl_typesupport_introspection_cpp.dir/rosidl_typesupport_introspection_cpp/my_interfaces/msg/detail/turtle__type_support.cpp.o[0m
[1.341s] [ 38%] [32mBuilding CXX object CMakeFiles/my_interfaces__rosidl_typesupport_introspection_cpp.dir/rosidl_typesupport_introspection_cpp/my_interfaces/msg/detail/turtle_array__type_support.cpp.o[0m
[1.460s] [35m[1mConsolidate compiler generated dependencies of target my_interfaces__rosidl_typesupport_c[0m
[1.473s] [ 39%] [32mBuilding CXX object CMakeFiles/my_interfaces__rosidl_typesupport_c.dir/rosidl_typesupport_c/my_interfaces/msg/hardware_status__type_support.cpp.o[0m
[1.475s] [35m[1mConsolidate compiler generated dependencies of target my_interfaces__rosidl_typesupport_fastrtps_cpp[0m
[1.492s] [ 40%] [32mBuilding CXX object CMakeFiles/my_interfaces__rosidl_typesupport_fastrtps_cpp.dir/rosidl_typesupport_fastrtps_cpp/my_interfaces/msg/detail/dds_fastrtps/hardware_status__type_support.cpp.o[0m
[1.514s] [ 42%] [32mBuilding CXX object CMakeFiles/my_interfaces__rosidl_typesupport_c.dir/rosidl_typesupport_c/my_interfaces/msg/led_state_array__type_support.cpp.o[0m
[1.554s] [ 43%] [32mBuilding CXX object CMakeFiles/my_interfaces__rosidl_typesupport_c.dir/rosidl_typesupport_c/my_interfaces/srv/calculate_rectangle_area__type_support.cpp.o[0m
[1.591s] [ 45%] [32mBuilding CXX object CMakeFiles/my_interfaces__rosidl_typesupport_c.dir/rosidl_typesupport_c/my_interfaces/srv/set_led__type_support.cpp.o[0m
[1.626s] [ 46%] [32mBuilding CXX object CMakeFiles/my_interfaces__rosidl_typesupport_c.dir/rosidl_typesupport_c/my_interfaces/msg/turtle__type_support.cpp.o[0m
[1.626s] [ 47%] [32mBuilding CXX object CMakeFiles/my_interfaces__rosidl_typesupport_c.dir/rosidl_typesupport_c/my_interfaces/msg/turtle_array__type_support.cpp.o[0m
[1.626s] [ 49%] [32mBuilding CXX object CMakeFiles/my_interfaces__rosidl_typesupport_fastrtps_cpp.dir/rosidl_typesupport_fastrtps_cpp/my_interfaces/msg/detail/dds_fastrtps/led_state_array__type_support.cpp.o[0m
[1.636s] [ 50%] [32mBuilding CXX object CMakeFiles/my_interfaces__rosidl_typesupport_fastrtps_cpp.dir/rosidl_typesupport_fastrtps_cpp/my_interfaces/srv/detail/dds_fastrtps/calculate_rectangle_area__type_support.cpp.o[0m
[1.640s] [ 52%] [32mBuilding CXX object CMakeFiles/my_interfaces__rosidl_typesupport_fastrtps_cpp.dir/rosidl_typesupport_fastrtps_cpp/my_interfaces/srv/detail/dds_fastrtps/set_led__type_support.cpp.o[0m
[1.641s] [ 53%] [32m[1mLinking CXX shared library libmy_interfaces__rosidl_typesupport_cpp.so[0m
[1.649s] [ 54%] [32mBuilding CXX object CMakeFiles/my_interfaces__rosidl_typesupport_fastrtps_cpp.dir/rosidl_typesupport_fastrtps_cpp/my_interfaces/msg/detail/dds_fastrtps/turtle__type_support.cpp.o[0m
[1.651s] [ 56%] [32mBuilding CXX object CMakeFiles/my_interfaces__rosidl_typesupport_fastrtps_cpp.dir/rosidl_typesupport_fastrtps_cpp/my_interfaces/msg/detail/dds_fastrtps/turtle_array__type_support.cpp.o[0m
[1.652s] [35m[1mConsolidate compiler generated dependencies of target my_interfaces__rosidl_typesupport_introspection_c[0m
[1.657s] [ 57%] [32m[1mLinking CXX shared library libmy_interfaces__rosidl_typesupport_c.so[0m
[1.668s] [ 59%] [32mBuilding C object CMakeFiles/my_interfaces__rosidl_typesupport_introspection_c.dir/rosidl_typesupport_introspection_c/my_interfaces/msg/detail/hardware_status__type_support.c.o[0m
[1.692s] [ 59%] Built target my_interfaces__rosidl_typesupport_cpp
[1.699s] [35m[1mConsolidate compiler generated dependencies of target my_interfaces__rosidl_typesupport_fastrtps_c[0m
[1.701s] [ 60%] [32mBuilding C object CMakeFiles/my_interfaces__rosidl_typesupport_introspection_c.dir/rosidl_typesupport_introspection_c/my_interfaces/msg/detail/led_state_array__type_support.c.o[0m
[1.705s] [ 60%] Built target my_interfaces__rosidl_typesupport_c
[1.708s] [ 61%] [32mBuilding C object CMakeFiles/my_interfaces__rosidl_typesupport_introspection_c.dir/rosidl_typesupport_introspection_c/my_interfaces/srv/detail/calculate_rectangle_area__type_support.c.o[0m
[1.720s] [ 63%] [32mBuilding C object CMakeFiles/my_interfaces__rosidl_typesupport_introspection_c.dir/rosidl_typesupport_introspection_c/my_interfaces/srv/detail/set_led__type_support.c.o[0m
[1.720s] [ 64%] [32mBuilding CXX object CMakeFiles/my_interfaces__rosidl_typesupport_fastrtps_c.dir/rosidl_typesupport_fastrtps_c/my_interfaces/msg/detail/hardware_status__type_support_c.cpp.o[0m
[1.743s] [ 66%] [32mBuilding CXX object CMakeFiles/my_interfaces__rosidl_typesupport_fastrtps_c.dir/rosidl_typesupport_fastrtps_c/my_interfaces/msg/detail/led_state_array__type_support_c.cpp.o[0m
[1.754s] [ 67%] [32mBuilding C object CMakeFiles/my_interfaces__rosidl_typesupport_introspection_c.dir/rosidl_typesupport_introspection_c/my_interfaces/msg/detail/turtle__type_support.c.o[0m
[1.758s] [ 69%] [32mBuilding CXX object CMakeFiles/my_interfaces__rosidl_typesupport_fastrtps_c.dir/rosidl_typesupport_fastrtps_c/my_interfaces/srv/detail/calculate_rectangle_area__type_support_c.cpp.o[0m
[1.772s] [ 70%] [32mBuilding CXX object CMakeFiles/my_interfaces__rosidl_typesupport_fastrtps_c.dir/rosidl_typesupport_fastrtps_c/my_interfaces/srv/detail/set_led__type_support_c.cpp.o[0m
[1.777s] [ 73%] [32mBuilding CXX object CMakeFiles/my_interfaces__rosidl_typesupport_fastrtps_c.dir/rosidl_typesupport_fastrtps_c/my_interfaces/msg/detail/turtle__type_support_c.cpp.o[0m
[1.778s] [ 73%] [32mBuilding CXX object CMakeFiles/my_interfaces__rosidl_typesupport_fastrtps_c.dir/rosidl_typesupport_fastrtps_c/my_interfaces/msg/detail/turtle_array__type_support_c.cpp.o[0m
[1.784s] [ 74%] [32mBuilding C object CMakeFiles/my_interfaces__rosidl_typesupport_introspection_c.dir/rosidl_typesupport_introspection_c/my_interfaces/msg/detail/turtle_array__type_support.c.o[0m
[1.817s] [ 76%] [32m[1mLinking CXX shared library libmy_interfaces__rosidl_typesupport_introspection_cpp.so[0m
[1.819s] [ 77%] [32m[1mLinking C shared library libmy_interfaces__rosidl_typesupport_introspection_c.so[0m
[1.856s] [ 77%] Built target my_interfaces__rosidl_typesupport_introspection_c
[1.886s] [ 77%] Built target my_interfaces__rosidl_typesupport_introspection_cpp
[2.122s] [ 78%] [32m[1mLinking CXX shared library libmy_interfaces__rosidl_typesupport_fastrtps_cpp.so[0m
[2.130s] [ 80%] [32m[1mLinking CXX shared library libmy_interfaces__rosidl_typesupport_fastrtps_c.so[0m
[2.171s] [ 80%] Built target my_interfaces__rosidl_typesupport_fastrtps_cpp
[2.176s] [ 80%] Built target my_interfaces__rosidl_typesupport_fastrtps_c
[2.189s] [ 80%] Built target my_interfaces
[2.212s] [ 81%] [34m[1mGenerating Python code for ROS interfaces[0m
[2.739s] [ 81%] Built target my_interfaces__py
[2.747s] [35m[1mConsolidate compiler generated dependencies of target my_interfaces__rosidl_generator_py[0m
[2.756s] [ 83%] [32mBuilding C object CMakeFiles/my_interfaces__rosidl_generator_py.dir/rosidl_generator_py/my_interfaces/msg/_led_state_array_s.c.o[0m
[2.756s] [ 85%] [32mBuilding C object CMakeFiles/my_interfaces__rosidl_generator_py.dir/rosidl_generator_py/my_interfaces/srv/_calculate_rectangle_area_s.c.o[0m
[2.756s] [ 85%] [32mBuilding C object CMakeFiles/my_interfaces__rosidl_generator_py.dir/rosidl_generator_py/my_interfaces/msg/_hardware_status_s.c.o[0m
[2.756s] [ 87%] [32mBuilding C object CMakeFiles/my_interfaces__rosidl_generator_py.dir/rosidl_generator_py/my_interfaces/srv/_set_led_s.c.o[0m
[2.756s] [ 88%] [32mBuilding C object CMakeFiles/my_interfaces__rosidl_generator_py.dir/rosidl_generator_py/my_interfaces/msg/_turtle_array_s.c.o[0m
[2.756s] [ 90%] [32mBuilding C object CMakeFiles/my_interfaces__rosidl_generator_py.dir/rosidl_generator_py/my_interfaces/msg/_turtle_s.c.o[0m
[2.844s] [ 91%] [32m[1mLinking C shared library rosidl_generator_py/my_interfaces/libmy_interfaces__rosidl_generator_py.so[0m
[2.870s] [ 91%] Built target my_interfaces__rosidl_generator_py
[2.876s] [35m[1mConsolidate compiler generated dependencies of target my_interfaces__rosidl_typesupport_c__pyext[0m
[2.876s] [35m[1mConsolidate compiler generated dependencies of target my_interfaces__rosidl_typesupport_introspection_c__pyext[0m
[2.876s] [35m[1mConsolidate compiler generated dependencies of target my_interfaces__rosidl_typesupport_fastrtps_c__pyext[0m
[2.883s] [ 95%] [32mBuilding C object CMakeFiles/my_interfaces__rosidl_typesupport_c__pyext.dir/rosidl_generator_py/my_interfaces/_my_interfaces_s.ep.rosidl_typesupport_c.c.o[0m
[2.883s] [ 95%] [32mBuilding C object CMakeFiles/my_interfaces__rosidl_typesupport_fastrtps_c__pyext.dir/rosidl_generator_py/my_interfaces/_my_interfaces_s.ep.rosidl_typesupport_fastrtps_c.c.o[0m
[2.883s] [ 95%] [32mBuilding C object CMakeFiles/my_interfaces__rosidl_typesupport_introspection_c__pyext.dir/rosidl_generator_py/my_interfaces/_my_interfaces_s.ep.rosidl_typesupport_introspection_c.c.o[0m
[2.952s] [ 98%] [32m[1mLinking C shared library rosidl_generator_py/my_interfaces/my_interfaces_s__rosidl_typesupport_c.cpython-310-x86_64-linux-gnu.so[0m
[2.952s] [ 98%] [32m[1mLinking C shared library rosidl_generator_py/my_interfaces/my_interfaces_s__rosidl_typesupport_introspection_c.cpython-310-x86_64-linux-gnu.so[0m
[2.954s] [100%] [32m[1mLinking C shared library rosidl_generator_py/my_interfaces/my_interfaces_s__rosidl_typesupport_fastrtps_c.cpython-310-x86_64-linux-gnu.so[0m
[2.972s] [100%] Built target my_interfaces__rosidl_typesupport_c__pyext
[2.972s] [100%] Built target my_interfaces__rosidl_typesupport_introspection_c__pyext
[2.974s] [100%] Built target my_interfaces__rosidl_typesupport_fastrtps_c__pyext
[2.981s] Invoked command in '/home/abood/ros2_test/build/my_interfaces' returned '0': CMAKE_PREFIX_PATH=${CMAKE_PREFIX_PATH}:/home/abood/ros2_test/install/turtlesim_catch_them_all:/home/abood/ros2_test/install/my_py_pkg:/opt/ros/humble /usr/bin/cmake --build /home/abood/ros2_test/build/my_interfaces -- -j16 -l16
[2.982s] Invoking command in '/home/abood/ros2_test/build/my_interfaces': CMAKE_PREFIX_PATH=${CMAKE_PREFIX_PATH}:/home/abood/ros2_test/install/turtlesim_catch_them_all:/home/abood/ros2_test/install/my_py_pkg:/opt/ros/humble /usr/bin/cmake --install /home/abood/ros2_test/build/my_interfaces
[2.987s] -- Install configuration: ""
[2.987s] -- Installing: /home/abood/ros2_test/install/my_interfaces/share/ament_index/resource_index/rosidl_interfaces/my_interfaces
[2.987s] -- Up-to-date: /home/abood/ros2_test/install/my_interfaces/include/my_interfaces/my_interfaces
[2.987s] -- Up-to-date: /home/abood/ros2_test/install/my_interfaces/include/my_interfaces/my_interfaces/srv
[2.987s] -- Installing: /home/abood/ros2_test/install/my_interfaces/include/my_interfaces/my_interfaces/srv/set_led.h
[2.987s] -- Up-to-date: /home/abood/ros2_test/install/my_interfaces/include/my_interfaces/my_interfaces/srv/detail
[2.987s] -- Installing: /home/abood/ros2_test/install/my_interfaces/include/my_interfaces/my_interfaces/srv/detail/set_led__struct.h
[2.987s] -- Installing: /home/abood/ros2_test/install/my_interfaces/include/my_interfaces/my_interfaces/srv/detail/calculate_rectangle_area__struct.h
[2.987s] -- Installing: /home/abood/ros2_test/install/my_interfaces/include/my_interfaces/my_interfaces/srv/detail/set_led__functions.h
[2.987s] -- Installing: /home/abood/ros2_test/install/my_interfaces/include/my_interfaces/my_interfaces/srv/detail/calculate_rectangle_area__type_support.h
[2.987s] -- Installing: /home/abood/ros2_test/install/my_interfaces/include/my_interfaces/my_interfaces/srv/detail/set_led__type_support.h
[2.987s] -- Installing: /home/abood/ros2_test/install/my_interfaces/include/my_interfaces/my_interfaces/srv/detail/set_led__functions.c
[2.987s] -- Installing: /home/abood/ros2_test/install/my_interfaces/include/my_interfaces/my_interfaces/srv/detail/calculate_rectangle_area__functions.c
[2.987s] -- Installing: /home/abood/ros2_test/install/my_interfaces/include/my_interfaces/my_interfaces/srv/detail/calculate_rectangle_area__functions.h
[2.987s] -- Installing: /home/abood/ros2_test/install/my_interfaces/include/my_interfaces/my_interfaces/srv/calculate_rectangle_area.h
[2.987s] -- Up-to-date: /home/abood/ros2_test/install/my_interfaces/include/my_interfaces/my_interfaces/msg
[2.987s] -- Installing: /home/abood/ros2_test/install/my_interfaces/include/my_interfaces/my_interfaces/msg/hardware_status.h
[2.987s] -- Installing: /home/abood/ros2_test/install/my_interfaces/include/my_interfaces/my_interfaces/msg/turtle_array.h
[2.987s] -- Installing: /home/abood/ros2_test/install/my_interfaces/include/my_interfaces/my_interfaces/msg/turtle.h
[2.987s] -- Installing: /home/abood/ros2_test/install/my_interfaces/include/my_interfaces/my_interfaces/msg/led_state_array.h
[2.987s] -- Up-to-date: /home/abood/ros2_test/install/my_interfaces/include/my_interfaces/my_interfaces/msg/detail
[2.987s] -- Installing: /home/abood/ros2_test/install/my_interfaces/include/my_interfaces/my_interfaces/msg/detail/led_state_array__functions.h
[2.988s] -- Installing: /home/abood/ros2_test/install/my_interfaces/include/my_interfaces/my_interfaces/msg/detail/turtle_array__functions.h
[2.988s] -- Installing: /home/abood/ros2_test/install/my_interfaces/include/my_interfaces/my_interfaces/msg/detail/turtle__functions.c
[2.988s] -- Installing: /home/abood/ros2_test/install/my_interfaces/include/my_interfaces/my_interfaces/msg/detail/led_state_array__type_support.h
[2.988s] -- Installing: /home/abood/ros2_test/install/my_interfaces/include/my_interfaces/my_interfaces/msg/detail/turtle__struct.h
[2.988s] -- Installing: /home/abood/ros2_test/install/my_interfaces/include/my_interfaces/my_interfaces/msg/detail/hardware_status__type_support.h
[2.988s] -- Installing: /home/abood/ros2_test/install/my_interfaces/include/my_interfaces/my_interfaces/msg/detail/turtle__type_support.h
[2.988s] -- Installing: /home/abood/ros2_test/install/my_interfaces/include/my_interfaces/my_interfaces/msg/detail/hardware_status__functions.c
[2.988s] -- Installing: /home/abood/ros2_test/install/my_interfaces/include/my_interfaces/my_interfaces/msg/detail/turtle_array__functions.c
[2.988s] -- Installing: /home/abood/ros2_test/install/my_interfaces/include/my_interfaces/my_interfaces/msg/detail/turtle_array__struct.h
[2.988s] -- Installing: /home/abood/ros2_test/install/my_interfaces/include/my_interfaces/my_interfaces/msg/detail/led_state_array__functions.c
[2.988s] -- Installing: /home/abood/ros2_test/install/my_interfaces/include/my_interfaces/my_interfaces/msg/detail/hardware_status__struct.h
[2.988s] -- Installing: /home/abood/ros2_test/install/my_interfaces/include/my_interfaces/my_interfaces/msg/detail/hardware_status__functions.h
[2.988s] -- Installing: /home/abood/ros2_test/install/my_interfaces/include/my_interfaces/my_interfaces/msg/detail/led_state_array__struct.h
[2.988s] -- Installing: /home/abood/ros2_test/install/my_interfaces/include/my_interfaces/my_interfaces/msg/detail/turtle__functions.h
[2.988s] -- Installing: /home/abood/ros2_test/install/my_interfaces/include/my_interfaces/my_interfaces/msg/detail/turtle_array__type_support.h
[2.988s] -- Up-to-date: /home/abood/ros2_test/install/my_interfaces/include/my_interfaces/my_interfaces/msg/rosidl_generator_c__visibility_control.h
[2.988s] -- Up-to-date: /home/abood/ros2_test/install/my_interfaces/share/my_interfaces/environment/library_path.sh
[2.988s] -- Installing: /home/abood/ros2_test/install/my_interfaces/share/my_interfaces/environment/library_path.dsv
[2.989s] -- Installing: /home/abood/ros2_test/install/my_interfaces/lib/libmy_interfaces__rosidl_generator_c.so
[2.989s] -- Set runtime path of "/home/abood/ros2_test/install/my_interfaces/lib/libmy_interfaces__rosidl_generator_c.so" to ""
[2.989s] -- Up-to-date: /home/abood/ros2_test/install/my_interfaces/include/my_interfaces/my_interfaces
[2.989s] -- Up-to-date: /home/abood/ros2_test/install/my_interfaces/include/my_interfaces/my_interfaces/srv
[2.989s] -- Up-to-date: /home/abood/ros2_test/install/my_interfaces/include/my_interfaces/my_interfaces/srv/detail
[2.989s] -- Installing: /home/abood/ros2_test/install/my_interfaces/include/my_interfaces/my_interfaces/srv/detail/calculate_rectangle_area__rosidl_typesupport_fastrtps_c.h
[2.989s] -- Installing: /home/abood/ros2_test/install/my_interfaces/include/my_interfaces/my_interfaces/srv/detail/set_led__rosidl_typesupport_fastrtps_c.h
[2.989s] -- Up-to-date: /home/abood/ros2_test/install/my_interfaces/include/my_interfaces/my_interfaces/msg
[2.989s] -- Up-to-date: /home/abood/ros2_test/install/my_interfaces/include/my_interfaces/my_interfaces/msg/rosidl_typesupport_fastrtps_c__visibility_control.h
[2.989s] -- Up-to-date: /home/abood/ros2_test/install/my_interfaces/include/my_interfaces/my_interfaces/msg/detail
[2.989s] -- Installing: /home/abood/ros2_test/install/my_interfaces/include/my_interfaces/my_interfaces/msg/detail/turtle__rosidl_typesupport_fastrtps_c.h
[2.989s] -- Installing: /home/abood/ros2_test/install/my_interfaces/include/my_interfaces/my_interfaces/msg/detail/turtle_array__rosidl_typesupport_fastrtps_c.h
[2.989s] -- Installing: /home/abood/ros2_test/install/my_interfaces/include/my_interfaces/my_interfaces/msg/detail/hardware_status__rosidl_typesupport_fastrtps_c.h
[2.989s] -- Installing: /home/abood/ros2_test/install/my_interfaces/include/my_interfaces/my_interfaces/msg/detail/led_state_array__rosidl_typesupport_fastrtps_c.h
[2.990s] -- Installing: /home/abood/ros2_test/install/my_interfaces/lib/libmy_interfaces__rosidl_typesupport_fastrtps_c.so
[2.990s] -- Set runtime path of "/home/abood/ros2_test/install/my_interfaces/lib/libmy_interfaces__rosidl_typesupport_fastrtps_c.so" to ""
[2.990s] -- Up-to-date: /home/abood/ros2_test/install/my_interfaces/include/my_interfaces/my_interfaces
[2.990s] -- Up-to-date: /home/abood/ros2_test/install/my_interfaces/include/my_interfaces/my_interfaces/srv
[2.990s] -- Up-to-date: /home/abood/ros2_test/install/my_interfaces/include/my_interfaces/my_interfaces/srv/detail
[2.990s] -- Installing: /home/abood/ros2_test/install/my_interfaces/include/my_interfaces/my_interfaces/srv/detail/calculate_rectangle_area__rosidl_typesupport_introspection_c.h
[2.990s] -- Installing: /home/abood/ros2_test/install/my_interfaces/include/my_interfaces/my_interfaces/srv/detail/set_led__rosidl_typesupport_introspection_c.h
[2.990s] -- Installing: /home/abood/ros2_test/install/my_interfaces/include/my_interfaces/my_interfaces/srv/detail/calculate_rectangle_area__type_support.c
[2.990s] -- Installing: /home/abood/ros2_test/install/my_interfaces/include/my_interfaces/my_interfaces/srv/detail/set_led__type_support.c
[2.990s] -- Up-to-date: /home/abood/ros2_test/install/my_interfaces/include/my_interfaces/my_interfaces/msg
[2.990s] -- Up-to-date: /home/abood/ros2_test/install/my_interfaces/include/my_interfaces/my_interfaces/msg/rosidl_typesupport_introspection_c__visibility_control.h
[2.990s] -- Up-to-date: /home/abood/ros2_test/install/my_interfaces/include/my_interfaces/my_interfaces/msg/detail
[2.990s] -- Installing: /home/abood/ros2_test/install/my_interfaces/include/my_interfaces/my_interfaces/msg/detail/turtle__type_support.c
[2.990s] -- Installing: /home/abood/ros2_test/install/my_interfaces/include/my_interfaces/my_interfaces/msg/detail/led_state_array__type_support.c
[2.990s] -- Installing: /home/abood/ros2_test/install/my_interfaces/include/my_interfaces/my_interfaces/msg/detail/hardware_status__type_support.c
[2.990s] -- Installing: /home/abood/ros2_test/install/my_interfaces/include/my_interfaces/my_interfaces/msg/detail/led_state_array__rosidl_typesupport_introspection_c.h
[2.991s] -- Installing: /home/abood/ros2_test/install/my_interfaces/include/my_interfaces/my_interfaces/msg/detail/turtle_array__type_support.c
[2.991s] -- Installing: /home/abood/ros2_test/install/my_interfaces/include/my_interfaces/my_interfaces/msg/detail/turtle_array__rosidl_typesupport_introspection_c.h
[2.991s] -- Installing: /home/abood/ros2_test/install/my_interfaces/include/my_interfaces/my_interfaces/msg/detail/hardware_status__rosidl_typesupport_introspection_c.h
[2.991s] -- Installing: /home/abood/ros2_test/install/my_interfaces/include/my_interfaces/my_interfaces/msg/detail/turtle__rosidl_typesupport_introspection_c.h
[2.991s] -- Installing: /home/abood/ros2_test/install/my_interfaces/lib/libmy_interfaces__rosidl_typesupport_introspection_c.so
[2.991s] -- Set runtime path of "/home/abood/ros2_test/install/my_interfaces/lib/libmy_interfaces__rosidl_typesupport_introspection_c.so" to ""
[2.991s] -- Installing: /home/abood/ros2_test/install/my_interfaces/lib/libmy_interfaces__rosidl_typesupport_c.so
[2.991s] -- Set runtime path of "/home/abood/ros2_test/install/my_interfaces/lib/libmy_interfaces__rosidl_typesupport_c.so" to ""
[2.991s] -- Up-to-date: /home/abood/ros2_test/install/my_interfaces/include/my_interfaces/my_interfaces
[2.991s] -- Up-to-date: /home/abood/ros2_test/install/my_interfaces/include/my_interfaces/my_interfaces/srv
[2.992s] -- Installing: /home/abood/ros2_test/install/my_interfaces/include/my_interfaces/my_interfaces/srv/set_led.hpp
[2.992s] -- Installing: /home/abood/ros2_test/install/my_interfaces/include/my_interfaces/my_interfaces/srv/calculate_rectangle_area.hpp
[2.992s] -- Up-to-date: /home/abood/ros2_test/install/my_interfaces/include/my_interfaces/my_interfaces/srv/detail
[2.992s] -- Installing: /home/abood/ros2_test/install/my_interfaces/include/my_interfaces/my_interfaces/srv/detail/calculate_rectangle_area__struct.hpp
[2.992s] -- Installing: /home/abood/ros2_test/install/my_interfaces/include/my_interfaces/my_interfaces/srv/detail/set_led__struct.hpp
[2.992s] -- Installing: /home/abood/ros2_test/install/my_interfaces/include/my_interfaces/my_interfaces/srv/detail/set_led__traits.hpp
[2.992s] -- Installing: /home/abood/ros2_test/install/my_interfaces/include/my_interfaces/my_interfaces/srv/detail/set_led__type_support.hpp
[2.992s] -- Installing: /home/abood/ros2_test/install/my_interfaces/include/my_interfaces/my_interfaces/srv/detail/calculate_rectangle_area__type_support.hpp
[2.992s] -- Installing: /home/abood/ros2_test/install/my_interfaces/include/my_interfaces/my_interfaces/srv/detail/calculate_rectangle_area__traits.hpp
[2.992s] -- Installing: /home/abood/ros2_test/install/my_interfaces/include/my_interfaces/my_interfaces/srv/detail/calculate_rectangle_area__builder.hpp
[2.992s] -- Installing: /home/abood/ros2_test/install/my_interfaces/include/my_interfaces/my_interfaces/srv/detail/set_led__builder.hpp
[2.992s] -- Up-to-date: /home/abood/ros2_test/install/my_interfaces/include/my_interfaces/my_interfaces/msg
[2.992s] -- Installing: /home/abood/ros2_test/install/my_interfaces/include/my_interfaces/my_interfaces/msg/turtle.hpp
[2.992s] -- Installing: /home/abood/ros2_test/install/my_interfaces/include/my_interfaces/my_interfaces/msg/led_state_array.hpp
[2.992s] -- Up-to-date: /home/abood/ros2_test/install/my_interfaces/include/my_interfaces/my_interfaces/msg/detail
[2.992s] -- Installing: /home/abood/ros2_test/install/my_interfaces/include/my_interfaces/my_interfaces/msg/detail/led_state_array__builder.hpp
[2.992s] -- Installing: /home/abood/ros2_test/install/my_interfaces/include/my_interfaces/my_interfaces/msg/detail/turtle_array__type_support.hpp
[2.992s] -- Installing: /home/abood/ros2_test/install/my_interfaces/include/my_interfaces/my_interfaces/msg/detail/hardware_status__traits.hpp
[2.992s] -- Installing: /home/abood/ros2_test/install/my_interfaces/include/my_interfaces/my_interfaces/msg/detail/led_state_array__struct.hpp
[2.992s] -- Installing: /home/abood/ros2_test/install/my_interfaces/include/my_interfaces/my_interfaces/msg/detail/turtle_array__traits.hpp
[2.992s] -- Installing: /home/abood/ros2_test/install/my_interfaces/include/my_interfaces/my_interfaces/msg/detail/turtle_array__builder.hpp
[2.992s] -- Installing: /home/abood/ros2_test/install/my_interfaces/include/my_interfaces/my_interfaces/msg/detail/turtle__struct.hpp
[2.992s] -- Installing: /home/abood/ros2_test/install/my_interfaces/include/my_interfaces/my_interfaces/msg/detail/turtle__builder.hpp
[2.993s] -- Installing: /home/abood/ros2_test/install/my_interfaces/include/my_interfaces/my_interfaces/msg/detail/hardware_status__builder.hpp
[2.993s] -- Installing: /home/abood/ros2_test/install/my_interfaces/include/my_interfaces/my_interfaces/msg/detail/hardware_status__struct.hpp
[2.993s] -- Installing: /home/abood/ros2_test/install/my_interfaces/include/my_interfaces/my_interfaces/msg/detail/turtle__type_support.hpp
[2.993s] -- Installing: /home/abood/ros2_test/install/my_interfaces/include/my_interfaces/my_interfaces/msg/detail/led_state_array__traits.hpp
[2.993s] -- Installing: /home/abood/ros2_test/install/my_interfaces/include/my_interfaces/my_interfaces/msg/detail/turtle__traits.hpp
[2.993s] -- Installing: /home/abood/ros2_test/install/my_interfaces/include/my_interfaces/my_interfaces/msg/detail/led_state_array__type_support.hpp
[2.993s] -- Installing: /home/abood/ros2_test/install/my_interfaces/include/my_interfaces/my_interfaces/msg/detail/hardware_status__type_support.hpp
[2.993s] -- Installing: /home/abood/ros2_test/install/my_interfaces/include/my_interfaces/my_interfaces/msg/detail/turtle_array__struct.hpp
[2.993s] -- Up-to-date: /home/abood/ros2_test/install/my_interfaces/include/my_interfaces/my_interfaces/msg/rosidl_generator_cpp__visibility_control.hpp
[2.993s] -- Installing: /home/abood/ros2_test/install/my_interfaces/include/my_interfaces/my_interfaces/msg/turtle_array.hpp
[2.993s] -- Installing: /home/abood/ros2_test/install/my_interfaces/include/my_interfaces/my_interfaces/msg/hardware_status.hpp
[2.993s] -- Up-to-date: /home/abood/ros2_test/install/my_interfaces/include/my_interfaces/my_interfaces
[2.993s] -- Up-to-date: /home/abood/ros2_test/install/my_interfaces/include/my_interfaces/my_interfaces/srv
[2.993s] -- Up-to-date: /home/abood/ros2_test/install/my_interfaces/include/my_interfaces/my_interfaces/srv/detail
[2.993s] -- Installing: /home/abood/ros2_test/install/my_interfaces/include/my_interfaces/my_interfaces/srv/detail/set_led__rosidl_typesupport_fastrtps_cpp.hpp
[2.993s] -- Up-to-date: /home/abood/ros2_test/install/my_interfaces/include/my_interfaces/my_interfaces/srv/detail/dds_fastrtps
[2.993s] -- Installing: /home/abood/ros2_test/install/my_interfaces/include/my_interfaces/my_interfaces/srv/detail/calculate_rectangle_area__rosidl_typesupport_fastrtps_cpp.hpp
[2.993s] -- Up-to-date: /home/abood/ros2_test/install/my_interfaces/include/my_interfaces/my_interfaces/msg
[2.993s] -- Up-to-date: /home/abood/ros2_test/install/my_interfaces/include/my_interfaces/my_interfaces/msg/rosidl_typesupport_fastrtps_cpp__visibility_control.h
[2.993s] -- Up-to-date: /home/abood/ros2_test/install/my_interfaces/include/my_interfaces/my_interfaces/msg/detail
[2.993s] -- Installing: /home/abood/ros2_test/install/my_interfaces/include/my_interfaces/my_interfaces/msg/detail/hardware_status__rosidl_typesupport_fastrtps_cpp.hpp
[2.993s] -- Installing: /home/abood/ros2_test/install/my_interfaces/include/my_interfaces/my_interfaces/msg/detail/turtle_array__rosidl_typesupport_fastrtps_cpp.hpp
[2.993s] -- Up-to-date: /home/abood/ros2_test/install/my_interfaces/include/my_interfaces/my_interfaces/msg/detail/dds_fastrtps
[2.994s] -- Installing: /home/abood/ros2_test/install/my_interfaces/include/my_interfaces/my_interfaces/msg/detail/turtle__rosidl_typesupport_fastrtps_cpp.hpp
[2.994s] -- Installing: /home/abood/ros2_test/install/my_interfaces/include/my_interfaces/my_interfaces/msg/detail/led_state_array__rosidl_typesupport_fastrtps_cpp.hpp
[2.994s] -- Installing: /home/abood/ros2_test/install/my_interfaces/lib/libmy_interfaces__rosidl_typesupport_fastrtps_cpp.so
[2.994s] -- Set runtime path of "/home/abood/ros2_test/install/my_interfaces/lib/libmy_interfaces__rosidl_typesupport_fastrtps_cpp.so" to ""
[2.994s] -- Up-to-date: /home/abood/ros2_test/install/my_interfaces/include/my_interfaces/my_interfaces
[2.994s] -- Up-to-date: /home/abood/ros2_test/install/my_interfaces/include/my_interfaces/my_interfaces/srv
[2.994s] -- Up-to-date: /home/abood/ros2_test/install/my_interfaces/include/my_interfaces/my_interfaces/srv/detail
[2.994s] -- Installing: /home/abood/ros2_test/install/my_interfaces/include/my_interfaces/my_interfaces/srv/detail/calculate_rectangle_area__type_support.cpp
[2.994s] -- Installing: /home/abood/ros2_test/install/my_interfaces/include/my_interfaces/my_interfaces/srv/detail/calculate_rectangle_area__rosidl_typesupport_introspection_cpp.hpp
[2.994s] -- Installing: /home/abood/ros2_test/install/my_interfaces/include/my_interfaces/my_interfaces/srv/detail/set_led__type_support.cpp
[2.994s] -- Installing: /home/abood/ros2_test/install/my_interfaces/include/my_interfaces/my_interfaces/srv/detail/set_led__rosidl_typesupport_introspection_cpp.hpp
[2.994s] -- Up-to-date: /home/abood/ros2_test/install/my_interfaces/include/my_interfaces/my_interfaces/msg
[2.994s] -- Up-to-date: /home/abood/ros2_test/install/my_interfaces/include/my_interfaces/my_interfaces/msg/detail
[2.994s] -- Installing: /home/abood/ros2_test/install/my_interfaces/include/my_interfaces/my_interfaces/msg/detail/led_state_array__type_support.cpp
[2.995s] -- Installing: /home/abood/ros2_test/install/my_interfaces/include/my_interfaces/my_interfaces/msg/detail/turtle_array__rosidl_typesupport_introspection_cpp.hpp
[2.995s] -- Installing: /home/abood/ros2_test/install/my_interfaces/include/my_interfaces/my_interfaces/msg/detail/hardware_status__rosidl_typesupport_introspection_cpp.hpp
[2.995s] -- Installing: /home/abood/ros2_test/install/my_interfaces/include/my_interfaces/my_interfaces/msg/detail/hardware_status__type_support.cpp
[2.995s] -- Installing: /home/abood/ros2_test/install/my_interfaces/include/my_interfaces/my_interfaces/msg/detail/turtle_array__type_support.cpp
[2.995s] -- Installing: /home/abood/ros2_test/install/my_interfaces/include/my_interfaces/my_interfaces/msg/detail/turtle__type_support.cpp
[2.995s] -- Installing: /home/abood/ros2_test/install/my_interfaces/include/my_interfaces/my_interfaces/msg/detail/led_state_array__rosidl_typesupport_introspection_cpp.hpp
[2.995s] -- Installing: /home/abood/ros2_test/install/my_interfaces/include/my_interfaces/my_interfaces/msg/detail/turtle__rosidl_typesupport_introspection_cpp.hpp
[2.995s] -- Installing: /home/abood/ros2_test/install/my_interfaces/lib/libmy_interfaces__rosidl_typesupport_introspection_cpp.so
[2.995s] -- Set runtime path of "/home/abood/ros2_test/install/my_interfaces/lib/libmy_interfaces__rosidl_typesupport_introspection_cpp.so" to ""
[2.995s] -- Installing: /home/abood/ros2_test/install/my_interfaces/lib/libmy_interfaces__rosidl_typesupport_cpp.so
[2.996s] -- Set runtime path of "/home/abood/ros2_test/install/my_interfaces/lib/libmy_interfaces__rosidl_typesupport_cpp.so" to ""
[2.996s] -- Up-to-date: /home/abood/ros2_test/install/my_interfaces/share/my_interfaces/environment/pythonpath.sh
[2.996s] -- Installing: /home/abood/ros2_test/install/my_interfaces/share/my_interfaces/environment/pythonpath.dsv
[2.996s] -- Up-to-date: /home/abood/ros2_test/install/my_interfaces/local/lib/python3.10/dist-packages/my_interfaces-0.0.0-py3.10.egg-info
[2.996s] -- Installing: /home/abood/ros2_test/install/my_interfaces/local/lib/python3.10/dist-packages/my_interfaces-0.0.0-py3.10.egg-info/PKG-INFO
[2.996s] -- Installing: /home/abood/ros2_test/install/my_interfaces/local/lib/python3.10/dist-packages/my_interfaces-0.0.0-py3.10.egg-info/top_level.txt
[2.996s] -- Installing: /home/abood/ros2_test/install/my_interfaces/local/lib/python3.10/dist-packages/my_interfaces-0.0.0-py3.10.egg-info/SOURCES.txt
[2.996s] -- Installing: /home/abood/ros2_test/install/my_interfaces/local/lib/python3.10/dist-packages/my_interfaces-0.0.0-py3.10.egg-info/dependency_links.txt
[2.996s] -- Up-to-date: /home/abood/ros2_test/install/my_interfaces/local/lib/python3.10/dist-packages/my_interfaces
[2.996s] -- Installing: /home/abood/ros2_test/install/my_interfaces/local/lib/python3.10/dist-packages/my_interfaces/my_interfaces_s__rosidl_typesupport_c.cpython-310-x86_64-linux-gnu.so
[2.996s] -- Installing: /home/abood/ros2_test/install/my_interfaces/local/lib/python3.10/dist-packages/my_interfaces/my_interfaces_s__rosidl_typesupport_fastrtps_c.cpython-310-x86_64-linux-gnu.so
[2.996s] -- Installing: /home/abood/ros2_test/install/my_interfaces/local/lib/python3.10/dist-packages/my_interfaces/_my_interfaces_s.ep.rosidl_typesupport_c.c
[2.996s] -- Up-to-date: /home/abood/ros2_test/install/my_interfaces/local/lib/python3.10/dist-packages/my_interfaces/srv
[2.996s] -- Installing: /home/abood/ros2_test/install/my_interfaces/local/lib/python3.10/dist-packages/my_interfaces/srv/_calculate_rectangle_area.py
[2.996s] -- Installing: /home/abood/ros2_test/install/my_interfaces/local/lib/python3.10/dist-packages/my_interfaces/srv/_set_led.py
[2.996s] -- Installing: /home/abood/ros2_test/install/my_interfaces/local/lib/python3.10/dist-packages/my_interfaces/srv/_calculate_rectangle_area_s.c
[2.996s] -- Installing: /home/abood/ros2_test/install/my_interfaces/local/lib/python3.10/dist-packages/my_interfaces/srv/__init__.py
[2.996s] -- Installing: /home/abood/ros2_test/install/my_interfaces/local/lib/python3.10/dist-packages/my_interfaces/srv/_set_led_s.c
[2.996s] -- Installing: /home/abood/ros2_test/install/my_interfaces/local/lib/python3.10/dist-packages/my_interfaces/libmy_interfaces__rosidl_generator_py.so
[2.997s] -- Up-to-date: /home/abood/ros2_test/install/my_interfaces/local/lib/python3.10/dist-packages/my_interfaces/msg
[2.997s] -- Installing: /home/abood/ros2_test/install/my_interfaces/local/lib/python3.10/dist-packages/my_interfaces/msg/_turtle_array_s.c
[2.997s] -- Installing: /home/abood/ros2_test/install/my_interfaces/local/lib/python3.10/dist-packages/my_interfaces/msg/_turtle.py
[2.997s] -- Installing: /home/abood/ros2_test/install/my_interfaces/local/lib/python3.10/dist-packages/my_interfaces/msg/__init__.py
[2.997s] -- Installing: /home/abood/ros2_test/install/my_interfaces/local/lib/python3.10/dist-packages/my_interfaces/msg/_turtle_s.c
[2.997s] -- Installing: /home/abood/ros2_test/install/my_interfaces/local/lib/python3.10/dist-packages/my_interfaces/msg/_hardware_status.py
[2.997s] -- Installing: /home/abood/ros2_test/install/my_interfaces/local/lib/python3.10/dist-packages/my_interfaces/msg/_led_state_array_s.c
[2.997s] -- Installing: /home/abood/ros2_test/install/my_interfaces/local/lib/python3.10/dist-packages/my_interfaces/msg/_hardware_status_s.c
[2.997s] -- Installing: /home/abood/ros2_test/install/my_interfaces/local/lib/python3.10/dist-packages/my_interfaces/msg/_led_state_array.py
[2.997s] -- Installing: /home/abood/ros2_test/install/my_interfaces/local/lib/python3.10/dist-packages/my_interfaces/msg/_turtle_array.py
[2.997s] -- Installing: /home/abood/ros2_test/install/my_interfaces/local/lib/python3.10/dist-packages/my_interfaces/__init__.py
[2.997s] -- Installing: /home/abood/ros2_test/install/my_interfaces/local/lib/python3.10/dist-packages/my_interfaces/my_interfaces_s__rosidl_typesupport_introspection_c.cpython-310-x86_64-linux-gnu.so
[2.997s] -- Installing: /home/abood/ros2_test/install/my_interfaces/local/lib/python3.10/dist-packages/my_interfaces/_my_interfaces_s.ep.rosidl_typesupport_introspection_c.c
[2.997s] -- Installing: /home/abood/ros2_test/install/my_interfaces/local/lib/python3.10/dist-packages/my_interfaces/_my_interfaces_s.ep.rosidl_typesupport_fastrtps_c.c
[3.025s] Listing '/home/abood/ros2_test/install/my_interfaces/local/lib/python3.10/dist-packages/my_interfaces'...
[3.025s] Compiling '/home/abood/ros2_test/install/my_interfaces/local/lib/python3.10/dist-packages/my_interfaces/__init__.py'...
[3.025s] Listing '/home/abood/ros2_test/install/my_interfaces/local/lib/python3.10/dist-packages/my_interfaces/msg'...
[3.025s] Compiling '/home/abood/ros2_test/install/my_interfaces/local/lib/python3.10/dist-packages/my_interfaces/msg/__init__.py'...
[3.025s] Compiling '/home/abood/ros2_test/install/my_interfaces/local/lib/python3.10/dist-packages/my_interfaces/msg/_hardware_status.py'...
[3.025s] Compiling '/home/abood/ros2_test/install/my_interfaces/local/lib/python3.10/dist-packages/my_interfaces/msg/_led_state_array.py'...
[3.025s] Compiling '/home/abood/ros2_test/install/my_interfaces/local/lib/python3.10/dist-packages/my_interfaces/msg/_turtle.py'...
[3.025s] Compiling '/home/abood/ros2_test/install/my_interfaces/local/lib/python3.10/dist-packages/my_interfaces/msg/_turtle_array.py'...
[3.025s] Listing '/home/abood/ros2_test/install/my_interfaces/local/lib/python3.10/dist-packages/my_interfaces/srv'...
[3.025s] Compiling '/home/abood/ros2_test/install/my_interfaces/local/lib/python3.10/dist-packages/my_interfaces/srv/__init__.py'...
[3.025s] Compiling '/home/abood/ros2_test/install/my_interfaces/local/lib/python3.10/dist-packages/my_interfaces/srv/_calculate_rectangle_area.py'...
[3.025s] Compiling '/home/abood/ros2_test/install/my_interfaces/local/lib/python3.10/dist-packages/my_interfaces/srv/_set_led.py'...
[3.028s] -- Installing: /home/abood/ros2_test/install/my_interfaces/local/lib/python3.10/dist-packages/my_interfaces/my_interfaces_s__rosidl_typesupport_fastrtps_c.cpython-310-x86_64-linux-gnu.so
[3.028s] -- Set runtime path of "/home/abood/ros2_test/install/my_interfaces/local/lib/python3.10/dist-packages/my_interfaces/my_interfaces_s__rosidl_typesupport_fastrtps_c.cpython-310-x86_64-linux-gnu.so" to ""
[3.028s] -- Installing: /home/abood/ros2_test/install/my_interfaces/local/lib/python3.10/dist-packages/my_interfaces/my_interfaces_s__rosidl_typesupport_introspection_c.cpython-310-x86_64-linux-gnu.so
[3.028s] -- Set runtime path of "/home/abood/ros2_test/install/my_interfaces/local/lib/python3.10/dist-packages/my_interfaces/my_interfaces_s__rosidl_typesupport_introspection_c.cpython-310-x86_64-linux-gnu.so" to ""
[3.028s] -- Installing: /home/abood/ros2_test/install/my_interfaces/local/lib/python3.10/dist-packages/my_interfaces/my_interfaces_s__rosidl_typesupport_c.cpython-310-x86_64-linux-gnu.so
[3.029s] -- Set runtime path of "/home/abood/ros2_test/install/my_interfaces/local/lib/python3.10/dist-packages/my_interfaces/my_interfaces_s__rosidl_typesupport_c.cpython-310-x86_64-linux-gnu.so" to ""
[3.029s] -- Installing: /home/abood/ros2_test/install/my_interfaces/lib/libmy_interfaces__rosidl_generator_py.so
[3.029s] -- Set runtime path of "/home/abood/ros2_test/install/my_interfaces/lib/libmy_interfaces__rosidl_generator_py.so" to ""
[3.029s] -- Up-to-date: /home/abood/ros2_test/install/my_interfaces/share/my_interfaces/msg/HardwareStatus.idl
[3.029s] -- Up-to-date: /home/abood/ros2_test/install/my_interfaces/share/my_interfaces/msg/LedStateArray.idl
[3.029s] -- Up-to-date: /home/abood/ros2_test/install/my_interfaces/share/my_interfaces/srv/CalculateRectangleArea.idl
[3.030s] -- Up-to-date: /home/abood/ros2_test/install/my_interfaces/share/my_interfaces/srv/SetLed.idl
[3.030s] -- Installing: /home/abood/ros2_test/install/my_interfaces/share/my_interfaces/msg/Turtle.idl
[3.030s] -- Installing: /home/abood/ros2_test/install/my_interfaces/share/my_interfaces/msg/TurtleArray.idl
[3.030s] -- Up-to-date: /home/abood/ros2_test/install/my_interfaces/share/my_interfaces/msg/HardwareStatus.msg
[3.030s] -- Up-to-date: /home/abood/ros2_test/install/my_interfaces/share/my_interfaces/msg/LedStateArray.msg
[3.030s] -- Up-to-date: /home/abood/ros2_test/install/my_interfaces/share/my_interfaces/srv/CalculateRectangleArea.srv
[3.030s] -- Up-to-date: /home/abood/ros2_test/install/my_interfaces/share/my_interfaces/srv/CalculateRectangleArea_Request.msg
[3.030s] -- Up-to-date: /home/abood/ros2_test/install/my_interfaces/share/my_interfaces/srv/CalculateRectangleArea_Response.msg
[3.030s] -- Up-to-date: /home/abood/ros2_test/install/my_interfaces/share/my_interfaces/srv/SetLed.srv
[3.030s] -- Up-to-date: /home/abood/ros2_test/install/my_interfaces/share/my_interfaces/srv/SetLed_Request.msg
[3.030s] -- Up-to-date: /home/abood/ros2_test/install/my_interfaces/share/my_interfaces/srv/SetLed_Response.msg
[3.030s] -- Installing: /home/abood/ros2_test/install/my_interfaces/share/my_interfaces/msg/Turtle.msg
[3.030s] -- Installing: /home/abood/ros2_test/install/my_interfaces/share/my_interfaces/msg/TurtleArray.msg
[3.030s] -- Up-to-date: /home/abood/ros2_test/install/my_interfaces/share/ament_index/resource_index/package_run_dependencies/my_interfaces
[3.030s] -- Installing: /home/abood/ros2_test/install/my_interfaces/share/ament_index/resource_index/parent_prefix_path/my_interfaces
[3.030s] -- Up-to-date: /home/abood/ros2_test/install/my_interfaces/share/my_interfaces/environment/ament_prefix_path.sh
[3.030s] -- Installing: /home/abood/ros2_test/install/my_interfaces/share/my_interfaces/environment/ament_prefix_path.dsv
[3.030s] -- Up-to-date: /home/abood/ros2_test/install/my_interfaces/share/my_interfaces/environment/path.sh
[3.030s] -- Installing: /home/abood/ros2_test/install/my_interfaces/share/my_interfaces/environment/path.dsv
[3.030s] -- Up-to-date: /home/abood/ros2_test/install/my_interfaces/share/my_interfaces/local_setup.bash
[3.030s] -- Up-to-date: /home/abood/ros2_test/install/my_interfaces/share/my_interfaces/local_setup.sh
[3.030s] -- Up-to-date: /home/abood/ros2_test/install/my_interfaces/share/my_interfaces/local_setup.zsh
[3.030s] -- Installing: /home/abood/ros2_test/install/my_interfaces/share/my_interfaces/local_setup.dsv
[3.030s] -- Installing: /home/abood/ros2_test/install/my_interfaces/share/my_interfaces/package.dsv
[3.030s] -- Up-to-date: /home/abood/ros2_test/install/my_interfaces/share/ament_index/resource_index/packages/my_interfaces
[3.030s] -- Up-to-date: /home/abood/ros2_test/install/my_interfaces/share/my_interfaces/cmake/export_my_interfaces__rosidl_generator_cExport.cmake
[3.030s] -- Up-to-date: /home/abood/ros2_test/install/my_interfaces/share/my_interfaces/cmake/export_my_interfaces__rosidl_generator_cExport-noconfig.cmake
[3.031s] -- Up-to-date: /home/abood/ros2_test/install/my_interfaces/share/my_interfaces/cmake/export_my_interfaces__rosidl_typesupport_fastrtps_cExport.cmake
[3.031s] -- Up-to-date: /home/abood/ros2_test/install/my_interfaces/share/my_interfaces/cmake/export_my_interfaces__rosidl_typesupport_fastrtps_cExport-noconfig.cmake
[3.031s] -- Up-to-date: /home/abood/ros2_test/install/my_interfaces/share/my_interfaces/cmake/my_interfaces__rosidl_typesupport_introspection_cExport.cmake
[3.031s] -- Up-to-date: /home/abood/ros2_test/install/my_interfaces/share/my_interfaces/cmake/my_interfaces__rosidl_typesupport_introspection_cExport-noconfig.cmake
[3.031s] -- Up-to-date: /home/abood/ros2_test/install/my_interfaces/share/my_interfaces/cmake/my_interfaces__rosidl_typesupport_cExport.cmake
[3.031s] -- Up-to-date: /home/abood/ros2_test/install/my_interfaces/share/my_interfaces/cmake/my_interfaces__rosidl_typesupport_cExport-noconfig.cmake
[3.031s] -- Up-to-date: /home/abood/ros2_test/install/my_interfaces/share/my_interfaces/cmake/export_my_interfaces__rosidl_generator_cppExport.cmake
[3.031s] -- Up-to-date: /home/abood/ros2_test/install/my_interfaces/share/my_interfaces/cmake/export_my_interfaces__rosidl_typesupport_fastrtps_cppExport.cmake
[3.031s] -- Up-to-date: /home/abood/ros2_test/install/my_interfaces/share/my_interfaces/cmake/export_my_interfaces__rosidl_typesupport_fastrtps_cppExport-noconfig.cmake
[3.031s] -- Up-to-date: /home/abood/ros2_test/install/my_interfaces/share/my_interfaces/cmake/my_interfaces__rosidl_typesupport_introspection_cppExport.cmake
[3.031s] -- Up-to-date: /home/abood/ros2_test/install/my_interfaces/share/my_interfaces/cmake/my_interfaces__rosidl_typesupport_introspection_cppExport-noconfig.cmake
[3.031s] -- Up-to-date: /home/abood/ros2_test/install/my_interfaces/share/my_interfaces/cmake/my_interfaces__rosidl_typesupport_cppExport.cmake
[3.031s] -- Up-to-date: /home/abood/ros2_test/install/my_interfaces/share/my_interfaces/cmake/my_interfaces__rosidl_typesupport_cppExport-noconfig.cmake
[3.032s] -- Up-to-date: /home/abood/ros2_test/install/my_interfaces/share/my_interfaces/cmake/export_my_interfaces__rosidl_generator_pyExport.cmake
[3.032s] -- Up-to-date: /home/abood/ros2_test/install/my_interfaces/share/my_interfaces/cmake/export_my_interfaces__rosidl_generator_pyExport-noconfig.cmake
[3.032s] -- Installing: /home/abood/ros2_test/install/my_interfaces/share/my_interfaces/cmake/rosidl_cmake-extras.cmake
[3.032s] -- Up-to-date: /home/abood/ros2_test/install/my_interfaces/share/my_interfaces/cmake/ament_cmake_export_include_directories-extras.cmake
[3.032s] -- Up-to-date: /home/abood/ros2_test/install/my_interfaces/share/my_interfaces/cmake/ament_cmake_export_libraries-extras.cmake
[3.032s] -- Up-to-date: /home/abood/ros2_test/install/my_interfaces/share/my_interfaces/cmake/ament_cmake_export_targets-extras.cmake
[3.032s] -- Up-to-date: /home/abood/ros2_test/install/my_interfaces/share/my_interfaces/cmake/rosidl_cmake_export_typesupport_targets-extras.cmake
[3.032s] -- Up-to-date: /home/abood/ros2_test/install/my_interfaces/share/my_interfaces/cmake/ament_cmake_export_dependencies-extras.cmake
[3.032s] -- Up-to-date: /home/abood/ros2_test/install/my_interfaces/share/my_interfaces/cmake/rosidl_cmake_export_typesupport_libraries-extras.cmake
[3.032s] -- Up-to-date: /home/abood/ros2_test/install/my_interfaces/share/my_interfaces/cmake/my_interfacesConfig.cmake
[3.032s] -- Up-to-date: /home/abood/ros2_test/install/my_interfaces/share/my_interfaces/cmake/my_interfacesConfig-version.cmake
[3.032s] -- Up-to-date: /home/abood/ros2_test/install/my_interfaces/share/my_interfaces/package.xml
[3.033s] Invoked command in '/home/abood/ros2_test/build/my_interfaces' returned '0': CMAKE_PREFIX_PATH=${CMAKE_PREFIX_PATH}:/home/abood/ros2_test/install/turtlesim_catch_them_all:/home/abood/ros2_test/install/my_py_pkg:/opt/ros/humble /usr/bin/cmake --install /home/abood/ros2_test/build/my_interfaces
