[0.009s] Invoking command in '/home/abood/ros2_test/build/my_interfaces': CMAKE_PREFIX_PATH=${CMAKE_PREFIX_PATH}:/home/abood/ros2_test/install/my_py_pkg:/opt/ros/humble /usr/bin/cmake --build /home/abood/ros2_test/build/my_interfaces -- -j16 -l16
[0.023s] -- Found ament_cmake: 1.3.11 (/opt/ros/humble/share/ament_cmake/cmake)
[0.104s] -- Found rosidl_default_generators: 1.2.0 (/opt/ros/humble/share/rosidl_default_generators/cmake)
[0.105s] -- Using all available rosidl_typesupport_c: rosidl_typesupport_fastrtps_c;rosidl_typesupport_introspection_c
[0.106s] -- Found rosidl_adapter: 3.1.6 (/opt/ros/humble/share/rosidl_adapter/cmake)
[0.124s] -- Using all available rosidl_typesupport_cpp: rosidl_typesupport_fastrtps_cpp;rosidl_typesupport_introspection_cpp
[0.288s] -- Found ament_cmake_ros: 0.10.0 (/opt/ros/humble/share/ament_cmake_ros/cmake)
[0.410s] -- Using all available rosidl_typesupport_c: rosidl_typesupport_fastrtps_c;rosidl_typesupport_introspection_c
[0.556s] -- Using all available rosidl_typesupport_cpp: rosidl_typesupport_fastrtps_cpp;rosidl_typesupport_introspection_cpp
[0.571s] -- Found python_cmake_module: 0.10.0 (/opt/ros/humble/share/python_cmake_module/cmake)
[0.585s] -- Using PYTHON_EXECUTABLE: /usr/bin/python3
[0.585s] -- Using PYTHON_INCLUDE_DIRS: /usr/include/python3.10
[0.585s] -- Using PYTHON_LIBRARIES: /usr/lib/x86_64-linux-gnu/libpython3.10.so
[0.595s] -- Configuring done
[0.611s] -- Generating done
[0.617s] -- Build files have been written to: /home/abood/ros2_test/build/my_interfaces
[0.633s] [  2%] [34m[1mGenerating C code for ROS interfaces[0m
[0.639s] [  5%] [34m[1mGenerating C++ code for ROS interfaces[0m
[0.644s] [  5%] Built target ament_cmake_python_copy_my_interfaces
[0.807s] running egg_info
[0.808s] writing my_interfaces.egg-info/PKG-INFO
[0.808s] writing dependency_links to my_interfaces.egg-info/dependency_links.txt
[0.808s] writing top-level names to my_interfaces.egg-info/top_level.txt
[0.809s] reading manifest file 'my_interfaces.egg-info/SOURCES.txt'
[0.810s] writing manifest file 'my_interfaces.egg-info/SOURCES.txt'
[0.826s] [  5%] Built target ament_cmake_python_build_my_interfaces_egg
[0.840s] [35m[1mConsolidate compiler generated dependencies of target my_interfaces__rosidl_generator_c[0m
[0.847s] [  7%] [32mBuilding C object CMakeFiles/my_interfaces__rosidl_generator_c.dir/rosidl_generator_c/my_interfaces/msg/detail/hardware_status__functions.c.o[0m
[0.847s] [  7%] Built target my_interfaces__cpp
[0.847s] [ 10%] [32mBuilding C object CMakeFiles/my_interfaces__rosidl_generator_c.dir/rosidl_generator_c/my_interfaces/srv/detail/calculate_rectangle_area__functions.c.o[0m
[0.852s] [ 12%] [34m[1mGenerating C++ type support dispatch for ROS interfaces[0m
[0.853s] [ 15%] [34m[1mGenerating C++ type support for eProsima Fast-RTPS[0m
[0.853s] [ 17%] [34m[1mGenerating C++ introspection for ROS interfaces[0m
[0.884s] [ 20%] [32m[1mLinking C shared library libmy_interfaces__rosidl_generator_c.so[0m
[0.907s] [ 20%] Built target my_interfaces__rosidl_generator_c
[0.913s] [ 28%] [34m[1mGenerating C introspection for ROS interfaces[0m
[0.914s] [ 28%] [34m[1mGenerating C type support for eProsima Fast-RTPS[0m
[0.914s] [ 28%] [34m[1mGenerating C type support dispatch for ROS interfaces[0m
[1.025s] [35m[1mConsolidate compiler generated dependencies of target my_interfaces__rosidl_typesupport_cpp[0m
[1.033s] [ 33%] [32mBuilding CXX object CMakeFiles/my_interfaces__rosidl_typesupport_cpp.dir/rosidl_typesupport_cpp/my_interfaces/srv/calculate_rectangle_area__type_support.cpp.o[0m
[1.034s] [ 33%] [32mBuilding CXX object CMakeFiles/my_interfaces__rosidl_typesupport_cpp.dir/rosidl_typesupport_cpp/my_interfaces/msg/hardware_status__type_support.cpp.o[0m
[1.041s] [35m[1mConsolidate compiler generated dependencies of target my_interfaces__rosidl_typesupport_introspection_cpp[0m
[1.051s] [ 35%] [32mBuilding CXX object CMakeFiles/my_interfaces__rosidl_typesupport_introspection_cpp.dir/rosidl_typesupport_introspection_cpp/my_interfaces/msg/detail/hardware_status__type_support.cpp.o[0m
[1.053s] [ 38%] [32mBuilding CXX object CMakeFiles/my_interfaces__rosidl_typesupport_introspection_cpp.dir/rosidl_typesupport_introspection_cpp/my_interfaces/srv/detail/calculate_rectangle_area__type_support.cpp.o[0m
[1.062s] [35m[1mConsolidate compiler generated dependencies of target my_interfaces__rosidl_typesupport_fastrtps_cpp[0m
[1.071s] [ 41%] [32mBuilding CXX object CMakeFiles/my_interfaces__rosidl_typesupport_fastrtps_cpp.dir/rosidl_typesupport_fastrtps_cpp/my_interfaces/msg/detail/dds_fastrtps/hardware_status__type_support.cpp.o[0m
[1.071s] [ 43%] [32mBuilding CXX object CMakeFiles/my_interfaces__rosidl_typesupport_fastrtps_cpp.dir/rosidl_typesupport_fastrtps_cpp/my_interfaces/srv/detail/dds_fastrtps/calculate_rectangle_area__type_support.cpp.o[0m
[1.127s] [35m[1mConsolidate compiler generated dependencies of target my_interfaces__rosidl_typesupport_c[0m
[1.127s] [35m[1mConsolidate compiler generated dependencies of target my_interfaces__rosidl_typesupport_introspection_c[0m
[1.134s] [35m[1mConsolidate compiler generated dependencies of target my_interfaces__rosidl_typesupport_fastrtps_c[0m
[1.135s] [ 46%] [32mBuilding C object CMakeFiles/my_interfaces__rosidl_typesupport_introspection_c.dir/rosidl_typesupport_introspection_c/my_interfaces/srv/detail/calculate_rectangle_area__type_support.c.o[0m
[1.135s] [ 48%] [32mBuilding CXX object CMakeFiles/my_interfaces__rosidl_typesupport_c.dir/rosidl_typesupport_c/my_interfaces/msg/hardware_status__type_support.cpp.o[0m
[1.137s] [ 51%] [32mBuilding C object CMakeFiles/my_interfaces__rosidl_typesupport_introspection_c.dir/rosidl_typesupport_introspection_c/my_interfaces/msg/detail/hardware_status__type_support.c.o[0m
[1.137s] [ 53%] [32mBuilding CXX object CMakeFiles/my_interfaces__rosidl_typesupport_c.dir/rosidl_typesupport_c/my_interfaces/srv/calculate_rectangle_area__type_support.cpp.o[0m
[1.143s] [ 56%] [32mBuilding CXX object CMakeFiles/my_interfaces__rosidl_typesupport_fastrtps_c.dir/rosidl_typesupport_fastrtps_c/my_interfaces/msg/detail/hardware_status__type_support_c.cpp.o[0m
[1.145s] [ 58%] [32mBuilding CXX object CMakeFiles/my_interfaces__rosidl_typesupport_fastrtps_c.dir/rosidl_typesupport_fastrtps_c/my_interfaces/srv/detail/calculate_rectangle_area__type_support_c.cpp.o[0m
[1.166s] [ 61%] [32m[1mLinking CXX shared library libmy_interfaces__rosidl_typesupport_c.so[0m
[1.168s] [ 64%] [32m[1mLinking C shared library libmy_interfaces__rosidl_typesupport_introspection_c.so[0m
[1.189s] [ 64%] Built target my_interfaces__rosidl_typesupport_introspection_c
[1.194s] [ 64%] Built target my_interfaces__rosidl_typesupport_c
[1.268s] [ 66%] [32m[1mLinking CXX shared library libmy_interfaces__rosidl_typesupport_cpp.so[0m
[1.295s] [ 66%] Built target my_interfaces__rosidl_typesupport_cpp
[1.356s] [ 69%] [32m[1mLinking CXX shared library libmy_interfaces__rosidl_typesupport_introspection_cpp.so[0m
[1.385s] [ 71%] [32m[1mLinking CXX shared library libmy_interfaces__rosidl_typesupport_fastrtps_cpp.so[0m
[1.394s] [ 71%] Built target my_interfaces__rosidl_typesupport_introspection_cpp
[1.404s] [ 74%] [32m[1mLinking CXX shared library libmy_interfaces__rosidl_typesupport_fastrtps_c.so[0m
[1.430s] [ 74%] Built target my_interfaces__rosidl_typesupport_fastrtps_cpp
[1.448s] [ 74%] Built target my_interfaces__rosidl_typesupport_fastrtps_c
[1.459s] [ 74%] Built target my_interfaces
[1.476s] [ 76%] [34m[1mGenerating Python code for ROS interfaces[0m
[1.753s] [ 76%] Built target my_interfaces__py
[1.758s] [35m[1mConsolidate compiler generated dependencies of target my_interfaces__rosidl_generator_py[0m
[1.765s] [ 79%] [32mBuilding C object CMakeFiles/my_interfaces__rosidl_generator_py.dir/rosidl_generator_py/my_interfaces/msg/_hardware_status_s.c.o[0m
[1.765s] [ 82%] [32mBuilding C object CMakeFiles/my_interfaces__rosidl_generator_py.dir/rosidl_generator_py/my_interfaces/srv/_calculate_rectangle_area_s.c.o[0m
[1.828s] [ 84%] [32m[1mLinking C shared library rosidl_generator_py/my_interfaces/libmy_interfaces__rosidl_generator_py.so[0m
[1.852s] [ 84%] Built target my_interfaces__rosidl_generator_py
[1.858s] [35m[1mConsolidate compiler generated dependencies of target my_interfaces__rosidl_typesupport_fastrtps_c__pyext[0m
[1.858s] [35m[1mConsolidate compiler generated dependencies of target my_interfaces__rosidl_typesupport_introspection_c__pyext[0m
[1.859s] [35m[1mConsolidate compiler generated dependencies of target my_interfaces__rosidl_typesupport_c__pyext[0m
[1.866s] [ 89%] [32mBuilding C object CMakeFiles/my_interfaces__rosidl_typesupport_c__pyext.dir/rosidl_generator_py/my_interfaces/_my_interfaces_s.ep.rosidl_typesupport_c.c.o[0m
[1.866s] [ 89%] [32mBuilding C object CMakeFiles/my_interfaces__rosidl_typesupport_introspection_c__pyext.dir/rosidl_generator_py/my_interfaces/_my_interfaces_s.ep.rosidl_typesupport_introspection_c.c.o[0m
[1.866s] [ 92%] [32mBuilding C object CMakeFiles/my_interfaces__rosidl_typesupport_fastrtps_c__pyext.dir/rosidl_generator_py/my_interfaces/_my_interfaces_s.ep.rosidl_typesupport_fastrtps_c.c.o[0m
[1.926s] [ 97%] [32m[1mLinking C shared library rosidl_generator_py/my_interfaces/my_interfaces_s__rosidl_typesupport_c.cpython-310-x86_64-linux-gnu.so[0m
[1.926s] [ 97%] [32m[1mLinking C shared library rosidl_generator_py/my_interfaces/my_interfaces_s__rosidl_typesupport_introspection_c.cpython-310-x86_64-linux-gnu.so[0m
[1.927s] [100%] [32m[1mLinking C shared library rosidl_generator_py/my_interfaces/my_interfaces_s__rosidl_typesupport_fastrtps_c.cpython-310-x86_64-linux-gnu.so[0m
[1.947s] [100%] Built target my_interfaces__rosidl_typesupport_fastrtps_c__pyext
[1.947s] [100%] Built target my_interfaces__rosidl_typesupport_introspection_c__pyext
[1.947s] [100%] Built target my_interfaces__rosidl_typesupport_c__pyext
[1.954s] Invoked command in '/home/abood/ros2_test/build/my_interfaces' returned '0': CMAKE_PREFIX_PATH=${CMAKE_PREFIX_PATH}:/home/abood/ros2_test/install/my_py_pkg:/opt/ros/humble /usr/bin/cmake --build /home/abood/ros2_test/build/my_interfaces -- -j16 -l16
[1.955s] Invoking command in '/home/abood/ros2_test/build/my_interfaces': CMAKE_PREFIX_PATH=${CMAKE_PREFIX_PATH}:/home/abood/ros2_test/install/my_py_pkg:/opt/ros/humble /usr/bin/cmake --install /home/abood/ros2_test/build/my_interfaces
[1.959s] -- Install configuration: ""
[1.959s] -- Installing: /home/abood/ros2_test/install/my_interfaces/share/ament_index/resource_index/rosidl_interfaces/my_interfaces
[1.960s] -- Up-to-date: /home/abood/ros2_test/install/my_interfaces/include/my_interfaces/my_interfaces
[1.960s] -- Installing: /home/abood/ros2_test/install/my_interfaces/include/my_interfaces/my_interfaces/srv
[1.960s] -- Installing: /home/abood/ros2_test/install/my_interfaces/include/my_interfaces/my_interfaces/srv/detail
[1.960s] -- Installing: /home/abood/ros2_test/install/my_interfaces/include/my_interfaces/my_interfaces/srv/detail/calculate_rectangle_area__struct.h
[1.960s] -- Installing: /home/abood/ros2_test/install/my_interfaces/include/my_interfaces/my_interfaces/srv/detail/calculate_rectangle_area__type_support.h
[1.960s] -- Installing: /home/abood/ros2_test/install/my_interfaces/include/my_interfaces/my_interfaces/srv/detail/calculate_rectangle_area__functions.c
[1.960s] -- Installing: /home/abood/ros2_test/install/my_interfaces/include/my_interfaces/my_interfaces/srv/detail/calculate_rectangle_area__functions.h
[1.960s] -- Installing: /home/abood/ros2_test/install/my_interfaces/include/my_interfaces/my_interfaces/srv/calculate_rectangle_area.h
[1.960s] -- Up-to-date: /home/abood/ros2_test/install/my_interfaces/include/my_interfaces/my_interfaces/msg
[1.960s] -- Installing: /home/abood/ros2_test/install/my_interfaces/include/my_interfaces/my_interfaces/msg/hardware_status.h
[1.960s] -- Up-to-date: /home/abood/ros2_test/install/my_interfaces/include/my_interfaces/my_interfaces/msg/detail
[1.960s] -- Installing: /home/abood/ros2_test/install/my_interfaces/include/my_interfaces/my_interfaces/msg/detail/hardware_status__type_support.h
[1.960s] -- Installing: /home/abood/ros2_test/install/my_interfaces/include/my_interfaces/my_interfaces/msg/detail/hardware_status__functions.c
[1.960s] -- Installing: /home/abood/ros2_test/install/my_interfaces/include/my_interfaces/my_interfaces/msg/detail/hardware_status__struct.h
[1.960s] -- Installing: /home/abood/ros2_test/install/my_interfaces/include/my_interfaces/my_interfaces/msg/detail/hardware_status__functions.h
[1.960s] -- Up-to-date: /home/abood/ros2_test/install/my_interfaces/include/my_interfaces/my_interfaces/msg/rosidl_generator_c__visibility_control.h
[1.960s] -- Up-to-date: /home/abood/ros2_test/install/my_interfaces/share/my_interfaces/environment/library_path.sh
[1.960s] -- Installing: /home/abood/ros2_test/install/my_interfaces/share/my_interfaces/environment/library_path.dsv
[1.960s] -- Installing: /home/abood/ros2_test/install/my_interfaces/lib/libmy_interfaces__rosidl_generator_c.so
[1.961s] -- Set runtime path of "/home/abood/ros2_test/install/my_interfaces/lib/libmy_interfaces__rosidl_generator_c.so" to ""
[1.961s] -- Up-to-date: /home/abood/ros2_test/install/my_interfaces/include/my_interfaces/my_interfaces
[1.961s] -- Up-to-date: /home/abood/ros2_test/install/my_interfaces/include/my_interfaces/my_interfaces/srv
[1.961s] -- Up-to-date: /home/abood/ros2_test/install/my_interfaces/include/my_interfaces/my_interfaces/srv/detail
[1.961s] -- Installing: /home/abood/ros2_test/install/my_interfaces/include/my_interfaces/my_interfaces/srv/detail/calculate_rectangle_area__rosidl_typesupport_fastrtps_c.h
[1.961s] -- Up-to-date: /home/abood/ros2_test/install/my_interfaces/include/my_interfaces/my_interfaces/msg
[1.961s] -- Up-to-date: /home/abood/ros2_test/install/my_interfaces/include/my_interfaces/my_interfaces/msg/rosidl_typesupport_fastrtps_c__visibility_control.h
[1.961s] -- Up-to-date: /home/abood/ros2_test/install/my_interfaces/include/my_interfaces/my_interfaces/msg/detail
[1.961s] -- Installing: /home/abood/ros2_test/install/my_interfaces/include/my_interfaces/my_interfaces/msg/detail/hardware_status__rosidl_typesupport_fastrtps_c.h
[1.961s] -- Installing: /home/abood/ros2_test/install/my_interfaces/lib/libmy_interfaces__rosidl_typesupport_fastrtps_c.so
[1.961s] -- Set runtime path of "/home/abood/ros2_test/install/my_interfaces/lib/libmy_interfaces__rosidl_typesupport_fastrtps_c.so" to ""
[1.961s] -- Up-to-date: /home/abood/ros2_test/install/my_interfaces/include/my_interfaces/my_interfaces
[1.961s] -- Up-to-date: /home/abood/ros2_test/install/my_interfaces/include/my_interfaces/my_interfaces/srv
[1.961s] -- Up-to-date: /home/abood/ros2_test/install/my_interfaces/include/my_interfaces/my_interfaces/srv/detail
[1.961s] -- Installing: /home/abood/ros2_test/install/my_interfaces/include/my_interfaces/my_interfaces/srv/detail/calculate_rectangle_area__rosidl_typesupport_introspection_c.h
[1.961s] -- Installing: /home/abood/ros2_test/install/my_interfaces/include/my_interfaces/my_interfaces/srv/detail/calculate_rectangle_area__type_support.c
[1.962s] -- Up-to-date: /home/abood/ros2_test/install/my_interfaces/include/my_interfaces/my_interfaces/msg
[1.962s] -- Up-to-date: /home/abood/ros2_test/install/my_interfaces/include/my_interfaces/my_interfaces/msg/rosidl_typesupport_introspection_c__visibility_control.h
[1.962s] -- Up-to-date: /home/abood/ros2_test/install/my_interfaces/include/my_interfaces/my_interfaces/msg/detail
[1.962s] -- Installing: /home/abood/ros2_test/install/my_interfaces/include/my_interfaces/my_interfaces/msg/detail/hardware_status__type_support.c
[1.962s] -- Installing: /home/abood/ros2_test/install/my_interfaces/include/my_interfaces/my_interfaces/msg/detail/hardware_status__rosidl_typesupport_introspection_c.h
[1.962s] -- Installing: /home/abood/ros2_test/install/my_interfaces/lib/libmy_interfaces__rosidl_typesupport_introspection_c.so
[1.962s] -- Set runtime path of "/home/abood/ros2_test/install/my_interfaces/lib/libmy_interfaces__rosidl_typesupport_introspection_c.so" to ""
[1.962s] -- Installing: /home/abood/ros2_test/install/my_interfaces/lib/libmy_interfaces__rosidl_typesupport_c.so
[1.962s] -- Set runtime path of "/home/abood/ros2_test/install/my_interfaces/lib/libmy_interfaces__rosidl_typesupport_c.so" to ""
[1.962s] -- Up-to-date: /home/abood/ros2_test/install/my_interfaces/include/my_interfaces/my_interfaces
[1.962s] -- Up-to-date: /home/abood/ros2_test/install/my_interfaces/include/my_interfaces/my_interfaces/srv
[1.962s] -- Installing: /home/abood/ros2_test/install/my_interfaces/include/my_interfaces/my_interfaces/srv/calculate_rectangle_area.hpp
[1.962s] -- Up-to-date: /home/abood/ros2_test/install/my_interfaces/include/my_interfaces/my_interfaces/srv/detail
[1.962s] -- Installing: /home/abood/ros2_test/install/my_interfaces/include/my_interfaces/my_interfaces/srv/detail/calculate_rectangle_area__struct.hpp
[1.962s] -- Installing: /home/abood/ros2_test/install/my_interfaces/include/my_interfaces/my_interfaces/srv/detail/calculate_rectangle_area__type_support.hpp
[1.962s] -- Installing: /home/abood/ros2_test/install/my_interfaces/include/my_interfaces/my_interfaces/srv/detail/calculate_rectangle_area__traits.hpp
[1.962s] -- Installing: /home/abood/ros2_test/install/my_interfaces/include/my_interfaces/my_interfaces/srv/detail/calculate_rectangle_area__builder.hpp
[1.963s] -- Up-to-date: /home/abood/ros2_test/install/my_interfaces/include/my_interfaces/my_interfaces/msg
[1.963s] -- Up-to-date: /home/abood/ros2_test/install/my_interfaces/include/my_interfaces/my_interfaces/msg/detail
[1.963s] -- Installing: /home/abood/ros2_test/install/my_interfaces/include/my_interfaces/my_interfaces/msg/detail/hardware_status__traits.hpp
[1.963s] -- Installing: /home/abood/ros2_test/install/my_interfaces/include/my_interfaces/my_interfaces/msg/detail/hardware_status__builder.hpp
[1.963s] -- Installing: /home/abood/ros2_test/install/my_interfaces/include/my_interfaces/my_interfaces/msg/detail/hardware_status__struct.hpp
[1.963s] -- Installing: /home/abood/ros2_test/install/my_interfaces/include/my_interfaces/my_interfaces/msg/detail/hardware_status__type_support.hpp
[1.963s] -- Up-to-date: /home/abood/ros2_test/install/my_interfaces/include/my_interfaces/my_interfaces/msg/rosidl_generator_cpp__visibility_control.hpp
[1.963s] -- Installing: /home/abood/ros2_test/install/my_interfaces/include/my_interfaces/my_interfaces/msg/hardware_status.hpp
[1.963s] -- Up-to-date: /home/abood/ros2_test/install/my_interfaces/include/my_interfaces/my_interfaces
[1.963s] -- Up-to-date: /home/abood/ros2_test/install/my_interfaces/include/my_interfaces/my_interfaces/srv
[1.963s] -- Up-to-date: /home/abood/ros2_test/install/my_interfaces/include/my_interfaces/my_interfaces/srv/detail
[1.963s] -- Installing: /home/abood/ros2_test/install/my_interfaces/include/my_interfaces/my_interfaces/srv/detail/dds_fastrtps
[1.963s] -- Installing: /home/abood/ros2_test/install/my_interfaces/include/my_interfaces/my_interfaces/srv/detail/calculate_rectangle_area__rosidl_typesupport_fastrtps_cpp.hpp
[1.963s] -- Up-to-date: /home/abood/ros2_test/install/my_interfaces/include/my_interfaces/my_interfaces/msg
[1.963s] -- Up-to-date: /home/abood/ros2_test/install/my_interfaces/include/my_interfaces/my_interfaces/msg/rosidl_typesupport_fastrtps_cpp__visibility_control.h
[1.963s] -- Up-to-date: /home/abood/ros2_test/install/my_interfaces/include/my_interfaces/my_interfaces/msg/detail
[1.963s] -- Installing: /home/abood/ros2_test/install/my_interfaces/include/my_interfaces/my_interfaces/msg/detail/hardware_status__rosidl_typesupport_fastrtps_cpp.hpp
[1.963s] -- Up-to-date: /home/abood/ros2_test/install/my_interfaces/include/my_interfaces/my_interfaces/msg/detail/dds_fastrtps
[1.963s] -- Installing: /home/abood/ros2_test/install/my_interfaces/lib/libmy_interfaces__rosidl_typesupport_fastrtps_cpp.so
[1.963s] -- Set runtime path of "/home/abood/ros2_test/install/my_interfaces/lib/libmy_interfaces__rosidl_typesupport_fastrtps_cpp.so" to ""
[1.963s] -- Up-to-date: /home/abood/ros2_test/install/my_interfaces/include/my_interfaces/my_interfaces
[1.963s] -- Up-to-date: /home/abood/ros2_test/install/my_interfaces/include/my_interfaces/my_interfaces/srv
[1.964s] -- Up-to-date: /home/abood/ros2_test/install/my_interfaces/include/my_interfaces/my_interfaces/srv/detail
[1.964s] -- Installing: /home/abood/ros2_test/install/my_interfaces/include/my_interfaces/my_interfaces/srv/detail/calculate_rectangle_area__type_support.cpp
[1.964s] -- Installing: /home/abood/ros2_test/install/my_interfaces/include/my_interfaces/my_interfaces/srv/detail/calculate_rectangle_area__rosidl_typesupport_introspection_cpp.hpp
[1.964s] -- Up-to-date: /home/abood/ros2_test/install/my_interfaces/include/my_interfaces/my_interfaces/msg
[1.964s] -- Up-to-date: /home/abood/ros2_test/install/my_interfaces/include/my_interfaces/my_interfaces/msg/detail
[1.964s] -- Installing: /home/abood/ros2_test/install/my_interfaces/include/my_interfaces/my_interfaces/msg/detail/hardware_status__rosidl_typesupport_introspection_cpp.hpp
[1.964s] -- Installing: /home/abood/ros2_test/install/my_interfaces/include/my_interfaces/my_interfaces/msg/detail/hardware_status__type_support.cpp
[1.964s] -- Installing: /home/abood/ros2_test/install/my_interfaces/lib/libmy_interfaces__rosidl_typesupport_introspection_cpp.so
[1.964s] -- Set runtime path of "/home/abood/ros2_test/install/my_interfaces/lib/libmy_interfaces__rosidl_typesupport_introspection_cpp.so" to ""
[1.964s] -- Installing: /home/abood/ros2_test/install/my_interfaces/lib/libmy_interfaces__rosidl_typesupport_cpp.so
[1.964s] -- Set runtime path of "/home/abood/ros2_test/install/my_interfaces/lib/libmy_interfaces__rosidl_typesupport_cpp.so" to ""
[1.964s] -- Up-to-date: /home/abood/ros2_test/install/my_interfaces/share/my_interfaces/environment/pythonpath.sh
[1.964s] -- Installing: /home/abood/ros2_test/install/my_interfaces/share/my_interfaces/environment/pythonpath.dsv
[1.964s] -- Up-to-date: /home/abood/ros2_test/install/my_interfaces/local/lib/python3.10/dist-packages/my_interfaces-0.0.0-py3.10.egg-info
[1.964s] -- Installing: /home/abood/ros2_test/install/my_interfaces/local/lib/python3.10/dist-packages/my_interfaces-0.0.0-py3.10.egg-info/PKG-INFO
[1.964s] -- Installing: /home/abood/ros2_test/install/my_interfaces/local/lib/python3.10/dist-packages/my_interfaces-0.0.0-py3.10.egg-info/top_level.txt
[1.964s] -- Installing: /home/abood/ros2_test/install/my_interfaces/local/lib/python3.10/dist-packages/my_interfaces-0.0.0-py3.10.egg-info/SOURCES.txt
[1.965s] -- Installing: /home/abood/ros2_test/install/my_interfaces/local/lib/python3.10/dist-packages/my_interfaces-0.0.0-py3.10.egg-info/dependency_links.txt
[1.965s] -- Up-to-date: /home/abood/ros2_test/install/my_interfaces/local/lib/python3.10/dist-packages/my_interfaces
[1.965s] -- Installing: /home/abood/ros2_test/install/my_interfaces/local/lib/python3.10/dist-packages/my_interfaces/my_interfaces_s__rosidl_typesupport_c.cpython-310-x86_64-linux-gnu.so
[1.965s] -- Installing: /home/abood/ros2_test/install/my_interfaces/local/lib/python3.10/dist-packages/my_interfaces/my_interfaces_s__rosidl_typesupport_fastrtps_c.cpython-310-x86_64-linux-gnu.so
[1.965s] -- Installing: /home/abood/ros2_test/install/my_interfaces/local/lib/python3.10/dist-packages/my_interfaces/_my_interfaces_s.ep.rosidl_typesupport_c.c
[1.965s] -- Installing: /home/abood/ros2_test/install/my_interfaces/local/lib/python3.10/dist-packages/my_interfaces/srv
[1.965s] -- Installing: /home/abood/ros2_test/install/my_interfaces/local/lib/python3.10/dist-packages/my_interfaces/srv/_calculate_rectangle_area.py
[1.965s] -- Installing: /home/abood/ros2_test/install/my_interfaces/local/lib/python3.10/dist-packages/my_interfaces/srv/_calculate_rectangle_area_s.c
[1.965s] -- Installing: /home/abood/ros2_test/install/my_interfaces/local/lib/python3.10/dist-packages/my_interfaces/srv/__init__.py
[1.965s] -- Installing: /home/abood/ros2_test/install/my_interfaces/local/lib/python3.10/dist-packages/my_interfaces/libmy_interfaces__rosidl_generator_py.so
[1.965s] -- Up-to-date: /home/abood/ros2_test/install/my_interfaces/local/lib/python3.10/dist-packages/my_interfaces/msg
[1.965s] -- Installing: /home/abood/ros2_test/install/my_interfaces/local/lib/python3.10/dist-packages/my_interfaces/msg/__init__.py
[1.965s] -- Installing: /home/abood/ros2_test/install/my_interfaces/local/lib/python3.10/dist-packages/my_interfaces/msg/_hardware_status.py
[1.965s] -- Installing: /home/abood/ros2_test/install/my_interfaces/local/lib/python3.10/dist-packages/my_interfaces/msg/_hardware_status_s.c
[1.965s] -- Installing: /home/abood/ros2_test/install/my_interfaces/local/lib/python3.10/dist-packages/my_interfaces/__init__.py
[1.965s] -- Installing: /home/abood/ros2_test/install/my_interfaces/local/lib/python3.10/dist-packages/my_interfaces/my_interfaces_s__rosidl_typesupport_introspection_c.cpython-310-x86_64-linux-gnu.so
[1.966s] -- Installing: /home/abood/ros2_test/install/my_interfaces/local/lib/python3.10/dist-packages/my_interfaces/_my_interfaces_s.ep.rosidl_typesupport_introspection_c.c
[1.966s] -- Installing: /home/abood/ros2_test/install/my_interfaces/local/lib/python3.10/dist-packages/my_interfaces/_my_interfaces_s.ep.rosidl_typesupport_fastrtps_c.c
[1.990s] Listing '/home/abood/ros2_test/install/my_interfaces/local/lib/python3.10/dist-packages/my_interfaces'...
[1.990s] Compiling '/home/abood/ros2_test/install/my_interfaces/local/lib/python3.10/dist-packages/my_interfaces/__init__.py'...
[1.991s] Listing '/home/abood/ros2_test/install/my_interfaces/local/lib/python3.10/dist-packages/my_interfaces/msg'...
[1.991s] Compiling '/home/abood/ros2_test/install/my_interfaces/local/lib/python3.10/dist-packages/my_interfaces/msg/__init__.py'...
[1.991s] Compiling '/home/abood/ros2_test/install/my_interfaces/local/lib/python3.10/dist-packages/my_interfaces/msg/_hardware_status.py'...
[1.991s] Listing '/home/abood/ros2_test/install/my_interfaces/local/lib/python3.10/dist-packages/my_interfaces/srv'...
[1.991s] Compiling '/home/abood/ros2_test/install/my_interfaces/local/lib/python3.10/dist-packages/my_interfaces/srv/__init__.py'...
[1.991s] Compiling '/home/abood/ros2_test/install/my_interfaces/local/lib/python3.10/dist-packages/my_interfaces/srv/_calculate_rectangle_area.py'...
[1.994s] -- Installing: /home/abood/ros2_test/install/my_interfaces/local/lib/python3.10/dist-packages/my_interfaces/my_interfaces_s__rosidl_typesupport_fastrtps_c.cpython-310-x86_64-linux-gnu.so
[1.994s] -- Set runtime path of "/home/abood/ros2_test/install/my_interfaces/local/lib/python3.10/dist-packages/my_interfaces/my_interfaces_s__rosidl_typesupport_fastrtps_c.cpython-310-x86_64-linux-gnu.so" to ""
[1.994s] -- Installing: /home/abood/ros2_test/install/my_interfaces/local/lib/python3.10/dist-packages/my_interfaces/my_interfaces_s__rosidl_typesupport_introspection_c.cpython-310-x86_64-linux-gnu.so
[1.994s] -- Set runtime path of "/home/abood/ros2_test/install/my_interfaces/local/lib/python3.10/dist-packages/my_interfaces/my_interfaces_s__rosidl_typesupport_introspection_c.cpython-310-x86_64-linux-gnu.so" to ""
[1.994s] -- Installing: /home/abood/ros2_test/install/my_interfaces/local/lib/python3.10/dist-packages/my_interfaces/my_interfaces_s__rosidl_typesupport_c.cpython-310-x86_64-linux-gnu.so
[1.994s] -- Set runtime path of "/home/abood/ros2_test/install/my_interfaces/local/lib/python3.10/dist-packages/my_interfaces/my_interfaces_s__rosidl_typesupport_c.cpython-310-x86_64-linux-gnu.so" to ""
[1.994s] -- Installing: /home/abood/ros2_test/install/my_interfaces/lib/libmy_interfaces__rosidl_generator_py.so
[1.994s] -- Set runtime path of "/home/abood/ros2_test/install/my_interfaces/lib/libmy_interfaces__rosidl_generator_py.so" to ""
[1.995s] -- Up-to-date: /home/abood/ros2_test/install/my_interfaces/share/my_interfaces/msg/HardwareStatus.idl
[1.995s] -- Installing: /home/abood/ros2_test/install/my_interfaces/share/my_interfaces/srv/CalculateRectangleArea.idl
[1.995s] -- Up-to-date: /home/abood/ros2_test/install/my_interfaces/share/my_interfaces/msg/HardwareStatus.msg
[1.995s] -- Installing: /home/abood/ros2_test/install/my_interfaces/share/my_interfaces/srv/CalculateRectangleArea.srv
[1.995s] -- Installing: /home/abood/ros2_test/install/my_interfaces/share/my_interfaces/srv/CalculateRectangleArea_Request.msg
[1.995s] -- Installing: /home/abood/ros2_test/install/my_interfaces/share/my_interfaces/srv/CalculateRectangleArea_Response.msg
[1.995s] -- Up-to-date: /home/abood/ros2_test/install/my_interfaces/share/ament_index/resource_index/package_run_dependencies/my_interfaces
[1.995s] -- Installing: /home/abood/ros2_test/install/my_interfaces/share/ament_index/resource_index/parent_prefix_path/my_interfaces
[1.995s] -- Up-to-date: /home/abood/ros2_test/install/my_interfaces/share/my_interfaces/environment/ament_prefix_path.sh
[1.995s] -- Installing: /home/abood/ros2_test/install/my_interfaces/share/my_interfaces/environment/ament_prefix_path.dsv
[1.995s] -- Up-to-date: /home/abood/ros2_test/install/my_interfaces/share/my_interfaces/environment/path.sh
[1.995s] -- Installing: /home/abood/ros2_test/install/my_interfaces/share/my_interfaces/environment/path.dsv
[1.995s] -- Up-to-date: /home/abood/ros2_test/install/my_interfaces/share/my_interfaces/local_setup.bash
[1.995s] -- Up-to-date: /home/abood/ros2_test/install/my_interfaces/share/my_interfaces/local_setup.sh
[1.995s] -- Up-to-date: /home/abood/ros2_test/install/my_interfaces/share/my_interfaces/local_setup.zsh
[1.995s] -- Installing: /home/abood/ros2_test/install/my_interfaces/share/my_interfaces/local_setup.dsv
[1.995s] -- Installing: /home/abood/ros2_test/install/my_interfaces/share/my_interfaces/package.dsv
[1.995s] -- Up-to-date: /home/abood/ros2_test/install/my_interfaces/share/ament_index/resource_index/packages/my_interfaces
[1.995s] -- Up-to-date: /home/abood/ros2_test/install/my_interfaces/share/my_interfaces/cmake/export_my_interfaces__rosidl_generator_cExport.cmake
[1.995s] -- Up-to-date: /home/abood/ros2_test/install/my_interfaces/share/my_interfaces/cmake/export_my_interfaces__rosidl_generator_cExport-noconfig.cmake
[1.996s] -- Up-to-date: /home/abood/ros2_test/install/my_interfaces/share/my_interfaces/cmake/export_my_interfaces__rosidl_typesupport_fastrtps_cExport.cmake
[1.996s] -- Up-to-date: /home/abood/ros2_test/install/my_interfaces/share/my_interfaces/cmake/export_my_interfaces__rosidl_typesupport_fastrtps_cExport-noconfig.cmake
[1.996s] -- Up-to-date: /home/abood/ros2_test/install/my_interfaces/share/my_interfaces/cmake/my_interfaces__rosidl_typesupport_introspection_cExport.cmake
[1.996s] -- Up-to-date: /home/abood/ros2_test/install/my_interfaces/share/my_interfaces/cmake/my_interfaces__rosidl_typesupport_introspection_cExport-noconfig.cmake
[1.996s] -- Up-to-date: /home/abood/ros2_test/install/my_interfaces/share/my_interfaces/cmake/my_interfaces__rosidl_typesupport_cExport.cmake
[1.996s] -- Up-to-date: /home/abood/ros2_test/install/my_interfaces/share/my_interfaces/cmake/my_interfaces__rosidl_typesupport_cExport-noconfig.cmake
[1.996s] -- Up-to-date: /home/abood/ros2_test/install/my_interfaces/share/my_interfaces/cmake/export_my_interfaces__rosidl_generator_cppExport.cmake
[1.996s] -- Up-to-date: /home/abood/ros2_test/install/my_interfaces/share/my_interfaces/cmake/export_my_interfaces__rosidl_typesupport_fastrtps_cppExport.cmake
[1.996s] -- Up-to-date: /home/abood/ros2_test/install/my_interfaces/share/my_interfaces/cmake/export_my_interfaces__rosidl_typesupport_fastrtps_cppExport-noconfig.cmake
[1.996s] -- Up-to-date: /home/abood/ros2_test/install/my_interfaces/share/my_interfaces/cmake/my_interfaces__rosidl_typesupport_introspection_cppExport.cmake
[1.996s] -- Up-to-date: /home/abood/ros2_test/install/my_interfaces/share/my_interfaces/cmake/my_interfaces__rosidl_typesupport_introspection_cppExport-noconfig.cmake
[1.996s] -- Up-to-date: /home/abood/ros2_test/install/my_interfaces/share/my_interfaces/cmake/my_interfaces__rosidl_typesupport_cppExport.cmake
[1.996s] -- Up-to-date: /home/abood/ros2_test/install/my_interfaces/share/my_interfaces/cmake/my_interfaces__rosidl_typesupport_cppExport-noconfig.cmake
[1.996s] -- Up-to-date: /home/abood/ros2_test/install/my_interfaces/share/my_interfaces/cmake/export_my_interfaces__rosidl_generator_pyExport.cmake
[1.996s] -- Up-to-date: /home/abood/ros2_test/install/my_interfaces/share/my_interfaces/cmake/export_my_interfaces__rosidl_generator_pyExport-noconfig.cmake
[1.996s] -- Installing: /home/abood/ros2_test/install/my_interfaces/share/my_interfaces/cmake/rosidl_cmake-extras.cmake
[1.996s] -- Up-to-date: /home/abood/ros2_test/install/my_interfaces/share/my_interfaces/cmake/ament_cmake_export_include_directories-extras.cmake
[1.996s] -- Up-to-date: /home/abood/ros2_test/install/my_interfaces/share/my_interfaces/cmake/ament_cmake_export_libraries-extras.cmake
[1.996s] -- Up-to-date: /home/abood/ros2_test/install/my_interfaces/share/my_interfaces/cmake/ament_cmake_export_targets-extras.cmake
[1.996s] -- Up-to-date: /home/abood/ros2_test/install/my_interfaces/share/my_interfaces/cmake/rosidl_cmake_export_typesupport_targets-extras.cmake
[1.996s] -- Up-to-date: /home/abood/ros2_test/install/my_interfaces/share/my_interfaces/cmake/ament_cmake_export_dependencies-extras.cmake
[1.996s] -- Up-to-date: /home/abood/ros2_test/install/my_interfaces/share/my_interfaces/cmake/rosidl_cmake_export_typesupport_libraries-extras.cmake
[1.996s] -- Up-to-date: /home/abood/ros2_test/install/my_interfaces/share/my_interfaces/cmake/my_interfacesConfig.cmake
[1.996s] -- Up-to-date: /home/abood/ros2_test/install/my_interfaces/share/my_interfaces/cmake/my_interfacesConfig-version.cmake
[1.997s] -- Up-to-date: /home/abood/ros2_test/install/my_interfaces/share/my_interfaces/package.xml
[1.998s] Invoked command in '/home/abood/ros2_test/build/my_interfaces' returned '0': CMAKE_PREFIX_PATH=${CMAKE_PREFIX_PATH}:/home/abood/ros2_test/install/my_py_pkg:/opt/ros/humble /usr/bin/cmake --install /home/abood/ros2_test/build/my_interfaces
