[0.018s] Invoking command in '/home/abood/ros2_test/build/my_interfaces': CMAKE_PREFIX_PATH=${CMAKE_PREFIX_PATH}:/home/abood/ros2_test/install/turtlesim_catch_them_all:/home/abood/ros2_test/install/my_py_pkg:/opt/ros/humble /usr/bin/cmake --build /home/abood/ros2_test/build/my_interfaces -- -j16 -l16
[0.044s] -- Found ament_cmake: 1.3.11 (/opt/ros/humble/share/ament_cmake/cmake)
[0.166s] -- Found rosidl_default_generators: 1.2.0 (/opt/ros/humble/share/rosidl_default_generators/cmake)
[0.168s] -- Using all available rosidl_typesupport_c: rosidl_typesupport_fastrtps_c;rosidl_typesupport_introspection_c
[0.170s] -- Found rosidl_adapter: 3.1.6 (/opt/ros/humble/share/rosidl_adapter/cmake)
[0.198s] -- Using all available rosidl_typesupport_cpp: rosidl_typesupport_fastrtps_cpp;rosidl_typesupport_introspection_cpp
[0.482s] -- Found ament_cmake_ros: 0.10.0 (/opt/ros/humble/share/ament_cmake_ros/cmake)
[0.652s] -- Using all available rosidl_typesupport_c: rosidl_typesupport_fastrtps_c;rosidl_typesupport_introspection_c
[0.866s] -- Using all available rosidl_typesupport_cpp: rosidl_typesupport_fastrtps_cpp;rosidl_typesupport_introspection_cpp
[0.890s] -- Found python_cmake_module: 0.10.0 (/opt/ros/humble/share/python_cmake_module/cmake)
[0.911s] -- Using PYTHON_EXECUTABLE: /usr/bin/python3
[0.911s] -- Using PYTHON_INCLUDE_DIRS: /usr/include/python3.10
[0.911s] -- Using PYTHON_LIBRARIES: /usr/lib/x86_64-linux-gnu/libpython3.10.so
[0.925s] -- Configuring done
[0.954s] -- Generating done
[0.962s] -- Build files have been written to: /home/abood/ros2_test/build/my_interfaces
[0.983s] [  1%] [34m[1mGenerating C code for ROS interfaces[0m
[0.992s] [  2%] [34m[1mGenerating C++ code for ROS interfaces[0m
[0.999s] [  2%] Built target ament_cmake_python_copy_my_interfaces
[1.243s] running egg_info
[1.244s] writing my_interfaces.egg-info/PKG-INFO
[1.244s] writing dependency_links to my_interfaces.egg-info/dependency_links.txt
[1.244s] writing top-level names to my_interfaces.egg-info/top_level.txt
[1.246s] reading manifest file 'my_interfaces.egg-info/SOURCES.txt'
[1.247s] writing manifest file 'my_interfaces.egg-info/SOURCES.txt'
[1.271s] [  2%] Built target ament_cmake_python_build_my_interfaces_egg
[1.572s] [  2%] Built target my_interfaces__cpp
[1.579s] [35m[1mConsolidate compiler generated dependencies of target my_interfaces__rosidl_generator_c[0m
[1.581s] [  3%] [34m[1mGenerating C++ type support dispatch for ROS interfaces[0m
[1.581s] [  5%] [34m[1mGenerating C++ type support for eProsima Fast-RTPS[0m
[1.582s] [  6%] [34m[1mGenerating C++ introspection for ROS interfaces[0m
[1.592s] [  7%] [32mBuilding C object CMakeFiles/my_interfaces__rosidl_generator_c.dir/rosidl_generator_c/my_interfaces/srv/detail/calculate_rectangle_area__functions.c.o[0m
[1.593s] [ 10%] [32mBuilding C object CMakeFiles/my_interfaces__rosidl_generator_c.dir/rosidl_generator_c/my_interfaces/srv/detail/set_led__functions.c.o[0m
[1.593s] [ 10%] [32mBuilding C object CMakeFiles/my_interfaces__rosidl_generator_c.dir/rosidl_generator_c/my_interfaces/msg/detail/turtle__functions.c.o[0m
[1.593s] [ 11%] [32mBuilding C object CMakeFiles/my_interfaces__rosidl_generator_c.dir/rosidl_generator_c/my_interfaces/msg/detail/hardware_status__functions.c.o[0m
[1.594s] [ 12%] [32mBuilding C object CMakeFiles/my_interfaces__rosidl_generator_c.dir/rosidl_generator_c/my_interfaces/msg/detail/led_state_array__functions.c.o[0m
[1.595s] [ 13%] [32mBuilding C object CMakeFiles/my_interfaces__rosidl_generator_c.dir/rosidl_generator_c/my_interfaces/msg/detail/turtle_array__functions.c.o[0m
[1.596s] [ 15%] [32mBuilding C object CMakeFiles/my_interfaces__rosidl_generator_c.dir/rosidl_generator_c/my_interfaces/srv/detail/catch_turtle__functions.c.o[0m
[1.682s] [ 16%] [32m[1mLinking C shared library libmy_interfaces__rosidl_generator_c.so[0m
[1.722s] [ 16%] Built target my_interfaces__rosidl_generator_c
[1.733s] [ 17%] [34m[1mGenerating C type support for eProsima Fast-RTPS[0m
[1.733s] [ 18%] [34m[1mGenerating C introspection for ROS interfaces[0m
[1.734s] [ 20%] [34m[1mGenerating C type support dispatch for ROS interfaces[0m
[2.023s] [35m[1mConsolidate compiler generated dependencies of target my_interfaces__rosidl_typesupport_cpp[0m
[2.040s] [ 21%] [32mBuilding CXX object CMakeFiles/my_interfaces__rosidl_typesupport_cpp.dir/rosidl_typesupport_cpp/my_interfaces/msg/hardware_status__type_support.cpp.o[0m
[2.041s] [ 22%] [32mBuilding CXX object CMakeFiles/my_interfaces__rosidl_typesupport_cpp.dir/rosidl_typesupport_cpp/my_interfaces/msg/turtle__type_support.cpp.o[0m
[2.041s] [ 24%] [32mBuilding CXX object CMakeFiles/my_interfaces__rosidl_typesupport_cpp.dir/rosidl_typesupport_cpp/my_interfaces/srv/catch_turtle__type_support.cpp.o[0m
[2.043s] [ 25%] [32mBuilding CXX object CMakeFiles/my_interfaces__rosidl_typesupport_cpp.dir/rosidl_typesupport_cpp/my_interfaces/msg/led_state_array__type_support.cpp.o[0m
[2.044s] [ 26%] [32mBuilding CXX object CMakeFiles/my_interfaces__rosidl_typesupport_cpp.dir/rosidl_typesupport_cpp/my_interfaces/srv/calculate_rectangle_area__type_support.cpp.o[0m
[2.044s] [ 27%] [32mBuilding CXX object CMakeFiles/my_interfaces__rosidl_typesupport_cpp.dir/rosidl_typesupport_cpp/my_interfaces/srv/set_led__type_support.cpp.o[0m
[2.045s] [ 29%] [32mBuilding CXX object CMakeFiles/my_interfaces__rosidl_typesupport_cpp.dir/rosidl_typesupport_cpp/my_interfaces/msg/turtle_array__type_support.cpp.o[0m
[2.120s] [35m[1mConsolidate compiler generated dependencies of target my_interfaces__rosidl_typesupport_introspection_cpp[0m
[2.143s] [ 32%] [32mBuilding CXX object CMakeFiles/my_interfaces__rosidl_typesupport_introspection_cpp.dir/rosidl_typesupport_introspection_cpp/my_interfaces/msg/detail/led_state_array__type_support.cpp.o[0m
[2.144s] [ 32%] [32mBuilding CXX object CMakeFiles/my_interfaces__rosidl_typesupport_introspection_cpp.dir/rosidl_typesupport_introspection_cpp/my_interfaces/srv/detail/set_led__type_support.cpp.o[0m
[2.144s] [ 32%] [32mBuilding CXX object CMakeFiles/my_interfaces__rosidl_typesupport_introspection_cpp.dir/rosidl_typesupport_introspection_cpp/my_interfaces/srv/detail/calculate_rectangle_area__type_support.cpp.o[0m
[2.145s] [ 34%] [32mBuilding CXX object CMakeFiles/my_interfaces__rosidl_typesupport_introspection_cpp.dir/rosidl_typesupport_introspection_cpp/my_interfaces/msg/detail/hardware_status__type_support.cpp.o[0m
[2.145s] [ 35%] [32mBuilding CXX object CMakeFiles/my_interfaces__rosidl_typesupport_introspection_cpp.dir/rosidl_typesupport_introspection_cpp/my_interfaces/msg/detail/turtle__type_support.cpp.o[0m
[2.251s] [35m[1mConsolidate compiler generated dependencies of target my_interfaces__rosidl_typesupport_c[0m
[2.271s] [ 36%] [32mBuilding CXX object CMakeFiles/my_interfaces__rosidl_typesupport_c.dir/rosidl_typesupport_c/my_interfaces/msg/hardware_status__type_support.cpp.o[0m
[2.327s] [ 37%] [32mBuilding CXX object CMakeFiles/my_interfaces__rosidl_typesupport_c.dir/rosidl_typesupport_c/my_interfaces/msg/led_state_array__type_support.cpp.o[0m
[2.381s] [ 39%] [32mBuilding CXX object CMakeFiles/my_interfaces__rosidl_typesupport_c.dir/rosidl_typesupport_c/my_interfaces/srv/calculate_rectangle_area__type_support.cpp.o[0m
[2.438s] [ 40%] [32mBuilding CXX object CMakeFiles/my_interfaces__rosidl_typesupport_c.dir/rosidl_typesupport_c/my_interfaces/srv/set_led__type_support.cpp.o[0m
[2.476s] [35m[1mConsolidate compiler generated dependencies of target my_interfaces__rosidl_typesupport_fastrtps_cpp[0m
[2.494s] [ 41%] [32mBuilding CXX object CMakeFiles/my_interfaces__rosidl_typesupport_c.dir/rosidl_typesupport_c/my_interfaces/msg/turtle__type_support.cpp.o[0m
[2.496s] [ 43%] [32mBuilding CXX object CMakeFiles/my_interfaces__rosidl_typesupport_fastrtps_cpp.dir/rosidl_typesupport_fastrtps_cpp/my_interfaces/msg/detail/dds_fastrtps/hardware_status__type_support.cpp.o[0m
[2.503s] [ 44%] [32mBuilding CXX object CMakeFiles/my_interfaces__rosidl_typesupport_c.dir/rosidl_typesupport_c/my_interfaces/msg/turtle_array__type_support.cpp.o[0m
[2.535s] [ 45%] [32mBuilding CXX object CMakeFiles/my_interfaces__rosidl_typesupport_fastrtps_cpp.dir/rosidl_typesupport_fastrtps_cpp/my_interfaces/msg/detail/dds_fastrtps/led_state_array__type_support.cpp.o[0m
[2.546s] [ 46%] [32mBuilding CXX object CMakeFiles/my_interfaces__rosidl_typesupport_introspection_cpp.dir/rosidl_typesupport_introspection_cpp/my_interfaces/msg/detail/turtle_array__type_support.cpp.o[0m
[2.554s] [ 48%] [32mBuilding CXX object CMakeFiles/my_interfaces__rosidl_typesupport_introspection_cpp.dir/rosidl_typesupport_introspection_cpp/my_interfaces/srv/detail/catch_turtle__type_support.cpp.o[0m
[2.559s] [ 49%] [32mBuilding CXX object CMakeFiles/my_interfaces__rosidl_typesupport_c.dir/rosidl_typesupport_c/my_interfaces/srv/catch_turtle__type_support.cpp.o[0m
[2.560s] [ 50%] [32m[1mLinking CXX shared library libmy_interfaces__rosidl_typesupport_cpp.so[0m
[2.562s] [ 51%] [32mBuilding CXX object CMakeFiles/my_interfaces__rosidl_typesupport_fastrtps_cpp.dir/rosidl_typesupport_fastrtps_cpp/my_interfaces/srv/detail/dds_fastrtps/calculate_rectangle_area__type_support.cpp.o[0m
[2.564s] [ 53%] [32mBuilding CXX object CMakeFiles/my_interfaces__rosidl_typesupport_fastrtps_cpp.dir/rosidl_typesupport_fastrtps_cpp/my_interfaces/srv/detail/dds_fastrtps/set_led__type_support.cpp.o[0m
[2.575s] [ 54%] [32mBuilding CXX object CMakeFiles/my_interfaces__rosidl_typesupport_fastrtps_cpp.dir/rosidl_typesupport_fastrtps_cpp/my_interfaces/msg/detail/dds_fastrtps/turtle__type_support.cpp.o[0m
[2.579s] [35m[1mConsolidate compiler generated dependencies of target my_interfaces__rosidl_typesupport_introspection_c[0m
[2.597s] [ 55%] [32mBuilding C object CMakeFiles/my_interfaces__rosidl_typesupport_introspection_c.dir/rosidl_typesupport_introspection_c/my_interfaces/msg/detail/hardware_status__type_support.c.o[0m
[2.616s] [ 56%] [32m[1mLinking CXX shared library libmy_interfaces__rosidl_typesupport_c.so[0m
[2.632s] [ 56%] Built target my_interfaces__rosidl_typesupport_cpp
[2.647s] [ 58%] [32mBuilding C object CMakeFiles/my_interfaces__rosidl_typesupport_introspection_c.dir/rosidl_typesupport_introspection_c/my_interfaces/msg/detail/led_state_array__type_support.c.o[0m
[2.660s] [ 59%] [32mBuilding CXX object CMakeFiles/my_interfaces__rosidl_typesupport_fastrtps_cpp.dir/rosidl_typesupport_fastrtps_cpp/my_interfaces/msg/detail/dds_fastrtps/turtle_array__type_support.cpp.o[0m
[2.689s] [ 59%] Built target my_interfaces__rosidl_typesupport_c
[2.705s] [ 60%] [32mBuilding C object CMakeFiles/my_interfaces__rosidl_typesupport_introspection_c.dir/rosidl_typesupport_introspection_c/my_interfaces/srv/detail/calculate_rectangle_area__type_support.c.o[0m
[2.710s] [ 62%] [32mBuilding CXX object CMakeFiles/my_interfaces__rosidl_typesupport_fastrtps_cpp.dir/rosidl_typesupport_fastrtps_cpp/my_interfaces/srv/detail/dds_fastrtps/catch_turtle__type_support.cpp.o[0m
[2.756s] [35m[1mConsolidate compiler generated dependencies of target my_interfaces__rosidl_typesupport_fastrtps_c[0m
[2.767s] [ 63%] [32mBuilding C object CMakeFiles/my_interfaces__rosidl_typesupport_introspection_c.dir/rosidl_typesupport_introspection_c/my_interfaces/srv/detail/set_led__type_support.c.o[0m
[2.787s] [ 64%] [32mBuilding CXX object CMakeFiles/my_interfaces__rosidl_typesupport_fastrtps_c.dir/rosidl_typesupport_fastrtps_c/my_interfaces/msg/detail/hardware_status__type_support_c.cpp.o[0m
[2.828s] [ 65%] [32mBuilding C object CMakeFiles/my_interfaces__rosidl_typesupport_introspection_c.dir/rosidl_typesupport_introspection_c/my_interfaces/msg/detail/turtle__type_support.c.o[0m
[2.836s] [ 67%] [32mBuilding CXX object CMakeFiles/my_interfaces__rosidl_typesupport_fastrtps_c.dir/rosidl_typesupport_fastrtps_c/my_interfaces/msg/detail/led_state_array__type_support_c.cpp.o[0m
[2.860s] [ 68%] [32mBuilding C object CMakeFiles/my_interfaces__rosidl_typesupport_introspection_c.dir/rosidl_typesupport_introspection_c/my_interfaces/msg/detail/turtle_array__type_support.c.o[0m
[2.864s] [ 69%] [32mBuilding CXX object CMakeFiles/my_interfaces__rosidl_typesupport_fastrtps_c.dir/rosidl_typesupport_fastrtps_c/my_interfaces/srv/detail/calculate_rectangle_area__type_support_c.cpp.o[0m
[2.879s] [ 70%] [32mBuilding C object CMakeFiles/my_interfaces__rosidl_typesupport_introspection_c.dir/rosidl_typesupport_introspection_c/my_interfaces/srv/detail/catch_turtle__type_support.c.o[0m
[2.889s] [ 72%] [32mBuilding CXX object CMakeFiles/my_interfaces__rosidl_typesupport_fastrtps_c.dir/rosidl_typesupport_fastrtps_c/my_interfaces/srv/detail/set_led__type_support_c.cpp.o[0m
[2.921s] [ 73%] [32mBuilding CXX object CMakeFiles/my_interfaces__rosidl_typesupport_fastrtps_c.dir/rosidl_typesupport_fastrtps_c/my_interfaces/msg/detail/turtle__type_support_c.cpp.o[0m
[2.922s] [ 74%] [32mBuilding CXX object CMakeFiles/my_interfaces__rosidl_typesupport_fastrtps_c.dir/rosidl_typesupport_fastrtps_c/my_interfaces/msg/detail/turtle_array__type_support_c.cpp.o[0m
[2.942s] [ 75%] [32m[1mLinking C shared library libmy_interfaces__rosidl_typesupport_introspection_c.so[0m
[2.997s] [ 75%] Built target my_interfaces__rosidl_typesupport_introspection_c
[3.014s] [ 77%] [32mBuilding CXX object CMakeFiles/my_interfaces__rosidl_typesupport_fastrtps_c.dir/rosidl_typesupport_fastrtps_c/my_interfaces/srv/detail/catch_turtle__type_support_c.cpp.o[0m
[3.363s] [ 78%] [32m[1mLinking CXX shared library libmy_interfaces__rosidl_typesupport_introspection_cpp.so[0m
[3.450s] [ 78%] Built target my_interfaces__rosidl_typesupport_introspection_cpp
[3.470s] [ 79%] [32m[1mLinking CXX shared library libmy_interfaces__rosidl_typesupport_fastrtps_cpp.so[0m
[3.540s] [ 79%] Built target my_interfaces__rosidl_typesupport_fastrtps_cpp
[3.561s] [ 81%] [32m[1mLinking CXX shared library libmy_interfaces__rosidl_typesupport_fastrtps_c.so[0m
[3.622s] [ 81%] Built target my_interfaces__rosidl_typesupport_fastrtps_c
[3.638s] [ 81%] Built target my_interfaces
[3.665s] [ 82%] [34m[1mGenerating Python code for ROS interfaces[0m
[4.381s] [ 82%] Built target my_interfaces__py
[4.391s] [35m[1mConsolidate compiler generated dependencies of target my_interfaces__rosidl_generator_py[0m
[4.405s] [ 83%] [32mBuilding C object CMakeFiles/my_interfaces__rosidl_generator_py.dir/rosidl_generator_py/my_interfaces/srv/_calculate_rectangle_area_s.c.o[0m
[4.405s] [ 84%] [32mBuilding C object CMakeFiles/my_interfaces__rosidl_generator_py.dir/rosidl_generator_py/my_interfaces/msg/_hardware_status_s.c.o[0m
[4.405s] [ 86%] [32mBuilding C object CMakeFiles/my_interfaces__rosidl_generator_py.dir/rosidl_generator_py/my_interfaces/srv/_set_led_s.c.o[0m
[4.406s] [ 87%] [32mBuilding C object CMakeFiles/my_interfaces__rosidl_generator_py.dir/rosidl_generator_py/my_interfaces/msg/_led_state_array_s.c.o[0m
[4.406s] [ 88%] [32mBuilding C object CMakeFiles/my_interfaces__rosidl_generator_py.dir/rosidl_generator_py/my_interfaces/srv/_catch_turtle_s.c.o[0m
[4.406s] [ 89%] [32mBuilding C object CMakeFiles/my_interfaces__rosidl_generator_py.dir/rosidl_generator_py/my_interfaces/msg/_turtle_s.c.o[0m
[4.406s] [ 91%] [32mBuilding C object CMakeFiles/my_interfaces__rosidl_generator_py.dir/rosidl_generator_py/my_interfaces/msg/_turtle_array_s.c.o[0m
[4.525s] [ 92%] [32m[1mLinking C shared library rosidl_generator_py/my_interfaces/libmy_interfaces__rosidl_generator_py.so[0m
[4.562s] [ 92%] Built target my_interfaces__rosidl_generator_py
[4.571s] [35m[1mConsolidate compiler generated dependencies of target my_interfaces__rosidl_typesupport_introspection_c__pyext[0m
[4.572s] [35m[1mConsolidate compiler generated dependencies of target my_interfaces__rosidl_typesupport_c__pyext[0m
[4.572s] [35m[1mConsolidate compiler generated dependencies of target my_interfaces__rosidl_typesupport_fastrtps_c__pyext[0m
[4.583s] [ 93%] [32mBuilding C object CMakeFiles/my_interfaces__rosidl_typesupport_introspection_c__pyext.dir/rosidl_generator_py/my_interfaces/_my_interfaces_s.ep.rosidl_typesupport_introspection_c.c.o[0m
[4.584s] [ 94%] [32mBuilding C object CMakeFiles/my_interfaces__rosidl_typesupport_fastrtps_c__pyext.dir/rosidl_generator_py/my_interfaces/_my_interfaces_s.ep.rosidl_typesupport_fastrtps_c.c.o[0m
[4.584s] [ 96%] [32mBuilding C object CMakeFiles/my_interfaces__rosidl_typesupport_c__pyext.dir/rosidl_generator_py/my_interfaces/_my_interfaces_s.ep.rosidl_typesupport_c.c.o[0m
[4.697s] [ 98%] [32m[1mLinking C shared library rosidl_generator_py/my_interfaces/my_interfaces_s__rosidl_typesupport_introspection_c.cpython-310-x86_64-linux-gnu.so[0m
[4.697s] [ 98%] [32m[1mLinking C shared library rosidl_generator_py/my_interfaces/my_interfaces_s__rosidl_typesupport_c.cpython-310-x86_64-linux-gnu.so[0m
[4.700s] [100%] [32m[1mLinking C shared library rosidl_generator_py/my_interfaces/my_interfaces_s__rosidl_typesupport_fastrtps_c.cpython-310-x86_64-linux-gnu.so[0m
[4.729s] [100%] Built target my_interfaces__rosidl_typesupport_introspection_c__pyext
[4.729s] [100%] Built target my_interfaces__rosidl_typesupport_c__pyext
[4.732s] [100%] Built target my_interfaces__rosidl_typesupport_fastrtps_c__pyext
[4.744s] Invoked command in '/home/abood/ros2_test/build/my_interfaces' returned '0': CMAKE_PREFIX_PATH=${CMAKE_PREFIX_PATH}:/home/abood/ros2_test/install/turtlesim_catch_them_all:/home/abood/ros2_test/install/my_py_pkg:/opt/ros/humble /usr/bin/cmake --build /home/abood/ros2_test/build/my_interfaces -- -j16 -l16
[4.746s] Invoking command in '/home/abood/ros2_test/build/my_interfaces': CMAKE_PREFIX_PATH=${CMAKE_PREFIX_PATH}:/home/abood/ros2_test/install/turtlesim_catch_them_all:/home/abood/ros2_test/install/my_py_pkg:/opt/ros/humble /usr/bin/cmake --install /home/abood/ros2_test/build/my_interfaces
[4.754s] -- Install configuration: ""
[4.755s] -- Installing: /home/abood/ros2_test/install/my_interfaces/share/ament_index/resource_index/rosidl_interfaces/my_interfaces
[4.755s] -- Up-to-date: /home/abood/ros2_test/install/my_interfaces/include/my_interfaces/my_interfaces
[4.755s] -- Up-to-date: /home/abood/ros2_test/install/my_interfaces/include/my_interfaces/my_interfaces/srv
[4.756s] -- Installing: /home/abood/ros2_test/install/my_interfaces/include/my_interfaces/my_interfaces/srv/set_led.h
[4.756s] -- Up-to-date: /home/abood/ros2_test/install/my_interfaces/include/my_interfaces/my_interfaces/srv/detail
[4.756s] -- Installing: /home/abood/ros2_test/install/my_interfaces/include/my_interfaces/my_interfaces/srv/detail/catch_turtle__struct.h
[4.756s] -- Installing: /home/abood/ros2_test/install/my_interfaces/include/my_interfaces/my_interfaces/srv/detail/catch_turtle__type_support.h
[4.756s] -- Installing: /home/abood/ros2_test/install/my_interfaces/include/my_interfaces/my_interfaces/srv/detail/set_led__struct.h
[4.756s] -- Installing: /home/abood/ros2_test/install/my_interfaces/include/my_interfaces/my_interfaces/srv/detail/calculate_rectangle_area__struct.h
[4.756s] -- Installing: /home/abood/ros2_test/install/my_interfaces/include/my_interfaces/my_interfaces/srv/detail/catch_turtle__functions.c
[4.756s] -- Installing: /home/abood/ros2_test/install/my_interfaces/include/my_interfaces/my_interfaces/srv/detail/set_led__functions.h
[4.756s] -- Installing: /home/abood/ros2_test/install/my_interfaces/include/my_interfaces/my_interfaces/srv/detail/calculate_rectangle_area__type_support.h
[4.756s] -- Installing: /home/abood/ros2_test/install/my_interfaces/include/my_interfaces/my_interfaces/srv/detail/set_led__type_support.h
[4.756s] -- Installing: /home/abood/ros2_test/install/my_interfaces/include/my_interfaces/my_interfaces/srv/detail/set_led__functions.c
[4.756s] -- Installing: /home/abood/ros2_test/install/my_interfaces/include/my_interfaces/my_interfaces/srv/detail/catch_turtle__functions.h
[4.757s] -- Installing: /home/abood/ros2_test/install/my_interfaces/include/my_interfaces/my_interfaces/srv/detail/calculate_rectangle_area__functions.c
[4.757s] -- Installing: /home/abood/ros2_test/install/my_interfaces/include/my_interfaces/my_interfaces/srv/detail/calculate_rectangle_area__functions.h
[4.757s] -- Installing: /home/abood/ros2_test/install/my_interfaces/include/my_interfaces/my_interfaces/srv/catch_turtle.h
[4.757s] -- Installing: /home/abood/ros2_test/install/my_interfaces/include/my_interfaces/my_interfaces/srv/calculate_rectangle_area.h
[4.757s] -- Up-to-date: /home/abood/ros2_test/install/my_interfaces/include/my_interfaces/my_interfaces/msg
[4.757s] -- Installing: /home/abood/ros2_test/install/my_interfaces/include/my_interfaces/my_interfaces/msg/hardware_status.h
[4.757s] -- Installing: /home/abood/ros2_test/install/my_interfaces/include/my_interfaces/my_interfaces/msg/turtle_array.h
[4.757s] -- Installing: /home/abood/ros2_test/install/my_interfaces/include/my_interfaces/my_interfaces/msg/turtle.h
[4.757s] -- Installing: /home/abood/ros2_test/install/my_interfaces/include/my_interfaces/my_interfaces/msg/led_state_array.h
[4.757s] -- Up-to-date: /home/abood/ros2_test/install/my_interfaces/include/my_interfaces/my_interfaces/msg/detail
[4.758s] -- Installing: /home/abood/ros2_test/install/my_interfaces/include/my_interfaces/my_interfaces/msg/detail/led_state_array__functions.h
[4.758s] -- Installing: /home/abood/ros2_test/install/my_interfaces/include/my_interfaces/my_interfaces/msg/detail/turtle_array__functions.h
[4.758s] -- Installing: /home/abood/ros2_test/install/my_interfaces/include/my_interfaces/my_interfaces/msg/detail/turtle__functions.c
[4.758s] -- Installing: /home/abood/ros2_test/install/my_interfaces/include/my_interfaces/my_interfaces/msg/detail/led_state_array__type_support.h
[4.758s] -- Installing: /home/abood/ros2_test/install/my_interfaces/include/my_interfaces/my_interfaces/msg/detail/turtle__struct.h
[4.758s] -- Installing: /home/abood/ros2_test/install/my_interfaces/include/my_interfaces/my_interfaces/msg/detail/hardware_status__type_support.h
[4.758s] -- Installing: /home/abood/ros2_test/install/my_interfaces/include/my_interfaces/my_interfaces/msg/detail/turtle__type_support.h
[4.758s] -- Installing: /home/abood/ros2_test/install/my_interfaces/include/my_interfaces/my_interfaces/msg/detail/hardware_status__functions.c
[4.758s] -- Installing: /home/abood/ros2_test/install/my_interfaces/include/my_interfaces/my_interfaces/msg/detail/turtle_array__functions.c
[4.758s] -- Installing: /home/abood/ros2_test/install/my_interfaces/include/my_interfaces/my_interfaces/msg/detail/turtle_array__struct.h
[4.758s] -- Installing: /home/abood/ros2_test/install/my_interfaces/include/my_interfaces/my_interfaces/msg/detail/led_state_array__functions.c
[4.758s] -- Installing: /home/abood/ros2_test/install/my_interfaces/include/my_interfaces/my_interfaces/msg/detail/hardware_status__struct.h
[4.758s] -- Installing: /home/abood/ros2_test/install/my_interfaces/include/my_interfaces/my_interfaces/msg/detail/hardware_status__functions.h
[4.758s] -- Installing: /home/abood/ros2_test/install/my_interfaces/include/my_interfaces/my_interfaces/msg/detail/led_state_array__struct.h
[4.758s] -- Installing: /home/abood/ros2_test/install/my_interfaces/include/my_interfaces/my_interfaces/msg/detail/turtle__functions.h
[4.758s] -- Installing: /home/abood/ros2_test/install/my_interfaces/include/my_interfaces/my_interfaces/msg/detail/turtle_array__type_support.h
[4.758s] -- Up-to-date: /home/abood/ros2_test/install/my_interfaces/include/my_interfaces/my_interfaces/msg/rosidl_generator_c__visibility_control.h
[4.759s] -- Up-to-date: /home/abood/ros2_test/install/my_interfaces/share/my_interfaces/environment/library_path.sh
[4.759s] -- Installing: /home/abood/ros2_test/install/my_interfaces/share/my_interfaces/environment/library_path.dsv
[4.759s] -- Installing: /home/abood/ros2_test/install/my_interfaces/lib/libmy_interfaces__rosidl_generator_c.so
[4.759s] -- Set runtime path of "/home/abood/ros2_test/install/my_interfaces/lib/libmy_interfaces__rosidl_generator_c.so" to ""
[4.759s] -- Up-to-date: /home/abood/ros2_test/install/my_interfaces/include/my_interfaces/my_interfaces
[4.759s] -- Up-to-date: /home/abood/ros2_test/install/my_interfaces/include/my_interfaces/my_interfaces/srv
[4.759s] -- Up-to-date: /home/abood/ros2_test/install/my_interfaces/include/my_interfaces/my_interfaces/srv/detail
[4.759s] -- Installing: /home/abood/ros2_test/install/my_interfaces/include/my_interfaces/my_interfaces/srv/detail/calculate_rectangle_area__rosidl_typesupport_fastrtps_c.h
[4.759s] -- Installing: /home/abood/ros2_test/install/my_interfaces/include/my_interfaces/my_interfaces/srv/detail/set_led__rosidl_typesupport_fastrtps_c.h
[4.759s] -- Installing: /home/abood/ros2_test/install/my_interfaces/include/my_interfaces/my_interfaces/srv/detail/catch_turtle__rosidl_typesupport_fastrtps_c.h
[4.759s] -- Up-to-date: /home/abood/ros2_test/install/my_interfaces/include/my_interfaces/my_interfaces/msg
[4.759s] -- Up-to-date: /home/abood/ros2_test/install/my_interfaces/include/my_interfaces/my_interfaces/msg/rosidl_typesupport_fastrtps_c__visibility_control.h
[4.759s] -- Up-to-date: /home/abood/ros2_test/install/my_interfaces/include/my_interfaces/my_interfaces/msg/detail
[4.759s] -- Installing: /home/abood/ros2_test/install/my_interfaces/include/my_interfaces/my_interfaces/msg/detail/turtle__rosidl_typesupport_fastrtps_c.h
[4.759s] -- Installing: /home/abood/ros2_test/install/my_interfaces/include/my_interfaces/my_interfaces/msg/detail/turtle_array__rosidl_typesupport_fastrtps_c.h
[4.759s] -- Installing: /home/abood/ros2_test/install/my_interfaces/include/my_interfaces/my_interfaces/msg/detail/hardware_status__rosidl_typesupport_fastrtps_c.h
[4.759s] -- Installing: /home/abood/ros2_test/install/my_interfaces/include/my_interfaces/my_interfaces/msg/detail/led_state_array__rosidl_typesupport_fastrtps_c.h
[4.759s] -- Installing: /home/abood/ros2_test/install/my_interfaces/lib/libmy_interfaces__rosidl_typesupport_fastrtps_c.so
[4.760s] -- Set runtime path of "/home/abood/ros2_test/install/my_interfaces/lib/libmy_interfaces__rosidl_typesupport_fastrtps_c.so" to ""
[4.760s] -- Up-to-date: /home/abood/ros2_test/install/my_interfaces/include/my_interfaces/my_interfaces
[4.760s] -- Up-to-date: /home/abood/ros2_test/install/my_interfaces/include/my_interfaces/my_interfaces/srv
[4.760s] -- Up-to-date: /home/abood/ros2_test/install/my_interfaces/include/my_interfaces/my_interfaces/srv/detail
[4.760s] -- Installing: /home/abood/ros2_test/install/my_interfaces/include/my_interfaces/my_interfaces/srv/detail/calculate_rectangle_area__rosidl_typesupport_introspection_c.h
[4.760s] -- Installing: /home/abood/ros2_test/install/my_interfaces/include/my_interfaces/my_interfaces/srv/detail/catch_turtle__rosidl_typesupport_introspection_c.h
[4.760s] -- Installing: /home/abood/ros2_test/install/my_interfaces/include/my_interfaces/my_interfaces/srv/detail/catch_turtle__type_support.c
[4.760s] -- Installing: /home/abood/ros2_test/install/my_interfaces/include/my_interfaces/my_interfaces/srv/detail/set_led__rosidl_typesupport_introspection_c.h
[4.760s] -- Installing: /home/abood/ros2_test/install/my_interfaces/include/my_interfaces/my_interfaces/srv/detail/calculate_rectangle_area__type_support.c
[4.760s] -- Installing: /home/abood/ros2_test/install/my_interfaces/include/my_interfaces/my_interfaces/srv/detail/set_led__type_support.c
[4.760s] -- Up-to-date: /home/abood/ros2_test/install/my_interfaces/include/my_interfaces/my_interfaces/msg
[4.760s] -- Up-to-date: /home/abood/ros2_test/install/my_interfaces/include/my_interfaces/my_interfaces/msg/rosidl_typesupport_introspection_c__visibility_control.h
[4.760s] -- Up-to-date: /home/abood/ros2_test/install/my_interfaces/include/my_interfaces/my_interfaces/msg/detail
[4.760s] -- Installing: /home/abood/ros2_test/install/my_interfaces/include/my_interfaces/my_interfaces/msg/detail/turtle__type_support.c
[4.760s] -- Installing: /home/abood/ros2_test/install/my_interfaces/include/my_interfaces/my_interfaces/msg/detail/led_state_array__type_support.c
[4.760s] -- Installing: /home/abood/ros2_test/install/my_interfaces/include/my_interfaces/my_interfaces/msg/detail/hardware_status__type_support.c
[4.760s] -- Installing: /home/abood/ros2_test/install/my_interfaces/include/my_interfaces/my_interfaces/msg/detail/led_state_array__rosidl_typesupport_introspection_c.h
[4.761s] -- Installing: /home/abood/ros2_test/install/my_interfaces/include/my_interfaces/my_interfaces/msg/detail/turtle_array__type_support.c
[4.761s] -- Installing: /home/abood/ros2_test/install/my_interfaces/include/my_interfaces/my_interfaces/msg/detail/turtle_array__rosidl_typesupport_introspection_c.h
[4.761s] -- Installing: /home/abood/ros2_test/install/my_interfaces/include/my_interfaces/my_interfaces/msg/detail/hardware_status__rosidl_typesupport_introspection_c.h
[4.761s] -- Installing: /home/abood/ros2_test/install/my_interfaces/include/my_interfaces/my_interfaces/msg/detail/turtle__rosidl_typesupport_introspection_c.h
[4.761s] -- Installing: /home/abood/ros2_test/install/my_interfaces/lib/libmy_interfaces__rosidl_typesupport_introspection_c.so
[4.761s] -- Set runtime path of "/home/abood/ros2_test/install/my_interfaces/lib/libmy_interfaces__rosidl_typesupport_introspection_c.so" to ""
[4.761s] -- Installing: /home/abood/ros2_test/install/my_interfaces/lib/libmy_interfaces__rosidl_typesupport_c.so
[4.761s] -- Set runtime path of "/home/abood/ros2_test/install/my_interfaces/lib/libmy_interfaces__rosidl_typesupport_c.so" to ""
[4.761s] -- Up-to-date: /home/abood/ros2_test/install/my_interfaces/include/my_interfaces/my_interfaces
[4.761s] -- Up-to-date: /home/abood/ros2_test/install/my_interfaces/include/my_interfaces/my_interfaces/srv
[4.761s] -- Installing: /home/abood/ros2_test/install/my_interfaces/include/my_interfaces/my_interfaces/srv/catch_turtle.hpp
[4.762s] -- Installing: /home/abood/ros2_test/install/my_interfaces/include/my_interfaces/my_interfaces/srv/set_led.hpp
[4.762s] -- Installing: /home/abood/ros2_test/install/my_interfaces/include/my_interfaces/my_interfaces/srv/calculate_rectangle_area.hpp
[4.762s] -- Up-to-date: /home/abood/ros2_test/install/my_interfaces/include/my_interfaces/my_interfaces/srv/detail
[4.762s] -- Installing: /home/abood/ros2_test/install/my_interfaces/include/my_interfaces/my_interfaces/srv/detail/calculate_rectangle_area__struct.hpp
[4.762s] -- Installing: /home/abood/ros2_test/install/my_interfaces/include/my_interfaces/my_interfaces/srv/detail/set_led__struct.hpp
[4.762s] -- Installing: /home/abood/ros2_test/install/my_interfaces/include/my_interfaces/my_interfaces/srv/detail/catch_turtle__struct.hpp
[4.762s] -- Installing: /home/abood/ros2_test/install/my_interfaces/include/my_interfaces/my_interfaces/srv/detail/set_led__traits.hpp
[4.762s] -- Installing: /home/abood/ros2_test/install/my_interfaces/include/my_interfaces/my_interfaces/srv/detail/catch_turtle__builder.hpp
[4.762s] -- Installing: /home/abood/ros2_test/install/my_interfaces/include/my_interfaces/my_interfaces/srv/detail/set_led__type_support.hpp
[4.762s] -- Installing: /home/abood/ros2_test/install/my_interfaces/include/my_interfaces/my_interfaces/srv/detail/calculate_rectangle_area__type_support.hpp
[4.762s] -- Installing: /home/abood/ros2_test/install/my_interfaces/include/my_interfaces/my_interfaces/srv/detail/catch_turtle__traits.hpp
[4.762s] -- Installing: /home/abood/ros2_test/install/my_interfaces/include/my_interfaces/my_interfaces/srv/detail/calculate_rectangle_area__traits.hpp
[4.762s] -- Installing: /home/abood/ros2_test/install/my_interfaces/include/my_interfaces/my_interfaces/srv/detail/calculate_rectangle_area__builder.hpp
[4.762s] -- Installing: /home/abood/ros2_test/install/my_interfaces/include/my_interfaces/my_interfaces/srv/detail/set_led__builder.hpp
[4.763s] -- Installing: /home/abood/ros2_test/install/my_interfaces/include/my_interfaces/my_interfaces/srv/detail/catch_turtle__type_support.hpp
[4.763s] -- Up-to-date: /home/abood/ros2_test/install/my_interfaces/include/my_interfaces/my_interfaces/msg
[4.763s] -- Installing: /home/abood/ros2_test/install/my_interfaces/include/my_interfaces/my_interfaces/msg/turtle.hpp
[4.763s] -- Installing: /home/abood/ros2_test/install/my_interfaces/include/my_interfaces/my_interfaces/msg/led_state_array.hpp
[4.763s] -- Up-to-date: /home/abood/ros2_test/install/my_interfaces/include/my_interfaces/my_interfaces/msg/detail
[4.763s] -- Installing: /home/abood/ros2_test/install/my_interfaces/include/my_interfaces/my_interfaces/msg/detail/led_state_array__builder.hpp
[4.763s] -- Installing: /home/abood/ros2_test/install/my_interfaces/include/my_interfaces/my_interfaces/msg/detail/turtle_array__type_support.hpp
[4.763s] -- Installing: /home/abood/ros2_test/install/my_interfaces/include/my_interfaces/my_interfaces/msg/detail/hardware_status__traits.hpp
[4.763s] -- Installing: /home/abood/ros2_test/install/my_interfaces/include/my_interfaces/my_interfaces/msg/detail/led_state_array__struct.hpp
[4.763s] -- Installing: /home/abood/ros2_test/install/my_interfaces/include/my_interfaces/my_interfaces/msg/detail/turtle_array__traits.hpp
[4.763s] -- Installing: /home/abood/ros2_test/install/my_interfaces/include/my_interfaces/my_interfaces/msg/detail/turtle_array__builder.hpp
[4.763s] -- Installing: /home/abood/ros2_test/install/my_interfaces/include/my_interfaces/my_interfaces/msg/detail/turtle__struct.hpp
[4.763s] -- Installing: /home/abood/ros2_test/install/my_interfaces/include/my_interfaces/my_interfaces/msg/detail/turtle__builder.hpp
[4.763s] -- Installing: /home/abood/ros2_test/install/my_interfaces/include/my_interfaces/my_interfaces/msg/detail/hardware_status__builder.hpp
[4.764s] -- Installing: /home/abood/ros2_test/install/my_interfaces/include/my_interfaces/my_interfaces/msg/detail/hardware_status__struct.hpp
[4.764s] -- Installing: /home/abood/ros2_test/install/my_interfaces/include/my_interfaces/my_interfaces/msg/detail/turtle__type_support.hpp
[4.764s] -- Installing: /home/abood/ros2_test/install/my_interfaces/include/my_interfaces/my_interfaces/msg/detail/led_state_array__traits.hpp
[4.764s] -- Installing: /home/abood/ros2_test/install/my_interfaces/include/my_interfaces/my_interfaces/msg/detail/turtle__traits.hpp
[4.764s] -- Installing: /home/abood/ros2_test/install/my_interfaces/include/my_interfaces/my_interfaces/msg/detail/led_state_array__type_support.hpp
[4.764s] -- Installing: /home/abood/ros2_test/install/my_interfaces/include/my_interfaces/my_interfaces/msg/detail/hardware_status__type_support.hpp
[4.764s] -- Installing: /home/abood/ros2_test/install/my_interfaces/include/my_interfaces/my_interfaces/msg/detail/turtle_array__struct.hpp
[4.764s] -- Up-to-date: /home/abood/ros2_test/install/my_interfaces/include/my_interfaces/my_interfaces/msg/rosidl_generator_cpp__visibility_control.hpp
[4.764s] -- Installing: /home/abood/ros2_test/install/my_interfaces/include/my_interfaces/my_interfaces/msg/turtle_array.hpp
[4.764s] -- Installing: /home/abood/ros2_test/install/my_interfaces/include/my_interfaces/my_interfaces/msg/hardware_status.hpp
[4.764s] -- Up-to-date: /home/abood/ros2_test/install/my_interfaces/include/my_interfaces/my_interfaces
[4.764s] -- Up-to-date: /home/abood/ros2_test/install/my_interfaces/include/my_interfaces/my_interfaces/srv
[4.764s] -- Up-to-date: /home/abood/ros2_test/install/my_interfaces/include/my_interfaces/my_interfaces/srv/detail
[4.764s] -- Installing: /home/abood/ros2_test/install/my_interfaces/include/my_interfaces/my_interfaces/srv/detail/catch_turtle__rosidl_typesupport_fastrtps_cpp.hpp
[4.765s] -- Installing: /home/abood/ros2_test/install/my_interfaces/include/my_interfaces/my_interfaces/srv/detail/set_led__rosidl_typesupport_fastrtps_cpp.hpp
[4.765s] -- Up-to-date: /home/abood/ros2_test/install/my_interfaces/include/my_interfaces/my_interfaces/srv/detail/dds_fastrtps
[4.765s] -- Installing: /home/abood/ros2_test/install/my_interfaces/include/my_interfaces/my_interfaces/srv/detail/calculate_rectangle_area__rosidl_typesupport_fastrtps_cpp.hpp
[4.765s] -- Up-to-date: /home/abood/ros2_test/install/my_interfaces/include/my_interfaces/my_interfaces/msg
[4.765s] -- Up-to-date: /home/abood/ros2_test/install/my_interfaces/include/my_interfaces/my_interfaces/msg/rosidl_typesupport_fastrtps_cpp__visibility_control.h
[4.765s] -- Up-to-date: /home/abood/ros2_test/install/my_interfaces/include/my_interfaces/my_interfaces/msg/detail
[4.765s] -- Installing: /home/abood/ros2_test/install/my_interfaces/include/my_interfaces/my_interfaces/msg/detail/hardware_status__rosidl_typesupport_fastrtps_cpp.hpp
[4.765s] -- Installing: /home/abood/ros2_test/install/my_interfaces/include/my_interfaces/my_interfaces/msg/detail/turtle_array__rosidl_typesupport_fastrtps_cpp.hpp
[4.765s] -- Up-to-date: /home/abood/ros2_test/install/my_interfaces/include/my_interfaces/my_interfaces/msg/detail/dds_fastrtps
[4.765s] -- Installing: /home/abood/ros2_test/install/my_interfaces/include/my_interfaces/my_interfaces/msg/detail/turtle__rosidl_typesupport_fastrtps_cpp.hpp
[4.765s] -- Installing: /home/abood/ros2_test/install/my_interfaces/include/my_interfaces/my_interfaces/msg/detail/led_state_array__rosidl_typesupport_fastrtps_cpp.hpp
[4.765s] -- Installing: /home/abood/ros2_test/install/my_interfaces/lib/libmy_interfaces__rosidl_typesupport_fastrtps_cpp.so
[4.766s] -- Set runtime path of "/home/abood/ros2_test/install/my_interfaces/lib/libmy_interfaces__rosidl_typesupport_fastrtps_cpp.so" to ""
[4.766s] -- Up-to-date: /home/abood/ros2_test/install/my_interfaces/include/my_interfaces/my_interfaces
[4.766s] -- Up-to-date: /home/abood/ros2_test/install/my_interfaces/include/my_interfaces/my_interfaces/srv
[4.766s] -- Up-to-date: /home/abood/ros2_test/install/my_interfaces/include/my_interfaces/my_interfaces/srv/detail
[4.766s] -- Installing: /home/abood/ros2_test/install/my_interfaces/include/my_interfaces/my_interfaces/srv/detail/catch_turtle__type_support.cpp
[4.766s] -- Installing: /home/abood/ros2_test/install/my_interfaces/include/my_interfaces/my_interfaces/srv/detail/calculate_rectangle_area__type_support.cpp
[4.766s] -- Installing: /home/abood/ros2_test/install/my_interfaces/include/my_interfaces/my_interfaces/srv/detail/calculate_rectangle_area__rosidl_typesupport_introspection_cpp.hpp
[4.766s] -- Installing: /home/abood/ros2_test/install/my_interfaces/include/my_interfaces/my_interfaces/srv/detail/catch_turtle__rosidl_typesupport_introspection_cpp.hpp
[4.766s] -- Installing: /home/abood/ros2_test/install/my_interfaces/include/my_interfaces/my_interfaces/srv/detail/set_led__type_support.cpp
[4.766s] -- Installing: /home/abood/ros2_test/install/my_interfaces/include/my_interfaces/my_interfaces/srv/detail/set_led__rosidl_typesupport_introspection_cpp.hpp
[4.766s] -- Up-to-date: /home/abood/ros2_test/install/my_interfaces/include/my_interfaces/my_interfaces/msg
[4.766s] -- Up-to-date: /home/abood/ros2_test/install/my_interfaces/include/my_interfaces/my_interfaces/msg/detail
[4.766s] -- Installing: /home/abood/ros2_test/install/my_interfaces/include/my_interfaces/my_interfaces/msg/detail/led_state_array__type_support.cpp
[4.766s] -- Installing: /home/abood/ros2_test/install/my_interfaces/include/my_interfaces/my_interfaces/msg/detail/turtle_array__rosidl_typesupport_introspection_cpp.hpp
[4.767s] -- Installing: /home/abood/ros2_test/install/my_interfaces/include/my_interfaces/my_interfaces/msg/detail/hardware_status__rosidl_typesupport_introspection_cpp.hpp
[4.767s] -- Installing: /home/abood/ros2_test/install/my_interfaces/include/my_interfaces/my_interfaces/msg/detail/hardware_status__type_support.cpp
[4.767s] -- Installing: /home/abood/ros2_test/install/my_interfaces/include/my_interfaces/my_interfaces/msg/detail/turtle_array__type_support.cpp
[4.767s] -- Installing: /home/abood/ros2_test/install/my_interfaces/include/my_interfaces/my_interfaces/msg/detail/turtle__type_support.cpp
[4.767s] -- Installing: /home/abood/ros2_test/install/my_interfaces/include/my_interfaces/my_interfaces/msg/detail/led_state_array__rosidl_typesupport_introspection_cpp.hpp
[4.767s] -- Installing: /home/abood/ros2_test/install/my_interfaces/include/my_interfaces/my_interfaces/msg/detail/turtle__rosidl_typesupport_introspection_cpp.hpp
[4.767s] -- Installing: /home/abood/ros2_test/install/my_interfaces/lib/libmy_interfaces__rosidl_typesupport_introspection_cpp.so
[4.767s] -- Set runtime path of "/home/abood/ros2_test/install/my_interfaces/lib/libmy_interfaces__rosidl_typesupport_introspection_cpp.so" to ""
[4.768s] -- Installing: /home/abood/ros2_test/install/my_interfaces/lib/libmy_interfaces__rosidl_typesupport_cpp.so
[4.768s] -- Set runtime path of "/home/abood/ros2_test/install/my_interfaces/lib/libmy_interfaces__rosidl_typesupport_cpp.so" to ""
[4.768s] -- Up-to-date: /home/abood/ros2_test/install/my_interfaces/share/my_interfaces/environment/pythonpath.sh
[4.768s] -- Installing: /home/abood/ros2_test/install/my_interfaces/share/my_interfaces/environment/pythonpath.dsv
[4.768s] -- Up-to-date: /home/abood/ros2_test/install/my_interfaces/local/lib/python3.10/dist-packages/my_interfaces-0.0.0-py3.10.egg-info
[4.768s] -- Installing: /home/abood/ros2_test/install/my_interfaces/local/lib/python3.10/dist-packages/my_interfaces-0.0.0-py3.10.egg-info/PKG-INFO
[4.768s] -- Installing: /home/abood/ros2_test/install/my_interfaces/local/lib/python3.10/dist-packages/my_interfaces-0.0.0-py3.10.egg-info/top_level.txt
[4.768s] -- Installing: /home/abood/ros2_test/install/my_interfaces/local/lib/python3.10/dist-packages/my_interfaces-0.0.0-py3.10.egg-info/SOURCES.txt
[4.768s] -- Installing: /home/abood/ros2_test/install/my_interfaces/local/lib/python3.10/dist-packages/my_interfaces-0.0.0-py3.10.egg-info/dependency_links.txt
[4.768s] -- Up-to-date: /home/abood/ros2_test/install/my_interfaces/local/lib/python3.10/dist-packages/my_interfaces
[4.768s] -- Installing: /home/abood/ros2_test/install/my_interfaces/local/lib/python3.10/dist-packages/my_interfaces/my_interfaces_s__rosidl_typesupport_c.cpython-310-x86_64-linux-gnu.so
[4.769s] -- Installing: /home/abood/ros2_test/install/my_interfaces/local/lib/python3.10/dist-packages/my_interfaces/my_interfaces_s__rosidl_typesupport_fastrtps_c.cpython-310-x86_64-linux-gnu.so
[4.769s] -- Installing: /home/abood/ros2_test/install/my_interfaces/local/lib/python3.10/dist-packages/my_interfaces/_my_interfaces_s.ep.rosidl_typesupport_c.c
[4.769s] -- Up-to-date: /home/abood/ros2_test/install/my_interfaces/local/lib/python3.10/dist-packages/my_interfaces/srv
[4.769s] -- Installing: /home/abood/ros2_test/install/my_interfaces/local/lib/python3.10/dist-packages/my_interfaces/srv/_calculate_rectangle_area.py
[4.769s] -- Installing: /home/abood/ros2_test/install/my_interfaces/local/lib/python3.10/dist-packages/my_interfaces/srv/_catch_turtle_s.c
[4.769s] -- Installing: /home/abood/ros2_test/install/my_interfaces/local/lib/python3.10/dist-packages/my_interfaces/srv/_set_led.py
[4.769s] -- Installing: /home/abood/ros2_test/install/my_interfaces/local/lib/python3.10/dist-packages/my_interfaces/srv/_calculate_rectangle_area_s.c
[4.769s] -- Installing: /home/abood/ros2_test/install/my_interfaces/local/lib/python3.10/dist-packages/my_interfaces/srv/__init__.py
[4.769s] -- Installing: /home/abood/ros2_test/install/my_interfaces/local/lib/python3.10/dist-packages/my_interfaces/srv/_catch_turtle.py
[4.769s] -- Installing: /home/abood/ros2_test/install/my_interfaces/local/lib/python3.10/dist-packages/my_interfaces/srv/_set_led_s.c
[4.770s] -- Installing: /home/abood/ros2_test/install/my_interfaces/local/lib/python3.10/dist-packages/my_interfaces/libmy_interfaces__rosidl_generator_py.so
[4.770s] -- Up-to-date: /home/abood/ros2_test/install/my_interfaces/local/lib/python3.10/dist-packages/my_interfaces/msg
[4.770s] -- Installing: /home/abood/ros2_test/install/my_interfaces/local/lib/python3.10/dist-packages/my_interfaces/msg/_turtle_array_s.c
[4.770s] -- Installing: /home/abood/ros2_test/install/my_interfaces/local/lib/python3.10/dist-packages/my_interfaces/msg/_turtle.py
[4.770s] -- Installing: /home/abood/ros2_test/install/my_interfaces/local/lib/python3.10/dist-packages/my_interfaces/msg/__init__.py
[4.770s] -- Installing: /home/abood/ros2_test/install/my_interfaces/local/lib/python3.10/dist-packages/my_interfaces/msg/_turtle_s.c
[4.770s] -- Installing: /home/abood/ros2_test/install/my_interfaces/local/lib/python3.10/dist-packages/my_interfaces/msg/_hardware_status.py
[4.770s] -- Installing: /home/abood/ros2_test/install/my_interfaces/local/lib/python3.10/dist-packages/my_interfaces/msg/_led_state_array_s.c
[4.770s] -- Installing: /home/abood/ros2_test/install/my_interfaces/local/lib/python3.10/dist-packages/my_interfaces/msg/_hardware_status_s.c
[4.770s] -- Installing: /home/abood/ros2_test/install/my_interfaces/local/lib/python3.10/dist-packages/my_interfaces/msg/_led_state_array.py
[4.771s] -- Installing: /home/abood/ros2_test/install/my_interfaces/local/lib/python3.10/dist-packages/my_interfaces/msg/_turtle_array.py
[4.771s] -- Installing: /home/abood/ros2_test/install/my_interfaces/local/lib/python3.10/dist-packages/my_interfaces/__init__.py
[4.771s] -- Installing: /home/abood/ros2_test/install/my_interfaces/local/lib/python3.10/dist-packages/my_interfaces/my_interfaces_s__rosidl_typesupport_introspection_c.cpython-310-x86_64-linux-gnu.so
[4.771s] -- Installing: /home/abood/ros2_test/install/my_interfaces/local/lib/python3.10/dist-packages/my_interfaces/_my_interfaces_s.ep.rosidl_typesupport_introspection_c.c
[4.771s] -- Installing: /home/abood/ros2_test/install/my_interfaces/local/lib/python3.10/dist-packages/my_interfaces/_my_interfaces_s.ep.rosidl_typesupport_fastrtps_c.c
[4.806s] Listing '/home/abood/ros2_test/install/my_interfaces/local/lib/python3.10/dist-packages/my_interfaces'...
[4.806s] Compiling '/home/abood/ros2_test/install/my_interfaces/local/lib/python3.10/dist-packages/my_interfaces/__init__.py'...
[4.806s] Listing '/home/abood/ros2_test/install/my_interfaces/local/lib/python3.10/dist-packages/my_interfaces/msg'...
[4.806s] Compiling '/home/abood/ros2_test/install/my_interfaces/local/lib/python3.10/dist-packages/my_interfaces/msg/__init__.py'...
[4.806s] Compiling '/home/abood/ros2_test/install/my_interfaces/local/lib/python3.10/dist-packages/my_interfaces/msg/_hardware_status.py'...
[4.807s] Compiling '/home/abood/ros2_test/install/my_interfaces/local/lib/python3.10/dist-packages/my_interfaces/msg/_led_state_array.py'...
[4.807s] Compiling '/home/abood/ros2_test/install/my_interfaces/local/lib/python3.10/dist-packages/my_interfaces/msg/_turtle.py'...
[4.807s] Compiling '/home/abood/ros2_test/install/my_interfaces/local/lib/python3.10/dist-packages/my_interfaces/msg/_turtle_array.py'...
[4.807s] Listing '/home/abood/ros2_test/install/my_interfaces/local/lib/python3.10/dist-packages/my_interfaces/srv'...
[4.807s] Compiling '/home/abood/ros2_test/install/my_interfaces/local/lib/python3.10/dist-packages/my_interfaces/srv/__init__.py'...
[4.807s] Compiling '/home/abood/ros2_test/install/my_interfaces/local/lib/python3.10/dist-packages/my_interfaces/srv/_calculate_rectangle_area.py'...
[4.807s] Compiling '/home/abood/ros2_test/install/my_interfaces/local/lib/python3.10/dist-packages/my_interfaces/srv/_catch_turtle.py'...
[4.807s] Compiling '/home/abood/ros2_test/install/my_interfaces/local/lib/python3.10/dist-packages/my_interfaces/srv/_set_led.py'...
[4.809s] -- Installing: /home/abood/ros2_test/install/my_interfaces/local/lib/python3.10/dist-packages/my_interfaces/my_interfaces_s__rosidl_typesupport_fastrtps_c.cpython-310-x86_64-linux-gnu.so
[4.809s] -- Set runtime path of "/home/abood/ros2_test/install/my_interfaces/local/lib/python3.10/dist-packages/my_interfaces/my_interfaces_s__rosidl_typesupport_fastrtps_c.cpython-310-x86_64-linux-gnu.so" to ""
[4.810s] -- Installing: /home/abood/ros2_test/install/my_interfaces/local/lib/python3.10/dist-packages/my_interfaces/my_interfaces_s__rosidl_typesupport_introspection_c.cpython-310-x86_64-linux-gnu.so
[4.810s] -- Set runtime path of "/home/abood/ros2_test/install/my_interfaces/local/lib/python3.10/dist-packages/my_interfaces/my_interfaces_s__rosidl_typesupport_introspection_c.cpython-310-x86_64-linux-gnu.so" to ""
[4.810s] -- Installing: /home/abood/ros2_test/install/my_interfaces/local/lib/python3.10/dist-packages/my_interfaces/my_interfaces_s__rosidl_typesupport_c.cpython-310-x86_64-linux-gnu.so
[4.810s] -- Set runtime path of "/home/abood/ros2_test/install/my_interfaces/local/lib/python3.10/dist-packages/my_interfaces/my_interfaces_s__rosidl_typesupport_c.cpython-310-x86_64-linux-gnu.so" to ""
[4.811s] -- Installing: /home/abood/ros2_test/install/my_interfaces/lib/libmy_interfaces__rosidl_generator_py.so
[4.811s] -- Set runtime path of "/home/abood/ros2_test/install/my_interfaces/lib/libmy_interfaces__rosidl_generator_py.so" to ""
[4.811s] -- Up-to-date: /home/abood/ros2_test/install/my_interfaces/share/my_interfaces/msg/HardwareStatus.idl
[4.811s] -- Up-to-date: /home/abood/ros2_test/install/my_interfaces/share/my_interfaces/msg/LedStateArray.idl
[4.811s] -- Up-to-date: /home/abood/ros2_test/install/my_interfaces/share/my_interfaces/srv/CalculateRectangleArea.idl
[4.811s] -- Up-to-date: /home/abood/ros2_test/install/my_interfaces/share/my_interfaces/srv/SetLed.idl
[4.811s] -- Up-to-date: /home/abood/ros2_test/install/my_interfaces/share/my_interfaces/msg/Turtle.idl
[4.811s] -- Up-to-date: /home/abood/ros2_test/install/my_interfaces/share/my_interfaces/msg/TurtleArray.idl
[4.811s] -- Installing: /home/abood/ros2_test/install/my_interfaces/share/my_interfaces/srv/CatchTurtle.idl
[4.811s] -- Up-to-date: /home/abood/ros2_test/install/my_interfaces/share/my_interfaces/msg/HardwareStatus.msg
[4.811s] -- Up-to-date: /home/abood/ros2_test/install/my_interfaces/share/my_interfaces/msg/LedStateArray.msg
[4.811s] -- Up-to-date: /home/abood/ros2_test/install/my_interfaces/share/my_interfaces/srv/CalculateRectangleArea.srv
[4.811s] -- Up-to-date: /home/abood/ros2_test/install/my_interfaces/share/my_interfaces/srv/CalculateRectangleArea_Request.msg
[4.811s] -- Up-to-date: /home/abood/ros2_test/install/my_interfaces/share/my_interfaces/srv/CalculateRectangleArea_Response.msg
[4.812s] -- Up-to-date: /home/abood/ros2_test/install/my_interfaces/share/my_interfaces/srv/SetLed.srv
[4.812s] -- Up-to-date: /home/abood/ros2_test/install/my_interfaces/share/my_interfaces/srv/SetLed_Request.msg
[4.812s] -- Up-to-date: /home/abood/ros2_test/install/my_interfaces/share/my_interfaces/srv/SetLed_Response.msg
[4.812s] -- Up-to-date: /home/abood/ros2_test/install/my_interfaces/share/my_interfaces/msg/Turtle.msg
[4.812s] -- Up-to-date: /home/abood/ros2_test/install/my_interfaces/share/my_interfaces/msg/TurtleArray.msg
[4.812s] -- Installing: /home/abood/ros2_test/install/my_interfaces/share/my_interfaces/srv/CatchTurtle.srv
[4.812s] -- Installing: /home/abood/ros2_test/install/my_interfaces/share/my_interfaces/srv/CatchTurtle_Request.msg
[4.812s] -- Installing: /home/abood/ros2_test/install/my_interfaces/share/my_interfaces/srv/CatchTurtle_Response.msg
[4.812s] -- Up-to-date: /home/abood/ros2_test/install/my_interfaces/share/ament_index/resource_index/package_run_dependencies/my_interfaces
[4.812s] -- Up-to-date: /home/abood/ros2_test/install/my_interfaces/share/ament_index/resource_index/parent_prefix_path/my_interfaces
[4.812s] -- Up-to-date: /home/abood/ros2_test/install/my_interfaces/share/my_interfaces/environment/ament_prefix_path.sh
[4.812s] -- Installing: /home/abood/ros2_test/install/my_interfaces/share/my_interfaces/environment/ament_prefix_path.dsv
[4.812s] -- Up-to-date: /home/abood/ros2_test/install/my_interfaces/share/my_interfaces/environment/path.sh
[4.812s] -- Installing: /home/abood/ros2_test/install/my_interfaces/share/my_interfaces/environment/path.dsv
[4.812s] -- Up-to-date: /home/abood/ros2_test/install/my_interfaces/share/my_interfaces/local_setup.bash
[4.812s] -- Up-to-date: /home/abood/ros2_test/install/my_interfaces/share/my_interfaces/local_setup.sh
[4.812s] -- Up-to-date: /home/abood/ros2_test/install/my_interfaces/share/my_interfaces/local_setup.zsh
[4.813s] -- Installing: /home/abood/ros2_test/install/my_interfaces/share/my_interfaces/local_setup.dsv
[4.813s] -- Installing: /home/abood/ros2_test/install/my_interfaces/share/my_interfaces/package.dsv
[4.813s] -- Up-to-date: /home/abood/ros2_test/install/my_interfaces/share/ament_index/resource_index/packages/my_interfaces
[4.813s] -- Up-to-date: /home/abood/ros2_test/install/my_interfaces/share/my_interfaces/cmake/export_my_interfaces__rosidl_generator_cExport.cmake
[4.813s] -- Up-to-date: /home/abood/ros2_test/install/my_interfaces/share/my_interfaces/cmake/export_my_interfaces__rosidl_generator_cExport-noconfig.cmake
[4.813s] -- Up-to-date: /home/abood/ros2_test/install/my_interfaces/share/my_interfaces/cmake/export_my_interfaces__rosidl_typesupport_fastrtps_cExport.cmake
[4.813s] -- Up-to-date: /home/abood/ros2_test/install/my_interfaces/share/my_interfaces/cmake/export_my_interfaces__rosidl_typesupport_fastrtps_cExport-noconfig.cmake
[4.813s] -- Up-to-date: /home/abood/ros2_test/install/my_interfaces/share/my_interfaces/cmake/my_interfaces__rosidl_typesupport_introspection_cExport.cmake
[4.813s] -- Up-to-date: /home/abood/ros2_test/install/my_interfaces/share/my_interfaces/cmake/my_interfaces__rosidl_typesupport_introspection_cExport-noconfig.cmake
[4.813s] -- Up-to-date: /home/abood/ros2_test/install/my_interfaces/share/my_interfaces/cmake/my_interfaces__rosidl_typesupport_cExport.cmake
[4.813s] -- Up-to-date: /home/abood/ros2_test/install/my_interfaces/share/my_interfaces/cmake/my_interfaces__rosidl_typesupport_cExport-noconfig.cmake
[4.813s] -- Up-to-date: /home/abood/ros2_test/install/my_interfaces/share/my_interfaces/cmake/export_my_interfaces__rosidl_generator_cppExport.cmake
[4.813s] -- Up-to-date: /home/abood/ros2_test/install/my_interfaces/share/my_interfaces/cmake/export_my_interfaces__rosidl_typesupport_fastrtps_cppExport.cmake
[4.813s] -- Up-to-date: /home/abood/ros2_test/install/my_interfaces/share/my_interfaces/cmake/export_my_interfaces__rosidl_typesupport_fastrtps_cppExport-noconfig.cmake
[4.814s] -- Up-to-date: /home/abood/ros2_test/install/my_interfaces/share/my_interfaces/cmake/my_interfaces__rosidl_typesupport_introspection_cppExport.cmake
[4.814s] -- Up-to-date: /home/abood/ros2_test/install/my_interfaces/share/my_interfaces/cmake/my_interfaces__rosidl_typesupport_introspection_cppExport-noconfig.cmake
[4.814s] -- Up-to-date: /home/abood/ros2_test/install/my_interfaces/share/my_interfaces/cmake/my_interfaces__rosidl_typesupport_cppExport.cmake
[4.814s] -- Up-to-date: /home/abood/ros2_test/install/my_interfaces/share/my_interfaces/cmake/my_interfaces__rosidl_typesupport_cppExport-noconfig.cmake
[4.814s] -- Up-to-date: /home/abood/ros2_test/install/my_interfaces/share/my_interfaces/cmake/export_my_interfaces__rosidl_generator_pyExport.cmake
[4.814s] -- Up-to-date: /home/abood/ros2_test/install/my_interfaces/share/my_interfaces/cmake/export_my_interfaces__rosidl_generator_pyExport-noconfig.cmake
[4.814s] -- Installing: /home/abood/ros2_test/install/my_interfaces/share/my_interfaces/cmake/rosidl_cmake-extras.cmake
[4.814s] -- Up-to-date: /home/abood/ros2_test/install/my_interfaces/share/my_interfaces/cmake/ament_cmake_export_include_directories-extras.cmake
[4.814s] -- Up-to-date: /home/abood/ros2_test/install/my_interfaces/share/my_interfaces/cmake/ament_cmake_export_libraries-extras.cmake
[4.814s] -- Up-to-date: /home/abood/ros2_test/install/my_interfaces/share/my_interfaces/cmake/ament_cmake_export_targets-extras.cmake
[4.814s] -- Up-to-date: /home/abood/ros2_test/install/my_interfaces/share/my_interfaces/cmake/rosidl_cmake_export_typesupport_targets-extras.cmake
[4.814s] -- Up-to-date: /home/abood/ros2_test/install/my_interfaces/share/my_interfaces/cmake/ament_cmake_export_dependencies-extras.cmake
[4.814s] -- Up-to-date: /home/abood/ros2_test/install/my_interfaces/share/my_interfaces/cmake/rosidl_cmake_export_typesupport_libraries-extras.cmake
[4.814s] -- Up-to-date: /home/abood/ros2_test/install/my_interfaces/share/my_interfaces/cmake/my_interfacesConfig.cmake
[4.814s] -- Up-to-date: /home/abood/ros2_test/install/my_interfaces/share/my_interfaces/cmake/my_interfacesConfig-version.cmake
[4.814s] -- Up-to-date: /home/abood/ros2_test/install/my_interfaces/share/my_interfaces/package.xml
[4.817s] Invoked command in '/home/abood/ros2_test/build/my_interfaces' returned '0': CMAKE_PREFIX_PATH=${CMAKE_PREFIX_PATH}:/home/abood/ros2_test/install/turtlesim_catch_them_all:/home/abood/ros2_test/install/my_py_pkg:/opt/ros/humble /usr/bin/cmake --install /home/abood/ros2_test/build/my_interfaces
