[0.739s] Invoking command in '/home/abood/ros2_test/src/my_py_pkg': CMAKE_PREFIX_PATH=/home/abood/ros2_test/install/my_interfaces:/home/abood/ros2_test/install/my_robot_bringup:/home/abood/ros2_test/install/my_cpp_pkg PYTHONPATH=/home/abood/ros2_test/build/my_py_pkg/prefix_override:/usr/lib/python3/dist-packages/colcon_core/task/python/colcon_distutils_commands:/home/abood/ros2_test/install/my_py_pkg/lib/python3.10/site-packages:${PYTHONPATH} /usr/bin/python3 -W ignore:setup.py install is deprecated -W ignore:easy_install command is deprecated setup.py egg_info --egg-base ../../build/my_py_pkg build --build-base /home/abood/ros2_test/build/my_py_pkg/build install --record /home/abood/ros2_test/build/my_py_pkg/install.log --single-version-externally-managed install_data
[0.953s] running egg_info
[0.953s] writing ../../build/my_py_pkg/my_py_pkg.egg-info/PKG-INFO
[0.953s] writing dependency_links to ../../build/my_py_pkg/my_py_pkg.egg-info/dependency_links.txt
[0.953s] writing entry points to ../../build/my_py_pkg/my_py_pkg.egg-info/entry_points.txt
[0.954s] writing requirements to ../../build/my_py_pkg/my_py_pkg.egg-info/requires.txt
[0.954s] writing top-level names to ../../build/my_py_pkg/my_py_pkg.egg-info/top_level.txt
[0.955s] reading manifest file '../../build/my_py_pkg/my_py_pkg.egg-info/SOURCES.txt'
[0.956s] writing manifest file '../../build/my_py_pkg/my_py_pkg.egg-info/SOURCES.txt'
[0.956s] running build
[0.956s] running build_py
[0.957s] running install
[0.957s] running install_lib
[0.959s] running install_data
[0.959s] running install_egg_info
[0.960s] removing '/home/abood/ros2_test/install/my_py_pkg/lib/python3.10/site-packages/my_py_pkg-0.0.0-py3.10.egg-info' (and everything under it)
[0.961s] Copying ../../build/my_py_pkg/my_py_pkg.egg-info to /home/abood/ros2_test/install/my_py_pkg/lib/python3.10/site-packages/my_py_pkg-0.0.0-py3.10.egg-info
[0.961s] running install_scripts
[0.980s] Installing Hardware_Status_Publisher script to /home/abood/ros2_test/install/my_py_pkg/lib/my_py_pkg
[0.980s] Installing add_two_ints_client script to /home/abood/ros2_test/install/my_py_pkg/lib/my_py_pkg
[0.980s] Installing add_two_ints_client_no_OOP script to /home/abood/ros2_test/install/my_py_pkg/lib/my_py_pkg
[0.980s] Installing add_two_ints_server script to /home/abood/ros2_test/install/my_py_pkg/lib/my_py_pkg
[0.980s] Installing battery script to /home/abood/ros2_test/install/my_py_pkg/lib/my_py_pkg
[0.980s] Installing led_panel script to /home/abood/ros2_test/install/my_py_pkg/lib/my_py_pkg
[0.980s] Installing number_pub script to /home/abood/ros2_test/install/my_py_pkg/lib/my_py_pkg
[0.980s] Installing number_sub script to /home/abood/ros2_test/install/my_py_pkg/lib/my_py_pkg
[0.980s] Installing publisher_test script to /home/abood/ros2_test/install/my_py_pkg/lib/my_py_pkg
[0.980s] Installing py_node script to /home/abood/ros2_test/install/my_py_pkg/lib/my_py_pkg
[0.980s] Installing reset_counter_client script to /home/abood/ros2_test/install/my_py_pkg/lib/my_py_pkg
[0.980s] Installing subsrciber_test script to /home/abood/ros2_test/install/my_py_pkg/lib/my_py_pkg
[0.981s] writing list of installed files to '/home/abood/ros2_test/build/my_py_pkg/install.log'
[1.005s] Invoked command in '/home/abood/ros2_test/src/my_py_pkg' returned '0': CMAKE_PREFIX_PATH=/home/abood/ros2_test/install/my_interfaces:/home/abood/ros2_test/install/my_robot_bringup:/home/abood/ros2_test/install/my_cpp_pkg PYTHONPATH=/home/abood/ros2_test/build/my_py_pkg/prefix_override:/usr/lib/python3/dist-packages/colcon_core/task/python/colcon_distutils_commands:/home/abood/ros2_test/install/my_py_pkg/lib/python3.10/site-packages:${PYTHONPATH} /usr/bin/python3 -W ignore:setup.py install is deprecated -W ignore:easy_install command is deprecated setup.py egg_info --egg-base ../../build/my_py_pkg build --build-base /home/abood/ros2_test/build/my_py_pkg/build install --record /home/abood/ros2_test/build/my_py_pkg/install.log --single-version-externally-managed install_data
