[0.078s] DEBUG:colcon:Command line arguments: ['/usr/bin/colcon', 'build']
[0.079s] DEBUG:colcon:Parsed command line arguments: Namespace(log_base=None, log_level=None, verb_name='build', build_base='build', install_base='install', merge_install=False, symlink_install=False, test_result_base=None, continue_on_error=False, executor='parallel', parallel_workers=16, event_handlers=None, ignore_user_meta=False, metas=['./colcon.meta'], base_paths=['.'], packages_ignore=None, packages_ignore_regex=None, paths=None, packages_up_to=None, packages_up_to_regex=None, packages_above=None, packages_above_and_dependencies=None, packages_above_depth=None, packages_select_by_dep=None, packages_skip_by_dep=None, packages_skip_up_to=None, packages_select_build_failed=False, packages_skip_build_finished=False, packages_select_test_failures=False, packages_skip_test_passed=False, packages_select=None, packages_skip=None, packages_select_regex=None, packages_skip_regex=None, packages_start=None, packages_end=None, allow_overriding=[], cmake_args=None, cmake_target=None, cmake_target_skip_unavailable=False, cmake_clean_cache=False, cmake_clean_first=False, cmake_force_configure=False, ament_cmake_args=None, catkin_cmake_args=None, catkin_skip_building_tests=False, mixin_files=None, mixin=None, verb_parser=<colcon_mixin.mixin.mixin_argument.MixinArgumentDecorator object at 0x7e49bc05fd90>, verb_extension=<colcon_core.verb.build.BuildVerb object at 0x7e49bc05efe0>, main=<bound method BuildVerb.main of <colcon_core.verb.build.BuildVerb object at 0x7e49bc05efe0>>, mixin_verb=('build',))
[0.204s] Level 1:colcon.colcon_core.package_discovery:discover_packages(colcon_meta) check parameters
[0.204s] Level 1:colcon.colcon_core.package_discovery:discover_packages(recursive) check parameters
[0.204s] Level 1:colcon.colcon_core.package_discovery:discover_packages(ignore) check parameters
[0.205s] Level 1:colcon.colcon_core.package_discovery:discover_packages(path) check parameters
[0.205s] Level 1:colcon.colcon_core.package_discovery:discover_packages(colcon_meta) discover
[0.205s] Level 1:colcon.colcon_core.package_discovery:discover_packages(recursive) discover
[0.205s] INFO:colcon.colcon_core.package_discovery:Crawling recursively for packages in '/home/abood/ros2_test'
[0.205s] Level 1:colcon.colcon_core.package_identification:_identify(.) by extensions ['ignore', 'ignore_ament_install']
[0.205s] Level 1:colcon.colcon_core.package_identification:_identify(.) by extension 'ignore'
[0.205s] Level 1:colcon.colcon_core.package_identification:_identify(.) by extension 'ignore_ament_install'
[0.205s] Level 1:colcon.colcon_core.package_identification:_identify(.) by extensions ['colcon_pkg']
[0.205s] Level 1:colcon.colcon_core.package_identification:_identify(.) by extension 'colcon_pkg'
[0.205s] Level 1:colcon.colcon_core.package_identification:_identify(.) by extensions ['colcon_meta']
[0.205s] Level 1:colcon.colcon_core.package_identification:_identify(.) by extension 'colcon_meta'
[0.205s] Level 1:colcon.colcon_core.package_identification:_identify(.) by extensions ['ros']
[0.205s] Level 1:colcon.colcon_core.package_identification:_identify(.) by extension 'ros'
[0.212s] Level 1:colcon.colcon_core.package_identification:_identify(.) by extensions ['cmake', 'python']
[0.212s] Level 1:colcon.colcon_core.package_identification:_identify(.) by extension 'cmake'
[0.213s] Level 1:colcon.colcon_core.package_identification:_identify(.) by extension 'python'
[0.213s] Level 1:colcon.colcon_core.package_identification:_identify(.) by extensions ['python_setup_py']
[0.213s] Level 1:colcon.colcon_core.package_identification:_identify(.) by extension 'python_setup_py'
[0.213s] Level 1:colcon.colcon_core.package_identification:_identify(build) by extensions ['ignore', 'ignore_ament_install']
[0.213s] Level 1:colcon.colcon_core.package_identification:_identify(build) by extension 'ignore'
[0.213s] Level 1:colcon.colcon_core.package_identification:_identify(build) ignored
[0.213s] Level 1:colcon.colcon_core.package_identification:_identify(install) by extensions ['ignore', 'ignore_ament_install']
[0.213s] Level 1:colcon.colcon_core.package_identification:_identify(install) by extension 'ignore'
[0.213s] Level 1:colcon.colcon_core.package_identification:_identify(install) ignored
[0.213s] Level 1:colcon.colcon_core.package_identification:_identify(log) by extensions ['ignore', 'ignore_ament_install']
[0.213s] Level 1:colcon.colcon_core.package_identification:_identify(log) by extension 'ignore'
[0.213s] Level 1:colcon.colcon_core.package_identification:_identify(log) ignored
[0.213s] Level 1:colcon.colcon_core.package_identification:_identify(src) by extensions ['ignore', 'ignore_ament_install']
[0.213s] Level 1:colcon.colcon_core.package_identification:_identify(src) by extension 'ignore'
[0.213s] Level 1:colcon.colcon_core.package_identification:_identify(src) by extension 'ignore_ament_install'
[0.213s] Level 1:colcon.colcon_core.package_identification:_identify(src) by extensions ['colcon_pkg']
[0.213s] Level 1:colcon.colcon_core.package_identification:_identify(src) by extension 'colcon_pkg'
[0.213s] Level 1:colcon.colcon_core.package_identification:_identify(src) by extensions ['colcon_meta']
[0.213s] Level 1:colcon.colcon_core.package_identification:_identify(src) by extension 'colcon_meta'
[0.213s] Level 1:colcon.colcon_core.package_identification:_identify(src) by extensions ['ros']
[0.213s] Level 1:colcon.colcon_core.package_identification:_identify(src) by extension 'ros'
[0.213s] Level 1:colcon.colcon_core.package_identification:_identify(src) by extensions ['cmake', 'python']
[0.213s] Level 1:colcon.colcon_core.package_identification:_identify(src) by extension 'cmake'
[0.213s] Level 1:colcon.colcon_core.package_identification:_identify(src) by extension 'python'
[0.213s] Level 1:colcon.colcon_core.package_identification:_identify(src) by extensions ['python_setup_py']
[0.213s] Level 1:colcon.colcon_core.package_identification:_identify(src) by extension 'python_setup_py'
[0.214s] Level 1:colcon.colcon_core.package_identification:_identify(src/my_cpp_pkg) by extensions ['ignore', 'ignore_ament_install']
[0.214s] Level 1:colcon.colcon_core.package_identification:_identify(src/my_cpp_pkg) by extension 'ignore'
[0.214s] Level 1:colcon.colcon_core.package_identification:_identify(src/my_cpp_pkg) by extension 'ignore_ament_install'
[0.214s] Level 1:colcon.colcon_core.package_identification:_identify(src/my_cpp_pkg) by extensions ['colcon_pkg']
[0.214s] Level 1:colcon.colcon_core.package_identification:_identify(src/my_cpp_pkg) by extension 'colcon_pkg'
[0.214s] Level 1:colcon.colcon_core.package_identification:_identify(src/my_cpp_pkg) by extensions ['colcon_meta']
[0.214s] Level 1:colcon.colcon_core.package_identification:_identify(src/my_cpp_pkg) by extension 'colcon_meta'
[0.214s] Level 1:colcon.colcon_core.package_identification:_identify(src/my_cpp_pkg) by extensions ['ros']
[0.214s] Level 1:colcon.colcon_core.package_identification:_identify(src/my_cpp_pkg) by extension 'ros'
[0.216s] DEBUG:colcon.colcon_core.package_identification:Package 'src/my_cpp_pkg' with type 'ros.ament_cmake' and name 'my_cpp_pkg'
[0.216s] Level 1:colcon.colcon_core.package_identification:_identify(src/my_interfaces) by extensions ['ignore', 'ignore_ament_install']
[0.216s] Level 1:colcon.colcon_core.package_identification:_identify(src/my_interfaces) by extension 'ignore'
[0.216s] Level 1:colcon.colcon_core.package_identification:_identify(src/my_interfaces) by extension 'ignore_ament_install'
[0.216s] Level 1:colcon.colcon_core.package_identification:_identify(src/my_interfaces) by extensions ['colcon_pkg']
[0.216s] Level 1:colcon.colcon_core.package_identification:_identify(src/my_interfaces) by extension 'colcon_pkg'
[0.216s] Level 1:colcon.colcon_core.package_identification:_identify(src/my_interfaces) by extensions ['colcon_meta']
[0.216s] Level 1:colcon.colcon_core.package_identification:_identify(src/my_interfaces) by extension 'colcon_meta'
[0.216s] Level 1:colcon.colcon_core.package_identification:_identify(src/my_interfaces) by extensions ['ros']
[0.216s] Level 1:colcon.colcon_core.package_identification:_identify(src/my_interfaces) by extension 'ros'
[0.222s] DEBUG:colcon.colcon_core.package_identification:Package 'src/my_interfaces' with type 'ros.ament_cmake' and name 'my_interfaces'
[0.222s] Level 1:colcon.colcon_core.package_identification:_identify(src/my_py_pkg) by extensions ['ignore', 'ignore_ament_install']
[0.222s] Level 1:colcon.colcon_core.package_identification:_identify(src/my_py_pkg) by extension 'ignore'
[0.222s] Level 1:colcon.colcon_core.package_identification:_identify(src/my_py_pkg) by extension 'ignore_ament_install'
[0.222s] Level 1:colcon.colcon_core.package_identification:_identify(src/my_py_pkg) by extensions ['colcon_pkg']
[0.222s] Level 1:colcon.colcon_core.package_identification:_identify(src/my_py_pkg) by extension 'colcon_pkg'
[0.222s] Level 1:colcon.colcon_core.package_identification:_identify(src/my_py_pkg) by extensions ['colcon_meta']
[0.222s] Level 1:colcon.colcon_core.package_identification:_identify(src/my_py_pkg) by extension 'colcon_meta'
[0.222s] Level 1:colcon.colcon_core.package_identification:_identify(src/my_py_pkg) by extensions ['ros']
[0.222s] Level 1:colcon.colcon_core.package_identification:_identify(src/my_py_pkg) by extension 'ros'
[0.223s] DEBUG:colcon.colcon_core.package_identification:Package 'src/my_py_pkg' with type 'ros.ament_python' and name 'my_py_pkg'
[0.223s] Level 1:colcon.colcon_core.package_identification:_identify(src/my_robot_bringup) by extensions ['ignore', 'ignore_ament_install']
[0.223s] Level 1:colcon.colcon_core.package_identification:_identify(src/my_robot_bringup) by extension 'ignore'
[0.223s] Level 1:colcon.colcon_core.package_identification:_identify(src/my_robot_bringup) by extension 'ignore_ament_install'
[0.223s] Level 1:colcon.colcon_core.package_identification:_identify(src/my_robot_bringup) by extensions ['colcon_pkg']
[0.223s] Level 1:colcon.colcon_core.package_identification:_identify(src/my_robot_bringup) by extension 'colcon_pkg'
[0.223s] Level 1:colcon.colcon_core.package_identification:_identify(src/my_robot_bringup) by extensions ['colcon_meta']
[0.223s] Level 1:colcon.colcon_core.package_identification:_identify(src/my_robot_bringup) by extension 'colcon_meta'
[0.223s] Level 1:colcon.colcon_core.package_identification:_identify(src/my_robot_bringup) by extensions ['ros']
[0.223s] Level 1:colcon.colcon_core.package_identification:_identify(src/my_robot_bringup) by extension 'ros'
[0.223s] DEBUG:colcon.colcon_core.package_identification:Package 'src/my_robot_bringup' with type 'ros.ament_cmake' and name 'my_robot_bringup'
[0.223s] Level 1:colcon.colcon_core.package_identification:_identify(src/turtlesim_catch_them_all) by extensions ['ignore', 'ignore_ament_install']
[0.223s] Level 1:colcon.colcon_core.package_identification:_identify(src/turtlesim_catch_them_all) by extension 'ignore'
[0.223s] Level 1:colcon.colcon_core.package_identification:_identify(src/turtlesim_catch_them_all) by extension 'ignore_ament_install'
[0.223s] Level 1:colcon.colcon_core.package_identification:_identify(src/turtlesim_catch_them_all) by extensions ['colcon_pkg']
[0.223s] Level 1:colcon.colcon_core.package_identification:_identify(src/turtlesim_catch_them_all) by extension 'colcon_pkg'
[0.223s] Level 1:colcon.colcon_core.package_identification:_identify(src/turtlesim_catch_them_all) by extensions ['colcon_meta']
[0.223s] Level 1:colcon.colcon_core.package_identification:_identify(src/turtlesim_catch_them_all) by extension 'colcon_meta'
[0.223s] Level 1:colcon.colcon_core.package_identification:_identify(src/turtlesim_catch_them_all) by extensions ['ros']
[0.223s] Level 1:colcon.colcon_core.package_identification:_identify(src/turtlesim_catch_them_all) by extension 'ros'
[0.224s] DEBUG:colcon.colcon_core.package_identification:Package 'src/turtlesim_catch_them_all' with type 'ros.ament_python' and name 'turtlesim_catch_them_all'
[0.224s] Level 1:colcon.colcon_core.package_discovery:discover_packages(recursive) using defaults
[0.224s] Level 1:colcon.colcon_core.package_discovery:discover_packages(ignore) discover
[0.224s] Level 1:colcon.colcon_core.package_discovery:discover_packages(ignore) using defaults
[0.224s] Level 1:colcon.colcon_core.package_discovery:discover_packages(path) discover
[0.224s] Level 1:colcon.colcon_core.package_discovery:discover_packages(path) using defaults
[0.238s] Level 1:colcon.colcon_core.package_discovery:discover_packages(prefix_path) check parameters
[0.238s] Level 1:colcon.colcon_core.package_discovery:discover_packages(prefix_path) discover
[0.239s] DEBUG:colcon.colcon_installed_package_information.package_discovery:Found 5 installed packages in /home/abood/ros2_test/install
[0.240s] DEBUG:colcon.colcon_installed_package_information.package_discovery:Found 475 installed packages in /opt/ros/humble
[0.243s] Level 1:colcon.colcon_core.package_discovery:discover_packages(prefix_path) using defaults
[0.281s] Level 5:colcon.colcon_core.verb:set package 'my_cpp_pkg' build argument 'cmake_args' from command line to 'None'
[0.281s] Level 5:colcon.colcon_core.verb:set package 'my_cpp_pkg' build argument 'cmake_target' from command line to 'None'
[0.281s] Level 5:colcon.colcon_core.verb:set package 'my_cpp_pkg' build argument 'cmake_target_skip_unavailable' from command line to 'False'
[0.281s] Level 5:colcon.colcon_core.verb:set package 'my_cpp_pkg' build argument 'cmake_clean_cache' from command line to 'False'
[0.281s] Level 5:colcon.colcon_core.verb:set package 'my_cpp_pkg' build argument 'cmake_clean_first' from command line to 'False'
[0.281s] Level 5:colcon.colcon_core.verb:set package 'my_cpp_pkg' build argument 'cmake_force_configure' from command line to 'False'
[0.281s] Level 5:colcon.colcon_core.verb:set package 'my_cpp_pkg' build argument 'ament_cmake_args' from command line to 'None'
[0.281s] Level 5:colcon.colcon_core.verb:set package 'my_cpp_pkg' build argument 'catkin_cmake_args' from command line to 'None'
[0.281s] Level 5:colcon.colcon_core.verb:set package 'my_cpp_pkg' build argument 'catkin_skip_building_tests' from command line to 'False'
[0.281s] DEBUG:colcon.colcon_core.verb:Building package 'my_cpp_pkg' with the following arguments: {'ament_cmake_args': None, 'build_base': '/home/abood/ros2_test/build/my_cpp_pkg', 'catkin_cmake_args': None, 'catkin_skip_building_tests': False, 'cmake_args': None, 'cmake_clean_cache': False, 'cmake_clean_first': False, 'cmake_force_configure': False, 'cmake_target': None, 'cmake_target_skip_unavailable': False, 'install_base': '/home/abood/ros2_test/install/my_cpp_pkg', 'merge_install': False, 'path': '/home/abood/ros2_test/src/my_cpp_pkg', 'symlink_install': False, 'test_result_base': None}
[0.281s] Level 5:colcon.colcon_core.verb:set package 'my_interfaces' build argument 'cmake_args' from command line to 'None'
[0.281s] Level 5:colcon.colcon_core.verb:set package 'my_interfaces' build argument 'cmake_target' from command line to 'None'
[0.281s] Level 5:colcon.colcon_core.verb:set package 'my_interfaces' build argument 'cmake_target_skip_unavailable' from command line to 'False'
[0.281s] Level 5:colcon.colcon_core.verb:set package 'my_interfaces' build argument 'cmake_clean_cache' from command line to 'False'
[0.281s] Level 5:colcon.colcon_core.verb:set package 'my_interfaces' build argument 'cmake_clean_first' from command line to 'False'
[0.281s] Level 5:colcon.colcon_core.verb:set package 'my_interfaces' build argument 'cmake_force_configure' from command line to 'False'
[0.281s] Level 5:colcon.colcon_core.verb:set package 'my_interfaces' build argument 'ament_cmake_args' from command line to 'None'
[0.281s] Level 5:colcon.colcon_core.verb:set package 'my_interfaces' build argument 'catkin_cmake_args' from command line to 'None'
[0.281s] Level 5:colcon.colcon_core.verb:set package 'my_interfaces' build argument 'catkin_skip_building_tests' from command line to 'False'
[0.281s] DEBUG:colcon.colcon_core.verb:Building package 'my_interfaces' with the following arguments: {'ament_cmake_args': None, 'build_base': '/home/abood/ros2_test/build/my_interfaces', 'catkin_cmake_args': None, 'catkin_skip_building_tests': False, 'cmake_args': None, 'cmake_clean_cache': False, 'cmake_clean_first': False, 'cmake_force_configure': False, 'cmake_target': None, 'cmake_target_skip_unavailable': False, 'install_base': '/home/abood/ros2_test/install/my_interfaces', 'merge_install': False, 'path': '/home/abood/ros2_test/src/my_interfaces', 'symlink_install': False, 'test_result_base': None}
[0.281s] Level 5:colcon.colcon_core.verb:set package 'turtlesim_catch_them_all' build argument 'cmake_args' from command line to 'None'
[0.282s] Level 5:colcon.colcon_core.verb:set package 'turtlesim_catch_them_all' build argument 'cmake_target' from command line to 'None'
[0.282s] Level 5:colcon.colcon_core.verb:set package 'turtlesim_catch_them_all' build argument 'cmake_target_skip_unavailable' from command line to 'False'
[0.282s] Level 5:colcon.colcon_core.verb:set package 'turtlesim_catch_them_all' build argument 'cmake_clean_cache' from command line to 'False'
[0.282s] Level 5:colcon.colcon_core.verb:set package 'turtlesim_catch_them_all' build argument 'cmake_clean_first' from command line to 'False'
[0.282s] Level 5:colcon.colcon_core.verb:set package 'turtlesim_catch_them_all' build argument 'cmake_force_configure' from command line to 'False'
[0.282s] Level 5:colcon.colcon_core.verb:set package 'turtlesim_catch_them_all' build argument 'ament_cmake_args' from command line to 'None'
[0.282s] Level 5:colcon.colcon_core.verb:set package 'turtlesim_catch_them_all' build argument 'catkin_cmake_args' from command line to 'None'
[0.282s] Level 5:colcon.colcon_core.verb:set package 'turtlesim_catch_them_all' build argument 'catkin_skip_building_tests' from command line to 'False'
[0.282s] DEBUG:colcon.colcon_core.verb:Building package 'turtlesim_catch_them_all' with the following arguments: {'ament_cmake_args': None, 'build_base': '/home/abood/ros2_test/build/turtlesim_catch_them_all', 'catkin_cmake_args': None, 'catkin_skip_building_tests': False, 'cmake_args': None, 'cmake_clean_cache': False, 'cmake_clean_first': False, 'cmake_force_configure': False, 'cmake_target': None, 'cmake_target_skip_unavailable': False, 'install_base': '/home/abood/ros2_test/install/turtlesim_catch_them_all', 'merge_install': False, 'path': '/home/abood/ros2_test/src/turtlesim_catch_them_all', 'symlink_install': False, 'test_result_base': None}
[0.282s] Level 5:colcon.colcon_core.verb:set package 'my_py_pkg' build argument 'cmake_args' from command line to 'None'
[0.282s] Level 5:colcon.colcon_core.verb:set package 'my_py_pkg' build argument 'cmake_target' from command line to 'None'
[0.282s] Level 5:colcon.colcon_core.verb:set package 'my_py_pkg' build argument 'cmake_target_skip_unavailable' from command line to 'False'
[0.282s] Level 5:colcon.colcon_core.verb:set package 'my_py_pkg' build argument 'cmake_clean_cache' from command line to 'False'
[0.282s] Level 5:colcon.colcon_core.verb:set package 'my_py_pkg' build argument 'cmake_clean_first' from command line to 'False'
[0.282s] Level 5:colcon.colcon_core.verb:set package 'my_py_pkg' build argument 'cmake_force_configure' from command line to 'False'
[0.282s] Level 5:colcon.colcon_core.verb:set package 'my_py_pkg' build argument 'ament_cmake_args' from command line to 'None'
[0.282s] Level 5:colcon.colcon_core.verb:set package 'my_py_pkg' build argument 'catkin_cmake_args' from command line to 'None'
[0.282s] Level 5:colcon.colcon_core.verb:set package 'my_py_pkg' build argument 'catkin_skip_building_tests' from command line to 'False'
[0.282s] DEBUG:colcon.colcon_core.verb:Building package 'my_py_pkg' with the following arguments: {'ament_cmake_args': None, 'build_base': '/home/abood/ros2_test/build/my_py_pkg', 'catkin_cmake_args': None, 'catkin_skip_building_tests': False, 'cmake_args': None, 'cmake_clean_cache': False, 'cmake_clean_first': False, 'cmake_force_configure': False, 'cmake_target': None, 'cmake_target_skip_unavailable': False, 'install_base': '/home/abood/ros2_test/install/my_py_pkg', 'merge_install': False, 'path': '/home/abood/ros2_test/src/my_py_pkg', 'symlink_install': False, 'test_result_base': None}
[0.282s] Level 5:colcon.colcon_core.verb:set package 'my_robot_bringup' build argument 'cmake_args' from command line to 'None'
[0.282s] Level 5:colcon.colcon_core.verb:set package 'my_robot_bringup' build argument 'cmake_target' from command line to 'None'
[0.282s] Level 5:colcon.colcon_core.verb:set package 'my_robot_bringup' build argument 'cmake_target_skip_unavailable' from command line to 'False'
[0.282s] Level 5:colcon.colcon_core.verb:set package 'my_robot_bringup' build argument 'cmake_clean_cache' from command line to 'False'
[0.282s] Level 5:colcon.colcon_core.verb:set package 'my_robot_bringup' build argument 'cmake_clean_first' from command line to 'False'
[0.282s] Level 5:colcon.colcon_core.verb:set package 'my_robot_bringup' build argument 'cmake_force_configure' from command line to 'False'
[0.282s] Level 5:colcon.colcon_core.verb:set package 'my_robot_bringup' build argument 'ament_cmake_args' from command line to 'None'
[0.282s] Level 5:colcon.colcon_core.verb:set package 'my_robot_bringup' build argument 'catkin_cmake_args' from command line to 'None'
[0.282s] Level 5:colcon.colcon_core.verb:set package 'my_robot_bringup' build argument 'catkin_skip_building_tests' from command line to 'False'
[0.282s] DEBUG:colcon.colcon_core.verb:Building package 'my_robot_bringup' with the following arguments: {'ament_cmake_args': None, 'build_base': '/home/abood/ros2_test/build/my_robot_bringup', 'catkin_cmake_args': None, 'catkin_skip_building_tests': False, 'cmake_args': None, 'cmake_clean_cache': False, 'cmake_clean_first': False, 'cmake_force_configure': False, 'cmake_target': None, 'cmake_target_skip_unavailable': False, 'install_base': '/home/abood/ros2_test/install/my_robot_bringup', 'merge_install': False, 'path': '/home/abood/ros2_test/src/my_robot_bringup', 'symlink_install': False, 'test_result_base': None}
[0.282s] INFO:colcon.colcon_core.executor:Executing jobs using 'parallel' executor
[0.283s] DEBUG:colcon.colcon_parallel_executor.executor.parallel:run_until_complete
[0.283s] INFO:colcon.colcon_ros.task.ament_cmake.build:Building ROS package in '/home/abood/ros2_test/src/my_interfaces' with build type 'ament_cmake'
[0.283s] INFO:colcon.colcon_cmake.task.cmake.build:Building CMake package in '/home/abood/ros2_test/src/my_interfaces'
[0.285s] INFO:colcon.colcon_core.plugin_system:Skipping extension 'colcon_core.shell.bat': Not used on non-Windows systems
[0.285s] INFO:colcon.colcon_core.shell:Skip shell extension 'powershell' for command environment: Not usable outside of PowerShell
[0.285s] DEBUG:colcon.colcon_core.shell:Skip shell extension 'dsv' for command environment
[0.289s] INFO:colcon.colcon_ros.task.ament_cmake.build:Building ROS package in '/home/abood/ros2_test/src/my_cpp_pkg' with build type 'ament_cmake'
[0.289s] INFO:colcon.colcon_cmake.task.cmake.build:Building CMake package in '/home/abood/ros2_test/src/my_cpp_pkg'
[0.289s] INFO:colcon.colcon_core.shell:Skip shell extension 'powershell' for command environment: Not usable outside of PowerShell
[0.289s] DEBUG:colcon.colcon_core.shell:Skip shell extension 'dsv' for command environment
[0.292s] INFO:colcon.colcon_ros.task.ament_python.build:Building ROS package in '/home/abood/ros2_test/src/turtlesim_catch_them_all' with build type 'ament_python'
[0.292s] Level 1:colcon.colcon_core.shell:create_environment_hook('turtlesim_catch_them_all', 'ament_prefix_path')
[0.292s] INFO:colcon.colcon_core.shell:Creating environment hook '/home/abood/ros2_test/install/turtlesim_catch_them_all/share/turtlesim_catch_them_all/hook/ament_prefix_path.ps1'
[0.293s] INFO:colcon.colcon_core.shell:Creating environment descriptor '/home/abood/ros2_test/install/turtlesim_catch_them_all/share/turtlesim_catch_them_all/hook/ament_prefix_path.dsv'
[0.293s] INFO:colcon.colcon_core.shell:Creating environment hook '/home/abood/ros2_test/install/turtlesim_catch_them_all/share/turtlesim_catch_them_all/hook/ament_prefix_path.sh'
[0.294s] INFO:colcon.colcon_core.shell:Skip shell extension 'powershell' for command environment: Not usable outside of PowerShell
[0.294s] DEBUG:colcon.colcon_core.shell:Skip shell extension 'dsv' for command environment
[0.302s] DEBUG:colcon.colcon_core.event_handler.log_command:Invoking command in '/home/abood/ros2_test/build/my_interfaces': CMAKE_PREFIX_PATH=${CMAKE_PREFIX_PATH}:/home/abood/ros2_test/install/turtlesim_catch_them_all:/home/abood/ros2_test/install/my_py_pkg:/opt/ros/humble /usr/bin/cmake --build /home/abood/ros2_test/build/my_interfaces -- -j16 -l16
[0.304s] DEBUG:colcon.colcon_core.event_handler.log_command:Invoking command in '/home/abood/ros2_test/build/my_cpp_pkg': CMAKE_PREFIX_PATH=${CMAKE_PREFIX_PATH}:/home/abood/ros2_test/install/turtlesim_catch_them_all:/home/abood/ros2_test/install/my_py_pkg:/opt/ros/humble /usr/bin/cmake --build /home/abood/ros2_test/build/my_cpp_pkg -- -j16 -l16
[0.549s] INFO:colcon.colcon_core.task.python.build:Building Python package in '/home/abood/ros2_test/src/turtlesim_catch_them_all'
[0.549s] INFO:colcon.colcon_core.shell:Skip shell extension 'powershell' for command environment: Not usable outside of PowerShell
[0.549s] DEBUG:colcon.colcon_core.shell:Skip shell extension 'dsv' for command environment
[0.555s] DEBUG:colcon.colcon_core.event_handler.log_command:Invoked command in '/home/abood/ros2_test/build/my_cpp_pkg' returned '0': CMAKE_PREFIX_PATH=${CMAKE_PREFIX_PATH}:/home/abood/ros2_test/install/turtlesim_catch_them_all:/home/abood/ros2_test/install/my_py_pkg:/opt/ros/humble /usr/bin/cmake --build /home/abood/ros2_test/build/my_cpp_pkg -- -j16 -l16
[0.566s] DEBUG:colcon.colcon_core.event_handler.log_command:Invoking command in '/home/abood/ros2_test/build/my_cpp_pkg': CMAKE_PREFIX_PATH=${CMAKE_PREFIX_PATH}:/home/abood/ros2_test/install/turtlesim_catch_them_all:/home/abood/ros2_test/install/my_py_pkg:/opt/ros/humble /usr/bin/cmake --install /home/abood/ros2_test/build/my_cpp_pkg
[0.575s] Level 1:colcon.colcon_core.environment:create_environment_scripts_only(my_cpp_pkg)
[0.576s] DEBUG:colcon.colcon_core.event_handler.log_command:Invoked command in '/home/abood/ros2_test/build/my_cpp_pkg' returned '0': CMAKE_PREFIX_PATH=${CMAKE_PREFIX_PATH}:/home/abood/ros2_test/install/turtlesim_catch_them_all:/home/abood/ros2_test/install/my_py_pkg:/opt/ros/humble /usr/bin/cmake --install /home/abood/ros2_test/build/my_cpp_pkg
[0.578s] Level 1:colcon.colcon_core.environment:checking '/home/abood/ros2_test/install/my_cpp_pkg' for CMake module files
[0.578s] Level 1:colcon.colcon_core.environment:checking '/home/abood/ros2_test/install/my_cpp_pkg' for CMake config files
[0.578s] Level 1:colcon.colcon_core.shell:create_environment_hook('my_cpp_pkg', 'cmake_prefix_path')
[0.578s] INFO:colcon.colcon_core.shell:Creating environment hook '/home/abood/ros2_test/install/my_cpp_pkg/share/my_cpp_pkg/hook/cmake_prefix_path.ps1'
[0.579s] INFO:colcon.colcon_core.shell:Creating environment descriptor '/home/abood/ros2_test/install/my_cpp_pkg/share/my_cpp_pkg/hook/cmake_prefix_path.dsv'
[0.579s] INFO:colcon.colcon_core.shell:Creating environment hook '/home/abood/ros2_test/install/my_cpp_pkg/share/my_cpp_pkg/hook/cmake_prefix_path.sh'
[0.580s] Level 1:colcon.colcon_core.environment:checking '/home/abood/ros2_test/install/my_cpp_pkg/lib'
[0.580s] Level 1:colcon.colcon_core.environment:checking '/home/abood/ros2_test/install/my_cpp_pkg/bin'
[0.580s] Level 1:colcon.colcon_core.environment:checking '/home/abood/ros2_test/install/my_cpp_pkg/lib/pkgconfig/my_cpp_pkg.pc'
[0.580s] Level 1:colcon.colcon_core.environment:checking '/home/abood/ros2_test/install/my_cpp_pkg/lib/python3.10/site-packages'
[0.580s] Level 1:colcon.colcon_core.environment:checking '/home/abood/ros2_test/install/my_cpp_pkg/bin'
[0.581s] INFO:colcon.colcon_core.shell:Creating package script '/home/abood/ros2_test/install/my_cpp_pkg/share/my_cpp_pkg/package.ps1'
[0.581s] INFO:colcon.colcon_core.shell:Creating package descriptor '/home/abood/ros2_test/install/my_cpp_pkg/share/my_cpp_pkg/package.dsv'
[0.582s] INFO:colcon.colcon_core.shell:Creating package script '/home/abood/ros2_test/install/my_cpp_pkg/share/my_cpp_pkg/package.sh'
[0.582s] INFO:colcon.colcon_core.shell:Creating package script '/home/abood/ros2_test/install/my_cpp_pkg/share/my_cpp_pkg/package.bash'
[0.583s] INFO:colcon.colcon_core.shell:Creating package script '/home/abood/ros2_test/install/my_cpp_pkg/share/my_cpp_pkg/package.zsh'
[0.584s] Level 1:colcon.colcon_core.environment:create_file_with_runtime_dependencies(/home/abood/ros2_test/install/my_cpp_pkg/share/colcon-core/packages/my_cpp_pkg)
[0.585s] Level 1:colcon.colcon_core.environment:create_environment_scripts_only(my_cpp_pkg)
[0.585s] Level 1:colcon.colcon_core.environment:checking '/home/abood/ros2_test/install/my_cpp_pkg' for CMake module files
[0.585s] Level 1:colcon.colcon_core.environment:checking '/home/abood/ros2_test/install/my_cpp_pkg' for CMake config files
[0.585s] Level 1:colcon.colcon_core.shell:create_environment_hook('my_cpp_pkg', 'cmake_prefix_path')
[0.585s] INFO:colcon.colcon_core.shell:Creating environment hook '/home/abood/ros2_test/install/my_cpp_pkg/share/my_cpp_pkg/hook/cmake_prefix_path.ps1'
[0.586s] INFO:colcon.colcon_core.shell:Creating environment descriptor '/home/abood/ros2_test/install/my_cpp_pkg/share/my_cpp_pkg/hook/cmake_prefix_path.dsv'
[0.586s] INFO:colcon.colcon_core.shell:Creating environment hook '/home/abood/ros2_test/install/my_cpp_pkg/share/my_cpp_pkg/hook/cmake_prefix_path.sh'
[0.587s] Level 1:colcon.colcon_core.environment:checking '/home/abood/ros2_test/install/my_cpp_pkg/lib'
[0.587s] Level 1:colcon.colcon_core.environment:checking '/home/abood/ros2_test/install/my_cpp_pkg/bin'
[0.587s] Level 1:colcon.colcon_core.environment:checking '/home/abood/ros2_test/install/my_cpp_pkg/lib/pkgconfig/my_cpp_pkg.pc'
[0.587s] Level 1:colcon.colcon_core.environment:checking '/home/abood/ros2_test/install/my_cpp_pkg/lib/python3.10/site-packages'
[0.587s] Level 1:colcon.colcon_core.environment:checking '/home/abood/ros2_test/install/my_cpp_pkg/bin'
[0.588s] INFO:colcon.colcon_core.shell:Creating package script '/home/abood/ros2_test/install/my_cpp_pkg/share/my_cpp_pkg/package.ps1'
[0.588s] INFO:colcon.colcon_core.shell:Creating package descriptor '/home/abood/ros2_test/install/my_cpp_pkg/share/my_cpp_pkg/package.dsv'
[0.588s] INFO:colcon.colcon_core.shell:Creating package script '/home/abood/ros2_test/install/my_cpp_pkg/share/my_cpp_pkg/package.sh'
[0.589s] INFO:colcon.colcon_core.shell:Creating package script '/home/abood/ros2_test/install/my_cpp_pkg/share/my_cpp_pkg/package.bash'
[0.589s] INFO:colcon.colcon_core.shell:Creating package script '/home/abood/ros2_test/install/my_cpp_pkg/share/my_cpp_pkg/package.zsh'
[0.589s] Level 1:colcon.colcon_core.environment:create_file_with_runtime_dependencies(/home/abood/ros2_test/install/my_cpp_pkg/share/colcon-core/packages/my_cpp_pkg)
[0.898s] DEBUG:colcon.colcon_core.event_handler.log_command:Invoking command in '/home/abood/ros2_test/src/turtlesim_catch_them_all': PYTHONPATH=/home/abood/ros2_test/build/turtlesim_catch_them_all/prefix_override:/usr/lib/python3/dist-packages/colcon_core/task/python/colcon_distutils_commands:/home/abood/ros2_test/install/turtlesim_catch_them_all/lib/python3.10/site-packages:${PYTHONPATH} /usr/bin/python3 -W ignore:setup.py install is deprecated -W ignore:easy_install command is deprecated setup.py egg_info --egg-base ../../build/turtlesim_catch_them_all build --build-base /home/abood/ros2_test/build/turtlesim_catch_them_all/build install --record /home/abood/ros2_test/build/turtlesim_catch_them_all/install.log --single-version-externally-managed install_data
[1.173s] Level 1:colcon.colcon_core.environment:checking '/home/abood/ros2_test/install/turtlesim_catch_them_all' for CMake module files
[1.174s] DEBUG:colcon.colcon_core.event_handler.log_command:Invoked command in '/home/abood/ros2_test/src/turtlesim_catch_them_all' returned '0': PYTHONPATH=/home/abood/ros2_test/build/turtlesim_catch_them_all/prefix_override:/usr/lib/python3/dist-packages/colcon_core/task/python/colcon_distutils_commands:/home/abood/ros2_test/install/turtlesim_catch_them_all/lib/python3.10/site-packages:${PYTHONPATH} /usr/bin/python3 -W ignore:setup.py install is deprecated -W ignore:easy_install command is deprecated setup.py egg_info --egg-base ../../build/turtlesim_catch_them_all build --build-base /home/abood/ros2_test/build/turtlesim_catch_them_all/build install --record /home/abood/ros2_test/build/turtlesim_catch_them_all/install.log --single-version-externally-managed install_data
[1.174s] Level 1:colcon.colcon_core.environment:checking '/home/abood/ros2_test/install/turtlesim_catch_them_all' for CMake config files
[1.175s] Level 1:colcon.colcon_core.environment:checking '/home/abood/ros2_test/install/turtlesim_catch_them_all/lib'
[1.175s] Level 1:colcon.colcon_core.environment:checking '/home/abood/ros2_test/install/turtlesim_catch_them_all/bin'
[1.175s] Level 1:colcon.colcon_core.environment:checking '/home/abood/ros2_test/install/turtlesim_catch_them_all/lib/pkgconfig/turtlesim_catch_them_all.pc'
[1.175s] Level 1:colcon.colcon_core.environment:checking '/home/abood/ros2_test/install/turtlesim_catch_them_all/lib/python3.10/site-packages'
[1.175s] Level 1:colcon.colcon_core.shell:create_environment_hook('turtlesim_catch_them_all', 'pythonpath')
[1.176s] INFO:colcon.colcon_core.shell:Creating environment hook '/home/abood/ros2_test/install/turtlesim_catch_them_all/share/turtlesim_catch_them_all/hook/pythonpath.ps1'
[1.176s] INFO:colcon.colcon_core.shell:Creating environment descriptor '/home/abood/ros2_test/install/turtlesim_catch_them_all/share/turtlesim_catch_them_all/hook/pythonpath.dsv'
[1.176s] INFO:colcon.colcon_core.shell:Creating environment hook '/home/abood/ros2_test/install/turtlesim_catch_them_all/share/turtlesim_catch_them_all/hook/pythonpath.sh'
[1.177s] Level 1:colcon.colcon_core.environment:checking '/home/abood/ros2_test/install/turtlesim_catch_them_all/bin'
[1.177s] Level 1:colcon.colcon_core.environment:create_environment_scripts_only(turtlesim_catch_them_all)
[1.177s] INFO:colcon.colcon_core.shell:Creating package script '/home/abood/ros2_test/install/turtlesim_catch_them_all/share/turtlesim_catch_them_all/package.ps1'
[1.178s] INFO:colcon.colcon_core.shell:Creating package descriptor '/home/abood/ros2_test/install/turtlesim_catch_them_all/share/turtlesim_catch_them_all/package.dsv'
[1.178s] INFO:colcon.colcon_core.shell:Creating package script '/home/abood/ros2_test/install/turtlesim_catch_them_all/share/turtlesim_catch_them_all/package.sh'
[1.178s] INFO:colcon.colcon_core.shell:Creating package script '/home/abood/ros2_test/install/turtlesim_catch_them_all/share/turtlesim_catch_them_all/package.bash'
[1.178s] INFO:colcon.colcon_core.shell:Creating package script '/home/abood/ros2_test/install/turtlesim_catch_them_all/share/turtlesim_catch_them_all/package.zsh'
[1.179s] Level 1:colcon.colcon_core.environment:create_file_with_runtime_dependencies(/home/abood/ros2_test/install/turtlesim_catch_them_all/share/colcon-core/packages/turtlesim_catch_them_all)
[5.028s] DEBUG:colcon.colcon_core.event_handler.log_command:Invoked command in '/home/abood/ros2_test/build/my_interfaces' returned '0': CMAKE_PREFIX_PATH=${CMAKE_PREFIX_PATH}:/home/abood/ros2_test/install/turtlesim_catch_them_all:/home/abood/ros2_test/install/my_py_pkg:/opt/ros/humble /usr/bin/cmake --build /home/abood/ros2_test/build/my_interfaces -- -j16 -l16
[5.031s] DEBUG:colcon.colcon_core.event_handler.log_command:Invoking command in '/home/abood/ros2_test/build/my_interfaces': CMAKE_PREFIX_PATH=${CMAKE_PREFIX_PATH}:/home/abood/ros2_test/install/turtlesim_catch_them_all:/home/abood/ros2_test/install/my_py_pkg:/opt/ros/humble /usr/bin/cmake --install /home/abood/ros2_test/build/my_interfaces
[5.100s] Level 1:colcon.colcon_core.environment:create_environment_scripts_only(my_interfaces)
[5.100s] Level 1:colcon.colcon_core.environment:checking '/home/abood/ros2_test/install/my_interfaces' for CMake module files
[5.101s] DEBUG:colcon.colcon_core.event_handler.log_command:Invoked command in '/home/abood/ros2_test/build/my_interfaces' returned '0': CMAKE_PREFIX_PATH=${CMAKE_PREFIX_PATH}:/home/abood/ros2_test/install/turtlesim_catch_them_all:/home/abood/ros2_test/install/my_py_pkg:/opt/ros/humble /usr/bin/cmake --install /home/abood/ros2_test/build/my_interfaces
[5.102s] Level 1:colcon.colcon_core.environment:checking '/home/abood/ros2_test/install/my_interfaces' for CMake config files
[5.102s] Level 1:colcon.colcon_core.shell:create_environment_hook('my_interfaces', 'cmake_prefix_path')
[5.102s] INFO:colcon.colcon_core.shell:Creating environment hook '/home/abood/ros2_test/install/my_interfaces/share/my_interfaces/hook/cmake_prefix_path.ps1'
[5.102s] INFO:colcon.colcon_core.shell:Creating environment descriptor '/home/abood/ros2_test/install/my_interfaces/share/my_interfaces/hook/cmake_prefix_path.dsv'
[5.103s] INFO:colcon.colcon_core.shell:Creating environment hook '/home/abood/ros2_test/install/my_interfaces/share/my_interfaces/hook/cmake_prefix_path.sh'
[5.104s] Level 1:colcon.colcon_core.environment:checking '/home/abood/ros2_test/install/my_interfaces/lib'
[5.104s] Level 1:colcon.colcon_core.shell:create_environment_hook('my_interfaces', 'ld_library_path_lib')
[5.104s] INFO:colcon.colcon_core.shell:Creating environment hook '/home/abood/ros2_test/install/my_interfaces/share/my_interfaces/hook/ld_library_path_lib.ps1'
[5.104s] INFO:colcon.colcon_core.shell:Creating environment descriptor '/home/abood/ros2_test/install/my_interfaces/share/my_interfaces/hook/ld_library_path_lib.dsv'
[5.105s] INFO:colcon.colcon_core.shell:Creating environment hook '/home/abood/ros2_test/install/my_interfaces/share/my_interfaces/hook/ld_library_path_lib.sh'
[5.105s] Level 1:colcon.colcon_core.environment:checking '/home/abood/ros2_test/install/my_interfaces/bin'
[5.105s] Level 1:colcon.colcon_core.environment:checking '/home/abood/ros2_test/install/my_interfaces/lib/pkgconfig/my_interfaces.pc'
[5.105s] Level 1:colcon.colcon_core.environment:checking '/home/abood/ros2_test/install/my_interfaces/lib/python3.10/site-packages'
[5.105s] Level 1:colcon.colcon_core.environment:checking '/home/abood/ros2_test/install/my_interfaces/bin'
[5.106s] INFO:colcon.colcon_core.shell:Creating package script '/home/abood/ros2_test/install/my_interfaces/share/my_interfaces/package.ps1'
[5.106s] INFO:colcon.colcon_core.shell:Creating package descriptor '/home/abood/ros2_test/install/my_interfaces/share/my_interfaces/package.dsv'
[5.107s] INFO:colcon.colcon_core.shell:Creating package script '/home/abood/ros2_test/install/my_interfaces/share/my_interfaces/package.sh'
[5.107s] INFO:colcon.colcon_core.shell:Creating package script '/home/abood/ros2_test/install/my_interfaces/share/my_interfaces/package.bash'
[5.107s] INFO:colcon.colcon_core.shell:Creating package script '/home/abood/ros2_test/install/my_interfaces/share/my_interfaces/package.zsh'
[5.108s] Level 1:colcon.colcon_core.environment:create_file_with_runtime_dependencies(/home/abood/ros2_test/install/my_interfaces/share/colcon-core/packages/my_interfaces)
[5.108s] Level 1:colcon.colcon_core.environment:create_environment_scripts_only(my_interfaces)
[5.108s] Level 1:colcon.colcon_core.environment:checking '/home/abood/ros2_test/install/my_interfaces' for CMake module files
[5.109s] Level 1:colcon.colcon_core.environment:checking '/home/abood/ros2_test/install/my_interfaces' for CMake config files
[5.109s] Level 1:colcon.colcon_core.shell:create_environment_hook('my_interfaces', 'cmake_prefix_path')
[5.109s] INFO:colcon.colcon_core.shell:Creating environment hook '/home/abood/ros2_test/install/my_interfaces/share/my_interfaces/hook/cmake_prefix_path.ps1'
[5.110s] INFO:colcon.colcon_core.shell:Creating environment descriptor '/home/abood/ros2_test/install/my_interfaces/share/my_interfaces/hook/cmake_prefix_path.dsv'
[5.110s] INFO:colcon.colcon_core.shell:Creating environment hook '/home/abood/ros2_test/install/my_interfaces/share/my_interfaces/hook/cmake_prefix_path.sh'
[5.110s] Level 1:colcon.colcon_core.environment:checking '/home/abood/ros2_test/install/my_interfaces/lib'
[5.110s] Level 1:colcon.colcon_core.shell:create_environment_hook('my_interfaces', 'ld_library_path_lib')
[5.111s] INFO:colcon.colcon_core.shell:Creating environment hook '/home/abood/ros2_test/install/my_interfaces/share/my_interfaces/hook/ld_library_path_lib.ps1'
[5.111s] INFO:colcon.colcon_core.shell:Creating environment descriptor '/home/abood/ros2_test/install/my_interfaces/share/my_interfaces/hook/ld_library_path_lib.dsv'
[5.111s] INFO:colcon.colcon_core.shell:Creating environment hook '/home/abood/ros2_test/install/my_interfaces/share/my_interfaces/hook/ld_library_path_lib.sh'
[5.111s] Level 1:colcon.colcon_core.environment:checking '/home/abood/ros2_test/install/my_interfaces/bin'
[5.112s] Level 1:colcon.colcon_core.environment:checking '/home/abood/ros2_test/install/my_interfaces/lib/pkgconfig/my_interfaces.pc'
[5.112s] Level 1:colcon.colcon_core.environment:checking '/home/abood/ros2_test/install/my_interfaces/lib/python3.10/site-packages'
[5.112s] Level 1:colcon.colcon_core.environment:checking '/home/abood/ros2_test/install/my_interfaces/bin'
[5.112s] INFO:colcon.colcon_core.shell:Creating package script '/home/abood/ros2_test/install/my_interfaces/share/my_interfaces/package.ps1'
[5.112s] INFO:colcon.colcon_core.shell:Creating package descriptor '/home/abood/ros2_test/install/my_interfaces/share/my_interfaces/package.dsv'
[5.113s] INFO:colcon.colcon_core.shell:Creating package script '/home/abood/ros2_test/install/my_interfaces/share/my_interfaces/package.sh'
[5.113s] INFO:colcon.colcon_core.shell:Creating package script '/home/abood/ros2_test/install/my_interfaces/share/my_interfaces/package.bash'
[5.113s] INFO:colcon.colcon_core.shell:Creating package script '/home/abood/ros2_test/install/my_interfaces/share/my_interfaces/package.zsh'
[5.114s] Level 1:colcon.colcon_core.environment:create_file_with_runtime_dependencies(/home/abood/ros2_test/install/my_interfaces/share/colcon-core/packages/my_interfaces)
[5.114s] INFO:colcon.colcon_ros.task.ament_python.build:Building ROS package in '/home/abood/ros2_test/src/my_py_pkg' with build type 'ament_python'
[5.114s] Level 1:colcon.colcon_core.shell:create_environment_hook('my_py_pkg', 'ament_prefix_path')
[5.114s] INFO:colcon.colcon_core.shell:Creating environment hook '/home/abood/ros2_test/install/my_py_pkg/share/my_py_pkg/hook/ament_prefix_path.ps1'
[5.115s] INFO:colcon.colcon_core.shell:Creating environment descriptor '/home/abood/ros2_test/install/my_py_pkg/share/my_py_pkg/hook/ament_prefix_path.dsv'
[5.115s] INFO:colcon.colcon_core.shell:Creating environment hook '/home/abood/ros2_test/install/my_py_pkg/share/my_py_pkg/hook/ament_prefix_path.sh'
[5.116s] INFO:colcon.colcon_core.shell:Skip shell extension 'powershell' for command environment: Not usable outside of PowerShell
[5.116s] DEBUG:colcon.colcon_core.shell:Skip shell extension 'dsv' for command environment
[5.317s] INFO:colcon.colcon_core.task.python.build:Building Python package in '/home/abood/ros2_test/src/my_py_pkg'
[5.318s] INFO:colcon.colcon_core.shell:Skip shell extension 'powershell' for command environment: Not usable outside of PowerShell
[5.318s] DEBUG:colcon.colcon_core.shell:Skip shell extension 'dsv' for command environment
[5.588s] DEBUG:colcon.colcon_core.event_handler.log_command:Invoking command in '/home/abood/ros2_test/src/my_py_pkg': CMAKE_PREFIX_PATH=/home/abood/ros2_test/install/my_interfaces:/home/abood/ros2_test/install/my_robot_bringup:/home/abood/ros2_test/install/my_cpp_pkg PYTHONPATH=/home/abood/ros2_test/build/my_py_pkg/prefix_override:/usr/lib/python3/dist-packages/colcon_core/task/python/colcon_distutils_commands:/home/abood/ros2_test/install/my_py_pkg/lib/python3.10/site-packages:${PYTHONPATH} /usr/bin/python3 -W ignore:setup.py install is deprecated -W ignore:easy_install command is deprecated setup.py egg_info --egg-base ../../build/my_py_pkg build --build-base /home/abood/ros2_test/build/my_py_pkg/build install --record /home/abood/ros2_test/build/my_py_pkg/install.log --single-version-externally-managed install_data
[5.809s] Level 1:colcon.colcon_core.environment:checking '/home/abood/ros2_test/install/my_py_pkg' for CMake module files
[5.809s] DEBUG:colcon.colcon_core.event_handler.log_command:Invoked command in '/home/abood/ros2_test/src/my_py_pkg' returned '0': CMAKE_PREFIX_PATH=/home/abood/ros2_test/install/my_interfaces:/home/abood/ros2_test/install/my_robot_bringup:/home/abood/ros2_test/install/my_cpp_pkg PYTHONPATH=/home/abood/ros2_test/build/my_py_pkg/prefix_override:/usr/lib/python3/dist-packages/colcon_core/task/python/colcon_distutils_commands:/home/abood/ros2_test/install/my_py_pkg/lib/python3.10/site-packages:${PYTHONPATH} /usr/bin/python3 -W ignore:setup.py install is deprecated -W ignore:easy_install command is deprecated setup.py egg_info --egg-base ../../build/my_py_pkg build --build-base /home/abood/ros2_test/build/my_py_pkg/build install --record /home/abood/ros2_test/build/my_py_pkg/install.log --single-version-externally-managed install_data
[5.810s] Level 1:colcon.colcon_core.environment:checking '/home/abood/ros2_test/install/my_py_pkg' for CMake config files
[5.810s] Level 1:colcon.colcon_core.environment:checking '/home/abood/ros2_test/install/my_py_pkg/lib'
[5.810s] Level 1:colcon.colcon_core.environment:checking '/home/abood/ros2_test/install/my_py_pkg/bin'
[5.810s] Level 1:colcon.colcon_core.environment:checking '/home/abood/ros2_test/install/my_py_pkg/lib/pkgconfig/my_py_pkg.pc'
[5.810s] Level 1:colcon.colcon_core.environment:checking '/home/abood/ros2_test/install/my_py_pkg/lib/python3.10/site-packages'
[5.810s] Level 1:colcon.colcon_core.shell:create_environment_hook('my_py_pkg', 'pythonpath')
[5.811s] INFO:colcon.colcon_core.shell:Creating environment hook '/home/abood/ros2_test/install/my_py_pkg/share/my_py_pkg/hook/pythonpath.ps1'
[5.811s] INFO:colcon.colcon_core.shell:Creating environment descriptor '/home/abood/ros2_test/install/my_py_pkg/share/my_py_pkg/hook/pythonpath.dsv'
[5.811s] INFO:colcon.colcon_core.shell:Creating environment hook '/home/abood/ros2_test/install/my_py_pkg/share/my_py_pkg/hook/pythonpath.sh'
[5.812s] Level 1:colcon.colcon_core.environment:checking '/home/abood/ros2_test/install/my_py_pkg/bin'
[5.812s] Level 1:colcon.colcon_core.environment:create_environment_scripts_only(my_py_pkg)
[5.812s] INFO:colcon.colcon_core.shell:Creating package script '/home/abood/ros2_test/install/my_py_pkg/share/my_py_pkg/package.ps1'
[5.812s] INFO:colcon.colcon_core.shell:Creating package descriptor '/home/abood/ros2_test/install/my_py_pkg/share/my_py_pkg/package.dsv'
[5.813s] INFO:colcon.colcon_core.shell:Creating package script '/home/abood/ros2_test/install/my_py_pkg/share/my_py_pkg/package.sh'
[5.813s] INFO:colcon.colcon_core.shell:Creating package script '/home/abood/ros2_test/install/my_py_pkg/share/my_py_pkg/package.bash'
[5.813s] INFO:colcon.colcon_core.shell:Creating package script '/home/abood/ros2_test/install/my_py_pkg/share/my_py_pkg/package.zsh'
[5.813s] Level 1:colcon.colcon_core.environment:create_file_with_runtime_dependencies(/home/abood/ros2_test/install/my_py_pkg/share/colcon-core/packages/my_py_pkg)
[5.814s] INFO:colcon.colcon_ros.task.ament_cmake.build:Building ROS package in '/home/abood/ros2_test/src/my_robot_bringup' with build type 'ament_cmake'
[5.814s] INFO:colcon.colcon_cmake.task.cmake.build:Building CMake package in '/home/abood/ros2_test/src/my_robot_bringup'
[5.814s] INFO:colcon.colcon_core.shell:Skip shell extension 'powershell' for command environment: Not usable outside of PowerShell
[5.814s] DEBUG:colcon.colcon_core.shell:Skip shell extension 'dsv' for command environment
[5.825s] DEBUG:colcon.colcon_core.event_handler.log_command:Invoking command in '/home/abood/ros2_test/build/my_robot_bringup': AMENT_PREFIX_PATH=/home/abood/ros2_test/install/my_py_pkg:/home/abood/ros2_test/install/turtlesim_catch_them_all:/home/abood/ros2_test/install/my_robot_bringup:/home/abood/ros2_test/install/my_interfaces:/home/abood/ros2_test/install/my_cpp_pkg:/opt/ros/humble CMAKE_PREFIX_PATH=/home/abood/ros2_test/install/my_interfaces:/home/abood/ros2_test/install/my_robot_bringup:/home/abood/ros2_test/install/my_cpp_pkg:/home/abood/ros2_test/install/turtlesim_catch_them_all:/home/abood/ros2_test/install/my_py_pkg:/opt/ros/humble PYTHONPATH=/home/abood/ros2_test/install/my_py_pkg/lib/python3.10/site-packages:/home/abood/ros2_test/install/turtlesim_catch_them_all/lib/python3.10/site-packages:/home/abood/ros2_test/install/my_interfaces/local/lib/python3.10/dist-packages:/opt/ros/humble/lib/python3.10/site-packages:/opt/ros/humble/local/lib/python3.10/dist-packages /usr/bin/cmake --build /home/abood/ros2_test/build/my_robot_bringup -- -j16 -l16
[5.864s] DEBUG:colcon.colcon_core.event_handler.log_command:Invoked command in '/home/abood/ros2_test/build/my_robot_bringup' returned '0': AMENT_PREFIX_PATH=/home/abood/ros2_test/install/my_py_pkg:/home/abood/ros2_test/install/turtlesim_catch_them_all:/home/abood/ros2_test/install/my_robot_bringup:/home/abood/ros2_test/install/my_interfaces:/home/abood/ros2_test/install/my_cpp_pkg:/opt/ros/humble CMAKE_PREFIX_PATH=/home/abood/ros2_test/install/my_interfaces:/home/abood/ros2_test/install/my_robot_bringup:/home/abood/ros2_test/install/my_cpp_pkg:/home/abood/ros2_test/install/turtlesim_catch_them_all:/home/abood/ros2_test/install/my_py_pkg:/opt/ros/humble PYTHONPATH=/home/abood/ros2_test/install/my_py_pkg/lib/python3.10/site-packages:/home/abood/ros2_test/install/turtlesim_catch_them_all/lib/python3.10/site-packages:/home/abood/ros2_test/install/my_interfaces/local/lib/python3.10/dist-packages:/opt/ros/humble/lib/python3.10/site-packages:/opt/ros/humble/local/lib/python3.10/dist-packages /usr/bin/cmake --build /home/abood/ros2_test/build/my_robot_bringup -- -j16 -l16
[5.866s] DEBUG:colcon.colcon_core.event_handler.log_command:Invoking command in '/home/abood/ros2_test/build/my_robot_bringup': AMENT_PREFIX_PATH=/home/abood/ros2_test/install/my_py_pkg:/home/abood/ros2_test/install/turtlesim_catch_them_all:/home/abood/ros2_test/install/my_robot_bringup:/home/abood/ros2_test/install/my_interfaces:/home/abood/ros2_test/install/my_cpp_pkg:/opt/ros/humble CMAKE_PREFIX_PATH=/home/abood/ros2_test/install/my_interfaces:/home/abood/ros2_test/install/my_robot_bringup:/home/abood/ros2_test/install/my_cpp_pkg:/home/abood/ros2_test/install/turtlesim_catch_them_all:/home/abood/ros2_test/install/my_py_pkg:/opt/ros/humble PYTHONPATH=/home/abood/ros2_test/install/my_py_pkg/lib/python3.10/site-packages:/home/abood/ros2_test/install/turtlesim_catch_them_all/lib/python3.10/site-packages:/home/abood/ros2_test/install/my_interfaces/local/lib/python3.10/dist-packages:/opt/ros/humble/lib/python3.10/site-packages:/opt/ros/humble/local/lib/python3.10/dist-packages /usr/bin/cmake --install /home/abood/ros2_test/build/my_robot_bringup
[5.878s] Level 1:colcon.colcon_core.environment:create_environment_scripts_only(my_robot_bringup)
[5.878s] DEBUG:colcon.colcon_core.event_handler.log_command:Invoked command in '/home/abood/ros2_test/build/my_robot_bringup' returned '0': AMENT_PREFIX_PATH=/home/abood/ros2_test/install/my_py_pkg:/home/abood/ros2_test/install/turtlesim_catch_them_all:/home/abood/ros2_test/install/my_robot_bringup:/home/abood/ros2_test/install/my_interfaces:/home/abood/ros2_test/install/my_cpp_pkg:/opt/ros/humble CMAKE_PREFIX_PATH=/home/abood/ros2_test/install/my_interfaces:/home/abood/ros2_test/install/my_robot_bringup:/home/abood/ros2_test/install/my_cpp_pkg:/home/abood/ros2_test/install/turtlesim_catch_them_all:/home/abood/ros2_test/install/my_py_pkg:/opt/ros/humble PYTHONPATH=/home/abood/ros2_test/install/my_py_pkg/lib/python3.10/site-packages:/home/abood/ros2_test/install/turtlesim_catch_them_all/lib/python3.10/site-packages:/home/abood/ros2_test/install/my_interfaces/local/lib/python3.10/dist-packages:/opt/ros/humble/lib/python3.10/site-packages:/opt/ros/humble/local/lib/python3.10/dist-packages /usr/bin/cmake --install /home/abood/ros2_test/build/my_robot_bringup
[5.879s] Level 1:colcon.colcon_core.environment:checking '/home/abood/ros2_test/install/my_robot_bringup' for CMake module files
[5.880s] Level 1:colcon.colcon_core.environment:checking '/home/abood/ros2_test/install/my_robot_bringup' for CMake config files
[5.880s] Level 1:colcon.colcon_core.shell:create_environment_hook('my_robot_bringup', 'cmake_prefix_path')
[5.880s] INFO:colcon.colcon_core.shell:Creating environment hook '/home/abood/ros2_test/install/my_robot_bringup/share/my_robot_bringup/hook/cmake_prefix_path.ps1'
[5.881s] INFO:colcon.colcon_core.shell:Creating environment descriptor '/home/abood/ros2_test/install/my_robot_bringup/share/my_robot_bringup/hook/cmake_prefix_path.dsv'
[5.881s] INFO:colcon.colcon_core.shell:Creating environment hook '/home/abood/ros2_test/install/my_robot_bringup/share/my_robot_bringup/hook/cmake_prefix_path.sh'
[5.882s] Level 1:colcon.colcon_core.environment:checking '/home/abood/ros2_test/install/my_robot_bringup/bin'
[5.882s] Level 1:colcon.colcon_core.environment:checking '/home/abood/ros2_test/install/my_robot_bringup/lib/pkgconfig/my_robot_bringup.pc'
[5.883s] Level 1:colcon.colcon_core.environment:checking '/home/abood/ros2_test/install/my_robot_bringup/lib/python3.10/site-packages'
[5.883s] Level 1:colcon.colcon_core.environment:checking '/home/abood/ros2_test/install/my_robot_bringup/bin'
[5.883s] INFO:colcon.colcon_core.shell:Creating package script '/home/abood/ros2_test/install/my_robot_bringup/share/my_robot_bringup/package.ps1'
[5.884s] INFO:colcon.colcon_core.shell:Creating package descriptor '/home/abood/ros2_test/install/my_robot_bringup/share/my_robot_bringup/package.dsv'
[5.884s] INFO:colcon.colcon_core.shell:Creating package script '/home/abood/ros2_test/install/my_robot_bringup/share/my_robot_bringup/package.sh'
[5.884s] INFO:colcon.colcon_core.shell:Creating package script '/home/abood/ros2_test/install/my_robot_bringup/share/my_robot_bringup/package.bash'
[5.885s] INFO:colcon.colcon_core.shell:Creating package script '/home/abood/ros2_test/install/my_robot_bringup/share/my_robot_bringup/package.zsh'
[5.885s] Level 1:colcon.colcon_core.environment:create_file_with_runtime_dependencies(/home/abood/ros2_test/install/my_robot_bringup/share/colcon-core/packages/my_robot_bringup)
[5.885s] Level 1:colcon.colcon_core.environment:create_environment_scripts_only(my_robot_bringup)
[5.885s] Level 1:colcon.colcon_core.environment:checking '/home/abood/ros2_test/install/my_robot_bringup' for CMake module files
[5.886s] Level 1:colcon.colcon_core.environment:checking '/home/abood/ros2_test/install/my_robot_bringup' for CMake config files
[5.886s] Level 1:colcon.colcon_core.shell:create_environment_hook('my_robot_bringup', 'cmake_prefix_path')
[5.886s] INFO:colcon.colcon_core.shell:Creating environment hook '/home/abood/ros2_test/install/my_robot_bringup/share/my_robot_bringup/hook/cmake_prefix_path.ps1'
[5.886s] INFO:colcon.colcon_core.shell:Creating environment descriptor '/home/abood/ros2_test/install/my_robot_bringup/share/my_robot_bringup/hook/cmake_prefix_path.dsv'
[5.886s] INFO:colcon.colcon_core.shell:Creating environment hook '/home/abood/ros2_test/install/my_robot_bringup/share/my_robot_bringup/hook/cmake_prefix_path.sh'
[5.887s] Level 1:colcon.colcon_core.environment:checking '/home/abood/ros2_test/install/my_robot_bringup/bin'
[5.887s] Level 1:colcon.colcon_core.environment:checking '/home/abood/ros2_test/install/my_robot_bringup/lib/pkgconfig/my_robot_bringup.pc'
[5.887s] Level 1:colcon.colcon_core.environment:checking '/home/abood/ros2_test/install/my_robot_bringup/lib/python3.10/site-packages'
[5.887s] Level 1:colcon.colcon_core.environment:checking '/home/abood/ros2_test/install/my_robot_bringup/bin'
[5.887s] INFO:colcon.colcon_core.shell:Creating package script '/home/abood/ros2_test/install/my_robot_bringup/share/my_robot_bringup/package.ps1'
[5.888s] INFO:colcon.colcon_core.shell:Creating package descriptor '/home/abood/ros2_test/install/my_robot_bringup/share/my_robot_bringup/package.dsv'
[5.888s] INFO:colcon.colcon_core.shell:Creating package script '/home/abood/ros2_test/install/my_robot_bringup/share/my_robot_bringup/package.sh'
[5.888s] INFO:colcon.colcon_core.shell:Creating package script '/home/abood/ros2_test/install/my_robot_bringup/share/my_robot_bringup/package.bash'
[5.889s] INFO:colcon.colcon_core.shell:Creating package script '/home/abood/ros2_test/install/my_robot_bringup/share/my_robot_bringup/package.zsh'
[5.889s] Level 1:colcon.colcon_core.environment:create_file_with_runtime_dependencies(/home/abood/ros2_test/install/my_robot_bringup/share/colcon-core/packages/my_robot_bringup)
[5.889s] DEBUG:colcon.colcon_parallel_executor.executor.parallel:closing loop
[5.890s] DEBUG:colcon.colcon_parallel_executor.executor.parallel:loop closed
[5.890s] DEBUG:colcon.colcon_parallel_executor.executor.parallel:run_until_complete finished with '0'
[5.890s] DEBUG:colcon.colcon_core.event_reactor:joining thread
[5.894s] INFO:colcon.colcon_core.plugin_system:Skipping extension 'colcon_notification.desktop_notification.terminal_notifier': Not used on non-Darwin systems
[5.894s] INFO:colcon.colcon_core.plugin_system:Skipping extension 'colcon_notification.desktop_notification.win32': Not used on non-Windows systems
[5.894s] INFO:colcon.colcon_notification.desktop_notification:Sending desktop notification using 'notify2'
[5.905s] DEBUG:colcon.colcon_core.event_reactor:joined thread
[5.906s] INFO:colcon.colcon_core.shell:Creating prefix script '/home/abood/ros2_test/install/local_setup.ps1'
[5.907s] INFO:colcon.colcon_core.shell:Creating prefix util module '/home/abood/ros2_test/install/_local_setup_util_ps1.py'
[5.908s] INFO:colcon.colcon_core.shell:Creating prefix chain script '/home/abood/ros2_test/install/setup.ps1'
[5.909s] INFO:colcon.colcon_core.shell:Creating prefix script '/home/abood/ros2_test/install/local_setup.sh'
[5.910s] INFO:colcon.colcon_core.shell:Creating prefix util module '/home/abood/ros2_test/install/_local_setup_util_sh.py'
[5.910s] INFO:colcon.colcon_core.shell:Creating prefix chain script '/home/abood/ros2_test/install/setup.sh'
[5.911s] INFO:colcon.colcon_core.shell:Creating prefix script '/home/abood/ros2_test/install/local_setup.bash'
[5.912s] INFO:colcon.colcon_core.shell:Creating prefix chain script '/home/abood/ros2_test/install/setup.bash'
[5.913s] INFO:colcon.colcon_core.shell:Creating prefix script '/home/abood/ros2_test/install/local_setup.zsh'
[5.913s] INFO:colcon.colcon_core.shell:Creating prefix chain script '/home/abood/ros2_test/install/setup.zsh'
