[0.076s] DEBUG:colcon:Command line arguments: ['/usr/bin/colcon', 'build']
[0.076s] DEBUG:colcon:Parsed command line arguments: Namespace(log_base=None, log_level=None, verb_name='build', build_base='build', install_base='install', merge_install=False, symlink_install=False, test_result_base=None, continue_on_error=False, executor='parallel', parallel_workers=16, event_handlers=None, ignore_user_meta=False, metas=['./colcon.meta'], base_paths=['.'], packages_ignore=None, packages_ignore_regex=None, paths=None, packages_up_to=None, packages_up_to_regex=None, packages_above=None, packages_above_and_dependencies=None, packages_above_depth=None, packages_select_by_dep=None, packages_skip_by_dep=None, packages_skip_up_to=None, packages_select_build_failed=False, packages_skip_build_finished=False, packages_select_test_failures=False, packages_skip_test_passed=False, packages_select=None, packages_skip=None, packages_select_regex=None, packages_skip_regex=None, packages_start=None, packages_end=None, allow_overriding=[], cmake_args=None, cmake_target=None, cmake_target_skip_unavailable=False, cmake_clean_cache=False, cmake_clean_first=False, cmake_force_configure=False, ament_cmake_args=None, catkin_cmake_args=None, catkin_skip_building_tests=False, mixin_files=None, mixin=None, verb_parser=<colcon_mixin.mixin.mixin_argument.MixinArgumentDecorator object at 0x714ddb85fd90>, verb_extension=<colcon_core.verb.build.BuildVerb object at 0x714ddb85efe0>, main=<bound method BuildVerb.main of <colcon_core.verb.build.BuildVerb object at 0x714ddb85efe0>>, mixin_verb=('build',))
[0.199s] Level 1:colcon.colcon_core.package_discovery:discover_packages(colcon_meta) check parameters
[0.199s] Level 1:colcon.colcon_core.package_discovery:discover_packages(recursive) check parameters
[0.199s] Level 1:colcon.colcon_core.package_discovery:discover_packages(ignore) check parameters
[0.199s] Level 1:colcon.colcon_core.package_discovery:discover_packages(path) check parameters
[0.199s] Level 1:colcon.colcon_core.package_discovery:discover_packages(colcon_meta) discover
[0.199s] Level 1:colcon.colcon_core.package_discovery:discover_packages(recursive) discover
[0.199s] INFO:colcon.colcon_core.package_discovery:Crawling recursively for packages in '/home/abood/ros2_test'
[0.199s] Level 1:colcon.colcon_core.package_identification:_identify(.) by extensions ['ignore', 'ignore_ament_install']
[0.199s] Level 1:colcon.colcon_core.package_identification:_identify(.) by extension 'ignore'
[0.199s] Level 1:colcon.colcon_core.package_identification:_identify(.) by extension 'ignore_ament_install'
[0.199s] Level 1:colcon.colcon_core.package_identification:_identify(.) by extensions ['colcon_pkg']
[0.199s] Level 1:colcon.colcon_core.package_identification:_identify(.) by extension 'colcon_pkg'
[0.199s] Level 1:colcon.colcon_core.package_identification:_identify(.) by extensions ['colcon_meta']
[0.199s] Level 1:colcon.colcon_core.package_identification:_identify(.) by extension 'colcon_meta'
[0.199s] Level 1:colcon.colcon_core.package_identification:_identify(.) by extensions ['ros']
[0.199s] Level 1:colcon.colcon_core.package_identification:_identify(.) by extension 'ros'
[0.207s] Level 1:colcon.colcon_core.package_identification:_identify(.) by extensions ['cmake', 'python']
[0.207s] Level 1:colcon.colcon_core.package_identification:_identify(.) by extension 'cmake'
[0.207s] Level 1:colcon.colcon_core.package_identification:_identify(.) by extension 'python'
[0.207s] Level 1:colcon.colcon_core.package_identification:_identify(.) by extensions ['python_setup_py']
[0.207s] Level 1:colcon.colcon_core.package_identification:_identify(.) by extension 'python_setup_py'
[0.207s] Level 1:colcon.colcon_core.package_identification:_identify(build) by extensions ['ignore', 'ignore_ament_install']
[0.207s] Level 1:colcon.colcon_core.package_identification:_identify(build) by extension 'ignore'
[0.207s] Level 1:colcon.colcon_core.package_identification:_identify(build) ignored
[0.207s] Level 1:colcon.colcon_core.package_identification:_identify(install) by extensions ['ignore', 'ignore_ament_install']
[0.207s] Level 1:colcon.colcon_core.package_identification:_identify(install) by extension 'ignore'
[0.207s] Level 1:colcon.colcon_core.package_identification:_identify(install) ignored
[0.207s] Level 1:colcon.colcon_core.package_identification:_identify(log) by extensions ['ignore', 'ignore_ament_install']
[0.207s] Level 1:colcon.colcon_core.package_identification:_identify(log) by extension 'ignore'
[0.207s] Level 1:colcon.colcon_core.package_identification:_identify(log) ignored
[0.207s] Level 1:colcon.colcon_core.package_identification:_identify(src) by extensions ['ignore', 'ignore_ament_install']
[0.207s] Level 1:colcon.colcon_core.package_identification:_identify(src) by extension 'ignore'
[0.207s] Level 1:colcon.colcon_core.package_identification:_identify(src) by extension 'ignore_ament_install'
[0.207s] Level 1:colcon.colcon_core.package_identification:_identify(src) by extensions ['colcon_pkg']
[0.207s] Level 1:colcon.colcon_core.package_identification:_identify(src) by extension 'colcon_pkg'
[0.207s] Level 1:colcon.colcon_core.package_identification:_identify(src) by extensions ['colcon_meta']
[0.207s] Level 1:colcon.colcon_core.package_identification:_identify(src) by extension 'colcon_meta'
[0.208s] Level 1:colcon.colcon_core.package_identification:_identify(src) by extensions ['ros']
[0.208s] Level 1:colcon.colcon_core.package_identification:_identify(src) by extension 'ros'
[0.208s] Level 1:colcon.colcon_core.package_identification:_identify(src) by extensions ['cmake', 'python']
[0.208s] Level 1:colcon.colcon_core.package_identification:_identify(src) by extension 'cmake'
[0.208s] Level 1:colcon.colcon_core.package_identification:_identify(src) by extension 'python'
[0.208s] Level 1:colcon.colcon_core.package_identification:_identify(src) by extensions ['python_setup_py']
[0.208s] Level 1:colcon.colcon_core.package_identification:_identify(src) by extension 'python_setup_py'
[0.208s] Level 1:colcon.colcon_core.package_identification:_identify(src/my_cpp_pkg) by extensions ['ignore', 'ignore_ament_install']
[0.208s] Level 1:colcon.colcon_core.package_identification:_identify(src/my_cpp_pkg) by extension 'ignore'
[0.208s] Level 1:colcon.colcon_core.package_identification:_identify(src/my_cpp_pkg) by extension 'ignore_ament_install'
[0.208s] Level 1:colcon.colcon_core.package_identification:_identify(src/my_cpp_pkg) by extensions ['colcon_pkg']
[0.208s] Level 1:colcon.colcon_core.package_identification:_identify(src/my_cpp_pkg) by extension 'colcon_pkg'
[0.208s] Level 1:colcon.colcon_core.package_identification:_identify(src/my_cpp_pkg) by extensions ['colcon_meta']
[0.208s] Level 1:colcon.colcon_core.package_identification:_identify(src/my_cpp_pkg) by extension 'colcon_meta'
[0.208s] Level 1:colcon.colcon_core.package_identification:_identify(src/my_cpp_pkg) by extensions ['ros']
[0.208s] Level 1:colcon.colcon_core.package_identification:_identify(src/my_cpp_pkg) by extension 'ros'
[0.209s] DEBUG:colcon.colcon_core.package_identification:Package 'src/my_cpp_pkg' with type 'ros.ament_cmake' and name 'my_cpp_pkg'
[0.210s] Level 1:colcon.colcon_core.package_identification:_identify(src/my_interfaces) by extensions ['ignore', 'ignore_ament_install']
[0.210s] Level 1:colcon.colcon_core.package_identification:_identify(src/my_interfaces) by extension 'ignore'
[0.210s] Level 1:colcon.colcon_core.package_identification:_identify(src/my_interfaces) by extension 'ignore_ament_install'
[0.210s] Level 1:colcon.colcon_core.package_identification:_identify(src/my_interfaces) by extensions ['colcon_pkg']
[0.210s] Level 1:colcon.colcon_core.package_identification:_identify(src/my_interfaces) by extension 'colcon_pkg'
[0.210s] Level 1:colcon.colcon_core.package_identification:_identify(src/my_interfaces) by extensions ['colcon_meta']
[0.210s] Level 1:colcon.colcon_core.package_identification:_identify(src/my_interfaces) by extension 'colcon_meta'
[0.210s] Level 1:colcon.colcon_core.package_identification:_identify(src/my_interfaces) by extensions ['ros']
[0.210s] Level 1:colcon.colcon_core.package_identification:_identify(src/my_interfaces) by extension 'ros'
[0.215s] DEBUG:colcon.colcon_core.package_identification:Package 'src/my_interfaces' with type 'ros.ament_cmake' and name 'my_interfaces'
[0.215s] Level 1:colcon.colcon_core.package_identification:_identify(src/my_py_pkg) by extensions ['ignore', 'ignore_ament_install']
[0.215s] Level 1:colcon.colcon_core.package_identification:_identify(src/my_py_pkg) by extension 'ignore'
[0.216s] Level 1:colcon.colcon_core.package_identification:_identify(src/my_py_pkg) by extension 'ignore_ament_install'
[0.216s] Level 1:colcon.colcon_core.package_identification:_identify(src/my_py_pkg) by extensions ['colcon_pkg']
[0.216s] Level 1:colcon.colcon_core.package_identification:_identify(src/my_py_pkg) by extension 'colcon_pkg'
[0.216s] Level 1:colcon.colcon_core.package_identification:_identify(src/my_py_pkg) by extensions ['colcon_meta']
[0.216s] Level 1:colcon.colcon_core.package_identification:_identify(src/my_py_pkg) by extension 'colcon_meta'
[0.216s] Level 1:colcon.colcon_core.package_identification:_identify(src/my_py_pkg) by extensions ['ros']
[0.216s] Level 1:colcon.colcon_core.package_identification:_identify(src/my_py_pkg) by extension 'ros'
[0.216s] DEBUG:colcon.colcon_core.package_identification:Package 'src/my_py_pkg' with type 'ros.ament_python' and name 'my_py_pkg'
[0.216s] Level 1:colcon.colcon_core.package_identification:_identify(src/my_robot_bringup) by extensions ['ignore', 'ignore_ament_install']
[0.216s] Level 1:colcon.colcon_core.package_identification:_identify(src/my_robot_bringup) by extension 'ignore'
[0.216s] Level 1:colcon.colcon_core.package_identification:_identify(src/my_robot_bringup) by extension 'ignore_ament_install'
[0.216s] Level 1:colcon.colcon_core.package_identification:_identify(src/my_robot_bringup) by extensions ['colcon_pkg']
[0.216s] Level 1:colcon.colcon_core.package_identification:_identify(src/my_robot_bringup) by extension 'colcon_pkg'
[0.216s] Level 1:colcon.colcon_core.package_identification:_identify(src/my_robot_bringup) by extensions ['colcon_meta']
[0.216s] Level 1:colcon.colcon_core.package_identification:_identify(src/my_robot_bringup) by extension 'colcon_meta'
[0.216s] Level 1:colcon.colcon_core.package_identification:_identify(src/my_robot_bringup) by extensions ['ros']
[0.216s] Level 1:colcon.colcon_core.package_identification:_identify(src/my_robot_bringup) by extension 'ros'
[0.217s] DEBUG:colcon.colcon_core.package_identification:Package 'src/my_robot_bringup' with type 'ros.ament_cmake' and name 'my_robot_bringup'
[0.217s] Level 1:colcon.colcon_core.package_identification:_identify(src/turtlesim_catch_them_all) by extensions ['ignore', 'ignore_ament_install']
[0.217s] Level 1:colcon.colcon_core.package_identification:_identify(src/turtlesim_catch_them_all) by extension 'ignore'
[0.217s] Level 1:colcon.colcon_core.package_identification:_identify(src/turtlesim_catch_them_all) by extension 'ignore_ament_install'
[0.217s] Level 1:colcon.colcon_core.package_identification:_identify(src/turtlesim_catch_them_all) by extensions ['colcon_pkg']
[0.217s] Level 1:colcon.colcon_core.package_identification:_identify(src/turtlesim_catch_them_all) by extension 'colcon_pkg'
[0.217s] Level 1:colcon.colcon_core.package_identification:_identify(src/turtlesim_catch_them_all) by extensions ['colcon_meta']
[0.217s] Level 1:colcon.colcon_core.package_identification:_identify(src/turtlesim_catch_them_all) by extension 'colcon_meta'
[0.217s] Level 1:colcon.colcon_core.package_identification:_identify(src/turtlesim_catch_them_all) by extensions ['ros']
[0.217s] Level 1:colcon.colcon_core.package_identification:_identify(src/turtlesim_catch_them_all) by extension 'ros'
[0.217s] DEBUG:colcon.colcon_core.package_identification:Package 'src/turtlesim_catch_them_all' with type 'ros.ament_python' and name 'turtlesim_catch_them_all'
[0.217s] Level 1:colcon.colcon_core.package_discovery:discover_packages(recursive) using defaults
[0.217s] Level 1:colcon.colcon_core.package_discovery:discover_packages(ignore) discover
[0.218s] Level 1:colcon.colcon_core.package_discovery:discover_packages(ignore) using defaults
[0.218s] Level 1:colcon.colcon_core.package_discovery:discover_packages(path) discover
[0.218s] Level 1:colcon.colcon_core.package_discovery:discover_packages(path) using defaults
[0.231s] Level 1:colcon.colcon_core.package_discovery:discover_packages(prefix_path) check parameters
[0.231s] Level 1:colcon.colcon_core.package_discovery:discover_packages(prefix_path) discover
[0.232s] DEBUG:colcon.colcon_installed_package_information.package_discovery:Found 5 installed packages in /home/abood/ros2_test/install
[0.233s] DEBUG:colcon.colcon_installed_package_information.package_discovery:Found 475 installed packages in /opt/ros/humble
[0.235s] Level 1:colcon.colcon_core.package_discovery:discover_packages(prefix_path) using defaults
[0.273s] Level 5:colcon.colcon_core.verb:set package 'my_cpp_pkg' build argument 'cmake_args' from command line to 'None'
[0.273s] Level 5:colcon.colcon_core.verb:set package 'my_cpp_pkg' build argument 'cmake_target' from command line to 'None'
[0.273s] Level 5:colcon.colcon_core.verb:set package 'my_cpp_pkg' build argument 'cmake_target_skip_unavailable' from command line to 'False'
[0.273s] Level 5:colcon.colcon_core.verb:set package 'my_cpp_pkg' build argument 'cmake_clean_cache' from command line to 'False'
[0.273s] Level 5:colcon.colcon_core.verb:set package 'my_cpp_pkg' build argument 'cmake_clean_first' from command line to 'False'
[0.273s] Level 5:colcon.colcon_core.verb:set package 'my_cpp_pkg' build argument 'cmake_force_configure' from command line to 'False'
[0.273s] Level 5:colcon.colcon_core.verb:set package 'my_cpp_pkg' build argument 'ament_cmake_args' from command line to 'None'
[0.273s] Level 5:colcon.colcon_core.verb:set package 'my_cpp_pkg' build argument 'catkin_cmake_args' from command line to 'None'
[0.273s] Level 5:colcon.colcon_core.verb:set package 'my_cpp_pkg' build argument 'catkin_skip_building_tests' from command line to 'False'
[0.273s] DEBUG:colcon.colcon_core.verb:Building package 'my_cpp_pkg' with the following arguments: {'ament_cmake_args': None, 'build_base': '/home/abood/ros2_test/build/my_cpp_pkg', 'catkin_cmake_args': None, 'catkin_skip_building_tests': False, 'cmake_args': None, 'cmake_clean_cache': False, 'cmake_clean_first': False, 'cmake_force_configure': False, 'cmake_target': None, 'cmake_target_skip_unavailable': False, 'install_base': '/home/abood/ros2_test/install/my_cpp_pkg', 'merge_install': False, 'path': '/home/abood/ros2_test/src/my_cpp_pkg', 'symlink_install': False, 'test_result_base': None}
[0.273s] Level 5:colcon.colcon_core.verb:set package 'my_interfaces' build argument 'cmake_args' from command line to 'None'
[0.273s] Level 5:colcon.colcon_core.verb:set package 'my_interfaces' build argument 'cmake_target' from command line to 'None'
[0.273s] Level 5:colcon.colcon_core.verb:set package 'my_interfaces' build argument 'cmake_target_skip_unavailable' from command line to 'False'
[0.273s] Level 5:colcon.colcon_core.verb:set package 'my_interfaces' build argument 'cmake_clean_cache' from command line to 'False'
[0.273s] Level 5:colcon.colcon_core.verb:set package 'my_interfaces' build argument 'cmake_clean_first' from command line to 'False'
[0.273s] Level 5:colcon.colcon_core.verb:set package 'my_interfaces' build argument 'cmake_force_configure' from command line to 'False'
[0.273s] Level 5:colcon.colcon_core.verb:set package 'my_interfaces' build argument 'ament_cmake_args' from command line to 'None'
[0.273s] Level 5:colcon.colcon_core.verb:set package 'my_interfaces' build argument 'catkin_cmake_args' from command line to 'None'
[0.273s] Level 5:colcon.colcon_core.verb:set package 'my_interfaces' build argument 'catkin_skip_building_tests' from command line to 'False'
[0.273s] DEBUG:colcon.colcon_core.verb:Building package 'my_interfaces' with the following arguments: {'ament_cmake_args': None, 'build_base': '/home/abood/ros2_test/build/my_interfaces', 'catkin_cmake_args': None, 'catkin_skip_building_tests': False, 'cmake_args': None, 'cmake_clean_cache': False, 'cmake_clean_first': False, 'cmake_force_configure': False, 'cmake_target': None, 'cmake_target_skip_unavailable': False, 'install_base': '/home/abood/ros2_test/install/my_interfaces', 'merge_install': False, 'path': '/home/abood/ros2_test/src/my_interfaces', 'symlink_install': False, 'test_result_base': None}
[0.273s] Level 5:colcon.colcon_core.verb:set package 'my_py_pkg' build argument 'cmake_args' from command line to 'None'
[0.274s] Level 5:colcon.colcon_core.verb:set package 'my_py_pkg' build argument 'cmake_target' from command line to 'None'
[0.274s] Level 5:colcon.colcon_core.verb:set package 'my_py_pkg' build argument 'cmake_target_skip_unavailable' from command line to 'False'
[0.274s] Level 5:colcon.colcon_core.verb:set package 'my_py_pkg' build argument 'cmake_clean_cache' from command line to 'False'
[0.274s] Level 5:colcon.colcon_core.verb:set package 'my_py_pkg' build argument 'cmake_clean_first' from command line to 'False'
[0.274s] Level 5:colcon.colcon_core.verb:set package 'my_py_pkg' build argument 'cmake_force_configure' from command line to 'False'
[0.274s] Level 5:colcon.colcon_core.verb:set package 'my_py_pkg' build argument 'ament_cmake_args' from command line to 'None'
[0.274s] Level 5:colcon.colcon_core.verb:set package 'my_py_pkg' build argument 'catkin_cmake_args' from command line to 'None'
[0.274s] Level 5:colcon.colcon_core.verb:set package 'my_py_pkg' build argument 'catkin_skip_building_tests' from command line to 'False'
[0.274s] DEBUG:colcon.colcon_core.verb:Building package 'my_py_pkg' with the following arguments: {'ament_cmake_args': None, 'build_base': '/home/abood/ros2_test/build/my_py_pkg', 'catkin_cmake_args': None, 'catkin_skip_building_tests': False, 'cmake_args': None, 'cmake_clean_cache': False, 'cmake_clean_first': False, 'cmake_force_configure': False, 'cmake_target': None, 'cmake_target_skip_unavailable': False, 'install_base': '/home/abood/ros2_test/install/my_py_pkg', 'merge_install': False, 'path': '/home/abood/ros2_test/src/my_py_pkg', 'symlink_install': False, 'test_result_base': None}
[0.274s] Level 5:colcon.colcon_core.verb:set package 'turtlesim_catch_them_all' build argument 'cmake_args' from command line to 'None'
[0.274s] Level 5:colcon.colcon_core.verb:set package 'turtlesim_catch_them_all' build argument 'cmake_target' from command line to 'None'
[0.274s] Level 5:colcon.colcon_core.verb:set package 'turtlesim_catch_them_all' build argument 'cmake_target_skip_unavailable' from command line to 'False'
[0.274s] Level 5:colcon.colcon_core.verb:set package 'turtlesim_catch_them_all' build argument 'cmake_clean_cache' from command line to 'False'
[0.274s] Level 5:colcon.colcon_core.verb:set package 'turtlesim_catch_them_all' build argument 'cmake_clean_first' from command line to 'False'
[0.274s] Level 5:colcon.colcon_core.verb:set package 'turtlesim_catch_them_all' build argument 'cmake_force_configure' from command line to 'False'
[0.274s] Level 5:colcon.colcon_core.verb:set package 'turtlesim_catch_them_all' build argument 'ament_cmake_args' from command line to 'None'
[0.274s] Level 5:colcon.colcon_core.verb:set package 'turtlesim_catch_them_all' build argument 'catkin_cmake_args' from command line to 'None'
[0.274s] Level 5:colcon.colcon_core.verb:set package 'turtlesim_catch_them_all' build argument 'catkin_skip_building_tests' from command line to 'False'
[0.274s] DEBUG:colcon.colcon_core.verb:Building package 'turtlesim_catch_them_all' with the following arguments: {'ament_cmake_args': None, 'build_base': '/home/abood/ros2_test/build/turtlesim_catch_them_all', 'catkin_cmake_args': None, 'catkin_skip_building_tests': False, 'cmake_args': None, 'cmake_clean_cache': False, 'cmake_clean_first': False, 'cmake_force_configure': False, 'cmake_target': None, 'cmake_target_skip_unavailable': False, 'install_base': '/home/abood/ros2_test/install/turtlesim_catch_them_all', 'merge_install': False, 'path': '/home/abood/ros2_test/src/turtlesim_catch_them_all', 'symlink_install': False, 'test_result_base': None}
[0.274s] Level 5:colcon.colcon_core.verb:set package 'my_robot_bringup' build argument 'cmake_args' from command line to 'None'
[0.274s] Level 5:colcon.colcon_core.verb:set package 'my_robot_bringup' build argument 'cmake_target' from command line to 'None'
[0.274s] Level 5:colcon.colcon_core.verb:set package 'my_robot_bringup' build argument 'cmake_target_skip_unavailable' from command line to 'False'
[0.274s] Level 5:colcon.colcon_core.verb:set package 'my_robot_bringup' build argument 'cmake_clean_cache' from command line to 'False'
[0.274s] Level 5:colcon.colcon_core.verb:set package 'my_robot_bringup' build argument 'cmake_clean_first' from command line to 'False'
[0.274s] Level 5:colcon.colcon_core.verb:set package 'my_robot_bringup' build argument 'cmake_force_configure' from command line to 'False'
[0.274s] Level 5:colcon.colcon_core.verb:set package 'my_robot_bringup' build argument 'ament_cmake_args' from command line to 'None'
[0.274s] Level 5:colcon.colcon_core.verb:set package 'my_robot_bringup' build argument 'catkin_cmake_args' from command line to 'None'
[0.274s] Level 5:colcon.colcon_core.verb:set package 'my_robot_bringup' build argument 'catkin_skip_building_tests' from command line to 'False'
[0.274s] DEBUG:colcon.colcon_core.verb:Building package 'my_robot_bringup' with the following arguments: {'ament_cmake_args': None, 'build_base': '/home/abood/ros2_test/build/my_robot_bringup', 'catkin_cmake_args': None, 'catkin_skip_building_tests': False, 'cmake_args': None, 'cmake_clean_cache': False, 'cmake_clean_first': False, 'cmake_force_configure': False, 'cmake_target': None, 'cmake_target_skip_unavailable': False, 'install_base': '/home/abood/ros2_test/install/my_robot_bringup', 'merge_install': False, 'path': '/home/abood/ros2_test/src/my_robot_bringup', 'symlink_install': False, 'test_result_base': None}
[0.274s] INFO:colcon.colcon_core.executor:Executing jobs using 'parallel' executor
[0.275s] DEBUG:colcon.colcon_parallel_executor.executor.parallel:run_until_complete
[0.276s] INFO:colcon.colcon_ros.task.ament_cmake.build:Building ROS package in '/home/abood/ros2_test/src/my_interfaces' with build type 'ament_cmake'
[0.276s] INFO:colcon.colcon_cmake.task.cmake.build:Building CMake package in '/home/abood/ros2_test/src/my_interfaces'
[0.277s] INFO:colcon.colcon_core.plugin_system:Skipping extension 'colcon_core.shell.bat': Not used on non-Windows systems
[0.277s] INFO:colcon.colcon_core.shell:Skip shell extension 'powershell' for command environment: Not usable outside of PowerShell
[0.277s] DEBUG:colcon.colcon_core.shell:Skip shell extension 'dsv' for command environment
[0.280s] INFO:colcon.colcon_ros.task.ament_cmake.build:Building ROS package in '/home/abood/ros2_test/src/my_cpp_pkg' with build type 'ament_cmake'
[0.281s] INFO:colcon.colcon_cmake.task.cmake.build:Building CMake package in '/home/abood/ros2_test/src/my_cpp_pkg'
[0.281s] INFO:colcon.colcon_core.shell:Skip shell extension 'powershell' for command environment: Not usable outside of PowerShell
[0.281s] DEBUG:colcon.colcon_core.shell:Skip shell extension 'dsv' for command environment
[0.289s] DEBUG:colcon.colcon_core.event_handler.log_command:Invoking command in '/home/abood/ros2_test/build/my_interfaces': CMAKE_PREFIX_PATH=${CMAKE_PREFIX_PATH}:/home/abood/ros2_test/install/turtlesim_catch_them_all:/home/abood/ros2_test/install/my_py_pkg:/opt/ros/humble /usr/bin/cmake --build /home/abood/ros2_test/build/my_interfaces -- -j16 -l16
[0.292s] DEBUG:colcon.colcon_core.event_handler.log_command:Invoking command in '/home/abood/ros2_test/build/my_cpp_pkg': CMAKE_PREFIX_PATH=${CMAKE_PREFIX_PATH}:/home/abood/ros2_test/install/turtlesim_catch_them_all:/home/abood/ros2_test/install/my_py_pkg:/opt/ros/humble /usr/bin/cmake --build /home/abood/ros2_test/build/my_cpp_pkg -- -j16 -l16
[0.356s] DEBUG:colcon.colcon_core.event_handler.log_command:Invoked command in '/home/abood/ros2_test/build/my_cpp_pkg' returned '0': CMAKE_PREFIX_PATH=${CMAKE_PREFIX_PATH}:/home/abood/ros2_test/install/turtlesim_catch_them_all:/home/abood/ros2_test/install/my_py_pkg:/opt/ros/humble /usr/bin/cmake --build /home/abood/ros2_test/build/my_cpp_pkg -- -j16 -l16
[0.367s] DEBUG:colcon.colcon_core.event_handler.log_command:Invoking command in '/home/abood/ros2_test/build/my_cpp_pkg': CMAKE_PREFIX_PATH=${CMAKE_PREFIX_PATH}:/home/abood/ros2_test/install/turtlesim_catch_them_all:/home/abood/ros2_test/install/my_py_pkg:/opt/ros/humble /usr/bin/cmake --install /home/abood/ros2_test/build/my_cpp_pkg
[0.376s] Level 1:colcon.colcon_core.environment:create_environment_scripts_only(my_cpp_pkg)
[0.376s] DEBUG:colcon.colcon_core.event_handler.log_command:Invoked command in '/home/abood/ros2_test/build/my_cpp_pkg' returned '0': CMAKE_PREFIX_PATH=${CMAKE_PREFIX_PATH}:/home/abood/ros2_test/install/turtlesim_catch_them_all:/home/abood/ros2_test/install/my_py_pkg:/opt/ros/humble /usr/bin/cmake --install /home/abood/ros2_test/build/my_cpp_pkg
[0.378s] Level 1:colcon.colcon_core.environment:checking '/home/abood/ros2_test/install/my_cpp_pkg' for CMake module files
[0.379s] Level 1:colcon.colcon_core.environment:checking '/home/abood/ros2_test/install/my_cpp_pkg' for CMake config files
[0.379s] Level 1:colcon.colcon_core.shell:create_environment_hook('my_cpp_pkg', 'cmake_prefix_path')
[0.379s] INFO:colcon.colcon_core.shell:Creating environment hook '/home/abood/ros2_test/install/my_cpp_pkg/share/my_cpp_pkg/hook/cmake_prefix_path.ps1'
[0.380s] INFO:colcon.colcon_core.shell:Creating environment descriptor '/home/abood/ros2_test/install/my_cpp_pkg/share/my_cpp_pkg/hook/cmake_prefix_path.dsv'
[0.380s] INFO:colcon.colcon_core.shell:Creating environment hook '/home/abood/ros2_test/install/my_cpp_pkg/share/my_cpp_pkg/hook/cmake_prefix_path.sh'
[0.381s] Level 1:colcon.colcon_core.environment:checking '/home/abood/ros2_test/install/my_cpp_pkg/lib'
[0.381s] Level 1:colcon.colcon_core.environment:checking '/home/abood/ros2_test/install/my_cpp_pkg/bin'
[0.381s] Level 1:colcon.colcon_core.environment:checking '/home/abood/ros2_test/install/my_cpp_pkg/lib/pkgconfig/my_cpp_pkg.pc'
[0.382s] Level 1:colcon.colcon_core.environment:checking '/home/abood/ros2_test/install/my_cpp_pkg/lib/python3.10/site-packages'
[0.382s] Level 1:colcon.colcon_core.environment:checking '/home/abood/ros2_test/install/my_cpp_pkg/bin'
[0.382s] INFO:colcon.colcon_core.shell:Creating package script '/home/abood/ros2_test/install/my_cpp_pkg/share/my_cpp_pkg/package.ps1'
[0.383s] INFO:colcon.colcon_core.shell:Creating package descriptor '/home/abood/ros2_test/install/my_cpp_pkg/share/my_cpp_pkg/package.dsv'
[0.383s] INFO:colcon.colcon_core.shell:Creating package script '/home/abood/ros2_test/install/my_cpp_pkg/share/my_cpp_pkg/package.sh'
[0.384s] INFO:colcon.colcon_core.shell:Creating package script '/home/abood/ros2_test/install/my_cpp_pkg/share/my_cpp_pkg/package.bash'
[0.384s] INFO:colcon.colcon_core.shell:Creating package script '/home/abood/ros2_test/install/my_cpp_pkg/share/my_cpp_pkg/package.zsh'
[0.385s] Level 1:colcon.colcon_core.environment:create_file_with_runtime_dependencies(/home/abood/ros2_test/install/my_cpp_pkg/share/colcon-core/packages/my_cpp_pkg)
[0.386s] Level 1:colcon.colcon_core.environment:create_environment_scripts_only(my_cpp_pkg)
[0.386s] Level 1:colcon.colcon_core.environment:checking '/home/abood/ros2_test/install/my_cpp_pkg' for CMake module files
[0.386s] Level 1:colcon.colcon_core.environment:checking '/home/abood/ros2_test/install/my_cpp_pkg' for CMake config files
[0.387s] Level 1:colcon.colcon_core.shell:create_environment_hook('my_cpp_pkg', 'cmake_prefix_path')
[0.387s] INFO:colcon.colcon_core.shell:Creating environment hook '/home/abood/ros2_test/install/my_cpp_pkg/share/my_cpp_pkg/hook/cmake_prefix_path.ps1'
[0.387s] INFO:colcon.colcon_core.shell:Creating environment descriptor '/home/abood/ros2_test/install/my_cpp_pkg/share/my_cpp_pkg/hook/cmake_prefix_path.dsv'
[0.387s] INFO:colcon.colcon_core.shell:Creating environment hook '/home/abood/ros2_test/install/my_cpp_pkg/share/my_cpp_pkg/hook/cmake_prefix_path.sh'
[0.388s] Level 1:colcon.colcon_core.environment:checking '/home/abood/ros2_test/install/my_cpp_pkg/lib'
[0.388s] Level 1:colcon.colcon_core.environment:checking '/home/abood/ros2_test/install/my_cpp_pkg/bin'
[0.388s] Level 1:colcon.colcon_core.environment:checking '/home/abood/ros2_test/install/my_cpp_pkg/lib/pkgconfig/my_cpp_pkg.pc'
[0.389s] Level 1:colcon.colcon_core.environment:checking '/home/abood/ros2_test/install/my_cpp_pkg/lib/python3.10/site-packages'
[0.389s] Level 1:colcon.colcon_core.environment:checking '/home/abood/ros2_test/install/my_cpp_pkg/bin'
[0.389s] INFO:colcon.colcon_core.shell:Creating package script '/home/abood/ros2_test/install/my_cpp_pkg/share/my_cpp_pkg/package.ps1'
[0.390s] INFO:colcon.colcon_core.shell:Creating package descriptor '/home/abood/ros2_test/install/my_cpp_pkg/share/my_cpp_pkg/package.dsv'
[0.390s] INFO:colcon.colcon_core.shell:Creating package script '/home/abood/ros2_test/install/my_cpp_pkg/share/my_cpp_pkg/package.sh'
[0.391s] INFO:colcon.colcon_core.shell:Creating package script '/home/abood/ros2_test/install/my_cpp_pkg/share/my_cpp_pkg/package.bash'
[0.391s] INFO:colcon.colcon_core.shell:Creating package script '/home/abood/ros2_test/install/my_cpp_pkg/share/my_cpp_pkg/package.zsh'
[0.391s] Level 1:colcon.colcon_core.environment:create_file_with_runtime_dependencies(/home/abood/ros2_test/install/my_cpp_pkg/share/colcon-core/packages/my_cpp_pkg)
[0.603s] DEBUG:colcon.colcon_core.event_handler.log_command:Invoked command in '/home/abood/ros2_test/build/my_interfaces' returned '0': CMAKE_PREFIX_PATH=${CMAKE_PREFIX_PATH}:/home/abood/ros2_test/install/turtlesim_catch_them_all:/home/abood/ros2_test/install/my_py_pkg:/opt/ros/humble /usr/bin/cmake --build /home/abood/ros2_test/build/my_interfaces -- -j16 -l16
[0.605s] DEBUG:colcon.colcon_core.event_handler.log_command:Invoking command in '/home/abood/ros2_test/build/my_interfaces': CMAKE_PREFIX_PATH=${CMAKE_PREFIX_PATH}:/home/abood/ros2_test/install/turtlesim_catch_them_all:/home/abood/ros2_test/install/my_py_pkg:/opt/ros/humble /usr/bin/cmake --install /home/abood/ros2_test/build/my_interfaces
[0.660s] Level 1:colcon.colcon_core.environment:create_environment_scripts_only(my_interfaces)
[0.660s] Level 1:colcon.colcon_core.environment:checking '/home/abood/ros2_test/install/my_interfaces' for CMake module files
[0.660s] DEBUG:colcon.colcon_core.event_handler.log_command:Invoked command in '/home/abood/ros2_test/build/my_interfaces' returned '0': CMAKE_PREFIX_PATH=${CMAKE_PREFIX_PATH}:/home/abood/ros2_test/install/turtlesim_catch_them_all:/home/abood/ros2_test/install/my_py_pkg:/opt/ros/humble /usr/bin/cmake --install /home/abood/ros2_test/build/my_interfaces
[0.661s] Level 1:colcon.colcon_core.environment:checking '/home/abood/ros2_test/install/my_interfaces' for CMake config files
[0.661s] Level 1:colcon.colcon_core.shell:create_environment_hook('my_interfaces', 'cmake_prefix_path')
[0.661s] INFO:colcon.colcon_core.shell:Creating environment hook '/home/abood/ros2_test/install/my_interfaces/share/my_interfaces/hook/cmake_prefix_path.ps1'
[0.661s] INFO:colcon.colcon_core.shell:Creating environment descriptor '/home/abood/ros2_test/install/my_interfaces/share/my_interfaces/hook/cmake_prefix_path.dsv'
[0.662s] INFO:colcon.colcon_core.shell:Creating environment hook '/home/abood/ros2_test/install/my_interfaces/share/my_interfaces/hook/cmake_prefix_path.sh'
[0.662s] Level 1:colcon.colcon_core.environment:checking '/home/abood/ros2_test/install/my_interfaces/lib'
[0.662s] Level 1:colcon.colcon_core.shell:create_environment_hook('my_interfaces', 'ld_library_path_lib')
[0.662s] INFO:colcon.colcon_core.shell:Creating environment hook '/home/abood/ros2_test/install/my_interfaces/share/my_interfaces/hook/ld_library_path_lib.ps1'
[0.663s] INFO:colcon.colcon_core.shell:Creating environment descriptor '/home/abood/ros2_test/install/my_interfaces/share/my_interfaces/hook/ld_library_path_lib.dsv'
[0.663s] INFO:colcon.colcon_core.shell:Creating environment hook '/home/abood/ros2_test/install/my_interfaces/share/my_interfaces/hook/ld_library_path_lib.sh'
[0.663s] Level 1:colcon.colcon_core.environment:checking '/home/abood/ros2_test/install/my_interfaces/bin'
[0.663s] Level 1:colcon.colcon_core.environment:checking '/home/abood/ros2_test/install/my_interfaces/lib/pkgconfig/my_interfaces.pc'
[0.663s] Level 1:colcon.colcon_core.environment:checking '/home/abood/ros2_test/install/my_interfaces/lib/python3.10/site-packages'
[0.663s] Level 1:colcon.colcon_core.environment:checking '/home/abood/ros2_test/install/my_interfaces/bin'
[0.664s] INFO:colcon.colcon_core.shell:Creating package script '/home/abood/ros2_test/install/my_interfaces/share/my_interfaces/package.ps1'
[0.664s] INFO:colcon.colcon_core.shell:Creating package descriptor '/home/abood/ros2_test/install/my_interfaces/share/my_interfaces/package.dsv'
[0.664s] INFO:colcon.colcon_core.shell:Creating package script '/home/abood/ros2_test/install/my_interfaces/share/my_interfaces/package.sh'
[0.665s] INFO:colcon.colcon_core.shell:Creating package script '/home/abood/ros2_test/install/my_interfaces/share/my_interfaces/package.bash'
[0.665s] INFO:colcon.colcon_core.shell:Creating package script '/home/abood/ros2_test/install/my_interfaces/share/my_interfaces/package.zsh'
[0.665s] Level 1:colcon.colcon_core.environment:create_file_with_runtime_dependencies(/home/abood/ros2_test/install/my_interfaces/share/colcon-core/packages/my_interfaces)
[0.665s] Level 1:colcon.colcon_core.environment:create_environment_scripts_only(my_interfaces)
[0.666s] Level 1:colcon.colcon_core.environment:checking '/home/abood/ros2_test/install/my_interfaces' for CMake module files
[0.666s] Level 1:colcon.colcon_core.environment:checking '/home/abood/ros2_test/install/my_interfaces' for CMake config files
[0.666s] Level 1:colcon.colcon_core.shell:create_environment_hook('my_interfaces', 'cmake_prefix_path')
[0.666s] INFO:colcon.colcon_core.shell:Creating environment hook '/home/abood/ros2_test/install/my_interfaces/share/my_interfaces/hook/cmake_prefix_path.ps1'
[0.667s] INFO:colcon.colcon_core.shell:Creating environment descriptor '/home/abood/ros2_test/install/my_interfaces/share/my_interfaces/hook/cmake_prefix_path.dsv'
[0.667s] INFO:colcon.colcon_core.shell:Creating environment hook '/home/abood/ros2_test/install/my_interfaces/share/my_interfaces/hook/cmake_prefix_path.sh'
[0.667s] Level 1:colcon.colcon_core.environment:checking '/home/abood/ros2_test/install/my_interfaces/lib'
[0.667s] Level 1:colcon.colcon_core.shell:create_environment_hook('my_interfaces', 'ld_library_path_lib')
[0.668s] INFO:colcon.colcon_core.shell:Creating environment hook '/home/abood/ros2_test/install/my_interfaces/share/my_interfaces/hook/ld_library_path_lib.ps1'
[0.668s] INFO:colcon.colcon_core.shell:Creating environment descriptor '/home/abood/ros2_test/install/my_interfaces/share/my_interfaces/hook/ld_library_path_lib.dsv'
[0.668s] INFO:colcon.colcon_core.shell:Creating environment hook '/home/abood/ros2_test/install/my_interfaces/share/my_interfaces/hook/ld_library_path_lib.sh'
[0.668s] Level 1:colcon.colcon_core.environment:checking '/home/abood/ros2_test/install/my_interfaces/bin'
[0.668s] Level 1:colcon.colcon_core.environment:checking '/home/abood/ros2_test/install/my_interfaces/lib/pkgconfig/my_interfaces.pc'
[0.669s] Level 1:colcon.colcon_core.environment:checking '/home/abood/ros2_test/install/my_interfaces/lib/python3.10/site-packages'
[0.669s] Level 1:colcon.colcon_core.environment:checking '/home/abood/ros2_test/install/my_interfaces/bin'
[0.669s] INFO:colcon.colcon_core.shell:Creating package script '/home/abood/ros2_test/install/my_interfaces/share/my_interfaces/package.ps1'
[0.669s] INFO:colcon.colcon_core.shell:Creating package descriptor '/home/abood/ros2_test/install/my_interfaces/share/my_interfaces/package.dsv'
[0.670s] INFO:colcon.colcon_core.shell:Creating package script '/home/abood/ros2_test/install/my_interfaces/share/my_interfaces/package.sh'
[0.670s] INFO:colcon.colcon_core.shell:Creating package script '/home/abood/ros2_test/install/my_interfaces/share/my_interfaces/package.bash'
[0.670s] INFO:colcon.colcon_core.shell:Creating package script '/home/abood/ros2_test/install/my_interfaces/share/my_interfaces/package.zsh'
[0.670s] Level 1:colcon.colcon_core.environment:create_file_with_runtime_dependencies(/home/abood/ros2_test/install/my_interfaces/share/colcon-core/packages/my_interfaces)
[0.671s] INFO:colcon.colcon_ros.task.ament_python.build:Building ROS package in '/home/abood/ros2_test/src/my_py_pkg' with build type 'ament_python'
[0.671s] Level 1:colcon.colcon_core.shell:create_environment_hook('my_py_pkg', 'ament_prefix_path')
[0.671s] INFO:colcon.colcon_core.shell:Creating environment hook '/home/abood/ros2_test/install/my_py_pkg/share/my_py_pkg/hook/ament_prefix_path.ps1'
[0.672s] INFO:colcon.colcon_core.shell:Creating environment descriptor '/home/abood/ros2_test/install/my_py_pkg/share/my_py_pkg/hook/ament_prefix_path.dsv'
[0.672s] INFO:colcon.colcon_core.shell:Creating environment hook '/home/abood/ros2_test/install/my_py_pkg/share/my_py_pkg/hook/ament_prefix_path.sh'
[0.672s] INFO:colcon.colcon_core.shell:Skip shell extension 'powershell' for command environment: Not usable outside of PowerShell
[0.672s] DEBUG:colcon.colcon_core.shell:Skip shell extension 'dsv' for command environment
[0.676s] INFO:colcon.colcon_ros.task.ament_python.build:Building ROS package in '/home/abood/ros2_test/src/turtlesim_catch_them_all' with build type 'ament_python'
[0.676s] Level 1:colcon.colcon_core.shell:create_environment_hook('turtlesim_catch_them_all', 'ament_prefix_path')
[0.676s] INFO:colcon.colcon_core.shell:Creating environment hook '/home/abood/ros2_test/install/turtlesim_catch_them_all/share/turtlesim_catch_them_all/hook/ament_prefix_path.ps1'
[0.677s] INFO:colcon.colcon_core.shell:Creating environment descriptor '/home/abood/ros2_test/install/turtlesim_catch_them_all/share/turtlesim_catch_them_all/hook/ament_prefix_path.dsv'
[0.677s] INFO:colcon.colcon_core.shell:Creating environment hook '/home/abood/ros2_test/install/turtlesim_catch_them_all/share/turtlesim_catch_them_all/hook/ament_prefix_path.sh'
[0.678s] INFO:colcon.colcon_core.shell:Skip shell extension 'powershell' for command environment: Not usable outside of PowerShell
[0.678s] DEBUG:colcon.colcon_core.shell:Skip shell extension 'dsv' for command environment
[0.879s] INFO:colcon.colcon_core.task.python.build:Building Python package in '/home/abood/ros2_test/src/my_py_pkg'
[0.880s] INFO:colcon.colcon_core.shell:Skip shell extension 'powershell' for command environment: Not usable outside of PowerShell
[0.880s] DEBUG:colcon.colcon_core.shell:Skip shell extension 'dsv' for command environment
[1.075s] INFO:colcon.colcon_core.task.python.build:Building Python package in '/home/abood/ros2_test/src/turtlesim_catch_them_all'
[1.075s] INFO:colcon.colcon_core.shell:Skip shell extension 'powershell' for command environment: Not usable outside of PowerShell
[1.075s] DEBUG:colcon.colcon_core.shell:Skip shell extension 'dsv' for command environment
[1.387s] DEBUG:colcon.colcon_core.event_handler.log_command:Invoking command in '/home/abood/ros2_test/src/my_py_pkg': CMAKE_PREFIX_PATH=/home/abood/ros2_test/install/my_interfaces:/home/abood/ros2_test/install/my_robot_bringup:/home/abood/ros2_test/install/my_cpp_pkg PYTHONPATH=/home/abood/ros2_test/build/my_py_pkg/prefix_override:/usr/lib/python3/dist-packages/colcon_core/task/python/colcon_distutils_commands:/home/abood/ros2_test/install/my_py_pkg/lib/python3.10/site-packages:${PYTHONPATH} /usr/bin/python3 -W ignore:setup.py install is deprecated -W ignore:easy_install command is deprecated setup.py egg_info --egg-base ../../build/my_py_pkg build --build-base /home/abood/ros2_test/build/my_py_pkg/build install --record /home/abood/ros2_test/build/my_py_pkg/install.log --single-version-externally-managed install_data
[1.390s] DEBUG:colcon.colcon_core.event_handler.log_command:Invoking command in '/home/abood/ros2_test/src/turtlesim_catch_them_all': CMAKE_PREFIX_PATH=/home/abood/ros2_test/install/my_interfaces:/home/abood/ros2_test/install/my_robot_bringup:/home/abood/ros2_test/install/my_cpp_pkg PYTHONPATH=/home/abood/ros2_test/build/turtlesim_catch_them_all/prefix_override:/usr/lib/python3/dist-packages/colcon_core/task/python/colcon_distutils_commands:/home/abood/ros2_test/install/turtlesim_catch_them_all/lib/python3.10/site-packages:${PYTHONPATH} /usr/bin/python3 -W ignore:setup.py install is deprecated -W ignore:easy_install command is deprecated setup.py egg_info --egg-base ../../build/turtlesim_catch_them_all build --build-base /home/abood/ros2_test/build/turtlesim_catch_them_all/build install --record /home/abood/ros2_test/build/turtlesim_catch_them_all/install.log --single-version-externally-managed install_data
[1.646s] Level 1:colcon.colcon_core.environment:checking '/home/abood/ros2_test/install/turtlesim_catch_them_all' for CMake module files
[1.647s] DEBUG:colcon.colcon_core.event_handler.log_command:Invoked command in '/home/abood/ros2_test/src/turtlesim_catch_them_all' returned '0': CMAKE_PREFIX_PATH=/home/abood/ros2_test/install/my_interfaces:/home/abood/ros2_test/install/my_robot_bringup:/home/abood/ros2_test/install/my_cpp_pkg PYTHONPATH=/home/abood/ros2_test/build/turtlesim_catch_them_all/prefix_override:/usr/lib/python3/dist-packages/colcon_core/task/python/colcon_distutils_commands:/home/abood/ros2_test/install/turtlesim_catch_them_all/lib/python3.10/site-packages:${PYTHONPATH} /usr/bin/python3 -W ignore:setup.py install is deprecated -W ignore:easy_install command is deprecated setup.py egg_info --egg-base ../../build/turtlesim_catch_them_all build --build-base /home/abood/ros2_test/build/turtlesim_catch_them_all/build install --record /home/abood/ros2_test/build/turtlesim_catch_them_all/install.log --single-version-externally-managed install_data
[1.648s] Level 1:colcon.colcon_core.environment:checking '/home/abood/ros2_test/install/turtlesim_catch_them_all' for CMake config files
[1.648s] Level 1:colcon.colcon_core.environment:checking '/home/abood/ros2_test/install/turtlesim_catch_them_all/lib'
[1.648s] Level 1:colcon.colcon_core.environment:checking '/home/abood/ros2_test/install/turtlesim_catch_them_all/bin'
[1.648s] Level 1:colcon.colcon_core.environment:checking '/home/abood/ros2_test/install/turtlesim_catch_them_all/lib/pkgconfig/turtlesim_catch_them_all.pc'
[1.648s] Level 1:colcon.colcon_core.environment:checking '/home/abood/ros2_test/install/turtlesim_catch_them_all/lib/python3.10/site-packages'
[1.648s] Level 1:colcon.colcon_core.shell:create_environment_hook('turtlesim_catch_them_all', 'pythonpath')
[1.649s] INFO:colcon.colcon_core.shell:Creating environment hook '/home/abood/ros2_test/install/turtlesim_catch_them_all/share/turtlesim_catch_them_all/hook/pythonpath.ps1'
[1.649s] INFO:colcon.colcon_core.shell:Creating environment descriptor '/home/abood/ros2_test/install/turtlesim_catch_them_all/share/turtlesim_catch_them_all/hook/pythonpath.dsv'
[1.649s] INFO:colcon.colcon_core.shell:Creating environment hook '/home/abood/ros2_test/install/turtlesim_catch_them_all/share/turtlesim_catch_them_all/hook/pythonpath.sh'
[1.650s] Level 1:colcon.colcon_core.environment:checking '/home/abood/ros2_test/install/turtlesim_catch_them_all/bin'
[1.650s] Level 1:colcon.colcon_core.environment:create_environment_scripts_only(turtlesim_catch_them_all)
[1.650s] INFO:colcon.colcon_core.shell:Creating package script '/home/abood/ros2_test/install/turtlesim_catch_them_all/share/turtlesim_catch_them_all/package.ps1'
[1.651s] INFO:colcon.colcon_core.shell:Creating package descriptor '/home/abood/ros2_test/install/turtlesim_catch_them_all/share/turtlesim_catch_them_all/package.dsv'
[1.651s] INFO:colcon.colcon_core.shell:Creating package script '/home/abood/ros2_test/install/turtlesim_catch_them_all/share/turtlesim_catch_them_all/package.sh'
[1.651s] INFO:colcon.colcon_core.shell:Creating package script '/home/abood/ros2_test/install/turtlesim_catch_them_all/share/turtlesim_catch_them_all/package.bash'
[1.651s] INFO:colcon.colcon_core.shell:Creating package script '/home/abood/ros2_test/install/turtlesim_catch_them_all/share/turtlesim_catch_them_all/package.zsh'
[1.652s] Level 1:colcon.colcon_core.environment:create_file_with_runtime_dependencies(/home/abood/ros2_test/install/turtlesim_catch_them_all/share/colcon-core/packages/turtlesim_catch_them_all)
[1.653s] Level 1:colcon.colcon_core.environment:checking '/home/abood/ros2_test/install/my_py_pkg' for CMake module files
[1.654s] DEBUG:colcon.colcon_core.event_handler.log_command:Invoked command in '/home/abood/ros2_test/src/my_py_pkg' returned '0': CMAKE_PREFIX_PATH=/home/abood/ros2_test/install/my_interfaces:/home/abood/ros2_test/install/my_robot_bringup:/home/abood/ros2_test/install/my_cpp_pkg PYTHONPATH=/home/abood/ros2_test/build/my_py_pkg/prefix_override:/usr/lib/python3/dist-packages/colcon_core/task/python/colcon_distutils_commands:/home/abood/ros2_test/install/my_py_pkg/lib/python3.10/site-packages:${PYTHONPATH} /usr/bin/python3 -W ignore:setup.py install is deprecated -W ignore:easy_install command is deprecated setup.py egg_info --egg-base ../../build/my_py_pkg build --build-base /home/abood/ros2_test/build/my_py_pkg/build install --record /home/abood/ros2_test/build/my_py_pkg/install.log --single-version-externally-managed install_data
[1.654s] Level 1:colcon.colcon_core.environment:checking '/home/abood/ros2_test/install/my_py_pkg' for CMake config files
[1.655s] Level 1:colcon.colcon_core.environment:checking '/home/abood/ros2_test/install/my_py_pkg/lib'
[1.655s] Level 1:colcon.colcon_core.environment:checking '/home/abood/ros2_test/install/my_py_pkg/bin'
[1.655s] Level 1:colcon.colcon_core.environment:checking '/home/abood/ros2_test/install/my_py_pkg/lib/pkgconfig/my_py_pkg.pc'
[1.655s] Level 1:colcon.colcon_core.environment:checking '/home/abood/ros2_test/install/my_py_pkg/lib/python3.10/site-packages'
[1.655s] Level 1:colcon.colcon_core.shell:create_environment_hook('my_py_pkg', 'pythonpath')
[1.655s] INFO:colcon.colcon_core.shell:Creating environment hook '/home/abood/ros2_test/install/my_py_pkg/share/my_py_pkg/hook/pythonpath.ps1'
[1.655s] INFO:colcon.colcon_core.shell:Creating environment descriptor '/home/abood/ros2_test/install/my_py_pkg/share/my_py_pkg/hook/pythonpath.dsv'
[1.656s] INFO:colcon.colcon_core.shell:Creating environment hook '/home/abood/ros2_test/install/my_py_pkg/share/my_py_pkg/hook/pythonpath.sh'
[1.656s] Level 1:colcon.colcon_core.environment:checking '/home/abood/ros2_test/install/my_py_pkg/bin'
[1.656s] Level 1:colcon.colcon_core.environment:create_environment_scripts_only(my_py_pkg)
[1.656s] INFO:colcon.colcon_core.shell:Creating package script '/home/abood/ros2_test/install/my_py_pkg/share/my_py_pkg/package.ps1'
[1.657s] INFO:colcon.colcon_core.shell:Creating package descriptor '/home/abood/ros2_test/install/my_py_pkg/share/my_py_pkg/package.dsv'
[1.657s] INFO:colcon.colcon_core.shell:Creating package script '/home/abood/ros2_test/install/my_py_pkg/share/my_py_pkg/package.sh'
[1.657s] INFO:colcon.colcon_core.shell:Creating package script '/home/abood/ros2_test/install/my_py_pkg/share/my_py_pkg/package.bash'
[1.658s] INFO:colcon.colcon_core.shell:Creating package script '/home/abood/ros2_test/install/my_py_pkg/share/my_py_pkg/package.zsh'
[1.658s] Level 1:colcon.colcon_core.environment:create_file_with_runtime_dependencies(/home/abood/ros2_test/install/my_py_pkg/share/colcon-core/packages/my_py_pkg)
[1.658s] INFO:colcon.colcon_ros.task.ament_cmake.build:Building ROS package in '/home/abood/ros2_test/src/my_robot_bringup' with build type 'ament_cmake'
[1.658s] INFO:colcon.colcon_cmake.task.cmake.build:Building CMake package in '/home/abood/ros2_test/src/my_robot_bringup'
[1.658s] INFO:colcon.colcon_core.shell:Skip shell extension 'powershell' for command environment: Not usable outside of PowerShell
[1.658s] DEBUG:colcon.colcon_core.shell:Skip shell extension 'dsv' for command environment
[1.672s] DEBUG:colcon.colcon_core.event_handler.log_command:Invoking command in '/home/abood/ros2_test/build/my_robot_bringup': AMENT_PREFIX_PATH=/home/abood/ros2_test/install/my_py_pkg:/home/abood/ros2_test/install/turtlesim_catch_them_all:/home/abood/ros2_test/install/my_robot_bringup:/home/abood/ros2_test/install/my_interfaces:/home/abood/ros2_test/install/my_cpp_pkg:/opt/ros/humble CMAKE_PREFIX_PATH=/home/abood/ros2_test/install/my_interfaces:/home/abood/ros2_test/install/my_robot_bringup:/home/abood/ros2_test/install/my_cpp_pkg:/home/abood/ros2_test/install/turtlesim_catch_them_all:/home/abood/ros2_test/install/my_py_pkg:/opt/ros/humble PYTHONPATH=/home/abood/ros2_test/install/my_py_pkg/lib/python3.10/site-packages:/home/abood/ros2_test/install/turtlesim_catch_them_all/lib/python3.10/site-packages:/home/abood/ros2_test/install/my_interfaces/local/lib/python3.10/dist-packages:/opt/ros/humble/lib/python3.10/site-packages:/opt/ros/humble/local/lib/python3.10/dist-packages /usr/bin/cmake --build /home/abood/ros2_test/build/my_robot_bringup -- -j16 -l16
[1.704s] DEBUG:colcon.colcon_core.event_handler.log_command:Invoked command in '/home/abood/ros2_test/build/my_robot_bringup' returned '0': AMENT_PREFIX_PATH=/home/abood/ros2_test/install/my_py_pkg:/home/abood/ros2_test/install/turtlesim_catch_them_all:/home/abood/ros2_test/install/my_robot_bringup:/home/abood/ros2_test/install/my_interfaces:/home/abood/ros2_test/install/my_cpp_pkg:/opt/ros/humble CMAKE_PREFIX_PATH=/home/abood/ros2_test/install/my_interfaces:/home/abood/ros2_test/install/my_robot_bringup:/home/abood/ros2_test/install/my_cpp_pkg:/home/abood/ros2_test/install/turtlesim_catch_them_all:/home/abood/ros2_test/install/my_py_pkg:/opt/ros/humble PYTHONPATH=/home/abood/ros2_test/install/my_py_pkg/lib/python3.10/site-packages:/home/abood/ros2_test/install/turtlesim_catch_them_all/lib/python3.10/site-packages:/home/abood/ros2_test/install/my_interfaces/local/lib/python3.10/dist-packages:/opt/ros/humble/lib/python3.10/site-packages:/opt/ros/humble/local/lib/python3.10/dist-packages /usr/bin/cmake --build /home/abood/ros2_test/build/my_robot_bringup -- -j16 -l16
[1.705s] DEBUG:colcon.colcon_core.event_handler.log_command:Invoking command in '/home/abood/ros2_test/build/my_robot_bringup': AMENT_PREFIX_PATH=/home/abood/ros2_test/install/my_py_pkg:/home/abood/ros2_test/install/turtlesim_catch_them_all:/home/abood/ros2_test/install/my_robot_bringup:/home/abood/ros2_test/install/my_interfaces:/home/abood/ros2_test/install/my_cpp_pkg:/opt/ros/humble CMAKE_PREFIX_PATH=/home/abood/ros2_test/install/my_interfaces:/home/abood/ros2_test/install/my_robot_bringup:/home/abood/ros2_test/install/my_cpp_pkg:/home/abood/ros2_test/install/turtlesim_catch_them_all:/home/abood/ros2_test/install/my_py_pkg:/opt/ros/humble PYTHONPATH=/home/abood/ros2_test/install/my_py_pkg/lib/python3.10/site-packages:/home/abood/ros2_test/install/turtlesim_catch_them_all/lib/python3.10/site-packages:/home/abood/ros2_test/install/my_interfaces/local/lib/python3.10/dist-packages:/opt/ros/humble/lib/python3.10/site-packages:/opt/ros/humble/local/lib/python3.10/dist-packages /usr/bin/cmake --install /home/abood/ros2_test/build/my_robot_bringup
[1.718s] Level 1:colcon.colcon_core.environment:create_environment_scripts_only(my_robot_bringup)
[1.719s] Level 1:colcon.colcon_core.environment:checking '/home/abood/ros2_test/install/my_robot_bringup' for CMake module files
[1.719s] DEBUG:colcon.colcon_core.event_handler.log_command:Invoked command in '/home/abood/ros2_test/build/my_robot_bringup' returned '0': AMENT_PREFIX_PATH=/home/abood/ros2_test/install/my_py_pkg:/home/abood/ros2_test/install/turtlesim_catch_them_all:/home/abood/ros2_test/install/my_robot_bringup:/home/abood/ros2_test/install/my_interfaces:/home/abood/ros2_test/install/my_cpp_pkg:/opt/ros/humble CMAKE_PREFIX_PATH=/home/abood/ros2_test/install/my_interfaces:/home/abood/ros2_test/install/my_robot_bringup:/home/abood/ros2_test/install/my_cpp_pkg:/home/abood/ros2_test/install/turtlesim_catch_them_all:/home/abood/ros2_test/install/my_py_pkg:/opt/ros/humble PYTHONPATH=/home/abood/ros2_test/install/my_py_pkg/lib/python3.10/site-packages:/home/abood/ros2_test/install/turtlesim_catch_them_all/lib/python3.10/site-packages:/home/abood/ros2_test/install/my_interfaces/local/lib/python3.10/dist-packages:/opt/ros/humble/lib/python3.10/site-packages:/opt/ros/humble/local/lib/python3.10/dist-packages /usr/bin/cmake --install /home/abood/ros2_test/build/my_robot_bringup
[1.720s] Level 1:colcon.colcon_core.environment:checking '/home/abood/ros2_test/install/my_robot_bringup' for CMake config files
[1.720s] Level 1:colcon.colcon_core.shell:create_environment_hook('my_robot_bringup', 'cmake_prefix_path')
[1.720s] INFO:colcon.colcon_core.shell:Creating environment hook '/home/abood/ros2_test/install/my_robot_bringup/share/my_robot_bringup/hook/cmake_prefix_path.ps1'
[1.721s] INFO:colcon.colcon_core.shell:Creating environment descriptor '/home/abood/ros2_test/install/my_robot_bringup/share/my_robot_bringup/hook/cmake_prefix_path.dsv'
[1.721s] INFO:colcon.colcon_core.shell:Creating environment hook '/home/abood/ros2_test/install/my_robot_bringup/share/my_robot_bringup/hook/cmake_prefix_path.sh'
[1.721s] Level 1:colcon.colcon_core.environment:checking '/home/abood/ros2_test/install/my_robot_bringup/bin'
[1.721s] Level 1:colcon.colcon_core.environment:checking '/home/abood/ros2_test/install/my_robot_bringup/lib/pkgconfig/my_robot_bringup.pc'
[1.722s] Level 1:colcon.colcon_core.environment:checking '/home/abood/ros2_test/install/my_robot_bringup/lib/python3.10/site-packages'
[1.722s] Level 1:colcon.colcon_core.environment:checking '/home/abood/ros2_test/install/my_robot_bringup/bin'
[1.722s] INFO:colcon.colcon_core.shell:Creating package script '/home/abood/ros2_test/install/my_robot_bringup/share/my_robot_bringup/package.ps1'
[1.722s] INFO:colcon.colcon_core.shell:Creating package descriptor '/home/abood/ros2_test/install/my_robot_bringup/share/my_robot_bringup/package.dsv'
[1.723s] INFO:colcon.colcon_core.shell:Creating package script '/home/abood/ros2_test/install/my_robot_bringup/share/my_robot_bringup/package.sh'
[1.723s] INFO:colcon.colcon_core.shell:Creating package script '/home/abood/ros2_test/install/my_robot_bringup/share/my_robot_bringup/package.bash'
[1.723s] INFO:colcon.colcon_core.shell:Creating package script '/home/abood/ros2_test/install/my_robot_bringup/share/my_robot_bringup/package.zsh'
[1.724s] Level 1:colcon.colcon_core.environment:create_file_with_runtime_dependencies(/home/abood/ros2_test/install/my_robot_bringup/share/colcon-core/packages/my_robot_bringup)
[1.724s] Level 1:colcon.colcon_core.environment:create_environment_scripts_only(my_robot_bringup)
[1.725s] Level 1:colcon.colcon_core.environment:checking '/home/abood/ros2_test/install/my_robot_bringup' for CMake module files
[1.725s] Level 1:colcon.colcon_core.environment:checking '/home/abood/ros2_test/install/my_robot_bringup' for CMake config files
[1.725s] Level 1:colcon.colcon_core.shell:create_environment_hook('my_robot_bringup', 'cmake_prefix_path')
[1.725s] INFO:colcon.colcon_core.shell:Creating environment hook '/home/abood/ros2_test/install/my_robot_bringup/share/my_robot_bringup/hook/cmake_prefix_path.ps1'
[1.725s] INFO:colcon.colcon_core.shell:Creating environment descriptor '/home/abood/ros2_test/install/my_robot_bringup/share/my_robot_bringup/hook/cmake_prefix_path.dsv'
[1.726s] INFO:colcon.colcon_core.shell:Creating environment hook '/home/abood/ros2_test/install/my_robot_bringup/share/my_robot_bringup/hook/cmake_prefix_path.sh'
[1.726s] Level 1:colcon.colcon_core.environment:checking '/home/abood/ros2_test/install/my_robot_bringup/bin'
[1.726s] Level 1:colcon.colcon_core.environment:checking '/home/abood/ros2_test/install/my_robot_bringup/lib/pkgconfig/my_robot_bringup.pc'
[1.726s] Level 1:colcon.colcon_core.environment:checking '/home/abood/ros2_test/install/my_robot_bringup/lib/python3.10/site-packages'
[1.727s] Level 1:colcon.colcon_core.environment:checking '/home/abood/ros2_test/install/my_robot_bringup/bin'
[1.727s] INFO:colcon.colcon_core.shell:Creating package script '/home/abood/ros2_test/install/my_robot_bringup/share/my_robot_bringup/package.ps1'
[1.727s] INFO:colcon.colcon_core.shell:Creating package descriptor '/home/abood/ros2_test/install/my_robot_bringup/share/my_robot_bringup/package.dsv'
[1.728s] INFO:colcon.colcon_core.shell:Creating package script '/home/abood/ros2_test/install/my_robot_bringup/share/my_robot_bringup/package.sh'
[1.728s] INFO:colcon.colcon_core.shell:Creating package script '/home/abood/ros2_test/install/my_robot_bringup/share/my_robot_bringup/package.bash'
[1.728s] INFO:colcon.colcon_core.shell:Creating package script '/home/abood/ros2_test/install/my_robot_bringup/share/my_robot_bringup/package.zsh'
[1.728s] Level 1:colcon.colcon_core.environment:create_file_with_runtime_dependencies(/home/abood/ros2_test/install/my_robot_bringup/share/colcon-core/packages/my_robot_bringup)
[1.729s] DEBUG:colcon.colcon_parallel_executor.executor.parallel:closing loop
[1.729s] DEBUG:colcon.colcon_parallel_executor.executor.parallel:loop closed
[1.729s] DEBUG:colcon.colcon_parallel_executor.executor.parallel:run_until_complete finished with '0'
[1.729s] DEBUG:colcon.colcon_core.event_reactor:joining thread
[1.734s] INFO:colcon.colcon_core.plugin_system:Skipping extension 'colcon_notification.desktop_notification.terminal_notifier': Not used on non-Darwin systems
[1.734s] INFO:colcon.colcon_core.plugin_system:Skipping extension 'colcon_notification.desktop_notification.win32': Not used on non-Windows systems
[1.734s] INFO:colcon.colcon_notification.desktop_notification:Sending desktop notification using 'notify2'
[1.743s] DEBUG:colcon.colcon_core.event_reactor:joined thread
[1.744s] INFO:colcon.colcon_core.shell:Creating prefix script '/home/abood/ros2_test/install/local_setup.ps1'
[1.744s] INFO:colcon.colcon_core.shell:Creating prefix util module '/home/abood/ros2_test/install/_local_setup_util_ps1.py'
[1.747s] INFO:colcon.colcon_core.shell:Creating prefix chain script '/home/abood/ros2_test/install/setup.ps1'
[1.748s] INFO:colcon.colcon_core.shell:Creating prefix script '/home/abood/ros2_test/install/local_setup.sh'
[1.748s] INFO:colcon.colcon_core.shell:Creating prefix util module '/home/abood/ros2_test/install/_local_setup_util_sh.py'
[1.749s] INFO:colcon.colcon_core.shell:Creating prefix chain script '/home/abood/ros2_test/install/setup.sh'
[1.750s] INFO:colcon.colcon_core.shell:Creating prefix script '/home/abood/ros2_test/install/local_setup.bash'
[1.750s] INFO:colcon.colcon_core.shell:Creating prefix chain script '/home/abood/ros2_test/install/setup.bash'
[1.751s] INFO:colcon.colcon_core.shell:Creating prefix script '/home/abood/ros2_test/install/local_setup.zsh'
[1.751s] INFO:colcon.colcon_core.shell:Creating prefix chain script '/home/abood/ros2_test/install/setup.zsh'
