[0.008s] Invoking command in '/home/abood/ros2_test/build/my_robot_bringup': /usr/bin/cmake /home/abood/ros2_test/src/my_robot_bringup -DCMAKE_INSTALL_PREFIX=/home/abood/ros2_test/install/my_robot_bringup
[0.074s] -- The C compiler identification is GNU 11.4.0
[0.125s] -- The CXX compiler identification is GNU 11.4.0
[0.132s] -- Detecting C compiler ABI info
[0.175s] -- Detecting C compiler ABI info - done
[0.180s] -- Check for working C compiler: /usr/bin/cc - skipped
[0.180s] -- Detecting C compile features
[0.180s] -- Detecting C compile features - done
[0.183s] -- Detecting CXX compiler ABI info
[0.233s] -- Detecting CXX compiler ABI info - done
[0.238s] -- Check for working CXX compiler: /usr/bin/c++ - skipped
[0.238s] -- Detecting CXX compile features
[0.238s] -- Detecting CXX compile features - done
[0.241s] -- Found ament_cmake: 1.3.11 (/opt/ros/humble/share/ament_cmake/cmake)
[0.343s] -- Found Python3: /usr/bin/python3 (found version "3.10.12") found components: Interpreter 
[0.450s] -- Found ament_lint_auto: 0.12.12 (/opt/ros/humble/share/ament_lint_auto/cmake)
[0.483s] Error parsing '/home/abood/ros2_test/src/my_robot_bringup/package.xml':
[0.513s] Traceback (most recent call last):
[0.513s]   File "/opt/ros/humble/share/ament_cmake_core/cmake/core/package_xml_2_cmake.py", line 150, in <module>
[0.513s]     main()
[0.513s]   File "/opt/ros/humble/share/ament_cmake_core/cmake/core/package_xml_2_cmake.py", line 53, in main
[0.513s]     raise e
[0.513s]   File "/opt/ros/humble/share/ament_cmake_core/cmake/core/package_xml_2_cmake.py", line 49, in main
[0.513s]     package = parse_package_string(
[0.513s]   File "/usr/lib/python3/dist-packages/catkin_pkg/package.py", line 788, in parse_package_string
[0.513s]     pkg.validate(warnings=warnings)
[0.513s]   File "/usr/lib/python3/dist-packages/catkin_pkg/package.py", line 330, in validate
[0.513s]     raise InvalidPackage('\n'.join(errors), self.filename)
[0.513s] catkin_pkg.package.InvalidPackage: Error(s) in package '/home/abood/ros2_test/src/my_robot_bringup/package.xml':
[0.513s] Invalid email "anaalbakatoshy.gmail.com" for person "abood"
[0.523s] [31mCMake Error at /opt/ros/humble/share/ament_cmake_core/cmake/core/ament_package_xml.cmake:95 (message):
[0.523s]   execute_process(/usr/bin/python3
[0.523s]   /opt/ros/humble/share/ament_cmake_core/cmake/core/package_xml_2_cmake.py
[0.523s]   /home/abood/ros2_test/src/my_robot_bringup/package.xml
[0.523s]   /home/abood/ros2_test/build/my_robot_bringup/ament_cmake_core/package.cmake)
[0.523s]   returned error code 1
[0.523s] Call Stack (most recent call first):
[0.523s]   /opt/ros/humble/share/ament_cmake_core/cmake/core/ament_package_xml.cmake:49 (_ament_package_xml)
[0.523s]   /opt/ros/humble/share/ament_lint_auto/cmake/ament_lint_auto_find_test_dependencies.cmake:31 (ament_package_xml)
[0.523s]   CMakeLists.txt:23 (ament_lint_auto_find_test_dependencies)
[0.523s] 
[0.523s] [0m
[0.523s] -- Configuring incomplete, errors occurred!
[0.523s] See also "/home/abood/ros2_test/build/my_robot_bringup/CMakeFiles/CMakeOutput.log".
[0.526s] Invoked command in '/home/abood/ros2_test/build/my_robot_bringup' returned '1': /usr/bin/cmake /home/abood/ros2_test/src/my_robot_bringup -DCMAKE_INSTALL_PREFIX=/home/abood/ros2_test/install/my_robot_bringup
