[0.447s] Invoking command in '/home/abood/ros2_test/src/turtlesim_catch_them_all': PYTHONPATH=/home/abood/ros2_test/build/turtlesim_catch_them_all/prefix_override:/usr/lib/python3/dist-packages/colcon_core/task/python/colcon_distutils_commands:/home/abood/ros2_test/install/turtlesim_catch_them_all/lib/python3.10/site-packages:${PYTHONPATH} /usr/bin/python3 -W ignore:setup.py install is deprecated -W ignore:easy_install command is deprecated setup.py egg_info --egg-base ../../build/turtlesim_catch_them_all build --build-base /home/abood/ros2_test/build/turtlesim_catch_them_all/build install --record /home/abood/ros2_test/build/turtlesim_catch_them_all/install.log --single-version-externally-managed install_data
[0.601s] running egg_info
[0.602s] writing ../../build/turtlesim_catch_them_all/turtlesim_catch_them_all.egg-info/PKG-INFO
[0.602s] writing dependency_links to ../../build/turtlesim_catch_them_all/turtlesim_catch_them_all.egg-info/dependency_links.txt
[0.602s] writing entry points to ../../build/turtlesim_catch_them_all/turtlesim_catch_them_all.egg-info/entry_points.txt
[0.602s] writing requirements to ../../build/turtlesim_catch_them_all/turtlesim_catch_them_all.egg-info/requires.txt
[0.602s] writing top-level names to ../../build/turtlesim_catch_them_all/turtlesim_catch_them_all.egg-info/top_level.txt
[0.603s] reading manifest file '../../build/turtlesim_catch_them_all/turtlesim_catch_them_all.egg-info/SOURCES.txt'
[0.604s] writing manifest file '../../build/turtlesim_catch_them_all/turtlesim_catch_them_all.egg-info/SOURCES.txt'
[0.604s] running build
[0.604s] running build_py
[0.604s] copying turtlesim_catch_them_all/turtle_spawner.py -> /home/abood/ros2_test/build/turtlesim_catch_them_all/build/lib/turtlesim_catch_them_all
[0.604s] running install
[0.604s] running install_lib
[0.605s] copying /home/abood/ros2_test/build/turtlesim_catch_them_all/build/lib/turtlesim_catch_them_all/turtle_spawner.py -> /home/abood/ros2_test/install/turtlesim_catch_them_all/lib/python3.10/site-packages/turtlesim_catch_them_all
[0.605s] byte-compiling /home/abood/ros2_test/install/turtlesim_catch_them_all/lib/python3.10/site-packages/turtlesim_catch_them_all/turtle_spawner.py to turtle_spawner.cpython-310.pyc
[0.605s] running install_data
[0.606s] running install_egg_info
[0.607s] removing '/home/abood/ros2_test/install/turtlesim_catch_them_all/lib/python3.10/site-packages/turtlesim_catch_them_all-0.0.0-py3.10.egg-info' (and everything under it)
[0.607s] Copying ../../build/turtlesim_catch_them_all/turtlesim_catch_them_all.egg-info to /home/abood/ros2_test/install/turtlesim_catch_them_all/lib/python3.10/site-packages/turtlesim_catch_them_all-0.0.0-py3.10.egg-info
[0.607s] running install_scripts
[0.620s] Installing turtle_controller script to /home/abood/ros2_test/install/turtlesim_catch_them_all/lib/turtlesim_catch_them_all
[0.620s] Installing turtle_spawner script to /home/abood/ros2_test/install/turtlesim_catch_them_all/lib/turtlesim_catch_them_all
[0.620s] writing list of installed files to '/home/abood/ros2_test/build/turtlesim_catch_them_all/install.log'
[0.635s] Invoked command in '/home/abood/ros2_test/src/turtlesim_catch_them_all' returned '0': PYTHONPATH=/home/abood/ros2_test/build/turtlesim_catch_them_all/prefix_override:/usr/lib/python3/dist-packages/colcon_core/task/python/colcon_distutils_commands:/home/abood/ros2_test/install/turtlesim_catch_them_all/lib/python3.10/site-packages:${PYTHONPATH} /usr/bin/python3 -W ignore:setup.py install is deprecated -W ignore:easy_install command is deprecated setup.py egg_info --egg-base ../../build/turtlesim_catch_them_all build --build-base /home/abood/ros2_test/build/turtlesim_catch_them_all/build install --record /home/abood/ros2_test/build/turtlesim_catch_them_all/install.log --single-version-externally-managed install_data
