[0.010s] Invoking command in '/home/abood/ros2_test/build/my_cpp_pkg': CMAKE_PREFIX_PATH=${CMAKE_PREFIX_PATH}:/home/abood/ros2_test/install/my_py_pkg:/opt/ros/humble /usr/bin/cmake --build /home/abood/ros2_test/build/my_cpp_pkg -- -j16 -l16
[0.035s] [35m[1mConsolidate compiler generated dependencies of target subscriber_test[0m
[0.043s] [ 50%] Built target cpp_node
[0.043s] [ 66%] Built target publisher_test
[0.044s] [ 83%] [32mBuilding CXX object CMakeFiles/subscriber_test.dir/src/subscriber_test.cpp.o[0m
[4.981s] [100%] [32m[1mLinking CXX executable subscriber_test[0m
[5.213s] [100%] Built target subscriber_test
[5.219s] Invoked command in '/home/abood/ros2_test/build/my_cpp_pkg' returned '0': CMAKE_PREFIX_PATH=${CMAKE_PREFIX_PATH}:/home/abood/ros2_test/install/my_py_pkg:/opt/ros/humble /usr/bin/cmake --build /home/abood/ros2_test/build/my_cpp_pkg -- -j16 -l16
[5.226s] Invoking command in '/home/abood/ros2_test/build/my_cpp_pkg': CMAKE_PREFIX_PATH=${CMAKE_PREFIX_PATH}:/home/abood/ros2_test/install/my_py_pkg:/opt/ros/humble /usr/bin/cmake --install /home/abood/ros2_test/build/my_cpp_pkg
[5.230s] -- Install configuration: ""
[5.230s] -- Up-to-date: /home/abood/ros2_test/install/my_cpp_pkg/lib/my_cpp_pkg/cpp_node
[5.230s] -- Installing: /home/abood/ros2_test/install/my_cpp_pkg/lib/my_cpp_pkg/publisher_test
[5.231s] -- Set runtime path of "/home/abood/ros2_test/install/my_cpp_pkg/lib/my_cpp_pkg/publisher_test" to ""
[5.231s] -- Installing: /home/abood/ros2_test/install/my_cpp_pkg/lib/my_cpp_pkg/subscriber_test
[5.233s] -- Set runtime path of "/home/abood/ros2_test/install/my_cpp_pkg/lib/my_cpp_pkg/subscriber_test" to ""
[5.233s] -- Up-to-date: /home/abood/ros2_test/install/my_cpp_pkg/share/ament_index/resource_index/package_run_dependencies/my_cpp_pkg
[5.233s] -- Up-to-date: /home/abood/ros2_test/install/my_cpp_pkg/share/ament_index/resource_index/parent_prefix_path/my_cpp_pkg
[5.233s] -- Up-to-date: /home/abood/ros2_test/install/my_cpp_pkg/share/my_cpp_pkg/environment/ament_prefix_path.sh
[5.233s] -- Installing: /home/abood/ros2_test/install/my_cpp_pkg/share/my_cpp_pkg/environment/ament_prefix_path.dsv
[5.233s] -- Up-to-date: /home/abood/ros2_test/install/my_cpp_pkg/share/my_cpp_pkg/environment/path.sh
[5.233s] -- Installing: /home/abood/ros2_test/install/my_cpp_pkg/share/my_cpp_pkg/environment/path.dsv
[5.233s] -- Up-to-date: /home/abood/ros2_test/install/my_cpp_pkg/share/my_cpp_pkg/local_setup.bash
[5.233s] -- Up-to-date: /home/abood/ros2_test/install/my_cpp_pkg/share/my_cpp_pkg/local_setup.sh
[5.234s] -- Up-to-date: /home/abood/ros2_test/install/my_cpp_pkg/share/my_cpp_pkg/local_setup.zsh
[5.234s] -- Installing: /home/abood/ros2_test/install/my_cpp_pkg/share/my_cpp_pkg/local_setup.dsv
[5.234s] -- Installing: /home/abood/ros2_test/install/my_cpp_pkg/share/my_cpp_pkg/package.dsv
[5.234s] -- Up-to-date: /home/abood/ros2_test/install/my_cpp_pkg/share/ament_index/resource_index/packages/my_cpp_pkg
[5.234s] -- Up-to-date: /home/abood/ros2_test/install/my_cpp_pkg/share/my_cpp_pkg/cmake/my_cpp_pkgConfig.cmake
[5.234s] -- Up-to-date: /home/abood/ros2_test/install/my_cpp_pkg/share/my_cpp_pkg/cmake/my_cpp_pkgConfig-version.cmake
[5.234s] -- Up-to-date: /home/abood/ros2_test/install/my_cpp_pkg/share/my_cpp_pkg/package.xml
[5.235s] Invoked command in '/home/abood/ros2_test/build/my_cpp_pkg' returned '0': CMAKE_PREFIX_PATH=${CMAKE_PREFIX_PATH}:/home/abood/ros2_test/install/my_py_pkg:/opt/ros/humble /usr/bin/cmake --install /home/abood/ros2_test/build/my_cpp_pkg
