[0.010s] Invoking command in '/home/abood/ros2_test/build/my_cpp_pkg': CMAKE_PREFIX_PATH=/opt/ros/humble /usr/bin/cmake /home/abood/ros2_test/src/my_cpp_pkg -DCMAKE_INSTALL_PREFIX=/home/abood/ros2_test/install/my_cpp_pkg
[0.092s] -- The C compiler identification is GNU 11.4.0
[0.144s] -- The CXX compiler identification is GNU 11.4.0
[0.150s] -- Detecting C compiler ABI info
[0.201s] -- Detecting C compiler ABI info - done
[0.206s] -- Check for working C compiler: /usr/bin/cc - skipped
[0.206s] -- Detecting C compile features
[0.207s] -- Detecting C compile features - done
[0.209s] -- Detecting CXX compiler ABI info
[0.265s] -- Detecting CXX compiler ABI info - done
[0.270s] -- Check for working CXX compiler: /usr/bin/c++ - skipped
[0.270s] -- Detecting CXX compile features
[0.270s] -- Detecting CXX compile features - done
[0.276s] -- Found ament_cmake: 1.3.11 (/opt/ros/humble/share/ament_cmake/cmake)
[0.380s] -- Found Python3: /usr/bin/python3 (found version "3.10.12") found components: Interpreter 
[0.508s] -- Found rclcpp: 16.0.12 (/opt/ros/humble/share/rclcpp/cmake)
[0.570s] -- Found rosidl_generator_c: 3.1.6 (/opt/ros/humble/share/rosidl_generator_c/cmake)
[0.574s] -- Found rosidl_adapter: 3.1.6 (/opt/ros/humble/share/rosidl_adapter/cmake)
[0.581s] -- Found rosidl_generator_cpp: 3.1.6 (/opt/ros/humble/share/rosidl_generator_cpp/cmake)
[0.593s] -- Using all available rosidl_typesupport_c: rosidl_typesupport_fastrtps_c;rosidl_typesupport_introspection_c
[0.607s] -- Using all available rosidl_typesupport_cpp: rosidl_typesupport_fastrtps_cpp;rosidl_typesupport_introspection_cpp
[0.645s] -- Found rmw_implementation_cmake: 6.1.2 (/opt/ros/humble/share/rmw_implementation_cmake/cmake)
[0.648s] -- Found rmw_fastrtps_cpp: 6.2.7 (/opt/ros/humble/share/rmw_fastrtps_cpp/cmake)
[0.706s] -- Found OpenSSL: /usr/lib/x86_64-linux-gnu/libcrypto.so (found version "3.0.2")  
[0.725s] -- Found FastRTPS: /opt/ros/humble/include  
[0.753s] -- Using RMW implementation 'rmw_fastrtps_cpp' as default
[0.761s] -- Looking for pthread.h
[0.811s] -- Looking for pthread.h - found
[0.811s] -- Performing Test CMAKE_HAVE_LIBC_PTHREAD
[0.859s] -- Performing Test CMAKE_HAVE_LIBC_PTHREAD - Success
[0.860s] -- Found Threads: TRUE  
[0.919s] -- Found ament_lint_auto: 0.12.12 (/opt/ros/humble/share/ament_lint_auto/cmake)
[0.977s] -- Added test 'lint_cmake' to check CMake code style
[0.977s] -- Added test 'xmllint' to check XML markup files
[0.978s] -- Configuring done
[0.981s] -- Generating done
[0.982s] -- Build files have been written to: /home/abood/ros2_test/build/my_cpp_pkg
[0.989s] Invoked command in '/home/abood/ros2_test/build/my_cpp_pkg' returned '0': CMAKE_PREFIX_PATH=/opt/ros/humble /usr/bin/cmake /home/abood/ros2_test/src/my_cpp_pkg -DCMAKE_INSTALL_PREFIX=/home/abood/ros2_test/install/my_cpp_pkg
[0.991s] Invoking command in '/home/abood/ros2_test/build/my_cpp_pkg': CMAKE_PREFIX_PATH=/opt/ros/humble /usr/bin/cmake --build /home/abood/ros2_test/build/my_cpp_pkg -- -j16 -l16
[1.017s] Invoked command in '/home/abood/ros2_test/build/my_cpp_pkg' returned '0': CMAKE_PREFIX_PATH=/opt/ros/humble /usr/bin/cmake --build /home/abood/ros2_test/build/my_cpp_pkg -- -j16 -l16
[1.024s] Invoking command in '/home/abood/ros2_test/build/my_cpp_pkg': CMAKE_PREFIX_PATH=/opt/ros/humble /usr/bin/cmake --install /home/abood/ros2_test/build/my_cpp_pkg
[1.029s] -- Install configuration: ""
[1.029s] -- Installing: /home/abood/ros2_test/install/my_cpp_pkg/share/ament_index/resource_index/package_run_dependencies/my_cpp_pkg
[1.030s] -- Installing: /home/abood/ros2_test/install/my_cpp_pkg/share/ament_index/resource_index/parent_prefix_path/my_cpp_pkg
[1.030s] -- Installing: /home/abood/ros2_test/install/my_cpp_pkg/share/my_cpp_pkg/environment/ament_prefix_path.sh
[1.030s] -- Installing: /home/abood/ros2_test/install/my_cpp_pkg/share/my_cpp_pkg/environment/ament_prefix_path.dsv
[1.030s] -- Installing: /home/abood/ros2_test/install/my_cpp_pkg/share/my_cpp_pkg/environment/path.sh
[1.030s] -- Installing: /home/abood/ros2_test/install/my_cpp_pkg/share/my_cpp_pkg/environment/path.dsv
[1.030s] -- Installing: /home/abood/ros2_test/install/my_cpp_pkg/share/my_cpp_pkg/local_setup.bash
[1.030s] -- Installing: /home/abood/ros2_test/install/my_cpp_pkg/share/my_cpp_pkg/local_setup.sh
[1.030s] -- Installing: /home/abood/ros2_test/install/my_cpp_pkg/share/my_cpp_pkg/local_setup.zsh
[1.030s] -- Installing: /home/abood/ros2_test/install/my_cpp_pkg/share/my_cpp_pkg/local_setup.dsv
[1.030s] -- Installing: /home/abood/ros2_test/install/my_cpp_pkg/share/my_cpp_pkg/package.dsv
[1.030s] -- Installing: /home/abood/ros2_test/install/my_cpp_pkg/share/ament_index/resource_index/packages/my_cpp_pkg
[1.030s] -- Installing: /home/abood/ros2_test/install/my_cpp_pkg/share/my_cpp_pkg/cmake/my_cpp_pkgConfig.cmake
[1.030s] -- Installing: /home/abood/ros2_test/install/my_cpp_pkg/share/my_cpp_pkg/cmake/my_cpp_pkgConfig-version.cmake
[1.030s] -- Installing: /home/abood/ros2_test/install/my_cpp_pkg/share/my_cpp_pkg/package.xml
[1.033s] Invoked command in '/home/abood/ros2_test/build/my_cpp_pkg' returned '0': CMAKE_PREFIX_PATH=/opt/ros/humble /usr/bin/cmake --install /home/abood/ros2_test/build/my_cpp_pkg
