running egg_info
writing ../../build/my_py_pkg/my_py_pkg.egg-info/PKG-INFO
writing dependency_links to ../../build/my_py_pkg/my_py_pkg.egg-info/dependency_links.txt
writing entry points to ../../build/my_py_pkg/my_py_pkg.egg-info/entry_points.txt
writing requirements to ../../build/my_py_pkg/my_py_pkg.egg-info/requires.txt
writing top-level names to ../../build/my_py_pkg/my_py_pkg.egg-info/top_level.txt
reading manifest file '../../build/my_py_pkg/my_py_pkg.egg-info/SOURCES.txt'
writing manifest file '../../build/my_py_pkg/my_py_pkg.egg-info/SOURCES.txt'
running build
running build_py
copying my_py_pkg/led_panel.py -> /home/abood/ros2_test/build/my_py_pkg/build/lib/my_py_pkg
running install
running install_lib
copying /home/abood/ros2_test/build/my_py_pkg/build/lib/my_py_pkg/led_panel.py -> /home/abood/ros2_test/install/my_py_pkg/lib/python3.10/site-packages/my_py_pkg
byte-compiling /home/abood/ros2_test/install/my_py_pkg/lib/python3.10/site-packages/my_py_pkg/led_panel.py to led_panel.cpython-310.pyc
running install_data
running install_egg_info
removing '/home/abood/ros2_test/install/my_py_pkg/lib/python3.10/site-packages/my_py_pkg-0.0.0-py3.10.egg-info' (and everything under it)
Copying ../../build/my_py_pkg/my_py_pkg.egg-info to /home/abood/ros2_test/install/my_py_pkg/lib/python3.10/site-packages/my_py_pkg-0.0.0-py3.10.egg-info
running install_scripts
Installing Hardware_Status_Publisher script to /home/abood/ros2_test/install/my_py_pkg/lib/my_py_pkg
Installing add_two_ints_client script to /home/abood/ros2_test/install/my_py_pkg/lib/my_py_pkg
Installing add_two_ints_client_no_OOP script to /home/abood/ros2_test/install/my_py_pkg/lib/my_py_pkg
Installing add_two_ints_server script to /home/abood/ros2_test/install/my_py_pkg/lib/my_py_pkg
Installing battery script to /home/abood/ros2_test/install/my_py_pkg/lib/my_py_pkg
Installing led_panel script to /home/abood/ros2_test/install/my_py_pkg/lib/my_py_pkg
Installing number_pub script to /home/abood/ros2_test/install/my_py_pkg/lib/my_py_pkg
Installing number_sub script to /home/abood/ros2_test/install/my_py_pkg/lib/my_py_pkg
Installing publisher_test script to /home/abood/ros2_test/install/my_py_pkg/lib/my_py_pkg
Installing py_node script to /home/abood/ros2_test/install/my_py_pkg/lib/my_py_pkg
Installing reset_counter_client script to /home/abood/ros2_test/install/my_py_pkg/lib/my_py_pkg
Installing subsrciber_test script to /home/abood/ros2_test/install/my_py_pkg/lib/my_py_pkg
writing list of installed files to '/home/abood/ros2_test/build/my_py_pkg/install.log'
