[0.477s] Invoking command in '/home/abood/ros2_test/src/my_py_pkg': PYTHONPATH=/home/abood/ros2_test/build/my_py_pkg/prefix_override:/usr/lib/python3/dist-packages/colcon_core/task/python/colcon_distutils_commands:/home/abood/ros2_test/install/my_py_pkg/lib/python3.10/site-packages:${PYTHONPATH} /usr/bin/python3 -W ignore:setup.py install is deprecated -W ignore:easy_install command is deprecated setup.py egg_info --egg-base ../../build/my_py_pkg build --build-base /home/abood/ros2_test/build/my_py_pkg/build install --record /home/abood/ros2_test/build/my_py_pkg/install.log --single-version-externally-managed install_data
[0.652s] running egg_info
[0.652s] creating ../../build/my_py_pkg/my_py_pkg.egg-info
[0.653s] writing ../../build/my_py_pkg/my_py_pkg.egg-info/PKG-INFO
[0.653s] writing dependency_links to ../../build/my_py_pkg/my_py_pkg.egg-info/dependency_links.txt
[0.653s] writing entry points to ../../build/my_py_pkg/my_py_pkg.egg-info/entry_points.txt
[0.653s] writing requirements to ../../build/my_py_pkg/my_py_pkg.egg-info/requires.txt
[0.660s] writing top-level names to ../../build/my_py_pkg/my_py_pkg.egg-info/top_level.txt
[0.661s] writing manifest file '../../build/my_py_pkg/my_py_pkg.egg-info/SOURCES.txt'
[0.662s] reading manifest file '../../build/my_py_pkg/my_py_pkg.egg-info/SOURCES.txt'
[0.662s] writing manifest file '../../build/my_py_pkg/my_py_pkg.egg-info/SOURCES.txt'
[0.662s] running build
[0.662s] running build_py
[0.662s] creating /home/abood/ros2_test/build/my_py_pkg/build
[0.663s] creating /home/abood/ros2_test/build/my_py_pkg/build/lib
[0.663s] creating /home/abood/ros2_test/build/my_py_pkg/build/lib/my_py_pkg
[0.663s] copying my_py_pkg/__init__.py -> /home/abood/ros2_test/build/my_py_pkg/build/lib/my_py_pkg
[0.663s] running install
[0.663s] running install_lib
[0.663s] creating /home/abood/ros2_test/install/my_py_pkg/lib/python3.10/site-packages/my_py_pkg
[0.663s] copying /home/abood/ros2_test/build/my_py_pkg/build/lib/my_py_pkg/__init__.py -> /home/abood/ros2_test/install/my_py_pkg/lib/python3.10/site-packages/my_py_pkg
[0.664s] byte-compiling /home/abood/ros2_test/install/my_py_pkg/lib/python3.10/site-packages/my_py_pkg/__init__.py to __init__.cpython-310.pyc
[0.664s] running install_data
[0.664s] creating /home/abood/ros2_test/install/my_py_pkg/share/ament_index
[0.664s] creating /home/abood/ros2_test/install/my_py_pkg/share/ament_index/resource_index
[0.664s] creating /home/abood/ros2_test/install/my_py_pkg/share/ament_index/resource_index/packages
[0.664s] copying resource/my_py_pkg -> /home/abood/ros2_test/install/my_py_pkg/share/ament_index/resource_index/packages
[0.664s] copying package.xml -> /home/abood/ros2_test/install/my_py_pkg/share/my_py_pkg
[0.664s] running install_egg_info
[0.665s] Copying ../../build/my_py_pkg/my_py_pkg.egg-info to /home/abood/ros2_test/install/my_py_pkg/lib/python3.10/site-packages/my_py_pkg-0.0.0-py3.10.egg-info
[0.666s] running install_scripts
[0.679s] writing list of installed files to '/home/abood/ros2_test/build/my_py_pkg/install.log'
[0.694s] Invoked command in '/home/abood/ros2_test/src/my_py_pkg' returned '0': PYTHONPATH=/home/abood/ros2_test/build/my_py_pkg/prefix_override:/usr/lib/python3/dist-packages/colcon_core/task/python/colcon_distutils_commands:/home/abood/ros2_test/install/my_py_pkg/lib/python3.10/site-packages:${PYTHONPATH} /usr/bin/python3 -W ignore:setup.py install is deprecated -W ignore:easy_install command is deprecated setup.py egg_info --egg-base ../../build/my_py_pkg build --build-base /home/abood/ros2_test/build/my_py_pkg/build install --record /home/abood/ros2_test/build/my_py_pkg/install.log --single-version-externally-managed install_data
