/home/abood/ros2_test/install/my_py_pkg/lib/python3.10/site-packages/my_py_pkg/number_sub.py
/home/abood/ros2_test/install/my_py_pkg/lib/python3.10/site-packages/my_py_pkg/subscriber_test.py
/home/abood/ros2_test/install/my_py_pkg/lib/python3.10/site-packages/my_py_pkg/add_two_ints_client.py
/home/abood/ros2_test/install/my_py_pkg/lib/python3.10/site-packages/my_py_pkg/number_pub.py
/home/abood/ros2_test/install/my_py_pkg/lib/python3.10/site-packages/my_py_pkg/battery.py
/home/abood/ros2_test/install/my_py_pkg/lib/python3.10/site-packages/my_py_pkg/my_first_node.py
/home/abood/ros2_test/install/my_py_pkg/lib/python3.10/site-packages/my_py_pkg/__init__.py
/home/abood/ros2_test/install/my_py_pkg/lib/python3.10/site-packages/my_py_pkg/reset_counter_client.py
/home/abood/ros2_test/install/my_py_pkg/lib/python3.10/site-packages/my_py_pkg/add_two_ints_client_no_OOP.py
/home/abood/ros2_test/install/my_py_pkg/lib/python3.10/site-packages/my_py_pkg/Hardware_Status_Publisher.py
/home/abood/ros2_test/install/my_py_pkg/lib/python3.10/site-packages/my_py_pkg/add_two_ints_server.py
/home/abood/ros2_test/install/my_py_pkg/lib/python3.10/site-packages/my_py_pkg/publisher_test.py
/home/abood/ros2_test/install/my_py_pkg/lib/python3.10/site-packages/my_py_pkg/led_panel.py
/home/abood/ros2_test/install/my_py_pkg/lib/python3.10/site-packages/my_py_pkg/__pycache__/number_sub.cpython-310.pyc
/home/abood/ros2_test/install/my_py_pkg/lib/python3.10/site-packages/my_py_pkg/__pycache__/subscriber_test.cpython-310.pyc
/home/abood/ros2_test/install/my_py_pkg/lib/python3.10/site-packages/my_py_pkg/__pycache__/add_two_ints_client.cpython-310.pyc
/home/abood/ros2_test/install/my_py_pkg/lib/python3.10/site-packages/my_py_pkg/__pycache__/number_pub.cpython-310.pyc
/home/abood/ros2_test/install/my_py_pkg/lib/python3.10/site-packages/my_py_pkg/__pycache__/battery.cpython-310.pyc
/home/abood/ros2_test/install/my_py_pkg/lib/python3.10/site-packages/my_py_pkg/__pycache__/my_first_node.cpython-310.pyc
/home/abood/ros2_test/install/my_py_pkg/lib/python3.10/site-packages/my_py_pkg/__pycache__/__init__.cpython-310.pyc
/home/abood/ros2_test/install/my_py_pkg/lib/python3.10/site-packages/my_py_pkg/__pycache__/reset_counter_client.cpython-310.pyc
/home/abood/ros2_test/install/my_py_pkg/lib/python3.10/site-packages/my_py_pkg/__pycache__/add_two_ints_client_no_OOP.cpython-310.pyc
/home/abood/ros2_test/install/my_py_pkg/lib/python3.10/site-packages/my_py_pkg/__pycache__/Hardware_Status_Publisher.cpython-310.pyc
/home/abood/ros2_test/install/my_py_pkg/lib/python3.10/site-packages/my_py_pkg/__pycache__/add_two_ints_server.cpython-310.pyc
/home/abood/ros2_test/install/my_py_pkg/lib/python3.10/site-packages/my_py_pkg/__pycache__/publisher_test.cpython-310.pyc
/home/abood/ros2_test/install/my_py_pkg/lib/python3.10/site-packages/my_py_pkg/__pycache__/led_panel.cpython-310.pyc
/home/abood/ros2_test/install/my_py_pkg/share/ament_index/resource_index/packages/my_py_pkg
/home/abood/ros2_test/install/my_py_pkg/share/my_py_pkg/package.xml
/home/abood/ros2_test/install/my_py_pkg/lib/python3.10/site-packages/my_py_pkg-0.0.0-py3.10.egg-info/entry_points.txt
/home/abood/ros2_test/install/my_py_pkg/lib/python3.10/site-packages/my_py_pkg-0.0.0-py3.10.egg-info/PKG-INFO
/home/abood/ros2_test/install/my_py_pkg/lib/python3.10/site-packages/my_py_pkg-0.0.0-py3.10.egg-info/top_level.txt
/home/abood/ros2_test/install/my_py_pkg/lib/python3.10/site-packages/my_py_pkg-0.0.0-py3.10.egg-info/zip-safe
/home/abood/ros2_test/install/my_py_pkg/lib/python3.10/site-packages/my_py_pkg-0.0.0-py3.10.egg-info/requires.txt
/home/abood/ros2_test/install/my_py_pkg/lib/python3.10/site-packages/my_py_pkg-0.0.0-py3.10.egg-info/SOURCES.txt
/home/abood/ros2_test/install/my_py_pkg/lib/python3.10/site-packages/my_py_pkg-0.0.0-py3.10.egg-info/dependency_links.txt
/home/abood/ros2_test/install/my_py_pkg/lib/my_py_pkg/Hardware_Status_Publisher
/home/abood/ros2_test/install/my_py_pkg/lib/my_py_pkg/add_two_ints_client
/home/abood/ros2_test/install/my_py_pkg/lib/my_py_pkg/add_two_ints_client_no_OOP
/home/abood/ros2_test/install/my_py_pkg/lib/my_py_pkg/add_two_ints_server
/home/abood/ros2_test/install/my_py_pkg/lib/my_py_pkg/battery
/home/abood/ros2_test/install/my_py_pkg/lib/my_py_pkg/led_panel
/home/abood/ros2_test/install/my_py_pkg/lib/my_py_pkg/number_pub
/home/abood/ros2_test/install/my_py_pkg/lib/my_py_pkg/number_sub
/home/abood/ros2_test/install/my_py_pkg/lib/my_py_pkg/publisher_test
/home/abood/ros2_test/install/my_py_pkg/lib/my_py_pkg/py_node
/home/abood/ros2_test/install/my_py_pkg/lib/my_py_pkg/reset_counter_client
/home/abood/ros2_test/install/my_py_pkg/lib/my_py_pkg/subsrciber_test
