[0.014s] Invoking command in '/home/abood/ros2_test/build/my_cpp_pkg': CMAKE_PREFIX_PATH=${CMAKE_PREFIX_PATH}:/home/abood/ros2_test/install/my_py_pkg:/opt/ros/humble /usr/bin/cmake --build /home/abood/ros2_test/build/my_cpp_pkg -- -j16 -l16
[0.052s] [35m[1mConsolidate compiler generated dependencies of target publisher_test[0m
[0.064s] [ 50%] Built target cpp_node
[0.068s] [ 75%] [32mBuilding CXX object CMakeFiles/publisher_test.dir/src/publisher_test.cpp.o[0m
[3.257s] [100%] [32m[1mLinking CXX executable publisher_test[0m
[3.397s] [100%] Built target publisher_test
[3.407s] Invoked command in '/home/abood/ros2_test/build/my_cpp_pkg' returned '0': CMAKE_PREFIX_PATH=${CMAKE_PREFIX_PATH}:/home/abood/ros2_test/install/my_py_pkg:/opt/ros/humble /usr/bin/cmake --build /home/abood/ros2_test/build/my_cpp_pkg -- -j16 -l16
[3.417s] Invoking command in '/home/abood/ros2_test/build/my_cpp_pkg': CMAKE_PREFIX_PATH=${CMAKE_PREFIX_PATH}:/home/abood/ros2_test/install/my_py_pkg:/opt/ros/humble /usr/bin/cmake --install /home/abood/ros2_test/build/my_cpp_pkg
[3.422s] -- Install configuration: ""
[3.423s] -- Up-to-date: /home/abood/ros2_test/install/my_cpp_pkg/lib/my_cpp_pkg/cpp_node
[3.423s] -- Installing: /home/abood/ros2_test/install/my_cpp_pkg/lib/my_cpp_pkg/publisher_test
[3.424s] -- Set runtime path of "/home/abood/ros2_test/install/my_cpp_pkg/lib/my_cpp_pkg/publisher_test" to ""
[3.424s] -- Up-to-date: /home/abood/ros2_test/install/my_cpp_pkg/share/ament_index/resource_index/package_run_dependencies/my_cpp_pkg
[3.424s] -- Up-to-date: /home/abood/ros2_test/install/my_cpp_pkg/share/ament_index/resource_index/parent_prefix_path/my_cpp_pkg
[3.424s] -- Up-to-date: /home/abood/ros2_test/install/my_cpp_pkg/share/my_cpp_pkg/environment/ament_prefix_path.sh
[3.424s] -- Up-to-date: /home/abood/ros2_test/install/my_cpp_pkg/share/my_cpp_pkg/environment/ament_prefix_path.dsv
[3.424s] -- Up-to-date: /home/abood/ros2_test/install/my_cpp_pkg/share/my_cpp_pkg/environment/path.sh
[3.424s] -- Up-to-date: /home/abood/ros2_test/install/my_cpp_pkg/share/my_cpp_pkg/environment/path.dsv
[3.424s] -- Up-to-date: /home/abood/ros2_test/install/my_cpp_pkg/share/my_cpp_pkg/local_setup.bash
[3.424s] -- Up-to-date: /home/abood/ros2_test/install/my_cpp_pkg/share/my_cpp_pkg/local_setup.sh
[3.424s] -- Up-to-date: /home/abood/ros2_test/install/my_cpp_pkg/share/my_cpp_pkg/local_setup.zsh
[3.424s] -- Up-to-date: /home/abood/ros2_test/install/my_cpp_pkg/share/my_cpp_pkg/local_setup.dsv
[3.425s] -- Installing: /home/abood/ros2_test/install/my_cpp_pkg/share/my_cpp_pkg/package.dsv
[3.425s] -- Up-to-date: /home/abood/ros2_test/install/my_cpp_pkg/share/ament_index/resource_index/packages/my_cpp_pkg
[3.425s] -- Up-to-date: /home/abood/ros2_test/install/my_cpp_pkg/share/my_cpp_pkg/cmake/my_cpp_pkgConfig.cmake
[3.425s] -- Up-to-date: /home/abood/ros2_test/install/my_cpp_pkg/share/my_cpp_pkg/cmake/my_cpp_pkgConfig-version.cmake
[3.425s] -- Up-to-date: /home/abood/ros2_test/install/my_cpp_pkg/share/my_cpp_pkg/package.xml
[3.426s] Invoked command in '/home/abood/ros2_test/build/my_cpp_pkg' returned '0': CMAKE_PREFIX_PATH=${CMAKE_PREFIX_PATH}:/home/abood/ros2_test/install/my_py_pkg:/opt/ros/humble /usr/bin/cmake --install /home/abood/ros2_test/build/my_cpp_pkg
