running egg_info
creating ../../build/turtlesim_catch_them_all/turtlesim_catch_them_all.egg-info
writing ../../build/turtlesim_catch_them_all/turtlesim_catch_them_all.egg-info/PKG-INFO
writing dependency_links to ../../build/turtlesim_catch_them_all/turtlesim_catch_them_all.egg-info/dependency_links.txt
writing entry points to ../../build/turtlesim_catch_them_all/turtlesim_catch_them_all.egg-info/entry_points.txt
writing requirements to ../../build/turtlesim_catch_them_all/turtlesim_catch_them_all.egg-info/requires.txt
writing top-level names to ../../build/turtlesim_catch_them_all/turtlesim_catch_them_all.egg-info/top_level.txt
writing manifest file '../../build/turtlesim_catch_them_all/turtlesim_catch_them_all.egg-info/SOURCES.txt'
reading manifest file '../../build/turtlesim_catch_them_all/turtlesim_catch_them_all.egg-info/SOURCES.txt'
writing manifest file '../../build/turtlesim_catch_them_all/turtlesim_catch_them_all.egg-info/SOURCES.txt'
running build
running build_py
creating /home/abood/ros2_test/build/turtlesim_catch_them_all/build
creating /home/abood/ros2_test/build/turtlesim_catch_them_all/build/lib
creating /home/abood/ros2_test/build/turtlesim_catch_them_all/build/lib/turtlesim_catch_them_all
copying turtlesim_catch_them_all/turtle_controller.py -> /home/abood/ros2_test/build/turtlesim_catch_them_all/build/lib/turtlesim_catch_them_all
copying turtlesim_catch_them_all/__init__.py -> /home/abood/ros2_test/build/turtlesim_catch_them_all/build/lib/turtlesim_catch_them_all
running install
running install_lib
creating /home/abood/ros2_test/install/turtlesim_catch_them_all/lib/python3.10/site-packages/turtlesim_catch_them_all
copying /home/abood/ros2_test/build/turtlesim_catch_them_all/build/lib/turtlesim_catch_them_all/turtle_controller.py -> /home/abood/ros2_test/install/turtlesim_catch_them_all/lib/python3.10/site-packages/turtlesim_catch_them_all
copying /home/abood/ros2_test/build/turtlesim_catch_them_all/build/lib/turtlesim_catch_them_all/__init__.py -> /home/abood/ros2_test/install/turtlesim_catch_them_all/lib/python3.10/site-packages/turtlesim_catch_them_all
byte-compiling /home/abood/ros2_test/install/turtlesim_catch_them_all/lib/python3.10/site-packages/turtlesim_catch_them_all/turtle_controller.py to turtle_controller.cpython-310.pyc
byte-compiling /home/abood/ros2_test/install/turtlesim_catch_them_all/lib/python3.10/site-packages/turtlesim_catch_them_all/__init__.py to __init__.cpython-310.pyc
running install_data
creating /home/abood/ros2_test/install/turtlesim_catch_them_all/share/ament_index
creating /home/abood/ros2_test/install/turtlesim_catch_them_all/share/ament_index/resource_index
creating /home/abood/ros2_test/install/turtlesim_catch_them_all/share/ament_index/resource_index/packages
