[0.485s] Invoking command in '/home/abood/ros2_test/src/turtlesim_catch_them_all': PYTHONPATH=/home/abood/ros2_test/build/turtlesim_catch_them_all/prefix_override:/usr/lib/python3/dist-packages/colcon_core/task/python/colcon_distutils_commands:/home/abood/ros2_test/install/turtlesim_catch_them_all/lib/python3.10/site-packages:${PYTHONPATH} /usr/bin/python3 -W ignore:setup.py install is deprecated -W ignore:easy_install command is deprecated setup.py egg_info --egg-base ../../build/turtlesim_catch_them_all build --build-base /home/abood/ros2_test/build/turtlesim_catch_them_all/build install --record /home/abood/ros2_test/build/turtlesim_catch_them_all/install.log --single-version-externally-managed install_data
[0.646s] running egg_info
[0.646s] creating ../../build/turtlesim_catch_them_all/turtlesim_catch_them_all.egg-info
[0.646s] writing ../../build/turtlesim_catch_them_all/turtlesim_catch_them_all.egg-info/PKG-INFO
[0.646s] writing dependency_links to ../../build/turtlesim_catch_them_all/turtlesim_catch_them_all.egg-info/dependency_links.txt
[0.646s] writing entry points to ../../build/turtlesim_catch_them_all/turtlesim_catch_them_all.egg-info/entry_points.txt
[0.646s] writing requirements to ../../build/turtlesim_catch_them_all/turtlesim_catch_them_all.egg-info/requires.txt
[0.646s] writing top-level names to ../../build/turtlesim_catch_them_all/turtlesim_catch_them_all.egg-info/top_level.txt
[0.646s] writing manifest file '../../build/turtlesim_catch_them_all/turtlesim_catch_them_all.egg-info/SOURCES.txt'
[0.647s] reading manifest file '../../build/turtlesim_catch_them_all/turtlesim_catch_them_all.egg-info/SOURCES.txt'
[0.648s] writing manifest file '../../build/turtlesim_catch_them_all/turtlesim_catch_them_all.egg-info/SOURCES.txt'
[0.648s] running build
[0.648s] running build_py
[0.648s] creating /home/abood/ros2_test/build/turtlesim_catch_them_all/build
[0.648s] creating /home/abood/ros2_test/build/turtlesim_catch_them_all/build/lib
[0.648s] creating /home/abood/ros2_test/build/turtlesim_catch_them_all/build/lib/turtlesim_catch_them_all
[0.648s] copying turtlesim_catch_them_all/turtle_controller.py -> /home/abood/ros2_test/build/turtlesim_catch_them_all/build/lib/turtlesim_catch_them_all
[0.648s] copying turtlesim_catch_them_all/__init__.py -> /home/abood/ros2_test/build/turtlesim_catch_them_all/build/lib/turtlesim_catch_them_all
[0.648s] running install
[0.649s] running install_lib
[0.649s] creating /home/abood/ros2_test/install/turtlesim_catch_them_all/lib/python3.10/site-packages/turtlesim_catch_them_all
[0.649s] copying /home/abood/ros2_test/build/turtlesim_catch_them_all/build/lib/turtlesim_catch_them_all/turtle_controller.py -> /home/abood/ros2_test/install/turtlesim_catch_them_all/lib/python3.10/site-packages/turtlesim_catch_them_all
[0.649s] copying /home/abood/ros2_test/build/turtlesim_catch_them_all/build/lib/turtlesim_catch_them_all/__init__.py -> /home/abood/ros2_test/install/turtlesim_catch_them_all/lib/python3.10/site-packages/turtlesim_catch_them_all
[0.649s] byte-compiling /home/abood/ros2_test/install/turtlesim_catch_them_all/lib/python3.10/site-packages/turtlesim_catch_them_all/turtle_controller.py to turtle_controller.cpython-310.pyc
[0.650s] byte-compiling /home/abood/ros2_test/install/turtlesim_catch_them_all/lib/python3.10/site-packages/turtlesim_catch_them_all/__init__.py to __init__.cpython-310.pyc
[0.650s] running install_data
[0.650s] creating /home/abood/ros2_test/install/turtlesim_catch_them_all/share/ament_index
[0.650s] creating /home/abood/ros2_test/install/turtlesim_catch_them_all/share/ament_index/resource_index
[0.650s] creating /home/abood/ros2_test/install/turtlesim_catch_them_all/share/ament_index/resource_index/packages
[0.650s] error: can't copy 'resource/turtlesim_catch_them_all': doesn't exist or not a regular file
[0.662s] Invoked command in '/home/abood/ros2_test/src/turtlesim_catch_them_all' returned '1': PYTHONPATH=/home/abood/ros2_test/build/turtlesim_catch_them_all/prefix_override:/usr/lib/python3/dist-packages/colcon_core/task/python/colcon_distutils_commands:/home/abood/ros2_test/install/turtlesim_catch_them_all/lib/python3.10/site-packages:${PYTHONPATH} /usr/bin/python3 -W ignore:setup.py install is deprecated -W ignore:easy_install command is deprecated setup.py egg_info --egg-base ../../build/turtlesim_catch_them_all build --build-base /home/abood/ros2_test/build/turtlesim_catch_them_all/build install --record /home/abood/ros2_test/build/turtlesim_catch_them_all/install.log --single-version-externally-managed install_data
