[0.009s] Invoking command in '/home/abood/ros2_test/build/my_interfaces': CMAKE_PREFIX_PATH=${CMAKE_PREFIX_PATH}:/home/abood/ros2_test/install/my_py_pkg:/opt/ros/humble /usr/bin/cmake --build /home/abood/ros2_test/build/my_interfaces -- -j16 -l16
[0.032s] [35m[1mConsolidate compiler generated dependencies of target my_interfaces__rosidl_generator_c[0m
[0.037s] [  3%] Built target my_interfaces__cpp
[0.038s] [ 12%] Built target my_interfaces__rosidl_generator_c
[0.043s] [35m[1mConsolidate compiler generated dependencies of target my_interfaces__rosidl_typesupport_fastrtps_cpp[0m
[0.043s] [ 12%] Built target ament_cmake_python_copy_my_interfaces
[0.044s] [35m[1mConsolidate compiler generated dependencies of target my_interfaces__rosidl_typesupport_introspection_cpp[0m
[0.044s] [35m[1mConsolidate compiler generated dependencies of target my_interfaces__rosidl_typesupport_fastrtps_c[0m
[0.044s] [35m[1mConsolidate compiler generated dependencies of target my_interfaces__rosidl_typesupport_cpp[0m
[0.045s] [35m[1mConsolidate compiler generated dependencies of target my_interfaces__rosidl_typesupport_introspection_c[0m
[0.046s] [35m[1mConsolidate compiler generated dependencies of target my_interfaces__rosidl_typesupport_c[0m
[0.050s] [ 22%] Built target my_interfaces__rosidl_typesupport_fastrtps_cpp
[0.051s] [ 32%] Built target my_interfaces__rosidl_typesupport_introspection_cpp
[0.051s] [ 41%] Built target my_interfaces__rosidl_typesupport_fastrtps_c
[0.052s] [ 51%] Built target my_interfaces__rosidl_typesupport_cpp
[0.053s] [ 61%] Built target my_interfaces__rosidl_typesupport_c
[0.054s] [ 70%] Built target my_interfaces__rosidl_typesupport_introspection_c
[0.066s] [ 70%] Built target my_interfaces
[0.076s] [ 74%] Built target my_interfaces__py
[0.082s] [35m[1mConsolidate compiler generated dependencies of target my_interfaces__rosidl_generator_py[0m
[0.090s] [ 80%] Built target my_interfaces__rosidl_generator_py
[0.096s] [35m[1mConsolidate compiler generated dependencies of target my_interfaces__rosidl_typesupport_introspection_c__pyext[0m
[0.096s] [35m[1mConsolidate compiler generated dependencies of target my_interfaces__rosidl_typesupport_fastrtps_c__pyext[0m
[0.096s] [35m[1mConsolidate compiler generated dependencies of target my_interfaces__rosidl_typesupport_c__pyext[0m
[0.103s] [ 93%] Built target my_interfaces__rosidl_typesupport_introspection_c__pyext
[0.103s] [ 93%] Built target my_interfaces__rosidl_typesupport_c__pyext
[0.103s] [100%] Built target my_interfaces__rosidl_typesupport_fastrtps_c__pyext
[0.205s] running egg_info
[0.206s] writing my_interfaces.egg-info/PKG-INFO
[0.206s] writing dependency_links to my_interfaces.egg-info/dependency_links.txt
[0.206s] writing top-level names to my_interfaces.egg-info/top_level.txt
[0.207s] reading manifest file 'my_interfaces.egg-info/SOURCES.txt'
[0.208s] writing manifest file 'my_interfaces.egg-info/SOURCES.txt'
[0.224s] [100%] Built target ament_cmake_python_build_my_interfaces_egg
[0.231s] Invoked command in '/home/abood/ros2_test/build/my_interfaces' returned '0': CMAKE_PREFIX_PATH=${CMAKE_PREFIX_PATH}:/home/abood/ros2_test/install/my_py_pkg:/opt/ros/humble /usr/bin/cmake --build /home/abood/ros2_test/build/my_interfaces -- -j16 -l16
[0.232s] Invoking command in '/home/abood/ros2_test/build/my_interfaces': CMAKE_PREFIX_PATH=${CMAKE_PREFIX_PATH}:/home/abood/ros2_test/install/my_py_pkg:/opt/ros/humble /usr/bin/cmake --install /home/abood/ros2_test/build/my_interfaces
[0.237s] -- Install configuration: ""
[0.237s] -- Up-to-date: /home/abood/ros2_test/install/my_interfaces/share/ament_index/resource_index/rosidl_interfaces/my_interfaces
[0.237s] -- Up-to-date: /home/abood/ros2_test/install/my_interfaces/include/my_interfaces/my_interfaces
[0.237s] -- Up-to-date: /home/abood/ros2_test/install/my_interfaces/include/my_interfaces/my_interfaces/msg
[0.237s] -- Up-to-date: /home/abood/ros2_test/install/my_interfaces/include/my_interfaces/my_interfaces/msg/hardware_status.h
[0.237s] -- Up-to-date: /home/abood/ros2_test/install/my_interfaces/include/my_interfaces/my_interfaces/msg/detail
[0.237s] -- Up-to-date: /home/abood/ros2_test/install/my_interfaces/include/my_interfaces/my_interfaces/msg/detail/hardware_status__type_support.h
[0.237s] -- Up-to-date: /home/abood/ros2_test/install/my_interfaces/include/my_interfaces/my_interfaces/msg/detail/hardware_status__functions.c
[0.237s] -- Up-to-date: /home/abood/ros2_test/install/my_interfaces/include/my_interfaces/my_interfaces/msg/detail/hardware_status__struct.h
[0.237s] -- Up-to-date: /home/abood/ros2_test/install/my_interfaces/include/my_interfaces/my_interfaces/msg/detail/hardware_status__functions.h
[0.237s] -- Up-to-date: /home/abood/ros2_test/install/my_interfaces/include/my_interfaces/my_interfaces/msg/rosidl_generator_c__visibility_control.h
[0.237s] -- Up-to-date: /home/abood/ros2_test/install/my_interfaces/share/my_interfaces/environment/library_path.sh
[0.237s] -- Up-to-date: /home/abood/ros2_test/install/my_interfaces/share/my_interfaces/environment/library_path.dsv
[0.237s] -- Up-to-date: /home/abood/ros2_test/install/my_interfaces/lib/libmy_interfaces__rosidl_generator_c.so
[0.237s] -- Up-to-date: /home/abood/ros2_test/install/my_interfaces/include/my_interfaces/my_interfaces
[0.237s] -- Up-to-date: /home/abood/ros2_test/install/my_interfaces/include/my_interfaces/my_interfaces/msg
[0.237s] -- Up-to-date: /home/abood/ros2_test/install/my_interfaces/include/my_interfaces/my_interfaces/msg/rosidl_typesupport_fastrtps_c__visibility_control.h
[0.237s] -- Up-to-date: /home/abood/ros2_test/install/my_interfaces/include/my_interfaces/my_interfaces/msg/detail
[0.237s] -- Up-to-date: /home/abood/ros2_test/install/my_interfaces/include/my_interfaces/my_interfaces/msg/detail/hardware_status__rosidl_typesupport_fastrtps_c.h
[0.237s] -- Up-to-date: /home/abood/ros2_test/install/my_interfaces/lib/libmy_interfaces__rosidl_typesupport_fastrtps_c.so
[0.237s] -- Up-to-date: /home/abood/ros2_test/install/my_interfaces/include/my_interfaces/my_interfaces
[0.238s] -- Up-to-date: /home/abood/ros2_test/install/my_interfaces/include/my_interfaces/my_interfaces/msg
[0.238s] -- Up-to-date: /home/abood/ros2_test/install/my_interfaces/include/my_interfaces/my_interfaces/msg/rosidl_typesupport_introspection_c__visibility_control.h
[0.238s] -- Up-to-date: /home/abood/ros2_test/install/my_interfaces/include/my_interfaces/my_interfaces/msg/detail
[0.238s] -- Up-to-date: /home/abood/ros2_test/install/my_interfaces/include/my_interfaces/my_interfaces/msg/detail/hardware_status__type_support.c
[0.238s] -- Up-to-date: /home/abood/ros2_test/install/my_interfaces/include/my_interfaces/my_interfaces/msg/detail/hardware_status__rosidl_typesupport_introspection_c.h
[0.238s] -- Up-to-date: /home/abood/ros2_test/install/my_interfaces/lib/libmy_interfaces__rosidl_typesupport_introspection_c.so
[0.238s] -- Up-to-date: /home/abood/ros2_test/install/my_interfaces/lib/libmy_interfaces__rosidl_typesupport_c.so
[0.238s] -- Up-to-date: /home/abood/ros2_test/install/my_interfaces/include/my_interfaces/my_interfaces
[0.238s] -- Up-to-date: /home/abood/ros2_test/install/my_interfaces/include/my_interfaces/my_interfaces/msg
[0.238s] -- Up-to-date: /home/abood/ros2_test/install/my_interfaces/include/my_interfaces/my_interfaces/msg/detail
[0.238s] -- Up-to-date: /home/abood/ros2_test/install/my_interfaces/include/my_interfaces/my_interfaces/msg/detail/hardware_status__traits.hpp
[0.238s] -- Up-to-date: /home/abood/ros2_test/install/my_interfaces/include/my_interfaces/my_interfaces/msg/detail/hardware_status__builder.hpp
[0.238s] -- Up-to-date: /home/abood/ros2_test/install/my_interfaces/include/my_interfaces/my_interfaces/msg/detail/hardware_status__struct.hpp
[0.238s] -- Up-to-date: /home/abood/ros2_test/install/my_interfaces/include/my_interfaces/my_interfaces/msg/detail/hardware_status__type_support.hpp
[0.238s] -- Up-to-date: /home/abood/ros2_test/install/my_interfaces/include/my_interfaces/my_interfaces/msg/rosidl_generator_cpp__visibility_control.hpp
[0.238s] -- Up-to-date: /home/abood/ros2_test/install/my_interfaces/include/my_interfaces/my_interfaces/msg/hardware_status.hpp
[0.238s] -- Up-to-date: /home/abood/ros2_test/install/my_interfaces/include/my_interfaces/my_interfaces
[0.238s] -- Up-to-date: /home/abood/ros2_test/install/my_interfaces/include/my_interfaces/my_interfaces/msg
[0.238s] -- Up-to-date: /home/abood/ros2_test/install/my_interfaces/include/my_interfaces/my_interfaces/msg/rosidl_typesupport_fastrtps_cpp__visibility_control.h
[0.238s] -- Up-to-date: /home/abood/ros2_test/install/my_interfaces/include/my_interfaces/my_interfaces/msg/detail
[0.238s] -- Up-to-date: /home/abood/ros2_test/install/my_interfaces/include/my_interfaces/my_interfaces/msg/detail/hardware_status__rosidl_typesupport_fastrtps_cpp.hpp
[0.238s] -- Up-to-date: /home/abood/ros2_test/install/my_interfaces/include/my_interfaces/my_interfaces/msg/detail/dds_fastrtps
[0.238s] -- Up-to-date: /home/abood/ros2_test/install/my_interfaces/lib/libmy_interfaces__rosidl_typesupport_fastrtps_cpp.so
[0.238s] -- Up-to-date: /home/abood/ros2_test/install/my_interfaces/include/my_interfaces/my_interfaces
[0.238s] -- Up-to-date: /home/abood/ros2_test/install/my_interfaces/include/my_interfaces/my_interfaces/msg
[0.238s] -- Up-to-date: /home/abood/ros2_test/install/my_interfaces/include/my_interfaces/my_interfaces/msg/detail
[0.239s] -- Up-to-date: /home/abood/ros2_test/install/my_interfaces/include/my_interfaces/my_interfaces/msg/detail/hardware_status__rosidl_typesupport_introspection_cpp.hpp
[0.239s] -- Up-to-date: /home/abood/ros2_test/install/my_interfaces/include/my_interfaces/my_interfaces/msg/detail/hardware_status__type_support.cpp
[0.239s] -- Up-to-date: /home/abood/ros2_test/install/my_interfaces/lib/libmy_interfaces__rosidl_typesupport_introspection_cpp.so
[0.239s] -- Up-to-date: /home/abood/ros2_test/install/my_interfaces/lib/libmy_interfaces__rosidl_typesupport_cpp.so
[0.239s] -- Up-to-date: /home/abood/ros2_test/install/my_interfaces/share/my_interfaces/environment/pythonpath.sh
[0.239s] -- Up-to-date: /home/abood/ros2_test/install/my_interfaces/share/my_interfaces/environment/pythonpath.dsv
[0.239s] -- Up-to-date: /home/abood/ros2_test/install/my_interfaces/local/lib/python3.10/dist-packages/my_interfaces-0.0.0-py3.10.egg-info
[0.239s] -- Installing: /home/abood/ros2_test/install/my_interfaces/local/lib/python3.10/dist-packages/my_interfaces-0.0.0-py3.10.egg-info/PKG-INFO
[0.239s] -- Installing: /home/abood/ros2_test/install/my_interfaces/local/lib/python3.10/dist-packages/my_interfaces-0.0.0-py3.10.egg-info/top_level.txt
[0.239s] -- Installing: /home/abood/ros2_test/install/my_interfaces/local/lib/python3.10/dist-packages/my_interfaces-0.0.0-py3.10.egg-info/SOURCES.txt
[0.239s] -- Installing: /home/abood/ros2_test/install/my_interfaces/local/lib/python3.10/dist-packages/my_interfaces-0.0.0-py3.10.egg-info/dependency_links.txt
[0.239s] -- Up-to-date: /home/abood/ros2_test/install/my_interfaces/local/lib/python3.10/dist-packages/my_interfaces
[0.239s] -- Up-to-date: /home/abood/ros2_test/install/my_interfaces/local/lib/python3.10/dist-packages/my_interfaces/my_interfaces_s__rosidl_typesupport_c.cpython-310-x86_64-linux-gnu.so
[0.239s] -- Up-to-date: /home/abood/ros2_test/install/my_interfaces/local/lib/python3.10/dist-packages/my_interfaces/my_interfaces_s__rosidl_typesupport_fastrtps_c.cpython-310-x86_64-linux-gnu.so
[0.239s] -- Up-to-date: /home/abood/ros2_test/install/my_interfaces/local/lib/python3.10/dist-packages/my_interfaces/_my_interfaces_s.ep.rosidl_typesupport_c.c
[0.239s] -- Up-to-date: /home/abood/ros2_test/install/my_interfaces/local/lib/python3.10/dist-packages/my_interfaces/libmy_interfaces__rosidl_generator_py.so
[0.239s] -- Up-to-date: /home/abood/ros2_test/install/my_interfaces/local/lib/python3.10/dist-packages/my_interfaces/msg
[0.239s] -- Up-to-date: /home/abood/ros2_test/install/my_interfaces/local/lib/python3.10/dist-packages/my_interfaces/msg/__init__.py
[0.239s] -- Up-to-date: /home/abood/ros2_test/install/my_interfaces/local/lib/python3.10/dist-packages/my_interfaces/msg/_hardware_status.py
[0.239s] -- Up-to-date: /home/abood/ros2_test/install/my_interfaces/local/lib/python3.10/dist-packages/my_interfaces/msg/_hardware_status_s.c
[0.239s] -- Up-to-date: /home/abood/ros2_test/install/my_interfaces/local/lib/python3.10/dist-packages/my_interfaces/__init__.py
[0.239s] -- Up-to-date: /home/abood/ros2_test/install/my_interfaces/local/lib/python3.10/dist-packages/my_interfaces/my_interfaces_s__rosidl_typesupport_introspection_c.cpython-310-x86_64-linux-gnu.so
[0.239s] -- Up-to-date: /home/abood/ros2_test/install/my_interfaces/local/lib/python3.10/dist-packages/my_interfaces/_my_interfaces_s.ep.rosidl_typesupport_introspection_c.c
[0.239s] -- Up-to-date: /home/abood/ros2_test/install/my_interfaces/local/lib/python3.10/dist-packages/my_interfaces/_my_interfaces_s.ep.rosidl_typesupport_fastrtps_c.c
[0.259s] Listing '/home/abood/ros2_test/install/my_interfaces/local/lib/python3.10/dist-packages/my_interfaces'...
[0.259s] Listing '/home/abood/ros2_test/install/my_interfaces/local/lib/python3.10/dist-packages/my_interfaces/msg'...
[0.262s] -- Up-to-date: /home/abood/ros2_test/install/my_interfaces/local/lib/python3.10/dist-packages/my_interfaces/my_interfaces_s__rosidl_typesupport_fastrtps_c.cpython-310-x86_64-linux-gnu.so
[0.262s] -- Up-to-date: /home/abood/ros2_test/install/my_interfaces/local/lib/python3.10/dist-packages/my_interfaces/my_interfaces_s__rosidl_typesupport_introspection_c.cpython-310-x86_64-linux-gnu.so
[0.262s] -- Up-to-date: /home/abood/ros2_test/install/my_interfaces/local/lib/python3.10/dist-packages/my_interfaces/my_interfaces_s__rosidl_typesupport_c.cpython-310-x86_64-linux-gnu.so
[0.262s] -- Up-to-date: /home/abood/ros2_test/install/my_interfaces/lib/libmy_interfaces__rosidl_generator_py.so
[0.262s] -- Up-to-date: /home/abood/ros2_test/install/my_interfaces/share/my_interfaces/msg/HardwareStatus.idl
[0.263s] -- Up-to-date: /home/abood/ros2_test/install/my_interfaces/share/my_interfaces/msg/HardwareStatus.msg
[0.263s] -- Up-to-date: /home/abood/ros2_test/install/my_interfaces/share/ament_index/resource_index/package_run_dependencies/my_interfaces
[0.263s] -- Up-to-date: /home/abood/ros2_test/install/my_interfaces/share/ament_index/resource_index/parent_prefix_path/my_interfaces
[0.263s] -- Up-to-date: /home/abood/ros2_test/install/my_interfaces/share/my_interfaces/environment/ament_prefix_path.sh
[0.263s] -- Up-to-date: /home/abood/ros2_test/install/my_interfaces/share/my_interfaces/environment/ament_prefix_path.dsv
[0.263s] -- Up-to-date: /home/abood/ros2_test/install/my_interfaces/share/my_interfaces/environment/path.sh
[0.263s] -- Up-to-date: /home/abood/ros2_test/install/my_interfaces/share/my_interfaces/environment/path.dsv
[0.263s] -- Up-to-date: /home/abood/ros2_test/install/my_interfaces/share/my_interfaces/local_setup.bash
[0.263s] -- Up-to-date: /home/abood/ros2_test/install/my_interfaces/share/my_interfaces/local_setup.sh
[0.263s] -- Up-to-date: /home/abood/ros2_test/install/my_interfaces/share/my_interfaces/local_setup.zsh
[0.263s] -- Up-to-date: /home/abood/ros2_test/install/my_interfaces/share/my_interfaces/local_setup.dsv
[0.263s] -- Installing: /home/abood/ros2_test/install/my_interfaces/share/my_interfaces/package.dsv
[0.263s] -- Up-to-date: /home/abood/ros2_test/install/my_interfaces/share/ament_index/resource_index/packages/my_interfaces
[0.263s] -- Up-to-date: /home/abood/ros2_test/install/my_interfaces/share/my_interfaces/cmake/export_my_interfaces__rosidl_generator_cExport.cmake
[0.263s] -- Up-to-date: /home/abood/ros2_test/install/my_interfaces/share/my_interfaces/cmake/export_my_interfaces__rosidl_generator_cExport-noconfig.cmake
[0.263s] -- Up-to-date: /home/abood/ros2_test/install/my_interfaces/share/my_interfaces/cmake/export_my_interfaces__rosidl_typesupport_fastrtps_cExport.cmake
[0.263s] -- Up-to-date: /home/abood/ros2_test/install/my_interfaces/share/my_interfaces/cmake/export_my_interfaces__rosidl_typesupport_fastrtps_cExport-noconfig.cmake
[0.263s] -- Up-to-date: /home/abood/ros2_test/install/my_interfaces/share/my_interfaces/cmake/my_interfaces__rosidl_typesupport_introspection_cExport.cmake
[0.263s] -- Up-to-date: /home/abood/ros2_test/install/my_interfaces/share/my_interfaces/cmake/my_interfaces__rosidl_typesupport_introspection_cExport-noconfig.cmake
[0.263s] -- Up-to-date: /home/abood/ros2_test/install/my_interfaces/share/my_interfaces/cmake/my_interfaces__rosidl_typesupport_cExport.cmake
[0.263s] -- Up-to-date: /home/abood/ros2_test/install/my_interfaces/share/my_interfaces/cmake/my_interfaces__rosidl_typesupport_cExport-noconfig.cmake
[0.263s] -- Up-to-date: /home/abood/ros2_test/install/my_interfaces/share/my_interfaces/cmake/export_my_interfaces__rosidl_generator_cppExport.cmake
[0.263s] -- Up-to-date: /home/abood/ros2_test/install/my_interfaces/share/my_interfaces/cmake/export_my_interfaces__rosidl_typesupport_fastrtps_cppExport.cmake
[0.264s] -- Up-to-date: /home/abood/ros2_test/install/my_interfaces/share/my_interfaces/cmake/export_my_interfaces__rosidl_typesupport_fastrtps_cppExport-noconfig.cmake
[0.264s] -- Up-to-date: /home/abood/ros2_test/install/my_interfaces/share/my_interfaces/cmake/my_interfaces__rosidl_typesupport_introspection_cppExport.cmake
[0.264s] -- Up-to-date: /home/abood/ros2_test/install/my_interfaces/share/my_interfaces/cmake/my_interfaces__rosidl_typesupport_introspection_cppExport-noconfig.cmake
[0.264s] -- Up-to-date: /home/abood/ros2_test/install/my_interfaces/share/my_interfaces/cmake/my_interfaces__rosidl_typesupport_cppExport.cmake
[0.264s] -- Up-to-date: /home/abood/ros2_test/install/my_interfaces/share/my_interfaces/cmake/my_interfaces__rosidl_typesupport_cppExport-noconfig.cmake
[0.264s] -- Up-to-date: /home/abood/ros2_test/install/my_interfaces/share/my_interfaces/cmake/export_my_interfaces__rosidl_generator_pyExport.cmake
[0.264s] -- Up-to-date: /home/abood/ros2_test/install/my_interfaces/share/my_interfaces/cmake/export_my_interfaces__rosidl_generator_pyExport-noconfig.cmake
[0.264s] -- Up-to-date: /home/abood/ros2_test/install/my_interfaces/share/my_interfaces/cmake/rosidl_cmake-extras.cmake
[0.264s] -- Up-to-date: /home/abood/ros2_test/install/my_interfaces/share/my_interfaces/cmake/ament_cmake_export_include_directories-extras.cmake
[0.264s] -- Up-to-date: /home/abood/ros2_test/install/my_interfaces/share/my_interfaces/cmake/ament_cmake_export_libraries-extras.cmake
[0.264s] -- Up-to-date: /home/abood/ros2_test/install/my_interfaces/share/my_interfaces/cmake/ament_cmake_export_targets-extras.cmake
[0.264s] -- Up-to-date: /home/abood/ros2_test/install/my_interfaces/share/my_interfaces/cmake/rosidl_cmake_export_typesupport_targets-extras.cmake
[0.264s] -- Up-to-date: /home/abood/ros2_test/install/my_interfaces/share/my_interfaces/cmake/ament_cmake_export_dependencies-extras.cmake
[0.264s] -- Up-to-date: /home/abood/ros2_test/install/my_interfaces/share/my_interfaces/cmake/rosidl_cmake_export_typesupport_libraries-extras.cmake
[0.264s] -- Up-to-date: /home/abood/ros2_test/install/my_interfaces/share/my_interfaces/cmake/my_interfacesConfig.cmake
[0.264s] -- Up-to-date: /home/abood/ros2_test/install/my_interfaces/share/my_interfaces/cmake/my_interfacesConfig-version.cmake
[0.264s] -- Up-to-date: /home/abood/ros2_test/install/my_interfaces/share/my_interfaces/package.xml
[0.265s] Invoked command in '/home/abood/ros2_test/build/my_interfaces' returned '0': CMAKE_PREFIX_PATH=${CMAKE_PREFIX_PATH}:/home/abood/ros2_test/install/my_py_pkg:/opt/ros/humble /usr/bin/cmake --install /home/abood/ros2_test/build/my_interfaces
