[0.090s] DEBUG:colcon:Command line arguments: ['/usr/bin/colcon', 'list', '-p', '--base-paths', '/home/abood/ros2_test']
[0.090s] DEBUG:colcon:Parsed command line arguments: Namespace(log_base=None, log_level=None, verb_name='list', build_base='build', ignore_user_meta=False, metas=['./colcon.meta'], base_paths=['/home/abood/ros2_test'], packages_ignore=None, packages_ignore_regex=None, paths=None, packages_up_to=None, packages_up_to_regex=None, packages_above=None, packages_above_and_dependencies=None, packages_above_depth=None, packages_select_by_dep=None, packages_skip_by_dep=None, packages_skip_up_to=None, packages_select_build_failed=False, packages_skip_build_finished=False, packages_select_test_failures=False, packages_skip_test_passed=False, packages_select=None, packages_skip=None, packages_select_regex=None, packages_skip_regex=None, packages_start=None, packages_end=None, allow_overriding=[], topological_order=False, names_only=False, paths_only=True, topological_graph=False, topological_graph_dot=False, topological_graph_density=False, topological_graph_legend=False, topological_graph_dot_cluster=False, topological_graph_dot_include_skipped=False, mixin_files=None, mixin=None, verb_parser=<colcon_mixin.mixin.mixin_argument.MixinArgumentDecorator object at 0x75175ef6f820>, verb_extension=<colcon_package_information.verb.list.ListVerb object at 0x75175f073f70>, main=<bound method ListVerb.main of <colcon_package_information.verb.list.ListVerb object at 0x75175f073f70>>, mixin_verb=('list',))
[0.214s] Level 1:colcon.colcon_core.package_discovery:discover_packages(colcon_meta) check parameters
[0.214s] Level 1:colcon.colcon_core.package_discovery:discover_packages(recursive) check parameters
[0.214s] Level 1:colcon.colcon_core.package_discovery:discover_packages(ignore) check parameters
[0.214s] Level 1:colcon.colcon_core.package_discovery:discover_packages(path) check parameters
[0.214s] Level 1:colcon.colcon_core.package_discovery:discover_packages(recursive) discover
[0.214s] INFO:colcon.colcon_core.package_discovery:Crawling recursively for packages in '/home/abood/ros2_test'
[0.214s] Level 1:colcon.colcon_core.package_identification:_identify(/home/abood/ros2_test) by extensions ['ignore', 'ignore_ament_install']
[0.215s] Level 1:colcon.colcon_core.package_identification:_identify(/home/abood/ros2_test) by extension 'ignore'
[0.215s] Level 1:colcon.colcon_core.package_identification:_identify(/home/abood/ros2_test) by extension 'ignore_ament_install'
[0.215s] Level 1:colcon.colcon_core.package_identification:_identify(/home/abood/ros2_test) by extensions ['colcon_pkg']
[0.215s] Level 1:colcon.colcon_core.package_identification:_identify(/home/abood/ros2_test) by extension 'colcon_pkg'
[0.215s] Level 1:colcon.colcon_core.package_identification:_identify(/home/abood/ros2_test) by extensions ['colcon_meta']
[0.215s] Level 1:colcon.colcon_core.package_identification:_identify(/home/abood/ros2_test) by extension 'colcon_meta'
[0.215s] Level 1:colcon.colcon_core.package_identification:_identify(/home/abood/ros2_test) by extensions ['ros']
[0.215s] Level 1:colcon.colcon_core.package_identification:_identify(/home/abood/ros2_test) by extension 'ros'
[0.224s] Level 1:colcon.colcon_core.package_identification:_identify(/home/abood/ros2_test) by extensions ['cmake', 'python']
[0.224s] Level 1:colcon.colcon_core.package_identification:_identify(/home/abood/ros2_test) by extension 'cmake'
[0.224s] Level 1:colcon.colcon_core.package_identification:_identify(/home/abood/ros2_test) by extension 'python'
[0.224s] Level 1:colcon.colcon_core.package_identification:_identify(/home/abood/ros2_test) by extensions ['python_setup_py']
[0.224s] Level 1:colcon.colcon_core.package_identification:_identify(/home/abood/ros2_test) by extension 'python_setup_py'
[0.224s] Level 1:colcon.colcon_core.package_identification:_identify(/home/abood/ros2_test/build) by extensions ['ignore', 'ignore_ament_install']
[0.224s] Level 1:colcon.colcon_core.package_identification:_identify(/home/abood/ros2_test/build) by extension 'ignore'
[0.224s] Level 1:colcon.colcon_core.package_identification:_identify(/home/abood/ros2_test/build) ignored
[0.224s] Level 1:colcon.colcon_core.package_identification:_identify(/home/abood/ros2_test/install) by extensions ['ignore', 'ignore_ament_install']
[0.224s] Level 1:colcon.colcon_core.package_identification:_identify(/home/abood/ros2_test/install) by extension 'ignore'
[0.224s] Level 1:colcon.colcon_core.package_identification:_identify(/home/abood/ros2_test/install) ignored
[0.225s] Level 1:colcon.colcon_core.package_identification:_identify(/home/abood/ros2_test/log) by extensions ['ignore', 'ignore_ament_install']
[0.225s] Level 1:colcon.colcon_core.package_identification:_identify(/home/abood/ros2_test/log) by extension 'ignore'
[0.225s] Level 1:colcon.colcon_core.package_identification:_identify(/home/abood/ros2_test/log) ignored
[0.225s] Level 1:colcon.colcon_core.package_identification:_identify(/home/abood/ros2_test/src) by extensions ['ignore', 'ignore_ament_install']
[0.225s] Level 1:colcon.colcon_core.package_identification:_identify(/home/abood/ros2_test/src) by extension 'ignore'
[0.225s] Level 1:colcon.colcon_core.package_identification:_identify(/home/abood/ros2_test/src) by extension 'ignore_ament_install'
[0.225s] Level 1:colcon.colcon_core.package_identification:_identify(/home/abood/ros2_test/src) by extensions ['colcon_pkg']
[0.225s] Level 1:colcon.colcon_core.package_identification:_identify(/home/abood/ros2_test/src) by extension 'colcon_pkg'
[0.225s] Level 1:colcon.colcon_core.package_identification:_identify(/home/abood/ros2_test/src) by extensions ['colcon_meta']
[0.225s] Level 1:colcon.colcon_core.package_identification:_identify(/home/abood/ros2_test/src) by extension 'colcon_meta'
[0.225s] Level 1:colcon.colcon_core.package_identification:_identify(/home/abood/ros2_test/src) by extensions ['ros']
[0.225s] Level 1:colcon.colcon_core.package_identification:_identify(/home/abood/ros2_test/src) by extension 'ros'
[0.225s] Level 1:colcon.colcon_core.package_identification:_identify(/home/abood/ros2_test/src) by extensions ['cmake', 'python']
[0.225s] Level 1:colcon.colcon_core.package_identification:_identify(/home/abood/ros2_test/src) by extension 'cmake'
[0.225s] Level 1:colcon.colcon_core.package_identification:_identify(/home/abood/ros2_test/src) by extension 'python'
[0.225s] Level 1:colcon.colcon_core.package_identification:_identify(/home/abood/ros2_test/src) by extensions ['python_setup_py']
[0.225s] Level 1:colcon.colcon_core.package_identification:_identify(/home/abood/ros2_test/src) by extension 'python_setup_py'
[0.225s] Level 1:colcon.colcon_core.package_identification:_identify(/home/abood/ros2_test/src/my_py_pkg) by extensions ['ignore', 'ignore_ament_install']
[0.225s] Level 1:colcon.colcon_core.package_identification:_identify(/home/abood/ros2_test/src/my_py_pkg) by extension 'ignore'
[0.225s] Level 1:colcon.colcon_core.package_identification:_identify(/home/abood/ros2_test/src/my_py_pkg) by extension 'ignore_ament_install'
[0.225s] Level 1:colcon.colcon_core.package_identification:_identify(/home/abood/ros2_test/src/my_py_pkg) by extensions ['colcon_pkg']
[0.225s] Level 1:colcon.colcon_core.package_identification:_identify(/home/abood/ros2_test/src/my_py_pkg) by extension 'colcon_pkg'
[0.225s] Level 1:colcon.colcon_core.package_identification:_identify(/home/abood/ros2_test/src/my_py_pkg) by extensions ['colcon_meta']
[0.225s] Level 1:colcon.colcon_core.package_identification:_identify(/home/abood/ros2_test/src/my_py_pkg) by extension 'colcon_meta'
[0.225s] Level 1:colcon.colcon_core.package_identification:_identify(/home/abood/ros2_test/src/my_py_pkg) by extensions ['ros']
[0.225s] Level 1:colcon.colcon_core.package_identification:_identify(/home/abood/ros2_test/src/my_py_pkg) by extension 'ros'
[0.228s] DEBUG:colcon.colcon_core.package_identification:Found ROS schema reference in package manifest in '/home/abood/ros2_test/src/my_py_pkg'
[0.228s] WARNING:colcon.colcon_core.package_identification:Failed to parse ROS package manifest in '/home/abood/ros2_test/src/my_py_pkg': Error(s) in package '/home/abood/ros2_test/src/my_py_pkg/package.xml':
Invalid email "anaalbakatoshy.gmail.com" for person "abood"
[0.228s] Level 1:colcon.colcon_core.package_identification:_identify(/home/abood/ros2_test/src/my_py_pkg) by extensions ['cmake', 'python']
[0.228s] Level 1:colcon.colcon_core.package_identification:_identify(/home/abood/ros2_test/src/my_py_pkg) by extension 'cmake'
[0.228s] Level 1:colcon.colcon_core.package_identification:_identify(/home/abood/ros2_test/src/my_py_pkg) by extension 'python'
[0.228s] DEBUG:colcon.colcon_core.package_identification:Python package in '/home/abood/ros2_test/src/my_py_pkg' passes arguments to the setup() function which requires a different identification extension than 'python'
[0.228s] Level 1:colcon.colcon_core.package_identification:_identify(/home/abood/ros2_test/src/my_py_pkg) by extensions ['python_setup_py']
[0.228s] Level 1:colcon.colcon_core.package_identification:_identify(/home/abood/ros2_test/src/my_py_pkg) by extension 'python_setup_py'
[0.428s] DEBUG:colcon.colcon_core.package_identification:Package '/home/abood/ros2_test/src/my_py_pkg' with type 'python' and name 'my_py_pkg'
[0.428s] Level 1:colcon.colcon_core.package_discovery:discover_packages(recursive) using defaults
