[0.006s] Invoking command in '/home/abood/ros2_test/build/my_robot_bringup': AMENT_PREFIX_PATH=/home/abood/ros2_test/install/my_py_pkg:/home/abood/ros2_test/install/my_robot_bringup:/home/abood/ros2_test/install/my_interfaces:/home/abood/ros2_test/install/my_cpp_pkg:/opt/ros/humble CMAKE_PREFIX_PATH=/home/abood/ros2_test/install/my_interfaces:/home/abood/ros2_test/install/my_robot_bringup:/home/abood/ros2_test/install/my_cpp_pkg:/home/abood/ros2_test/install/my_py_pkg:/opt/ros/humble /usr/bin/cmake --build /home/abood/ros2_test/build/my_robot_bringup -- -j16 -l16
[0.028s] Invoked command in '/home/abood/ros2_test/build/my_robot_bringup' returned '0': AMENT_PREFIX_PATH=/home/abood/ros2_test/install/my_py_pkg:/home/abood/ros2_test/install/my_robot_bringup:/home/abood/ros2_test/install/my_interfaces:/home/abood/ros2_test/install/my_cpp_pkg:/opt/ros/humble CMAKE_PREFIX_PATH=/home/abood/ros2_test/install/my_interfaces:/home/abood/ros2_test/install/my_robot_bringup:/home/abood/ros2_test/install/my_cpp_pkg:/home/abood/ros2_test/install/my_py_pkg:/opt/ros/humble /usr/bin/cmake --build /home/abood/ros2_test/build/my_robot_bringup -- -j16 -l16
[0.029s] Invoking command in '/home/abood/ros2_test/build/my_robot_bringup': AMENT_PREFIX_PATH=/home/abood/ros2_test/install/my_py_pkg:/home/abood/ros2_test/install/my_robot_bringup:/home/abood/ros2_test/install/my_interfaces:/home/abood/ros2_test/install/my_cpp_pkg:/opt/ros/humble CMAKE_PREFIX_PATH=/home/abood/ros2_test/install/my_interfaces:/home/abood/ros2_test/install/my_robot_bringup:/home/abood/ros2_test/install/my_cpp_pkg:/home/abood/ros2_test/install/my_py_pkg:/opt/ros/humble /usr/bin/cmake --install /home/abood/ros2_test/build/my_robot_bringup
[0.033s] -- Install configuration: ""
[0.033s] -- Up-to-date: /home/abood/ros2_test/install/my_robot_bringup/share/my_robot_bringup//launch
[0.034s] -- Installing: /home/abood/ros2_test/install/my_robot_bringup/share/my_robot_bringup//launch/number_app.launch.py
[0.034s] -- Up-to-date: /home/abood/ros2_test/install/my_robot_bringup/share/my_robot_bringup//launch/number_app_from_python.launch.xml
[0.034s] -- Up-to-date: /home/abood/ros2_test/install/my_robot_bringup/share/my_robot_bringup//launch/number_app.launch.xml
[0.034s] -- Up-to-date: /home/abood/ros2_test/install/my_robot_bringup/share/ament_index/resource_index/package_run_dependencies/my_robot_bringup
[0.034s] -- Up-to-date: /home/abood/ros2_test/install/my_robot_bringup/share/ament_index/resource_index/parent_prefix_path/my_robot_bringup
[0.034s] -- Up-to-date: /home/abood/ros2_test/install/my_robot_bringup/share/my_robot_bringup/environment/ament_prefix_path.sh
[0.034s] -- Up-to-date: /home/abood/ros2_test/install/my_robot_bringup/share/my_robot_bringup/environment/ament_prefix_path.dsv
[0.034s] -- Up-to-date: /home/abood/ros2_test/install/my_robot_bringup/share/my_robot_bringup/environment/path.sh
[0.034s] -- Up-to-date: /home/abood/ros2_test/install/my_robot_bringup/share/my_robot_bringup/environment/path.dsv
[0.034s] -- Up-to-date: /home/abood/ros2_test/install/my_robot_bringup/share/my_robot_bringup/local_setup.bash
[0.034s] -- Up-to-date: /home/abood/ros2_test/install/my_robot_bringup/share/my_robot_bringup/local_setup.sh
[0.034s] -- Up-to-date: /home/abood/ros2_test/install/my_robot_bringup/share/my_robot_bringup/local_setup.zsh
[0.034s] -- Up-to-date: /home/abood/ros2_test/install/my_robot_bringup/share/my_robot_bringup/local_setup.dsv
[0.034s] -- Installing: /home/abood/ros2_test/install/my_robot_bringup/share/my_robot_bringup/package.dsv
[0.034s] -- Up-to-date: /home/abood/ros2_test/install/my_robot_bringup/share/ament_index/resource_index/packages/my_robot_bringup
[0.034s] -- Up-to-date: /home/abood/ros2_test/install/my_robot_bringup/share/my_robot_bringup/cmake/my_robot_bringupConfig.cmake
[0.034s] -- Up-to-date: /home/abood/ros2_test/install/my_robot_bringup/share/my_robot_bringup/cmake/my_robot_bringupConfig-version.cmake
[0.034s] -- Up-to-date: /home/abood/ros2_test/install/my_robot_bringup/share/my_robot_bringup/package.xml
[0.035s] Invoked command in '/home/abood/ros2_test/build/my_robot_bringup' returned '0': AMENT_PREFIX_PATH=/home/abood/ros2_test/install/my_py_pkg:/home/abood/ros2_test/install/my_robot_bringup:/home/abood/ros2_test/install/my_interfaces:/home/abood/ros2_test/install/my_cpp_pkg:/opt/ros/humble CMAKE_PREFIX_PATH=/home/abood/ros2_test/install/my_interfaces:/home/abood/ros2_test/install/my_robot_bringup:/home/abood/ros2_test/install/my_cpp_pkg:/home/abood/ros2_test/install/my_py_pkg:/opt/ros/humble /usr/bin/cmake --install /home/abood/ros2_test/build/my_robot_bringup
