[0.423s] Invoking command in '/home/abood/ros2_test/src/my_py_pkg': PYTHONPATH=/home/abood/ros2_test/build/my_py_pkg/prefix_override:/usr/lib/python3/dist-packages/colcon_core/task/python/colcon_distutils_commands:/home/abood/ros2_test/install/my_py_pkg/lib/python3.10/site-packages:${PYTHONPATH} /usr/bin/python3 -W ignore:setup.py install is deprecated -W ignore:easy_install command is deprecated setup.py egg_info --egg-base ../../build/my_py_pkg build --build-base /home/abood/ros2_test/build/my_py_pkg/build install --record /home/abood/ros2_test/build/my_py_pkg/install.log --single-version-externally-managed install_data
[0.582s] running egg_info
[0.582s] writing ../../build/my_py_pkg/my_py_pkg.egg-info/PKG-INFO
[0.582s] writing dependency_links to ../../build/my_py_pkg/my_py_pkg.egg-info/dependency_links.txt
[0.583s] writing entry points to ../../build/my_py_pkg/my_py_pkg.egg-info/entry_points.txt
[0.583s] writing requirements to ../../build/my_py_pkg/my_py_pkg.egg-info/requires.txt
[0.583s] writing top-level names to ../../build/my_py_pkg/my_py_pkg.egg-info/top_level.txt
[0.584s] reading manifest file '../../build/my_py_pkg/my_py_pkg.egg-info/SOURCES.txt'
[0.585s] writing manifest file '../../build/my_py_pkg/my_py_pkg.egg-info/SOURCES.txt'
[0.585s] running build
[0.585s] running build_py
[0.585s] copying my_py_pkg/number_sub.py -> /home/abood/ros2_test/build/my_py_pkg/build/lib/my_py_pkg
[0.585s] running install
[0.585s] running install_lib
[0.586s] copying /home/abood/ros2_test/build/my_py_pkg/build/lib/my_py_pkg/number_sub.py -> /home/abood/ros2_test/install/my_py_pkg/lib/python3.10/site-packages/my_py_pkg
[0.586s] byte-compiling /home/abood/ros2_test/install/my_py_pkg/lib/python3.10/site-packages/my_py_pkg/number_sub.py to number_sub.cpython-310.pyc
[0.587s] running install_data
[0.587s] running install_egg_info
[0.588s] removing '/home/abood/ros2_test/install/my_py_pkg/lib/python3.10/site-packages/my_py_pkg-0.0.0-py3.10.egg-info' (and everything under it)
[0.588s] Copying ../../build/my_py_pkg/my_py_pkg.egg-info to /home/abood/ros2_test/install/my_py_pkg/lib/python3.10/site-packages/my_py_pkg-0.0.0-py3.10.egg-info
[0.589s] running install_scripts
[0.603s] Installing number_pub script to /home/abood/ros2_test/install/my_py_pkg/lib/my_py_pkg
[0.603s] Installing number_sub script to /home/abood/ros2_test/install/my_py_pkg/lib/my_py_pkg
[0.603s] Installing publisher_test script to /home/abood/ros2_test/install/my_py_pkg/lib/my_py_pkg
[0.603s] Installing py_node script to /home/abood/ros2_test/install/my_py_pkg/lib/my_py_pkg
[0.603s] Installing subsrciber_test script to /home/abood/ros2_test/install/my_py_pkg/lib/my_py_pkg
[0.604s] writing list of installed files to '/home/abood/ros2_test/build/my_py_pkg/install.log'
[0.619s] Invoked command in '/home/abood/ros2_test/src/my_py_pkg' returned '0': PYTHONPATH=/home/abood/ros2_test/build/my_py_pkg/prefix_override:/usr/lib/python3/dist-packages/colcon_core/task/python/colcon_distutils_commands:/home/abood/ros2_test/install/my_py_pkg/lib/python3.10/site-packages:${PYTHONPATH} /usr/bin/python3 -W ignore:setup.py install is deprecated -W ignore:easy_install command is deprecated setup.py egg_info --egg-base ../../build/my_py_pkg build --build-base /home/abood/ros2_test/build/my_py_pkg/build install --record /home/abood/ros2_test/build/my_py_pkg/install.log --single-version-externally-managed install_data
