[0.409s] Invoking command in '/home/abood/ros2_test/src/my_py_pkg': PYTHONPATH=/home/abood/ros2_test/build/my_py_pkg/prefix_override:/usr/lib/python3/dist-packages/colcon_core/task/python/colcon_distutils_commands:/home/abood/ros2_test/install/my_py_pkg/lib/python3.10/site-packages:${PYTHONPATH} /usr/bin/python3 -W ignore:setup.py install is deprecated -W ignore:easy_install command is deprecated setup.py egg_info --egg-base ../../build/my_py_pkg build --build-base /home/abood/ros2_test/build/my_py_pkg/build install --record /home/abood/ros2_test/build/my_py_pkg/install.log --single-version-externally-managed install_data
[0.568s] running egg_info
[0.568s] writing ../../build/my_py_pkg/my_py_pkg.egg-info/PKG-INFO
[0.568s] writing dependency_links to ../../build/my_py_pkg/my_py_pkg.egg-info/dependency_links.txt
[0.568s] writing entry points to ../../build/my_py_pkg/my_py_pkg.egg-info/entry_points.txt
[0.568s] writing requirements to ../../build/my_py_pkg/my_py_pkg.egg-info/requires.txt
[0.569s] writing top-level names to ../../build/my_py_pkg/my_py_pkg.egg-info/top_level.txt
[0.569s] reading manifest file '../../build/my_py_pkg/my_py_pkg.egg-info/SOURCES.txt'
[0.570s] writing manifest file '../../build/my_py_pkg/my_py_pkg.egg-info/SOURCES.txt'
[0.570s] running build
[0.570s] running build_py
[0.570s] copying my_py_pkg/number_pub.py -> /home/abood/ros2_test/build/my_py_pkg/build/lib/my_py_pkg
[0.570s] copying my_py_pkg/my_first_node.py -> /home/abood/ros2_test/build/my_py_pkg/build/lib/my_py_pkg
[0.570s] running install
[0.570s] running install_lib
[0.571s] copying /home/abood/ros2_test/build/my_py_pkg/build/lib/my_py_pkg/number_pub.py -> /home/abood/ros2_test/install/my_py_pkg/lib/python3.10/site-packages/my_py_pkg
[0.571s] copying /home/abood/ros2_test/build/my_py_pkg/build/lib/my_py_pkg/my_first_node.py -> /home/abood/ros2_test/install/my_py_pkg/lib/python3.10/site-packages/my_py_pkg
[0.571s] byte-compiling /home/abood/ros2_test/install/my_py_pkg/lib/python3.10/site-packages/my_py_pkg/number_pub.py to number_pub.cpython-310.pyc
[0.571s] byte-compiling /home/abood/ros2_test/install/my_py_pkg/lib/python3.10/site-packages/my_py_pkg/my_first_node.py to my_first_node.cpython-310.pyc
[0.572s] running install_data
[0.572s] running install_egg_info
[0.573s] removing '/home/abood/ros2_test/install/my_py_pkg/lib/python3.10/site-packages/my_py_pkg-0.0.0-py3.10.egg-info' (and everything under it)
[0.573s] Copying ../../build/my_py_pkg/my_py_pkg.egg-info to /home/abood/ros2_test/install/my_py_pkg/lib/python3.10/site-packages/my_py_pkg-0.0.0-py3.10.egg-info
[0.573s] running install_scripts
[0.587s] Installing number_pub script to /home/abood/ros2_test/install/my_py_pkg/lib/my_py_pkg
[0.587s] Installing publisher_test script to /home/abood/ros2_test/install/my_py_pkg/lib/my_py_pkg
[0.587s] Installing py_node script to /home/abood/ros2_test/install/my_py_pkg/lib/my_py_pkg
[0.587s] Installing subsrciber_test script to /home/abood/ros2_test/install/my_py_pkg/lib/my_py_pkg
[0.587s] writing list of installed files to '/home/abood/ros2_test/build/my_py_pkg/install.log'
[0.602s] Invoked command in '/home/abood/ros2_test/src/my_py_pkg' returned '0': PYTHONPATH=/home/abood/ros2_test/build/my_py_pkg/prefix_override:/usr/lib/python3/dist-packages/colcon_core/task/python/colcon_distutils_commands:/home/abood/ros2_test/install/my_py_pkg/lib/python3.10/site-packages:${PYTHONPATH} /usr/bin/python3 -W ignore:setup.py install is deprecated -W ignore:easy_install command is deprecated setup.py egg_info --egg-base ../../build/my_py_pkg build --build-base /home/abood/ros2_test/build/my_py_pkg/build install --record /home/abood/ros2_test/build/my_py_pkg/install.log --single-version-externally-managed install_data
