[0.009s] Invoking command in '/home/abood/ros2_test/build/my_interfaces': CMAKE_PREFIX_PATH=${CMAKE_PREFIX_PATH}:/home/abood/ros2_test/install/my_py_pkg:/opt/ros/humble /usr/bin/cmake --build /home/abood/ros2_test/build/my_interfaces -- -j16 -l16
[0.023s] -- Found ament_cmake: 1.3.11 (/opt/ros/humble/share/ament_cmake/cmake)
[0.104s] -- Found rosidl_default_generators: 1.2.0 (/opt/ros/humble/share/rosidl_default_generators/cmake)
[0.105s] -- Using all available rosidl_typesupport_c: rosidl_typesupport_fastrtps_c;rosidl_typesupport_introspection_c
[0.106s] -- Found rosidl_adapter: 3.1.6 (/opt/ros/humble/share/rosidl_adapter/cmake)
[0.125s] -- Using all available rosidl_typesupport_cpp: rosidl_typesupport_fastrtps_cpp;rosidl_typesupport_introspection_cpp
[0.290s] -- Found ament_cmake_ros: 0.10.0 (/opt/ros/humble/share/ament_cmake_ros/cmake)
[0.401s] -- Using all available rosidl_typesupport_c: rosidl_typesupport_fastrtps_c;rosidl_typesupport_introspection_c
[0.562s] -- Using all available rosidl_typesupport_cpp: rosidl_typesupport_fastrtps_cpp;rosidl_typesupport_introspection_cpp
[0.577s] -- Found python_cmake_module: 0.10.0 (/opt/ros/humble/share/python_cmake_module/cmake)
[0.590s] -- Using PYTHON_EXECUTABLE: /usr/bin/python3
[0.590s] -- Using PYTHON_INCLUDE_DIRS: /usr/include/python3.10
[0.591s] -- Using PYTHON_LIBRARIES: /usr/lib/x86_64-linux-gnu/libpython3.10.so
[0.599s] -- Configuring done
[0.615s] -- Generating done
[0.622s] -- Build files have been written to: /home/abood/ros2_test/build/my_interfaces
[0.637s] [  2%] [34m[1mGenerating C code for ROS interfaces[0m
[0.643s] [  4%] [34m[1mGenerating C++ code for ROS interfaces[0m
[0.649s] [  4%] Built target ament_cmake_python_copy_my_interfaces
[0.807s] running egg_info
[0.807s] writing my_interfaces.egg-info/PKG-INFO
[0.807s] writing dependency_links to my_interfaces.egg-info/dependency_links.txt
[0.807s] writing top-level names to my_interfaces.egg-info/top_level.txt
[0.809s] reading manifest file 'my_interfaces.egg-info/SOURCES.txt'
[0.809s] writing manifest file 'my_interfaces.egg-info/SOURCES.txt'
[0.825s] [  4%] Built target ament_cmake_python_build_my_interfaces_egg
[0.873s] [  4%] Built target my_interfaces__cpp
[0.879s] [35m[1mConsolidate compiler generated dependencies of target my_interfaces__rosidl_generator_c[0m
[0.879s] [  6%] [34m[1mGenerating C++ type support for eProsima Fast-RTPS[0m
[0.879s] [ 10%] [34m[1mGenerating C++ introspection for ROS interfaces[0m
[0.879s] [ 10%] [34m[1mGenerating C++ type support dispatch for ROS interfaces[0m
[0.885s] [ 17%] [32mBuilding C object CMakeFiles/my_interfaces__rosidl_generator_c.dir/rosidl_generator_c/my_interfaces/msg/detail/hardware_status__functions.c.o[0m
[0.885s] [ 17%] [32mBuilding C object CMakeFiles/my_interfaces__rosidl_generator_c.dir/rosidl_generator_c/my_interfaces/srv/detail/calculate_rectangle_area__functions.c.o[0m
[0.886s] [ 17%] [32mBuilding C object CMakeFiles/my_interfaces__rosidl_generator_c.dir/rosidl_generator_c/my_interfaces/msg/detail/led_state_array__functions.c.o[0m
[0.920s] [ 19%] [32m[1mLinking C shared library libmy_interfaces__rosidl_generator_c.so[0m
[0.943s] [ 19%] Built target my_interfaces__rosidl_generator_c
[0.949s] [ 25%] [34m[1mGenerating C type support for eProsima Fast-RTPS[0m
[0.950s] [ 25%] [34m[1mGenerating C introspection for ROS interfaces[0m
[0.950s] [ 25%] [34m[1mGenerating C type support dispatch for ROS interfaces[0m
[1.065s] [35m[1mConsolidate compiler generated dependencies of target my_interfaces__rosidl_typesupport_cpp[0m
[1.074s] [ 27%] [32mBuilding CXX object CMakeFiles/my_interfaces__rosidl_typesupport_cpp.dir/rosidl_typesupport_cpp/my_interfaces/msg/hardware_status__type_support.cpp.o[0m
[1.074s] [ 29%] [32mBuilding CXX object CMakeFiles/my_interfaces__rosidl_typesupport_cpp.dir/rosidl_typesupport_cpp/my_interfaces/msg/led_state_array__type_support.cpp.o[0m
[1.074s] [ 31%] [32mBuilding CXX object CMakeFiles/my_interfaces__rosidl_typesupport_cpp.dir/rosidl_typesupport_cpp/my_interfaces/srv/calculate_rectangle_area__type_support.cpp.o[0m
[1.100s] [35m[1mConsolidate compiler generated dependencies of target my_interfaces__rosidl_typesupport_introspection_cpp[0m
[1.111s] [ 34%] [32mBuilding CXX object CMakeFiles/my_interfaces__rosidl_typesupport_introspection_cpp.dir/rosidl_typesupport_introspection_cpp/my_interfaces/msg/detail/hardware_status__type_support.cpp.o[0m
[1.111s] [ 36%] [32mBuilding CXX object CMakeFiles/my_interfaces__rosidl_typesupport_introspection_cpp.dir/rosidl_typesupport_introspection_cpp/my_interfaces/msg/detail/led_state_array__type_support.cpp.o[0m
[1.111s] [ 38%] [32mBuilding CXX object CMakeFiles/my_interfaces__rosidl_typesupport_introspection_cpp.dir/rosidl_typesupport_introspection_cpp/my_interfaces/srv/detail/calculate_rectangle_area__type_support.cpp.o[0m
[1.113s] [35m[1mConsolidate compiler generated dependencies of target my_interfaces__rosidl_typesupport_fastrtps_cpp[0m
[1.123s] [ 40%] [32mBuilding CXX object CMakeFiles/my_interfaces__rosidl_typesupport_fastrtps_cpp.dir/rosidl_typesupport_fastrtps_cpp/my_interfaces/msg/detail/dds_fastrtps/led_state_array__type_support.cpp.o[0m
[1.125s] [ 42%] [32mBuilding CXX object CMakeFiles/my_interfaces__rosidl_typesupport_fastrtps_cpp.dir/rosidl_typesupport_fastrtps_cpp/my_interfaces/msg/detail/dds_fastrtps/hardware_status__type_support.cpp.o[0m
[1.125s] [ 44%] [32mBuilding CXX object CMakeFiles/my_interfaces__rosidl_typesupport_fastrtps_cpp.dir/rosidl_typesupport_fastrtps_cpp/my_interfaces/srv/detail/dds_fastrtps/calculate_rectangle_area__type_support.cpp.o[0m
[1.168s] [35m[1mConsolidate compiler generated dependencies of target my_interfaces__rosidl_typesupport_c[0m
[1.182s] [ 51%] [32mBuilding CXX object CMakeFiles/my_interfaces__rosidl_typesupport_c.dir/rosidl_typesupport_c/my_interfaces/srv/calculate_rectangle_area__type_support.cpp.o[0m
[1.182s] [ 51%] [32mBuilding CXX object CMakeFiles/my_interfaces__rosidl_typesupport_c.dir/rosidl_typesupport_c/my_interfaces/msg/led_state_array__type_support.cpp.o[0m
[1.182s] [ 51%] [32mBuilding CXX object CMakeFiles/my_interfaces__rosidl_typesupport_c.dir/rosidl_typesupport_c/my_interfaces/msg/hardware_status__type_support.cpp.o[0m
[1.206s] [35m[1mConsolidate compiler generated dependencies of target my_interfaces__rosidl_typesupport_introspection_c[0m
[1.216s] [ 53%] [32mBuilding C object CMakeFiles/my_interfaces__rosidl_typesupport_introspection_c.dir/rosidl_typesupport_introspection_c/my_interfaces/msg/detail/led_state_array__type_support.c.o[0m
[1.217s] [ 55%] [32m[1mLinking CXX shared library libmy_interfaces__rosidl_typesupport_c.so[0m
[1.217s] [ 57%] [32mBuilding C object CMakeFiles/my_interfaces__rosidl_typesupport_introspection_c.dir/rosidl_typesupport_introspection_c/my_interfaces/msg/detail/hardware_status__type_support.c.o[0m
[1.217s] [ 59%] [32mBuilding C object CMakeFiles/my_interfaces__rosidl_typesupport_introspection_c.dir/rosidl_typesupport_introspection_c/my_interfaces/srv/detail/calculate_rectangle_area__type_support.c.o[0m
[1.262s] [ 59%] Built target my_interfaces__rosidl_typesupport_c
[1.265s] [ 61%] [32m[1mLinking C shared library libmy_interfaces__rosidl_typesupport_introspection_c.so[0m
[1.266s] [35m[1mConsolidate compiler generated dependencies of target my_interfaces__rosidl_typesupport_fastrtps_c[0m
[1.278s] [ 63%] [32mBuilding CXX object CMakeFiles/my_interfaces__rosidl_typesupport_fastrtps_c.dir/rosidl_typesupport_fastrtps_c/my_interfaces/srv/detail/calculate_rectangle_area__type_support_c.cpp.o[0m
[1.279s] [ 65%] [32mBuilding CXX object CMakeFiles/my_interfaces__rosidl_typesupport_fastrtps_c.dir/rosidl_typesupport_fastrtps_c/my_interfaces/msg/detail/led_state_array__type_support_c.cpp.o[0m
[1.279s] [ 68%] [32mBuilding CXX object CMakeFiles/my_interfaces__rosidl_typesupport_fastrtps_c.dir/rosidl_typesupport_fastrtps_c/my_interfaces/msg/detail/hardware_status__type_support_c.cpp.o[0m
[1.297s] [ 68%] Built target my_interfaces__rosidl_typesupport_introspection_c
[1.306s] [ 70%] [32m[1mLinking CXX shared library libmy_interfaces__rosidl_typesupport_cpp.so[0m
[1.338s] [ 70%] Built target my_interfaces__rosidl_typesupport_cpp
[1.547s] [ 72%] [32m[1mLinking CXX shared library libmy_interfaces__rosidl_typesupport_introspection_cpp.so[0m
[1.551s] [ 74%] [32m[1mLinking CXX shared library libmy_interfaces__rosidl_typesupport_fastrtps_cpp.so[0m
[1.588s] [ 76%] [32m[1mLinking CXX shared library libmy_interfaces__rosidl_typesupport_fastrtps_c.so[0m
[1.594s] [ 76%] Built target my_interfaces__rosidl_typesupport_introspection_cpp
[1.596s] [ 76%] Built target my_interfaces__rosidl_typesupport_fastrtps_cpp
[1.631s] [ 76%] Built target my_interfaces__rosidl_typesupport_fastrtps_c
[1.643s] [ 76%] Built target my_interfaces
[1.655s] [ 78%] [34m[1mGenerating Python code for ROS interfaces[0m
[1.976s] [ 78%] Built target my_interfaces__py
[1.982s] [35m[1mConsolidate compiler generated dependencies of target my_interfaces__rosidl_generator_py[0m
[1.990s] [ 80%] [32mBuilding C object CMakeFiles/my_interfaces__rosidl_generator_py.dir/rosidl_generator_py/my_interfaces/msg/_hardware_status_s.c.o[0m
[1.990s] [ 82%] [32mBuilding C object CMakeFiles/my_interfaces__rosidl_generator_py.dir/rosidl_generator_py/my_interfaces/msg/_led_state_array_s.c.o[0m
[1.990s] [ 85%] [32mBuilding C object CMakeFiles/my_interfaces__rosidl_generator_py.dir/rosidl_generator_py/my_interfaces/srv/_calculate_rectangle_area_s.c.o[0m
[2.054s] [ 87%] [32m[1mLinking C shared library rosidl_generator_py/my_interfaces/libmy_interfaces__rosidl_generator_py.so[0m
[2.078s] [ 87%] Built target my_interfaces__rosidl_generator_py
[2.085s] [35m[1mConsolidate compiler generated dependencies of target my_interfaces__rosidl_typesupport_fastrtps_c__pyext[0m
[2.085s] [35m[1mConsolidate compiler generated dependencies of target my_interfaces__rosidl_typesupport_c__pyext[0m
[2.086s] [35m[1mConsolidate compiler generated dependencies of target my_interfaces__rosidl_typesupport_introspection_c__pyext[0m
[2.093s] [ 93%] [32mBuilding C object CMakeFiles/my_interfaces__rosidl_typesupport_introspection_c__pyext.dir/rosidl_generator_py/my_interfaces/_my_interfaces_s.ep.rosidl_typesupport_introspection_c.c.o[0m
[2.093s] [ 93%] [32mBuilding C object CMakeFiles/my_interfaces__rosidl_typesupport_c__pyext.dir/rosidl_generator_py/my_interfaces/_my_interfaces_s.ep.rosidl_typesupport_c.c.o[0m
[2.093s] [ 93%] [32mBuilding C object CMakeFiles/my_interfaces__rosidl_typesupport_fastrtps_c__pyext.dir/rosidl_generator_py/my_interfaces/_my_interfaces_s.ep.rosidl_typesupport_fastrtps_c.c.o[0m
[2.154s] [ 97%] [32m[1mLinking C shared library rosidl_generator_py/my_interfaces/my_interfaces_s__rosidl_typesupport_introspection_c.cpython-310-x86_64-linux-gnu.so[0m
[2.154s] [ 97%] [32m[1mLinking C shared library rosidl_generator_py/my_interfaces/my_interfaces_s__rosidl_typesupport_c.cpython-310-x86_64-linux-gnu.so[0m
[2.156s] [100%] [32m[1mLinking C shared library rosidl_generator_py/my_interfaces/my_interfaces_s__rosidl_typesupport_fastrtps_c.cpython-310-x86_64-linux-gnu.so[0m
[2.175s] [100%] Built target my_interfaces__rosidl_typesupport_introspection_c__pyext
[2.175s] [100%] Built target my_interfaces__rosidl_typesupport_c__pyext
[2.176s] [100%] Built target my_interfaces__rosidl_typesupport_fastrtps_c__pyext
[2.183s] Invoked command in '/home/abood/ros2_test/build/my_interfaces' returned '0': CMAKE_PREFIX_PATH=${CMAKE_PREFIX_PATH}:/home/abood/ros2_test/install/my_py_pkg:/opt/ros/humble /usr/bin/cmake --build /home/abood/ros2_test/build/my_interfaces -- -j16 -l16
[2.184s] Invoking command in '/home/abood/ros2_test/build/my_interfaces': CMAKE_PREFIX_PATH=${CMAKE_PREFIX_PATH}:/home/abood/ros2_test/install/my_py_pkg:/opt/ros/humble /usr/bin/cmake --install /home/abood/ros2_test/build/my_interfaces
[2.189s] -- Install configuration: ""
[2.189s] -- Installing: /home/abood/ros2_test/install/my_interfaces/share/ament_index/resource_index/rosidl_interfaces/my_interfaces
[2.189s] -- Up-to-date: /home/abood/ros2_test/install/my_interfaces/include/my_interfaces/my_interfaces
[2.189s] -- Up-to-date: /home/abood/ros2_test/install/my_interfaces/include/my_interfaces/my_interfaces/srv
[2.189s] -- Up-to-date: /home/abood/ros2_test/install/my_interfaces/include/my_interfaces/my_interfaces/srv/detail
[2.189s] -- Installing: /home/abood/ros2_test/install/my_interfaces/include/my_interfaces/my_interfaces/srv/detail/calculate_rectangle_area__struct.h
[2.189s] -- Installing: /home/abood/ros2_test/install/my_interfaces/include/my_interfaces/my_interfaces/srv/detail/calculate_rectangle_area__type_support.h
[2.189s] -- Installing: /home/abood/ros2_test/install/my_interfaces/include/my_interfaces/my_interfaces/srv/detail/calculate_rectangle_area__functions.c
[2.189s] -- Installing: /home/abood/ros2_test/install/my_interfaces/include/my_interfaces/my_interfaces/srv/detail/calculate_rectangle_area__functions.h
[2.189s] -- Installing: /home/abood/ros2_test/install/my_interfaces/include/my_interfaces/my_interfaces/srv/calculate_rectangle_area.h
[2.189s] -- Up-to-date: /home/abood/ros2_test/install/my_interfaces/include/my_interfaces/my_interfaces/msg
[2.189s] -- Installing: /home/abood/ros2_test/install/my_interfaces/include/my_interfaces/my_interfaces/msg/hardware_status.h
[2.189s] -- Installing: /home/abood/ros2_test/install/my_interfaces/include/my_interfaces/my_interfaces/msg/led_state_array.h
[2.189s] -- Up-to-date: /home/abood/ros2_test/install/my_interfaces/include/my_interfaces/my_interfaces/msg/detail
[2.189s] -- Installing: /home/abood/ros2_test/install/my_interfaces/include/my_interfaces/my_interfaces/msg/detail/led_state_array__functions.h
[2.190s] -- Installing: /home/abood/ros2_test/install/my_interfaces/include/my_interfaces/my_interfaces/msg/detail/led_state_array__type_support.h
[2.190s] -- Installing: /home/abood/ros2_test/install/my_interfaces/include/my_interfaces/my_interfaces/msg/detail/hardware_status__type_support.h
[2.190s] -- Installing: /home/abood/ros2_test/install/my_interfaces/include/my_interfaces/my_interfaces/msg/detail/hardware_status__functions.c
[2.190s] -- Installing: /home/abood/ros2_test/install/my_interfaces/include/my_interfaces/my_interfaces/msg/detail/led_state_array__functions.c
[2.190s] -- Installing: /home/abood/ros2_test/install/my_interfaces/include/my_interfaces/my_interfaces/msg/detail/hardware_status__struct.h
[2.190s] -- Installing: /home/abood/ros2_test/install/my_interfaces/include/my_interfaces/my_interfaces/msg/detail/hardware_status__functions.h
[2.190s] -- Installing: /home/abood/ros2_test/install/my_interfaces/include/my_interfaces/my_interfaces/msg/detail/led_state_array__struct.h
[2.190s] -- Up-to-date: /home/abood/ros2_test/install/my_interfaces/include/my_interfaces/my_interfaces/msg/rosidl_generator_c__visibility_control.h
[2.190s] -- Up-to-date: /home/abood/ros2_test/install/my_interfaces/share/my_interfaces/environment/library_path.sh
[2.190s] -- Installing: /home/abood/ros2_test/install/my_interfaces/share/my_interfaces/environment/library_path.dsv
[2.190s] -- Installing: /home/abood/ros2_test/install/my_interfaces/lib/libmy_interfaces__rosidl_generator_c.so
[2.190s] -- Set runtime path of "/home/abood/ros2_test/install/my_interfaces/lib/libmy_interfaces__rosidl_generator_c.so" to ""
[2.190s] -- Up-to-date: /home/abood/ros2_test/install/my_interfaces/include/my_interfaces/my_interfaces
[2.190s] -- Up-to-date: /home/abood/ros2_test/install/my_interfaces/include/my_interfaces/my_interfaces/srv
[2.190s] -- Up-to-date: /home/abood/ros2_test/install/my_interfaces/include/my_interfaces/my_interfaces/srv/detail
[2.190s] -- Installing: /home/abood/ros2_test/install/my_interfaces/include/my_interfaces/my_interfaces/srv/detail/calculate_rectangle_area__rosidl_typesupport_fastrtps_c.h
[2.190s] -- Up-to-date: /home/abood/ros2_test/install/my_interfaces/include/my_interfaces/my_interfaces/msg
[2.191s] -- Up-to-date: /home/abood/ros2_test/install/my_interfaces/include/my_interfaces/my_interfaces/msg/rosidl_typesupport_fastrtps_c__visibility_control.h
[2.191s] -- Up-to-date: /home/abood/ros2_test/install/my_interfaces/include/my_interfaces/my_interfaces/msg/detail
[2.191s] -- Installing: /home/abood/ros2_test/install/my_interfaces/include/my_interfaces/my_interfaces/msg/detail/hardware_status__rosidl_typesupport_fastrtps_c.h
[2.191s] -- Installing: /home/abood/ros2_test/install/my_interfaces/include/my_interfaces/my_interfaces/msg/detail/led_state_array__rosidl_typesupport_fastrtps_c.h
[2.191s] -- Installing: /home/abood/ros2_test/install/my_interfaces/lib/libmy_interfaces__rosidl_typesupport_fastrtps_c.so
[2.191s] -- Set runtime path of "/home/abood/ros2_test/install/my_interfaces/lib/libmy_interfaces__rosidl_typesupport_fastrtps_c.so" to ""
[2.191s] -- Up-to-date: /home/abood/ros2_test/install/my_interfaces/include/my_interfaces/my_interfaces
[2.191s] -- Up-to-date: /home/abood/ros2_test/install/my_interfaces/include/my_interfaces/my_interfaces/srv
[2.191s] -- Up-to-date: /home/abood/ros2_test/install/my_interfaces/include/my_interfaces/my_interfaces/srv/detail
[2.191s] -- Installing: /home/abood/ros2_test/install/my_interfaces/include/my_interfaces/my_interfaces/srv/detail/calculate_rectangle_area__rosidl_typesupport_introspection_c.h
[2.191s] -- Installing: /home/abood/ros2_test/install/my_interfaces/include/my_interfaces/my_interfaces/srv/detail/calculate_rectangle_area__type_support.c
[2.191s] -- Up-to-date: /home/abood/ros2_test/install/my_interfaces/include/my_interfaces/my_interfaces/msg
[2.191s] -- Up-to-date: /home/abood/ros2_test/install/my_interfaces/include/my_interfaces/my_interfaces/msg/rosidl_typesupport_introspection_c__visibility_control.h
[2.191s] -- Up-to-date: /home/abood/ros2_test/install/my_interfaces/include/my_interfaces/my_interfaces/msg/detail
[2.191s] -- Installing: /home/abood/ros2_test/install/my_interfaces/include/my_interfaces/my_interfaces/msg/detail/led_state_array__type_support.c
[2.191s] -- Installing: /home/abood/ros2_test/install/my_interfaces/include/my_interfaces/my_interfaces/msg/detail/hardware_status__type_support.c
[2.191s] -- Installing: /home/abood/ros2_test/install/my_interfaces/include/my_interfaces/my_interfaces/msg/detail/led_state_array__rosidl_typesupport_introspection_c.h
[2.191s] -- Installing: /home/abood/ros2_test/install/my_interfaces/include/my_interfaces/my_interfaces/msg/detail/hardware_status__rosidl_typesupport_introspection_c.h
[2.191s] -- Installing: /home/abood/ros2_test/install/my_interfaces/lib/libmy_interfaces__rosidl_typesupport_introspection_c.so
[2.192s] -- Set runtime path of "/home/abood/ros2_test/install/my_interfaces/lib/libmy_interfaces__rosidl_typesupport_introspection_c.so" to ""
[2.192s] -- Installing: /home/abood/ros2_test/install/my_interfaces/lib/libmy_interfaces__rosidl_typesupport_c.so
[2.192s] -- Set runtime path of "/home/abood/ros2_test/install/my_interfaces/lib/libmy_interfaces__rosidl_typesupport_c.so" to ""
[2.192s] -- Up-to-date: /home/abood/ros2_test/install/my_interfaces/include/my_interfaces/my_interfaces
[2.192s] -- Up-to-date: /home/abood/ros2_test/install/my_interfaces/include/my_interfaces/my_interfaces/srv
[2.192s] -- Installing: /home/abood/ros2_test/install/my_interfaces/include/my_interfaces/my_interfaces/srv/calculate_rectangle_area.hpp
[2.192s] -- Up-to-date: /home/abood/ros2_test/install/my_interfaces/include/my_interfaces/my_interfaces/srv/detail
[2.192s] -- Installing: /home/abood/ros2_test/install/my_interfaces/include/my_interfaces/my_interfaces/srv/detail/calculate_rectangle_area__struct.hpp
[2.192s] -- Installing: /home/abood/ros2_test/install/my_interfaces/include/my_interfaces/my_interfaces/srv/detail/calculate_rectangle_area__type_support.hpp
[2.192s] -- Installing: /home/abood/ros2_test/install/my_interfaces/include/my_interfaces/my_interfaces/srv/detail/calculate_rectangle_area__traits.hpp
[2.192s] -- Installing: /home/abood/ros2_test/install/my_interfaces/include/my_interfaces/my_interfaces/srv/detail/calculate_rectangle_area__builder.hpp
[2.192s] -- Up-to-date: /home/abood/ros2_test/install/my_interfaces/include/my_interfaces/my_interfaces/msg
[2.192s] -- Installing: /home/abood/ros2_test/install/my_interfaces/include/my_interfaces/my_interfaces/msg/led_state_array.hpp
[2.192s] -- Up-to-date: /home/abood/ros2_test/install/my_interfaces/include/my_interfaces/my_interfaces/msg/detail
[2.192s] -- Installing: /home/abood/ros2_test/install/my_interfaces/include/my_interfaces/my_interfaces/msg/detail/led_state_array__builder.hpp
[2.192s] -- Installing: /home/abood/ros2_test/install/my_interfaces/include/my_interfaces/my_interfaces/msg/detail/hardware_status__traits.hpp
[2.193s] -- Installing: /home/abood/ros2_test/install/my_interfaces/include/my_interfaces/my_interfaces/msg/detail/led_state_array__struct.hpp
[2.193s] -- Installing: /home/abood/ros2_test/install/my_interfaces/include/my_interfaces/my_interfaces/msg/detail/hardware_status__builder.hpp
[2.193s] -- Installing: /home/abood/ros2_test/install/my_interfaces/include/my_interfaces/my_interfaces/msg/detail/hardware_status__struct.hpp
[2.193s] -- Installing: /home/abood/ros2_test/install/my_interfaces/include/my_interfaces/my_interfaces/msg/detail/led_state_array__traits.hpp
[2.193s] -- Installing: /home/abood/ros2_test/install/my_interfaces/include/my_interfaces/my_interfaces/msg/detail/led_state_array__type_support.hpp
[2.193s] -- Installing: /home/abood/ros2_test/install/my_interfaces/include/my_interfaces/my_interfaces/msg/detail/hardware_status__type_support.hpp
[2.193s] -- Up-to-date: /home/abood/ros2_test/install/my_interfaces/include/my_interfaces/my_interfaces/msg/rosidl_generator_cpp__visibility_control.hpp
[2.193s] -- Installing: /home/abood/ros2_test/install/my_interfaces/include/my_interfaces/my_interfaces/msg/hardware_status.hpp
[2.193s] -- Up-to-date: /home/abood/ros2_test/install/my_interfaces/include/my_interfaces/my_interfaces
[2.193s] -- Up-to-date: /home/abood/ros2_test/install/my_interfaces/include/my_interfaces/my_interfaces/srv
[2.193s] -- Up-to-date: /home/abood/ros2_test/install/my_interfaces/include/my_interfaces/my_interfaces/srv/detail
[2.193s] -- Up-to-date: /home/abood/ros2_test/install/my_interfaces/include/my_interfaces/my_interfaces/srv/detail/dds_fastrtps
[2.193s] -- Installing: /home/abood/ros2_test/install/my_interfaces/include/my_interfaces/my_interfaces/srv/detail/calculate_rectangle_area__rosidl_typesupport_fastrtps_cpp.hpp
[2.193s] -- Up-to-date: /home/abood/ros2_test/install/my_interfaces/include/my_interfaces/my_interfaces/msg
[2.193s] -- Up-to-date: /home/abood/ros2_test/install/my_interfaces/include/my_interfaces/my_interfaces/msg/rosidl_typesupport_fastrtps_cpp__visibility_control.h
[2.193s] -- Up-to-date: /home/abood/ros2_test/install/my_interfaces/include/my_interfaces/my_interfaces/msg/detail
[2.193s] -- Installing: /home/abood/ros2_test/install/my_interfaces/include/my_interfaces/my_interfaces/msg/detail/hardware_status__rosidl_typesupport_fastrtps_cpp.hpp
[2.193s] -- Up-to-date: /home/abood/ros2_test/install/my_interfaces/include/my_interfaces/my_interfaces/msg/detail/dds_fastrtps
[2.193s] -- Installing: /home/abood/ros2_test/install/my_interfaces/include/my_interfaces/my_interfaces/msg/detail/led_state_array__rosidl_typesupport_fastrtps_cpp.hpp
[2.193s] -- Installing: /home/abood/ros2_test/install/my_interfaces/lib/libmy_interfaces__rosidl_typesupport_fastrtps_cpp.so
[2.193s] -- Set runtime path of "/home/abood/ros2_test/install/my_interfaces/lib/libmy_interfaces__rosidl_typesupport_fastrtps_cpp.so" to ""
[2.194s] -- Up-to-date: /home/abood/ros2_test/install/my_interfaces/include/my_interfaces/my_interfaces
[2.194s] -- Up-to-date: /home/abood/ros2_test/install/my_interfaces/include/my_interfaces/my_interfaces/srv
[2.194s] -- Up-to-date: /home/abood/ros2_test/install/my_interfaces/include/my_interfaces/my_interfaces/srv/detail
[2.194s] -- Installing: /home/abood/ros2_test/install/my_interfaces/include/my_interfaces/my_interfaces/srv/detail/calculate_rectangle_area__type_support.cpp
[2.194s] -- Installing: /home/abood/ros2_test/install/my_interfaces/include/my_interfaces/my_interfaces/srv/detail/calculate_rectangle_area__rosidl_typesupport_introspection_cpp.hpp
[2.194s] -- Up-to-date: /home/abood/ros2_test/install/my_interfaces/include/my_interfaces/my_interfaces/msg
[2.194s] -- Up-to-date: /home/abood/ros2_test/install/my_interfaces/include/my_interfaces/my_interfaces/msg/detail
[2.194s] -- Installing: /home/abood/ros2_test/install/my_interfaces/include/my_interfaces/my_interfaces/msg/detail/led_state_array__type_support.cpp
[2.194s] -- Installing: /home/abood/ros2_test/install/my_interfaces/include/my_interfaces/my_interfaces/msg/detail/hardware_status__rosidl_typesupport_introspection_cpp.hpp
[2.194s] -- Installing: /home/abood/ros2_test/install/my_interfaces/include/my_interfaces/my_interfaces/msg/detail/hardware_status__type_support.cpp
[2.194s] -- Installing: /home/abood/ros2_test/install/my_interfaces/include/my_interfaces/my_interfaces/msg/detail/led_state_array__rosidl_typesupport_introspection_cpp.hpp
[2.194s] -- Installing: /home/abood/ros2_test/install/my_interfaces/lib/libmy_interfaces__rosidl_typesupport_introspection_cpp.so
[2.194s] -- Set runtime path of "/home/abood/ros2_test/install/my_interfaces/lib/libmy_interfaces__rosidl_typesupport_introspection_cpp.so" to ""
[2.194s] -- Installing: /home/abood/ros2_test/install/my_interfaces/lib/libmy_interfaces__rosidl_typesupport_cpp.so
[2.194s] -- Set runtime path of "/home/abood/ros2_test/install/my_interfaces/lib/libmy_interfaces__rosidl_typesupport_cpp.so" to ""
[2.195s] -- Up-to-date: /home/abood/ros2_test/install/my_interfaces/share/my_interfaces/environment/pythonpath.sh
[2.195s] -- Installing: /home/abood/ros2_test/install/my_interfaces/share/my_interfaces/environment/pythonpath.dsv
[2.195s] -- Up-to-date: /home/abood/ros2_test/install/my_interfaces/local/lib/python3.10/dist-packages/my_interfaces-0.0.0-py3.10.egg-info
[2.195s] -- Installing: /home/abood/ros2_test/install/my_interfaces/local/lib/python3.10/dist-packages/my_interfaces-0.0.0-py3.10.egg-info/PKG-INFO
[2.195s] -- Installing: /home/abood/ros2_test/install/my_interfaces/local/lib/python3.10/dist-packages/my_interfaces-0.0.0-py3.10.egg-info/top_level.txt
[2.195s] -- Installing: /home/abood/ros2_test/install/my_interfaces/local/lib/python3.10/dist-packages/my_interfaces-0.0.0-py3.10.egg-info/SOURCES.txt
[2.195s] -- Installing: /home/abood/ros2_test/install/my_interfaces/local/lib/python3.10/dist-packages/my_interfaces-0.0.0-py3.10.egg-info/dependency_links.txt
[2.195s] -- Up-to-date: /home/abood/ros2_test/install/my_interfaces/local/lib/python3.10/dist-packages/my_interfaces
[2.195s] -- Installing: /home/abood/ros2_test/install/my_interfaces/local/lib/python3.10/dist-packages/my_interfaces/my_interfaces_s__rosidl_typesupport_c.cpython-310-x86_64-linux-gnu.so
[2.195s] -- Installing: /home/abood/ros2_test/install/my_interfaces/local/lib/python3.10/dist-packages/my_interfaces/my_interfaces_s__rosidl_typesupport_fastrtps_c.cpython-310-x86_64-linux-gnu.so
[2.195s] -- Installing: /home/abood/ros2_test/install/my_interfaces/local/lib/python3.10/dist-packages/my_interfaces/_my_interfaces_s.ep.rosidl_typesupport_c.c
[2.195s] -- Up-to-date: /home/abood/ros2_test/install/my_interfaces/local/lib/python3.10/dist-packages/my_interfaces/srv
[2.195s] -- Installing: /home/abood/ros2_test/install/my_interfaces/local/lib/python3.10/dist-packages/my_interfaces/srv/_calculate_rectangle_area.py
[2.195s] -- Installing: /home/abood/ros2_test/install/my_interfaces/local/lib/python3.10/dist-packages/my_interfaces/srv/_calculate_rectangle_area_s.c
[2.195s] -- Installing: /home/abood/ros2_test/install/my_interfaces/local/lib/python3.10/dist-packages/my_interfaces/srv/__init__.py
[2.195s] -- Installing: /home/abood/ros2_test/install/my_interfaces/local/lib/python3.10/dist-packages/my_interfaces/libmy_interfaces__rosidl_generator_py.so
[2.195s] -- Up-to-date: /home/abood/ros2_test/install/my_interfaces/local/lib/python3.10/dist-packages/my_interfaces/msg
[2.196s] -- Installing: /home/abood/ros2_test/install/my_interfaces/local/lib/python3.10/dist-packages/my_interfaces/msg/__init__.py
[2.196s] -- Installing: /home/abood/ros2_test/install/my_interfaces/local/lib/python3.10/dist-packages/my_interfaces/msg/_hardware_status.py
[2.196s] -- Installing: /home/abood/ros2_test/install/my_interfaces/local/lib/python3.10/dist-packages/my_interfaces/msg/_led_state_array_s.c
[2.196s] -- Installing: /home/abood/ros2_test/install/my_interfaces/local/lib/python3.10/dist-packages/my_interfaces/msg/_hardware_status_s.c
[2.196s] -- Installing: /home/abood/ros2_test/install/my_interfaces/local/lib/python3.10/dist-packages/my_interfaces/msg/_led_state_array.py
[2.196s] -- Installing: /home/abood/ros2_test/install/my_interfaces/local/lib/python3.10/dist-packages/my_interfaces/__init__.py
[2.196s] -- Installing: /home/abood/ros2_test/install/my_interfaces/local/lib/python3.10/dist-packages/my_interfaces/my_interfaces_s__rosidl_typesupport_introspection_c.cpython-310-x86_64-linux-gnu.so
[2.196s] -- Installing: /home/abood/ros2_test/install/my_interfaces/local/lib/python3.10/dist-packages/my_interfaces/_my_interfaces_s.ep.rosidl_typesupport_introspection_c.c
[2.196s] -- Installing: /home/abood/ros2_test/install/my_interfaces/local/lib/python3.10/dist-packages/my_interfaces/_my_interfaces_s.ep.rosidl_typesupport_fastrtps_c.c
[2.221s] Listing '/home/abood/ros2_test/install/my_interfaces/local/lib/python3.10/dist-packages/my_interfaces'...
[2.221s] Compiling '/home/abood/ros2_test/install/my_interfaces/local/lib/python3.10/dist-packages/my_interfaces/__init__.py'...
[2.221s] Listing '/home/abood/ros2_test/install/my_interfaces/local/lib/python3.10/dist-packages/my_interfaces/msg'...
[2.221s] Compiling '/home/abood/ros2_test/install/my_interfaces/local/lib/python3.10/dist-packages/my_interfaces/msg/__init__.py'...
[2.221s] Compiling '/home/abood/ros2_test/install/my_interfaces/local/lib/python3.10/dist-packages/my_interfaces/msg/_hardware_status.py'...
[2.222s] Compiling '/home/abood/ros2_test/install/my_interfaces/local/lib/python3.10/dist-packages/my_interfaces/msg/_led_state_array.py'...
[2.222s] Listing '/home/abood/ros2_test/install/my_interfaces/local/lib/python3.10/dist-packages/my_interfaces/srv'...
[2.222s] Compiling '/home/abood/ros2_test/install/my_interfaces/local/lib/python3.10/dist-packages/my_interfaces/srv/__init__.py'...
[2.222s] Compiling '/home/abood/ros2_test/install/my_interfaces/local/lib/python3.10/dist-packages/my_interfaces/srv/_calculate_rectangle_area.py'...
[2.224s] -- Installing: /home/abood/ros2_test/install/my_interfaces/local/lib/python3.10/dist-packages/my_interfaces/my_interfaces_s__rosidl_typesupport_fastrtps_c.cpython-310-x86_64-linux-gnu.so
[2.224s] -- Set runtime path of "/home/abood/ros2_test/install/my_interfaces/local/lib/python3.10/dist-packages/my_interfaces/my_interfaces_s__rosidl_typesupport_fastrtps_c.cpython-310-x86_64-linux-gnu.so" to ""
[2.225s] -- Installing: /home/abood/ros2_test/install/my_interfaces/local/lib/python3.10/dist-packages/my_interfaces/my_interfaces_s__rosidl_typesupport_introspection_c.cpython-310-x86_64-linux-gnu.so
[2.225s] -- Set runtime path of "/home/abood/ros2_test/install/my_interfaces/local/lib/python3.10/dist-packages/my_interfaces/my_interfaces_s__rosidl_typesupport_introspection_c.cpython-310-x86_64-linux-gnu.so" to ""
[2.225s] -- Installing: /home/abood/ros2_test/install/my_interfaces/local/lib/python3.10/dist-packages/my_interfaces/my_interfaces_s__rosidl_typesupport_c.cpython-310-x86_64-linux-gnu.so
[2.225s] -- Set runtime path of "/home/abood/ros2_test/install/my_interfaces/local/lib/python3.10/dist-packages/my_interfaces/my_interfaces_s__rosidl_typesupport_c.cpython-310-x86_64-linux-gnu.so" to ""
[2.225s] -- Installing: /home/abood/ros2_test/install/my_interfaces/lib/libmy_interfaces__rosidl_generator_py.so
[2.225s] -- Set runtime path of "/home/abood/ros2_test/install/my_interfaces/lib/libmy_interfaces__rosidl_generator_py.so" to ""
[2.225s] -- Up-to-date: /home/abood/ros2_test/install/my_interfaces/share/my_interfaces/msg/HardwareStatus.idl
[2.225s] -- Installing: /home/abood/ros2_test/install/my_interfaces/share/my_interfaces/msg/LedStateArray.idl
[2.226s] -- Up-to-date: /home/abood/ros2_test/install/my_interfaces/share/my_interfaces/srv/CalculateRectangleArea.idl
[2.226s] -- Up-to-date: /home/abood/ros2_test/install/my_interfaces/share/my_interfaces/msg/HardwareStatus.msg
[2.226s] -- Installing: /home/abood/ros2_test/install/my_interfaces/share/my_interfaces/msg/LedStateArray.msg
[2.226s] -- Up-to-date: /home/abood/ros2_test/install/my_interfaces/share/my_interfaces/srv/CalculateRectangleArea.srv
[2.226s] -- Up-to-date: /home/abood/ros2_test/install/my_interfaces/share/my_interfaces/srv/CalculateRectangleArea_Request.msg
[2.226s] -- Up-to-date: /home/abood/ros2_test/install/my_interfaces/share/my_interfaces/srv/CalculateRectangleArea_Response.msg
[2.226s] -- Up-to-date: /home/abood/ros2_test/install/my_interfaces/share/ament_index/resource_index/package_run_dependencies/my_interfaces
[2.226s] -- Up-to-date: /home/abood/ros2_test/install/my_interfaces/share/ament_index/resource_index/parent_prefix_path/my_interfaces
[2.226s] -- Up-to-date: /home/abood/ros2_test/install/my_interfaces/share/my_interfaces/environment/ament_prefix_path.sh
[2.226s] -- Installing: /home/abood/ros2_test/install/my_interfaces/share/my_interfaces/environment/ament_prefix_path.dsv
[2.226s] -- Up-to-date: /home/abood/ros2_test/install/my_interfaces/share/my_interfaces/environment/path.sh
[2.226s] -- Installing: /home/abood/ros2_test/install/my_interfaces/share/my_interfaces/environment/path.dsv
[2.226s] -- Up-to-date: /home/abood/ros2_test/install/my_interfaces/share/my_interfaces/local_setup.bash
[2.226s] -- Up-to-date: /home/abood/ros2_test/install/my_interfaces/share/my_interfaces/local_setup.sh
[2.226s] -- Up-to-date: /home/abood/ros2_test/install/my_interfaces/share/my_interfaces/local_setup.zsh
[2.226s] -- Installing: /home/abood/ros2_test/install/my_interfaces/share/my_interfaces/local_setup.dsv
[2.226s] -- Installing: /home/abood/ros2_test/install/my_interfaces/share/my_interfaces/package.dsv
[2.226s] -- Up-to-date: /home/abood/ros2_test/install/my_interfaces/share/ament_index/resource_index/packages/my_interfaces
[2.226s] -- Up-to-date: /home/abood/ros2_test/install/my_interfaces/share/my_interfaces/cmake/export_my_interfaces__rosidl_generator_cExport.cmake
[2.226s] -- Up-to-date: /home/abood/ros2_test/install/my_interfaces/share/my_interfaces/cmake/export_my_interfaces__rosidl_generator_cExport-noconfig.cmake
[2.226s] -- Up-to-date: /home/abood/ros2_test/install/my_interfaces/share/my_interfaces/cmake/export_my_interfaces__rosidl_typesupport_fastrtps_cExport.cmake
[2.226s] -- Up-to-date: /home/abood/ros2_test/install/my_interfaces/share/my_interfaces/cmake/export_my_interfaces__rosidl_typesupport_fastrtps_cExport-noconfig.cmake
[2.227s] -- Up-to-date: /home/abood/ros2_test/install/my_interfaces/share/my_interfaces/cmake/my_interfaces__rosidl_typesupport_introspection_cExport.cmake
[2.227s] -- Up-to-date: /home/abood/ros2_test/install/my_interfaces/share/my_interfaces/cmake/my_interfaces__rosidl_typesupport_introspection_cExport-noconfig.cmake
[2.227s] -- Up-to-date: /home/abood/ros2_test/install/my_interfaces/share/my_interfaces/cmake/my_interfaces__rosidl_typesupport_cExport.cmake
[2.227s] -- Up-to-date: /home/abood/ros2_test/install/my_interfaces/share/my_interfaces/cmake/my_interfaces__rosidl_typesupport_cExport-noconfig.cmake
[2.227s] -- Up-to-date: /home/abood/ros2_test/install/my_interfaces/share/my_interfaces/cmake/export_my_interfaces__rosidl_generator_cppExport.cmake
[2.227s] -- Up-to-date: /home/abood/ros2_test/install/my_interfaces/share/my_interfaces/cmake/export_my_interfaces__rosidl_typesupport_fastrtps_cppExport.cmake
[2.227s] -- Up-to-date: /home/abood/ros2_test/install/my_interfaces/share/my_interfaces/cmake/export_my_interfaces__rosidl_typesupport_fastrtps_cppExport-noconfig.cmake
[2.227s] -- Up-to-date: /home/abood/ros2_test/install/my_interfaces/share/my_interfaces/cmake/my_interfaces__rosidl_typesupport_introspection_cppExport.cmake
[2.227s] -- Up-to-date: /home/abood/ros2_test/install/my_interfaces/share/my_interfaces/cmake/my_interfaces__rosidl_typesupport_introspection_cppExport-noconfig.cmake
[2.227s] -- Up-to-date: /home/abood/ros2_test/install/my_interfaces/share/my_interfaces/cmake/my_interfaces__rosidl_typesupport_cppExport.cmake
[2.227s] -- Up-to-date: /home/abood/ros2_test/install/my_interfaces/share/my_interfaces/cmake/my_interfaces__rosidl_typesupport_cppExport-noconfig.cmake
[2.227s] -- Up-to-date: /home/abood/ros2_test/install/my_interfaces/share/my_interfaces/cmake/export_my_interfaces__rosidl_generator_pyExport.cmake
[2.227s] -- Up-to-date: /home/abood/ros2_test/install/my_interfaces/share/my_interfaces/cmake/export_my_interfaces__rosidl_generator_pyExport-noconfig.cmake
[2.227s] -- Installing: /home/abood/ros2_test/install/my_interfaces/share/my_interfaces/cmake/rosidl_cmake-extras.cmake
[2.227s] -- Up-to-date: /home/abood/ros2_test/install/my_interfaces/share/my_interfaces/cmake/ament_cmake_export_include_directories-extras.cmake
[2.227s] -- Up-to-date: /home/abood/ros2_test/install/my_interfaces/share/my_interfaces/cmake/ament_cmake_export_libraries-extras.cmake
[2.227s] -- Up-to-date: /home/abood/ros2_test/install/my_interfaces/share/my_interfaces/cmake/ament_cmake_export_targets-extras.cmake
[2.227s] -- Up-to-date: /home/abood/ros2_test/install/my_interfaces/share/my_interfaces/cmake/rosidl_cmake_export_typesupport_targets-extras.cmake
[2.227s] -- Up-to-date: /home/abood/ros2_test/install/my_interfaces/share/my_interfaces/cmake/ament_cmake_export_dependencies-extras.cmake
[2.227s] -- Up-to-date: /home/abood/ros2_test/install/my_interfaces/share/my_interfaces/cmake/rosidl_cmake_export_typesupport_libraries-extras.cmake
[2.227s] -- Up-to-date: /home/abood/ros2_test/install/my_interfaces/share/my_interfaces/cmake/my_interfacesConfig.cmake
[2.227s] -- Up-to-date: /home/abood/ros2_test/install/my_interfaces/share/my_interfaces/cmake/my_interfacesConfig-version.cmake
[2.227s] -- Up-to-date: /home/abood/ros2_test/install/my_interfaces/share/my_interfaces/package.xml
[2.229s] Invoked command in '/home/abood/ros2_test/build/my_interfaces' returned '0': CMAKE_PREFIX_PATH=${CMAKE_PREFIX_PATH}:/home/abood/ros2_test/install/my_py_pkg:/opt/ros/humble /usr/bin/cmake --install /home/abood/ros2_test/build/my_interfaces
