[0.065s] DEBUG:colcon:Command line arguments: ['/usr/bin/colcon', 'build']
[0.065s] DEBUG:colcon:Parsed command line arguments: Namespace(log_base=None, log_level=None, verb_name='build', build_base='build', install_base='install', merge_install=False, symlink_install=False, test_result_base=None, continue_on_error=False, executor='parallel', parallel_workers=16, event_handlers=None, ignore_user_meta=False, metas=['./colcon.meta'], base_paths=['.'], packages_ignore=None, packages_ignore_regex=None, paths=None, packages_up_to=None, packages_up_to_regex=None, packages_above=None, packages_above_and_dependencies=None, packages_above_depth=None, packages_select_by_dep=None, packages_skip_by_dep=None, packages_skip_up_to=None, packages_select_build_failed=False, packages_skip_build_finished=False, packages_select_test_failures=False, packages_skip_test_passed=False, packages_select=None, packages_skip=None, packages_select_regex=None, packages_skip_regex=None, packages_start=None, packages_end=None, allow_overriding=[], cmake_args=None, cmake_target=None, cmake_target_skip_unavailable=False, cmake_clean_cache=False, cmake_clean_first=False, cmake_force_configure=False, ament_cmake_args=None, catkin_cmake_args=None, catkin_skip_building_tests=False, mixin_files=None, mixin=None, verb_parser=<colcon_mixin.mixin.mixin_argument.MixinArgumentDecorator object at 0x719d4745f3d0>, verb_extension=<colcon_core.verb.build.BuildVerb object at 0x719d4745e620>, main=<bound method BuildVerb.main of <colcon_core.verb.build.BuildVerb object at 0x719d4745e620>>, mixin_verb=('build',))
[0.171s] Level 1:colcon.colcon_core.package_discovery:discover_packages(colcon_meta) check parameters
[0.171s] Level 1:colcon.colcon_core.package_discovery:discover_packages(recursive) check parameters
[0.172s] Level 1:colcon.colcon_core.package_discovery:discover_packages(ignore) check parameters
[0.172s] Level 1:colcon.colcon_core.package_discovery:discover_packages(path) check parameters
[0.172s] Level 1:colcon.colcon_core.package_discovery:discover_packages(colcon_meta) discover
[0.172s] Level 1:colcon.colcon_core.package_discovery:discover_packages(recursive) discover
[0.172s] INFO:colcon.colcon_core.package_discovery:Crawling recursively for packages in '/home/abood/ros2_test'
[0.172s] Level 1:colcon.colcon_core.package_identification:_identify(.) by extensions ['ignore', 'ignore_ament_install']
[0.172s] Level 1:colcon.colcon_core.package_identification:_identify(.) by extension 'ignore'
[0.172s] Level 1:colcon.colcon_core.package_identification:_identify(.) by extension 'ignore_ament_install'
[0.172s] Level 1:colcon.colcon_core.package_identification:_identify(.) by extensions ['colcon_pkg']
[0.172s] Level 1:colcon.colcon_core.package_identification:_identify(.) by extension 'colcon_pkg'
[0.172s] Level 1:colcon.colcon_core.package_identification:_identify(.) by extensions ['colcon_meta']
[0.172s] Level 1:colcon.colcon_core.package_identification:_identify(.) by extension 'colcon_meta'
[0.172s] Level 1:colcon.colcon_core.package_identification:_identify(.) by extensions ['ros']
[0.172s] Level 1:colcon.colcon_core.package_identification:_identify(.) by extension 'ros'
[0.178s] Level 1:colcon.colcon_core.package_identification:_identify(.) by extensions ['cmake', 'python']
[0.178s] Level 1:colcon.colcon_core.package_identification:_identify(.) by extension 'cmake'
[0.178s] Level 1:colcon.colcon_core.package_identification:_identify(.) by extension 'python'
[0.178s] Level 1:colcon.colcon_core.package_identification:_identify(.) by extensions ['python_setup_py']
[0.178s] Level 1:colcon.colcon_core.package_identification:_identify(.) by extension 'python_setup_py'
[0.178s] Level 1:colcon.colcon_core.package_identification:_identify(build) by extensions ['ignore', 'ignore_ament_install']
[0.179s] Level 1:colcon.colcon_core.package_identification:_identify(build) by extension 'ignore'
[0.179s] Level 1:colcon.colcon_core.package_identification:_identify(build) ignored
[0.179s] Level 1:colcon.colcon_core.package_identification:_identify(install) by extensions ['ignore', 'ignore_ament_install']
[0.179s] Level 1:colcon.colcon_core.package_identification:_identify(install) by extension 'ignore'
[0.179s] Level 1:colcon.colcon_core.package_identification:_identify(install) ignored
[0.179s] Level 1:colcon.colcon_core.package_identification:_identify(log) by extensions ['ignore', 'ignore_ament_install']
[0.179s] Level 1:colcon.colcon_core.package_identification:_identify(log) by extension 'ignore'
[0.179s] Level 1:colcon.colcon_core.package_identification:_identify(log) ignored
[0.179s] Level 1:colcon.colcon_core.package_identification:_identify(src) by extensions ['ignore', 'ignore_ament_install']
[0.179s] Level 1:colcon.colcon_core.package_identification:_identify(src) by extension 'ignore'
[0.179s] Level 1:colcon.colcon_core.package_identification:_identify(src) by extension 'ignore_ament_install'
[0.179s] Level 1:colcon.colcon_core.package_identification:_identify(src) by extensions ['colcon_pkg']
[0.179s] Level 1:colcon.colcon_core.package_identification:_identify(src) by extension 'colcon_pkg'
[0.179s] Level 1:colcon.colcon_core.package_identification:_identify(src) by extensions ['colcon_meta']
[0.179s] Level 1:colcon.colcon_core.package_identification:_identify(src) by extension 'colcon_meta'
[0.179s] Level 1:colcon.colcon_core.package_identification:_identify(src) by extensions ['ros']
[0.179s] Level 1:colcon.colcon_core.package_identification:_identify(src) by extension 'ros'
[0.179s] Level 1:colcon.colcon_core.package_identification:_identify(src) by extensions ['cmake', 'python']
[0.179s] Level 1:colcon.colcon_core.package_identification:_identify(src) by extension 'cmake'
[0.179s] Level 1:colcon.colcon_core.package_identification:_identify(src) by extension 'python'
[0.179s] Level 1:colcon.colcon_core.package_identification:_identify(src) by extensions ['python_setup_py']
[0.179s] Level 1:colcon.colcon_core.package_identification:_identify(src) by extension 'python_setup_py'
[0.179s] Level 1:colcon.colcon_core.package_identification:_identify(src/my_cpp_pkg) by extensions ['ignore', 'ignore_ament_install']
[0.179s] Level 1:colcon.colcon_core.package_identification:_identify(src/my_cpp_pkg) by extension 'ignore'
[0.179s] Level 1:colcon.colcon_core.package_identification:_identify(src/my_cpp_pkg) by extension 'ignore_ament_install'
[0.179s] Level 1:colcon.colcon_core.package_identification:_identify(src/my_cpp_pkg) by extensions ['colcon_pkg']
[0.179s] Level 1:colcon.colcon_core.package_identification:_identify(src/my_cpp_pkg) by extension 'colcon_pkg'
[0.179s] Level 1:colcon.colcon_core.package_identification:_identify(src/my_cpp_pkg) by extensions ['colcon_meta']
[0.179s] Level 1:colcon.colcon_core.package_identification:_identify(src/my_cpp_pkg) by extension 'colcon_meta'
[0.179s] Level 1:colcon.colcon_core.package_identification:_identify(src/my_cpp_pkg) by extensions ['ros']
[0.180s] Level 1:colcon.colcon_core.package_identification:_identify(src/my_cpp_pkg) by extension 'ros'
[0.181s] DEBUG:colcon.colcon_core.package_identification:Package 'src/my_cpp_pkg' with type 'ros.ament_cmake' and name 'my_cpp_pkg'
[0.181s] Level 1:colcon.colcon_core.package_identification:_identify(src/my_interfaces) by extensions ['ignore', 'ignore_ament_install']
[0.181s] Level 1:colcon.colcon_core.package_identification:_identify(src/my_interfaces) by extension 'ignore'
[0.181s] Level 1:colcon.colcon_core.package_identification:_identify(src/my_interfaces) by extension 'ignore_ament_install'
[0.181s] Level 1:colcon.colcon_core.package_identification:_identify(src/my_interfaces) by extensions ['colcon_pkg']
[0.181s] Level 1:colcon.colcon_core.package_identification:_identify(src/my_interfaces) by extension 'colcon_pkg'
[0.181s] Level 1:colcon.colcon_core.package_identification:_identify(src/my_interfaces) by extensions ['colcon_meta']
[0.181s] Level 1:colcon.colcon_core.package_identification:_identify(src/my_interfaces) by extension 'colcon_meta'
[0.181s] Level 1:colcon.colcon_core.package_identification:_identify(src/my_interfaces) by extensions ['ros']
[0.181s] Level 1:colcon.colcon_core.package_identification:_identify(src/my_interfaces) by extension 'ros'
[0.182s] DEBUG:colcon.colcon_core.package_identification:Package 'src/my_interfaces' with type 'ros.ament_cmake' and name 'my_interfaces'
[0.182s] Level 1:colcon.colcon_core.package_identification:_identify(src/my_py_pkg) by extensions ['ignore', 'ignore_ament_install']
[0.182s] Level 1:colcon.colcon_core.package_identification:_identify(src/my_py_pkg) by extension 'ignore'
[0.182s] Level 1:colcon.colcon_core.package_identification:_identify(src/my_py_pkg) by extension 'ignore_ament_install'
[0.182s] Level 1:colcon.colcon_core.package_identification:_identify(src/my_py_pkg) by extensions ['colcon_pkg']
[0.182s] Level 1:colcon.colcon_core.package_identification:_identify(src/my_py_pkg) by extension 'colcon_pkg'
[0.182s] Level 1:colcon.colcon_core.package_identification:_identify(src/my_py_pkg) by extensions ['colcon_meta']
[0.182s] Level 1:colcon.colcon_core.package_identification:_identify(src/my_py_pkg) by extension 'colcon_meta'
[0.182s] Level 1:colcon.colcon_core.package_identification:_identify(src/my_py_pkg) by extensions ['ros']
[0.182s] Level 1:colcon.colcon_core.package_identification:_identify(src/my_py_pkg) by extension 'ros'
[0.183s] DEBUG:colcon.colcon_core.package_identification:Package 'src/my_py_pkg' with type 'ros.ament_python' and name 'my_py_pkg'
[0.183s] Level 1:colcon.colcon_core.package_discovery:discover_packages(recursive) using defaults
[0.183s] Level 1:colcon.colcon_core.package_discovery:discover_packages(ignore) discover
[0.183s] Level 1:colcon.colcon_core.package_discovery:discover_packages(ignore) using defaults
[0.183s] Level 1:colcon.colcon_core.package_discovery:discover_packages(path) discover
[0.183s] Level 1:colcon.colcon_core.package_discovery:discover_packages(path) using defaults
[0.200s] Level 1:colcon.colcon_core.package_discovery:discover_packages(prefix_path) check parameters
[0.201s] Level 1:colcon.colcon_core.package_discovery:discover_packages(prefix_path) discover
[0.201s] DEBUG:colcon.colcon_installed_package_information.package_discovery:Found 3 installed packages in /home/abood/ros2_test/install
[0.203s] DEBUG:colcon.colcon_installed_package_information.package_discovery:Found 475 installed packages in /opt/ros/humble
[0.204s] Level 1:colcon.colcon_core.package_discovery:discover_packages(prefix_path) using defaults
[0.237s] Level 5:colcon.colcon_core.verb:set package 'my_cpp_pkg' build argument 'cmake_args' from command line to 'None'
[0.237s] Level 5:colcon.colcon_core.verb:set package 'my_cpp_pkg' build argument 'cmake_target' from command line to 'None'
[0.237s] Level 5:colcon.colcon_core.verb:set package 'my_cpp_pkg' build argument 'cmake_target_skip_unavailable' from command line to 'False'
[0.237s] Level 5:colcon.colcon_core.verb:set package 'my_cpp_pkg' build argument 'cmake_clean_cache' from command line to 'False'
[0.237s] Level 5:colcon.colcon_core.verb:set package 'my_cpp_pkg' build argument 'cmake_clean_first' from command line to 'False'
[0.237s] Level 5:colcon.colcon_core.verb:set package 'my_cpp_pkg' build argument 'cmake_force_configure' from command line to 'False'
[0.237s] Level 5:colcon.colcon_core.verb:set package 'my_cpp_pkg' build argument 'ament_cmake_args' from command line to 'None'
[0.237s] Level 5:colcon.colcon_core.verb:set package 'my_cpp_pkg' build argument 'catkin_cmake_args' from command line to 'None'
[0.237s] Level 5:colcon.colcon_core.verb:set package 'my_cpp_pkg' build argument 'catkin_skip_building_tests' from command line to 'False'
[0.237s] DEBUG:colcon.colcon_core.verb:Building package 'my_cpp_pkg' with the following arguments: {'ament_cmake_args': None, 'build_base': '/home/abood/ros2_test/build/my_cpp_pkg', 'catkin_cmake_args': None, 'catkin_skip_building_tests': False, 'cmake_args': None, 'cmake_clean_cache': False, 'cmake_clean_first': False, 'cmake_force_configure': False, 'cmake_target': None, 'cmake_target_skip_unavailable': False, 'install_base': '/home/abood/ros2_test/install/my_cpp_pkg', 'merge_install': False, 'path': '/home/abood/ros2_test/src/my_cpp_pkg', 'symlink_install': False, 'test_result_base': None}
[0.237s] Level 5:colcon.colcon_core.verb:set package 'my_interfaces' build argument 'cmake_args' from command line to 'None'
[0.237s] Level 5:colcon.colcon_core.verb:set package 'my_interfaces' build argument 'cmake_target' from command line to 'None'
[0.237s] Level 5:colcon.colcon_core.verb:set package 'my_interfaces' build argument 'cmake_target_skip_unavailable' from command line to 'False'
[0.237s] Level 5:colcon.colcon_core.verb:set package 'my_interfaces' build argument 'cmake_clean_cache' from command line to 'False'
[0.237s] Level 5:colcon.colcon_core.verb:set package 'my_interfaces' build argument 'cmake_clean_first' from command line to 'False'
[0.237s] Level 5:colcon.colcon_core.verb:set package 'my_interfaces' build argument 'cmake_force_configure' from command line to 'False'
[0.237s] Level 5:colcon.colcon_core.verb:set package 'my_interfaces' build argument 'ament_cmake_args' from command line to 'None'
[0.237s] Level 5:colcon.colcon_core.verb:set package 'my_interfaces' build argument 'catkin_cmake_args' from command line to 'None'
[0.237s] Level 5:colcon.colcon_core.verb:set package 'my_interfaces' build argument 'catkin_skip_building_tests' from command line to 'False'
[0.237s] DEBUG:colcon.colcon_core.verb:Building package 'my_interfaces' with the following arguments: {'ament_cmake_args': None, 'build_base': '/home/abood/ros2_test/build/my_interfaces', 'catkin_cmake_args': None, 'catkin_skip_building_tests': False, 'cmake_args': None, 'cmake_clean_cache': False, 'cmake_clean_first': False, 'cmake_force_configure': False, 'cmake_target': None, 'cmake_target_skip_unavailable': False, 'install_base': '/home/abood/ros2_test/install/my_interfaces', 'merge_install': False, 'path': '/home/abood/ros2_test/src/my_interfaces', 'symlink_install': False, 'test_result_base': None}
[0.237s] Level 5:colcon.colcon_core.verb:set package 'my_py_pkg' build argument 'cmake_args' from command line to 'None'
[0.237s] Level 5:colcon.colcon_core.verb:set package 'my_py_pkg' build argument 'cmake_target' from command line to 'None'
[0.237s] Level 5:colcon.colcon_core.verb:set package 'my_py_pkg' build argument 'cmake_target_skip_unavailable' from command line to 'False'
[0.237s] Level 5:colcon.colcon_core.verb:set package 'my_py_pkg' build argument 'cmake_clean_cache' from command line to 'False'
[0.237s] Level 5:colcon.colcon_core.verb:set package 'my_py_pkg' build argument 'cmake_clean_first' from command line to 'False'
[0.237s] Level 5:colcon.colcon_core.verb:set package 'my_py_pkg' build argument 'cmake_force_configure' from command line to 'False'
[0.237s] Level 5:colcon.colcon_core.verb:set package 'my_py_pkg' build argument 'ament_cmake_args' from command line to 'None'
[0.237s] Level 5:colcon.colcon_core.verb:set package 'my_py_pkg' build argument 'catkin_cmake_args' from command line to 'None'
[0.237s] Level 5:colcon.colcon_core.verb:set package 'my_py_pkg' build argument 'catkin_skip_building_tests' from command line to 'False'
[0.237s] DEBUG:colcon.colcon_core.verb:Building package 'my_py_pkg' with the following arguments: {'ament_cmake_args': None, 'build_base': '/home/abood/ros2_test/build/my_py_pkg', 'catkin_cmake_args': None, 'catkin_skip_building_tests': False, 'cmake_args': None, 'cmake_clean_cache': False, 'cmake_clean_first': False, 'cmake_force_configure': False, 'cmake_target': None, 'cmake_target_skip_unavailable': False, 'install_base': '/home/abood/ros2_test/install/my_py_pkg', 'merge_install': False, 'path': '/home/abood/ros2_test/src/my_py_pkg', 'symlink_install': False, 'test_result_base': None}
[0.238s] INFO:colcon.colcon_core.executor:Executing jobs using 'parallel' executor
[0.238s] DEBUG:colcon.colcon_parallel_executor.executor.parallel:run_until_complete
[0.238s] INFO:colcon.colcon_ros.task.ament_cmake.build:Building ROS package in '/home/abood/ros2_test/src/my_interfaces' with build type 'ament_cmake'
[0.238s] INFO:colcon.colcon_cmake.task.cmake.build:Building CMake package in '/home/abood/ros2_test/src/my_interfaces'
[0.240s] INFO:colcon.colcon_core.plugin_system:Skipping extension 'colcon_core.shell.bat': Not used on non-Windows systems
[0.240s] INFO:colcon.colcon_core.shell:Skip shell extension 'powershell' for command environment: Not usable outside of PowerShell
[0.240s] DEBUG:colcon.colcon_core.shell:Skip shell extension 'dsv' for command environment
[0.242s] INFO:colcon.colcon_ros.task.ament_cmake.build:Building ROS package in '/home/abood/ros2_test/src/my_cpp_pkg' with build type 'ament_cmake'
[0.242s] INFO:colcon.colcon_cmake.task.cmake.build:Building CMake package in '/home/abood/ros2_test/src/my_cpp_pkg'
[0.242s] INFO:colcon.colcon_core.shell:Skip shell extension 'powershell' for command environment: Not usable outside of PowerShell
[0.242s] DEBUG:colcon.colcon_core.shell:Skip shell extension 'dsv' for command environment
[0.247s] DEBUG:colcon.colcon_core.event_handler.log_command:Invoking command in '/home/abood/ros2_test/build/my_interfaces': CMAKE_PREFIX_PATH=${CMAKE_PREFIX_PATH}:/home/abood/ros2_test/install/my_py_pkg:/opt/ros/humble /usr/bin/cmake --build /home/abood/ros2_test/build/my_interfaces -- -j16 -l16
[0.249s] DEBUG:colcon.colcon_core.event_handler.log_command:Invoking command in '/home/abood/ros2_test/build/my_cpp_pkg': CMAKE_PREFIX_PATH=${CMAKE_PREFIX_PATH}:/home/abood/ros2_test/install/my_py_pkg:/opt/ros/humble /usr/bin/cmake --build /home/abood/ros2_test/build/my_cpp_pkg -- -j16 -l16
[0.288s] DEBUG:colcon.colcon_core.event_handler.log_command:Invoked command in '/home/abood/ros2_test/build/my_cpp_pkg' returned '0': CMAKE_PREFIX_PATH=${CMAKE_PREFIX_PATH}:/home/abood/ros2_test/install/my_py_pkg:/opt/ros/humble /usr/bin/cmake --build /home/abood/ros2_test/build/my_cpp_pkg -- -j16 -l16
[0.294s] DEBUG:colcon.colcon_core.event_handler.log_command:Invoking command in '/home/abood/ros2_test/build/my_cpp_pkg': CMAKE_PREFIX_PATH=${CMAKE_PREFIX_PATH}:/home/abood/ros2_test/install/my_py_pkg:/opt/ros/humble /usr/bin/cmake --install /home/abood/ros2_test/build/my_cpp_pkg
[0.300s] Level 1:colcon.colcon_core.environment:create_environment_scripts_only(my_cpp_pkg)
[0.300s] DEBUG:colcon.colcon_core.event_handler.log_command:Invoked command in '/home/abood/ros2_test/build/my_cpp_pkg' returned '0': CMAKE_PREFIX_PATH=${CMAKE_PREFIX_PATH}:/home/abood/ros2_test/install/my_py_pkg:/opt/ros/humble /usr/bin/cmake --install /home/abood/ros2_test/build/my_cpp_pkg
[0.302s] Level 1:colcon.colcon_core.environment:checking '/home/abood/ros2_test/install/my_cpp_pkg' for CMake module files
[0.302s] Level 1:colcon.colcon_core.environment:checking '/home/abood/ros2_test/install/my_cpp_pkg' for CMake config files
[0.302s] Level 1:colcon.colcon_core.shell:create_environment_hook('my_cpp_pkg', 'cmake_prefix_path')
[0.302s] INFO:colcon.colcon_core.shell:Creating environment hook '/home/abood/ros2_test/install/my_cpp_pkg/share/my_cpp_pkg/hook/cmake_prefix_path.ps1'
[0.303s] INFO:colcon.colcon_core.shell:Creating environment descriptor '/home/abood/ros2_test/install/my_cpp_pkg/share/my_cpp_pkg/hook/cmake_prefix_path.dsv'
[0.303s] INFO:colcon.colcon_core.shell:Creating environment hook '/home/abood/ros2_test/install/my_cpp_pkg/share/my_cpp_pkg/hook/cmake_prefix_path.sh'
[0.303s] Level 1:colcon.colcon_core.environment:checking '/home/abood/ros2_test/install/my_cpp_pkg/lib'
[0.303s] Level 1:colcon.colcon_core.environment:checking '/home/abood/ros2_test/install/my_cpp_pkg/bin'
[0.303s] Level 1:colcon.colcon_core.environment:checking '/home/abood/ros2_test/install/my_cpp_pkg/lib/pkgconfig/my_cpp_pkg.pc'
[0.304s] Level 1:colcon.colcon_core.environment:checking '/home/abood/ros2_test/install/my_cpp_pkg/lib/python3.10/site-packages'
[0.304s] Level 1:colcon.colcon_core.environment:checking '/home/abood/ros2_test/install/my_cpp_pkg/bin'
[0.304s] INFO:colcon.colcon_core.shell:Creating package script '/home/abood/ros2_test/install/my_cpp_pkg/share/my_cpp_pkg/package.ps1'
[0.304s] INFO:colcon.colcon_core.shell:Creating package descriptor '/home/abood/ros2_test/install/my_cpp_pkg/share/my_cpp_pkg/package.dsv'
[0.305s] INFO:colcon.colcon_core.shell:Creating package script '/home/abood/ros2_test/install/my_cpp_pkg/share/my_cpp_pkg/package.sh'
[0.305s] INFO:colcon.colcon_core.shell:Creating package script '/home/abood/ros2_test/install/my_cpp_pkg/share/my_cpp_pkg/package.bash'
[0.306s] INFO:colcon.colcon_core.shell:Creating package script '/home/abood/ros2_test/install/my_cpp_pkg/share/my_cpp_pkg/package.zsh'
[0.306s] Level 1:colcon.colcon_core.environment:create_file_with_runtime_dependencies(/home/abood/ros2_test/install/my_cpp_pkg/share/colcon-core/packages/my_cpp_pkg)
[0.306s] Level 1:colcon.colcon_core.environment:create_environment_scripts_only(my_cpp_pkg)
[0.306s] Level 1:colcon.colcon_core.environment:checking '/home/abood/ros2_test/install/my_cpp_pkg' for CMake module files
[0.307s] Level 1:colcon.colcon_core.environment:checking '/home/abood/ros2_test/install/my_cpp_pkg' for CMake config files
[0.307s] Level 1:colcon.colcon_core.shell:create_environment_hook('my_cpp_pkg', 'cmake_prefix_path')
[0.307s] INFO:colcon.colcon_core.shell:Creating environment hook '/home/abood/ros2_test/install/my_cpp_pkg/share/my_cpp_pkg/hook/cmake_prefix_path.ps1'
[0.307s] INFO:colcon.colcon_core.shell:Creating environment descriptor '/home/abood/ros2_test/install/my_cpp_pkg/share/my_cpp_pkg/hook/cmake_prefix_path.dsv'
[0.307s] INFO:colcon.colcon_core.shell:Creating environment hook '/home/abood/ros2_test/install/my_cpp_pkg/share/my_cpp_pkg/hook/cmake_prefix_path.sh'
[0.308s] Level 1:colcon.colcon_core.environment:checking '/home/abood/ros2_test/install/my_cpp_pkg/lib'
[0.308s] Level 1:colcon.colcon_core.environment:checking '/home/abood/ros2_test/install/my_cpp_pkg/bin'
[0.308s] Level 1:colcon.colcon_core.environment:checking '/home/abood/ros2_test/install/my_cpp_pkg/lib/pkgconfig/my_cpp_pkg.pc'
[0.308s] Level 1:colcon.colcon_core.environment:checking '/home/abood/ros2_test/install/my_cpp_pkg/lib/python3.10/site-packages'
[0.308s] Level 1:colcon.colcon_core.environment:checking '/home/abood/ros2_test/install/my_cpp_pkg/bin'
[0.308s] INFO:colcon.colcon_core.shell:Creating package script '/home/abood/ros2_test/install/my_cpp_pkg/share/my_cpp_pkg/package.ps1'
[0.308s] INFO:colcon.colcon_core.shell:Creating package descriptor '/home/abood/ros2_test/install/my_cpp_pkg/share/my_cpp_pkg/package.dsv'
[0.309s] INFO:colcon.colcon_core.shell:Creating package script '/home/abood/ros2_test/install/my_cpp_pkg/share/my_cpp_pkg/package.sh'
[0.309s] INFO:colcon.colcon_core.shell:Creating package script '/home/abood/ros2_test/install/my_cpp_pkg/share/my_cpp_pkg/package.bash'
[0.309s] INFO:colcon.colcon_core.shell:Creating package script '/home/abood/ros2_test/install/my_cpp_pkg/share/my_cpp_pkg/package.zsh'
[0.309s] Level 1:colcon.colcon_core.environment:create_file_with_runtime_dependencies(/home/abood/ros2_test/install/my_cpp_pkg/share/colcon-core/packages/my_cpp_pkg)
[2.699s] DEBUG:colcon.colcon_core.event_handler.log_command:Invoked command in '/home/abood/ros2_test/build/my_interfaces' returned '0': CMAKE_PREFIX_PATH=${CMAKE_PREFIX_PATH}:/home/abood/ros2_test/install/my_py_pkg:/opt/ros/humble /usr/bin/cmake --build /home/abood/ros2_test/build/my_interfaces -- -j16 -l16
[2.700s] DEBUG:colcon.colcon_core.event_handler.log_command:Invoking command in '/home/abood/ros2_test/build/my_interfaces': CMAKE_PREFIX_PATH=${CMAKE_PREFIX_PATH}:/home/abood/ros2_test/install/my_py_pkg:/opt/ros/humble /usr/bin/cmake --install /home/abood/ros2_test/build/my_interfaces
[2.748s] Level 1:colcon.colcon_core.environment:create_environment_scripts_only(my_interfaces)
[2.748s] Level 1:colcon.colcon_core.environment:checking '/home/abood/ros2_test/install/my_interfaces' for CMake module files
[2.748s] DEBUG:colcon.colcon_core.event_handler.log_command:Invoked command in '/home/abood/ros2_test/build/my_interfaces' returned '0': CMAKE_PREFIX_PATH=${CMAKE_PREFIX_PATH}:/home/abood/ros2_test/install/my_py_pkg:/opt/ros/humble /usr/bin/cmake --install /home/abood/ros2_test/build/my_interfaces
[2.749s] Level 1:colcon.colcon_core.environment:checking '/home/abood/ros2_test/install/my_interfaces' for CMake config files
[2.749s] Level 1:colcon.colcon_core.shell:create_environment_hook('my_interfaces', 'cmake_prefix_path')
[2.749s] INFO:colcon.colcon_core.shell:Creating environment hook '/home/abood/ros2_test/install/my_interfaces/share/my_interfaces/hook/cmake_prefix_path.ps1'
[2.749s] INFO:colcon.colcon_core.shell:Creating environment descriptor '/home/abood/ros2_test/install/my_interfaces/share/my_interfaces/hook/cmake_prefix_path.dsv'
[2.750s] INFO:colcon.colcon_core.shell:Creating environment hook '/home/abood/ros2_test/install/my_interfaces/share/my_interfaces/hook/cmake_prefix_path.sh'
[2.750s] Level 1:colcon.colcon_core.environment:checking '/home/abood/ros2_test/install/my_interfaces/lib'
[2.750s] Level 1:colcon.colcon_core.shell:create_environment_hook('my_interfaces', 'ld_library_path_lib')
[2.750s] INFO:colcon.colcon_core.shell:Creating environment hook '/home/abood/ros2_test/install/my_interfaces/share/my_interfaces/hook/ld_library_path_lib.ps1'
[2.750s] INFO:colcon.colcon_core.shell:Creating environment descriptor '/home/abood/ros2_test/install/my_interfaces/share/my_interfaces/hook/ld_library_path_lib.dsv'
[2.751s] INFO:colcon.colcon_core.shell:Creating environment hook '/home/abood/ros2_test/install/my_interfaces/share/my_interfaces/hook/ld_library_path_lib.sh'
[2.751s] Level 1:colcon.colcon_core.environment:checking '/home/abood/ros2_test/install/my_interfaces/bin'
[2.751s] Level 1:colcon.colcon_core.environment:checking '/home/abood/ros2_test/install/my_interfaces/lib/pkgconfig/my_interfaces.pc'
[2.751s] Level 1:colcon.colcon_core.environment:checking '/home/abood/ros2_test/install/my_interfaces/lib/python3.10/site-packages'
[2.751s] Level 1:colcon.colcon_core.environment:checking '/home/abood/ros2_test/install/my_interfaces/bin'
[2.751s] INFO:colcon.colcon_core.shell:Creating package script '/home/abood/ros2_test/install/my_interfaces/share/my_interfaces/package.ps1'
[2.752s] INFO:colcon.colcon_core.shell:Creating package descriptor '/home/abood/ros2_test/install/my_interfaces/share/my_interfaces/package.dsv'
[2.752s] INFO:colcon.colcon_core.shell:Creating package script '/home/abood/ros2_test/install/my_interfaces/share/my_interfaces/package.sh'
[2.752s] INFO:colcon.colcon_core.shell:Creating package script '/home/abood/ros2_test/install/my_interfaces/share/my_interfaces/package.bash'
[2.752s] INFO:colcon.colcon_core.shell:Creating package script '/home/abood/ros2_test/install/my_interfaces/share/my_interfaces/package.zsh'
[2.753s] Level 1:colcon.colcon_core.environment:create_file_with_runtime_dependencies(/home/abood/ros2_test/install/my_interfaces/share/colcon-core/packages/my_interfaces)
[2.753s] Level 1:colcon.colcon_core.environment:create_environment_scripts_only(my_interfaces)
[2.753s] Level 1:colcon.colcon_core.environment:checking '/home/abood/ros2_test/install/my_interfaces' for CMake module files
[2.754s] Level 1:colcon.colcon_core.environment:checking '/home/abood/ros2_test/install/my_interfaces' for CMake config files
[2.754s] Level 1:colcon.colcon_core.shell:create_environment_hook('my_interfaces', 'cmake_prefix_path')
[2.754s] INFO:colcon.colcon_core.shell:Creating environment hook '/home/abood/ros2_test/install/my_interfaces/share/my_interfaces/hook/cmake_prefix_path.ps1'
[2.754s] INFO:colcon.colcon_core.shell:Creating environment descriptor '/home/abood/ros2_test/install/my_interfaces/share/my_interfaces/hook/cmake_prefix_path.dsv'
[2.754s] INFO:colcon.colcon_core.shell:Creating environment hook '/home/abood/ros2_test/install/my_interfaces/share/my_interfaces/hook/cmake_prefix_path.sh'
[2.755s] Level 1:colcon.colcon_core.environment:checking '/home/abood/ros2_test/install/my_interfaces/lib'
[2.755s] Level 1:colcon.colcon_core.shell:create_environment_hook('my_interfaces', 'ld_library_path_lib')
[2.755s] INFO:colcon.colcon_core.shell:Creating environment hook '/home/abood/ros2_test/install/my_interfaces/share/my_interfaces/hook/ld_library_path_lib.ps1'
[2.755s] INFO:colcon.colcon_core.shell:Creating environment descriptor '/home/abood/ros2_test/install/my_interfaces/share/my_interfaces/hook/ld_library_path_lib.dsv'
[2.755s] INFO:colcon.colcon_core.shell:Creating environment hook '/home/abood/ros2_test/install/my_interfaces/share/my_interfaces/hook/ld_library_path_lib.sh'
[2.755s] Level 1:colcon.colcon_core.environment:checking '/home/abood/ros2_test/install/my_interfaces/bin'
[2.755s] Level 1:colcon.colcon_core.environment:checking '/home/abood/ros2_test/install/my_interfaces/lib/pkgconfig/my_interfaces.pc'
[2.756s] Level 1:colcon.colcon_core.environment:checking '/home/abood/ros2_test/install/my_interfaces/lib/python3.10/site-packages'
[2.756s] Level 1:colcon.colcon_core.environment:checking '/home/abood/ros2_test/install/my_interfaces/bin'
[2.756s] INFO:colcon.colcon_core.shell:Creating package script '/home/abood/ros2_test/install/my_interfaces/share/my_interfaces/package.ps1'
[2.756s] INFO:colcon.colcon_core.shell:Creating package descriptor '/home/abood/ros2_test/install/my_interfaces/share/my_interfaces/package.dsv'
[2.756s] INFO:colcon.colcon_core.shell:Creating package script '/home/abood/ros2_test/install/my_interfaces/share/my_interfaces/package.sh'
[2.757s] INFO:colcon.colcon_core.shell:Creating package script '/home/abood/ros2_test/install/my_interfaces/share/my_interfaces/package.bash'
[2.757s] INFO:colcon.colcon_core.shell:Creating package script '/home/abood/ros2_test/install/my_interfaces/share/my_interfaces/package.zsh'
[2.757s] Level 1:colcon.colcon_core.environment:create_file_with_runtime_dependencies(/home/abood/ros2_test/install/my_interfaces/share/colcon-core/packages/my_interfaces)
[2.757s] INFO:colcon.colcon_ros.task.ament_python.build:Building ROS package in '/home/abood/ros2_test/src/my_py_pkg' with build type 'ament_python'
[2.758s] Level 1:colcon.colcon_core.shell:create_environment_hook('my_py_pkg', 'ament_prefix_path')
[2.758s] INFO:colcon.colcon_core.shell:Creating environment hook '/home/abood/ros2_test/install/my_py_pkg/share/my_py_pkg/hook/ament_prefix_path.ps1'
[2.758s] INFO:colcon.colcon_core.shell:Creating environment descriptor '/home/abood/ros2_test/install/my_py_pkg/share/my_py_pkg/hook/ament_prefix_path.dsv'
[2.758s] INFO:colcon.colcon_core.shell:Creating environment hook '/home/abood/ros2_test/install/my_py_pkg/share/my_py_pkg/hook/ament_prefix_path.sh'
[2.759s] INFO:colcon.colcon_core.shell:Skip shell extension 'powershell' for command environment: Not usable outside of PowerShell
[2.759s] DEBUG:colcon.colcon_core.shell:Skip shell extension 'dsv' for command environment
[2.937s] INFO:colcon.colcon_core.task.python.build:Building Python package in '/home/abood/ros2_test/src/my_py_pkg'
[2.938s] INFO:colcon.colcon_core.shell:Skip shell extension 'powershell' for command environment: Not usable outside of PowerShell
[2.938s] DEBUG:colcon.colcon_core.shell:Skip shell extension 'dsv' for command environment
[3.166s] DEBUG:colcon.colcon_core.event_handler.log_command:Invoking command in '/home/abood/ros2_test/src/my_py_pkg': PYTHONPATH=/home/abood/ros2_test/build/my_py_pkg/prefix_override:/usr/lib/python3/dist-packages/colcon_core/task/python/colcon_distutils_commands:/home/abood/ros2_test/install/my_py_pkg/lib/python3.10/site-packages:${PYTHONPATH} /usr/bin/python3 -W ignore:setup.py install is deprecated -W ignore:easy_install command is deprecated setup.py egg_info --egg-base ../../build/my_py_pkg build --build-base /home/abood/ros2_test/build/my_py_pkg/build install --record /home/abood/ros2_test/build/my_py_pkg/install.log --single-version-externally-managed install_data
[3.347s] Level 1:colcon.colcon_core.environment:checking '/home/abood/ros2_test/install/my_py_pkg' for CMake module files
[3.348s] DEBUG:colcon.colcon_core.event_handler.log_command:Invoked command in '/home/abood/ros2_test/src/my_py_pkg' returned '0': PYTHONPATH=/home/abood/ros2_test/build/my_py_pkg/prefix_override:/usr/lib/python3/dist-packages/colcon_core/task/python/colcon_distutils_commands:/home/abood/ros2_test/install/my_py_pkg/lib/python3.10/site-packages:${PYTHONPATH} /usr/bin/python3 -W ignore:setup.py install is deprecated -W ignore:easy_install command is deprecated setup.py egg_info --egg-base ../../build/my_py_pkg build --build-base /home/abood/ros2_test/build/my_py_pkg/build install --record /home/abood/ros2_test/build/my_py_pkg/install.log --single-version-externally-managed install_data
[3.348s] Level 1:colcon.colcon_core.environment:checking '/home/abood/ros2_test/install/my_py_pkg' for CMake config files
[3.348s] Level 1:colcon.colcon_core.environment:checking '/home/abood/ros2_test/install/my_py_pkg/lib'
[3.348s] Level 1:colcon.colcon_core.environment:checking '/home/abood/ros2_test/install/my_py_pkg/bin'
[3.348s] Level 1:colcon.colcon_core.environment:checking '/home/abood/ros2_test/install/my_py_pkg/lib/pkgconfig/my_py_pkg.pc'
[3.348s] Level 1:colcon.colcon_core.environment:checking '/home/abood/ros2_test/install/my_py_pkg/lib/python3.10/site-packages'
[3.348s] Level 1:colcon.colcon_core.shell:create_environment_hook('my_py_pkg', 'pythonpath')
[3.348s] INFO:colcon.colcon_core.shell:Creating environment hook '/home/abood/ros2_test/install/my_py_pkg/share/my_py_pkg/hook/pythonpath.ps1'
[3.349s] INFO:colcon.colcon_core.shell:Creating environment descriptor '/home/abood/ros2_test/install/my_py_pkg/share/my_py_pkg/hook/pythonpath.dsv'
[3.349s] INFO:colcon.colcon_core.shell:Creating environment hook '/home/abood/ros2_test/install/my_py_pkg/share/my_py_pkg/hook/pythonpath.sh'
[3.349s] Level 1:colcon.colcon_core.environment:checking '/home/abood/ros2_test/install/my_py_pkg/bin'
[3.349s] Level 1:colcon.colcon_core.environment:create_environment_scripts_only(my_py_pkg)
[3.350s] INFO:colcon.colcon_core.shell:Creating package script '/home/abood/ros2_test/install/my_py_pkg/share/my_py_pkg/package.ps1'
[3.350s] INFO:colcon.colcon_core.shell:Creating package descriptor '/home/abood/ros2_test/install/my_py_pkg/share/my_py_pkg/package.dsv'
[3.350s] INFO:colcon.colcon_core.shell:Creating package script '/home/abood/ros2_test/install/my_py_pkg/share/my_py_pkg/package.sh'
[3.350s] INFO:colcon.colcon_core.shell:Creating package script '/home/abood/ros2_test/install/my_py_pkg/share/my_py_pkg/package.bash'
[3.351s] INFO:colcon.colcon_core.shell:Creating package script '/home/abood/ros2_test/install/my_py_pkg/share/my_py_pkg/package.zsh'
[3.351s] Level 1:colcon.colcon_core.environment:create_file_with_runtime_dependencies(/home/abood/ros2_test/install/my_py_pkg/share/colcon-core/packages/my_py_pkg)
[3.351s] DEBUG:colcon.colcon_parallel_executor.executor.parallel:closing loop
[3.351s] DEBUG:colcon.colcon_parallel_executor.executor.parallel:loop closed
[3.351s] DEBUG:colcon.colcon_parallel_executor.executor.parallel:run_until_complete finished with '0'
[3.351s] DEBUG:colcon.colcon_core.event_reactor:joining thread
[3.354s] INFO:colcon.colcon_core.plugin_system:Skipping extension 'colcon_notification.desktop_notification.terminal_notifier': Not used on non-Darwin systems
[3.354s] INFO:colcon.colcon_core.plugin_system:Skipping extension 'colcon_notification.desktop_notification.win32': Not used on non-Windows systems
[3.354s] INFO:colcon.colcon_notification.desktop_notification:Sending desktop notification using 'notify2'
[3.360s] DEBUG:colcon.colcon_core.event_reactor:joined thread
[3.360s] INFO:colcon.colcon_core.shell:Creating prefix script '/home/abood/ros2_test/install/local_setup.ps1'
[3.361s] INFO:colcon.colcon_core.shell:Creating prefix util module '/home/abood/ros2_test/install/_local_setup_util_ps1.py'
[3.362s] INFO:colcon.colcon_core.shell:Creating prefix chain script '/home/abood/ros2_test/install/setup.ps1'
[3.362s] INFO:colcon.colcon_core.shell:Creating prefix script '/home/abood/ros2_test/install/local_setup.sh'
[3.363s] INFO:colcon.colcon_core.shell:Creating prefix util module '/home/abood/ros2_test/install/_local_setup_util_sh.py'
[3.363s] INFO:colcon.colcon_core.shell:Creating prefix chain script '/home/abood/ros2_test/install/setup.sh'
[3.364s] INFO:colcon.colcon_core.shell:Creating prefix script '/home/abood/ros2_test/install/local_setup.bash'
[3.364s] INFO:colcon.colcon_core.shell:Creating prefix chain script '/home/abood/ros2_test/install/setup.bash'
[3.365s] INFO:colcon.colcon_core.shell:Creating prefix script '/home/abood/ros2_test/install/local_setup.zsh'
[3.365s] INFO:colcon.colcon_core.shell:Creating prefix chain script '/home/abood/ros2_test/install/setup.zsh'
