[0.006s] Invoking command in '/home/abood/ros2_test/build/my_robot_bringup': CMAKE_PREFIX_PATH=${CMAKE_PREFIX_PATH}:/home/abood/ros2_test/install/my_py_pkg:/opt/ros/humble /usr/bin/cmake --build /home/abood/ros2_test/build/my_robot_bringup -- -j16 -l16
[0.020s] -- Found ament_cmake: 1.3.11 (/opt/ros/humble/share/ament_cmake/cmake)
[0.139s] -- Configuring done
[0.140s] -- Generating done
[0.141s] -- Build files have been written to: /home/abood/ros2_test/build/my_robot_bringup
[0.153s] Invoked command in '/home/abood/ros2_test/build/my_robot_bringup' returned '0': CMAKE_PREFIX_PATH=${CMAKE_PREFIX_PATH}:/home/abood/ros2_test/install/my_py_pkg:/opt/ros/humble /usr/bin/cmake --build /home/abood/ros2_test/build/my_robot_bringup -- -j16 -l16
[0.154s] Invoking command in '/home/abood/ros2_test/build/my_robot_bringup': CMAKE_PREFIX_PATH=${CMAKE_PREFIX_PATH}:/home/abood/ros2_test/install/my_py_pkg:/opt/ros/humble /usr/bin/cmake --install /home/abood/ros2_test/build/my_robot_bringup
[0.158s] -- Install configuration: ""
[0.158s] -- Installing: /home/abood/ros2_test/install/my_robot_bringup/share/my_robot_bringup//launch
[0.158s] -- Installing: /home/abood/ros2_test/install/my_robot_bringup/share/my_robot_bringup//launch/number_app.launch.xml
[0.158s] -- Installing: /home/abood/ros2_test/install/my_robot_bringup/share/ament_index/resource_index/package_run_dependencies/my_robot_bringup
[0.158s] -- Up-to-date: /home/abood/ros2_test/install/my_robot_bringup/share/ament_index/resource_index/parent_prefix_path/my_robot_bringup
[0.159s] -- Up-to-date: /home/abood/ros2_test/install/my_robot_bringup/share/my_robot_bringup/environment/ament_prefix_path.sh
[0.159s] -- Installing: /home/abood/ros2_test/install/my_robot_bringup/share/my_robot_bringup/environment/ament_prefix_path.dsv
[0.159s] -- Up-to-date: /home/abood/ros2_test/install/my_robot_bringup/share/my_robot_bringup/environment/path.sh
[0.159s] -- Installing: /home/abood/ros2_test/install/my_robot_bringup/share/my_robot_bringup/environment/path.dsv
[0.159s] -- Up-to-date: /home/abood/ros2_test/install/my_robot_bringup/share/my_robot_bringup/local_setup.bash
[0.159s] -- Up-to-date: /home/abood/ros2_test/install/my_robot_bringup/share/my_robot_bringup/local_setup.sh
[0.159s] -- Up-to-date: /home/abood/ros2_test/install/my_robot_bringup/share/my_robot_bringup/local_setup.zsh
[0.159s] -- Installing: /home/abood/ros2_test/install/my_robot_bringup/share/my_robot_bringup/local_setup.dsv
[0.159s] -- Installing: /home/abood/ros2_test/install/my_robot_bringup/share/my_robot_bringup/package.dsv
[0.159s] -- Up-to-date: /home/abood/ros2_test/install/my_robot_bringup/share/ament_index/resource_index/packages/my_robot_bringup
[0.159s] -- Up-to-date: /home/abood/ros2_test/install/my_robot_bringup/share/my_robot_bringup/cmake/my_robot_bringupConfig.cmake
[0.159s] -- Up-to-date: /home/abood/ros2_test/install/my_robot_bringup/share/my_robot_bringup/cmake/my_robot_bringupConfig-version.cmake
[0.159s] -- Installing: /home/abood/ros2_test/install/my_robot_bringup/share/my_robot_bringup/package.xml
[0.160s] Invoked command in '/home/abood/ros2_test/build/my_robot_bringup' returned '0': CMAKE_PREFIX_PATH=${CMAKE_PREFIX_PATH}:/home/abood/ros2_test/install/my_py_pkg:/opt/ros/humble /usr/bin/cmake --install /home/abood/ros2_test/build/my_robot_bringup
