-- Found ament_cmake: 1.3.11 (/opt/ros/humble/share/ament_cmake/cmake)
-- Found ament_lint_auto: 0.12.12 (/opt/ros/humble/share/ament_lint_auto/cmake)
-- Added test 'lint_cmake' to check CMake code style
-- Added test 'xmllint' to check XML markup files
-- Configuring done
-- Generating done
-- Build files have been written to: /home/abood/ros2_test/build/my_robot_bringup
-- Install configuration: ""
-- Installing: /home/abood/ros2_test/install/my_robot_bringup/share/ament_index/resource_index/package_run_dependencies/my_robot_bringup
-- Installing: /home/abood/ros2_test/install/my_robot_bringup/share/ament_index/resource_index/parent_prefix_path/my_robot_bringup
-- Installing: /home/abood/ros2_test/install/my_robot_bringup/share/my_robot_bringup/environment/ament_prefix_path.sh
-- Installing: /home/abood/ros2_test/install/my_robot_bringup/share/my_robot_bringup/environment/ament_prefix_path.dsv
-- Installing: /home/abood/ros2_test/install/my_robot_bringup/share/my_robot_bringup/environment/path.sh
-- Installing: /home/abood/ros2_test/install/my_robot_bringup/share/my_robot_bringup/environment/path.dsv
-- Installing: /home/abood/ros2_test/install/my_robot_bringup/share/my_robot_bringup/local_setup.bash
-- Installing: /home/abood/ros2_test/install/my_robot_bringup/share/my_robot_bringup/local_setup.sh
-- Installing: /home/abood/ros2_test/install/my_robot_bringup/share/my_robot_bringup/local_setup.zsh
-- Installing: /home/abood/ros2_test/install/my_robot_bringup/share/my_robot_bringup/local_setup.dsv
-- Installing: /home/abood/ros2_test/install/my_robot_bringup/share/my_robot_bringup/package.dsv
-- Installing: /home/abood/ros2_test/install/my_robot_bringup/share/ament_index/resource_index/packages/my_robot_bringup
-- Installing: /home/abood/ros2_test/install/my_robot_bringup/share/my_robot_bringup/cmake/my_robot_bringupConfig.cmake
-- Installing: /home/abood/ros2_test/install/my_robot_bringup/share/my_robot_bringup/cmake/my_robot_bringupConfig-version.cmake
-- Installing: /home/abood/ros2_test/install/my_robot_bringup/share/my_robot_bringup/package.xml
