[0.008s] Invoking command in '/home/abood/ros2_test/build/my_robot_bringup': CMAKE_PREFIX_PATH=${CMAKE_PREFIX_PATH}:/home/abood/ros2_test/install/my_py_pkg:/opt/ros/humble /usr/bin/cmake /home/abood/ros2_test/src/my_robot_bringup -DCMAKE_INSTALL_PREFIX=/home/abood/ros2_test/install/my_robot_bringup
[0.015s] -- Found ament_cmake: 1.3.11 (/opt/ros/humble/share/ament_cmake/cmake)
[0.100s] -- Found ament_lint_auto: 0.12.12 (/opt/ros/humble/share/ament_lint_auto/cmake)
[0.157s] -- Added test 'lint_cmake' to check CMake code style
[0.159s] -- Added test 'xmllint' to check XML markup files
[0.159s] -- Configuring done
[0.161s] -- Generating done
[0.162s] -- Build files have been written to: /home/abood/ros2_test/build/my_robot_bringup
[0.163s] Invoked command in '/home/abood/ros2_test/build/my_robot_bringup' returned '0': CMAKE_PREFIX_PATH=${CMAKE_PREFIX_PATH}:/home/abood/ros2_test/install/my_py_pkg:/opt/ros/humble /usr/bin/cmake /home/abood/ros2_test/src/my_robot_bringup -DCMAKE_INSTALL_PREFIX=/home/abood/ros2_test/install/my_robot_bringup
[0.164s] Invoking command in '/home/abood/ros2_test/build/my_robot_bringup': CMAKE_PREFIX_PATH=${CMAKE_PREFIX_PATH}:/home/abood/ros2_test/install/my_py_pkg:/opt/ros/humble /usr/bin/cmake --build /home/abood/ros2_test/build/my_robot_bringup -- -j16 -l16
[0.185s] Invoked command in '/home/abood/ros2_test/build/my_robot_bringup' returned '0': CMAKE_PREFIX_PATH=${CMAKE_PREFIX_PATH}:/home/abood/ros2_test/install/my_py_pkg:/opt/ros/humble /usr/bin/cmake --build /home/abood/ros2_test/build/my_robot_bringup -- -j16 -l16
[0.186s] Invoking command in '/home/abood/ros2_test/build/my_robot_bringup': CMAKE_PREFIX_PATH=${CMAKE_PREFIX_PATH}:/home/abood/ros2_test/install/my_py_pkg:/opt/ros/humble /usr/bin/cmake --install /home/abood/ros2_test/build/my_robot_bringup
[0.190s] -- Install configuration: ""
[0.190s] -- Installing: /home/abood/ros2_test/install/my_robot_bringup/share/ament_index/resource_index/package_run_dependencies/my_robot_bringup
[0.190s] -- Installing: /home/abood/ros2_test/install/my_robot_bringup/share/ament_index/resource_index/parent_prefix_path/my_robot_bringup
[0.191s] -- Installing: /home/abood/ros2_test/install/my_robot_bringup/share/my_robot_bringup/environment/ament_prefix_path.sh
[0.191s] -- Installing: /home/abood/ros2_test/install/my_robot_bringup/share/my_robot_bringup/environment/ament_prefix_path.dsv
[0.191s] -- Installing: /home/abood/ros2_test/install/my_robot_bringup/share/my_robot_bringup/environment/path.sh
[0.191s] -- Installing: /home/abood/ros2_test/install/my_robot_bringup/share/my_robot_bringup/environment/path.dsv
[0.191s] -- Installing: /home/abood/ros2_test/install/my_robot_bringup/share/my_robot_bringup/local_setup.bash
[0.191s] -- Installing: /home/abood/ros2_test/install/my_robot_bringup/share/my_robot_bringup/local_setup.sh
[0.191s] -- Installing: /home/abood/ros2_test/install/my_robot_bringup/share/my_robot_bringup/local_setup.zsh
[0.191s] -- Installing: /home/abood/ros2_test/install/my_robot_bringup/share/my_robot_bringup/local_setup.dsv
[0.191s] -- Installing: /home/abood/ros2_test/install/my_robot_bringup/share/my_robot_bringup/package.dsv
[0.191s] -- Installing: /home/abood/ros2_test/install/my_robot_bringup/share/ament_index/resource_index/packages/my_robot_bringup
[0.191s] -- Installing: /home/abood/ros2_test/install/my_robot_bringup/share/my_robot_bringup/cmake/my_robot_bringupConfig.cmake
[0.191s] -- Installing: /home/abood/ros2_test/install/my_robot_bringup/share/my_robot_bringup/cmake/my_robot_bringupConfig-version.cmake
[0.191s] -- Installing: /home/abood/ros2_test/install/my_robot_bringup/share/my_robot_bringup/package.xml
[0.192s] Invoked command in '/home/abood/ros2_test/build/my_robot_bringup' returned '0': CMAKE_PREFIX_PATH=${CMAKE_PREFIX_PATH}:/home/abood/ros2_test/install/my_py_pkg:/opt/ros/humble /usr/bin/cmake --install /home/abood/ros2_test/build/my_robot_bringup
